2021-01-04 15:16:19,385  INFO [main] Usercheck:27 - Prechecks completed
2021-01-04 15:16:22,505 DEBUG [main] BasicClientConnectionManager:161 - Get connection for route {}->http://dummy.restapiexample.com:80
2021-01-04 15:16:22,583 DEBUG [main] DefaultClientConnectionOperator:177 - Connecting to dummy.restapiexample.com:80
2021-01-04 15:16:22,706 DEBUG [main] RequestAddCookies:123 - CookieSpec selected: ignoreCookies
2021-01-04 15:16:22,709 DEBUG [main] RequestAuthCache:77 - Auth cache not set in the context
2021-01-04 15:16:22,710 DEBUG [main] RequestTargetAuthentication:80 - Target auth state: UNCHALLENGED
2021-01-04 15:16:22,712 DEBUG [main] RequestProxyAuthentication:89 - Proxy auth state: UNCHALLENGED
2021-01-04 15:16:22,712 DEBUG [main] DefaultHttpClient:682 - Attempt 1 to execute request
2021-01-04 15:16:22,713 DEBUG [main] DefaultClientConnection:274 - Sending request: GET /api/v1/employee/1 HTTP/1.1
2021-01-04 15:16:22,715 DEBUG [main] wire:73 -  >> "GET /api/v1/employee/1 HTTP/1.1[\r][\n]"
2021-01-04 15:16:22,717 DEBUG [main] wire:73 -  >> "Content-Type: application/json; charset=UTF-8[\r][\n]"
2021-01-04 15:16:22,718 DEBUG [main] wire:73 -  >> "Accept: */*[\r][\n]"
2021-01-04 15:16:22,719 DEBUG [main] wire:73 -  >> "Host: dummy.restapiexample.com[\r][\n]"
2021-01-04 15:16:22,719 DEBUG [main] wire:73 -  >> "Connection: Keep-Alive[\r][\n]"
2021-01-04 15:16:22,720 DEBUG [main] wire:73 -  >> "User-Agent: Apache-HttpClient/4.5.3 (Java/1.8.0_191)[\r][\n]"
2021-01-04 15:16:22,720 DEBUG [main] wire:73 -  >> "Accept-Encoding: gzip,deflate[\r][\n]"
2021-01-04 15:16:22,722 DEBUG [main] wire:73 -  >> "[\r][\n]"
2021-01-04 15:16:22,723 DEBUG [main] headers:278 - >> GET /api/v1/employee/1 HTTP/1.1
2021-01-04 15:16:22,723 DEBUG [main] headers:281 - >> Content-Type: application/json; charset=UTF-8
2021-01-04 15:16:22,724 DEBUG [main] headers:281 - >> Accept: */*
2021-01-04 15:16:22,724 DEBUG [main] headers:281 - >> Host: dummy.restapiexample.com
2021-01-04 15:16:22,725 DEBUG [main] headers:281 - >> Connection: Keep-Alive
2021-01-04 15:16:22,726 DEBUG [main] headers:281 - >> User-Agent: Apache-HttpClient/4.5.3 (Java/1.8.0_191)
2021-01-04 15:16:22,728 DEBUG [main] headers:281 - >> Accept-Encoding: gzip,deflate
2021-01-04 15:16:24,645 DEBUG [main] wire:73 -  << "HTTP/1.1 429 Too Many Requests[\r][\n]"
2021-01-04 15:16:24,651 DEBUG [main] wire:73 -  << "Content-Encoding: gzip[\r][\n]"
2021-01-04 15:16:24,653 DEBUG [main] wire:73 -  << "Content-Type: text/html; charset=UTF-8[\r][\n]"
2021-01-04 15:16:24,654 DEBUG [main] wire:73 -  << "Date: Mon, 04 Jan 2021 09:46:24 GMT[\r][\n]"
2021-01-04 15:16:24,655 DEBUG [main] wire:73 -  << "Display: staticcontent_sol[\r][\n]"
2021-01-04 15:16:24,656 DEBUG [main] wire:73 -  << "Expires: Sun, 03 Jan 2021 09:46:24 GMT[\r][\n]"
2021-01-04 15:16:24,657 DEBUG [main] wire:73 -  << "Host-Header: c2hhcmVkLmJsdWVob3N0LmNvbQ==[\r][\n]"
2021-01-04 15:16:24,657 DEBUG [main] wire:73 -  << "Pagespeed: off[\r][\n]"
2021-01-04 15:16:24,658 DEBUG [main] wire:73 -  << "Referrer-Policy: [\r][\n]"
2021-01-04 15:16:24,659 DEBUG [main] wire:73 -  << "Response: 429[\r][\n]"
2021-01-04 15:16:24,660 DEBUG [main] wire:73 -  << "Retry-After: 58[\r][\n]"
2021-01-04 15:16:24,660 DEBUG [main] wire:73 -  << "Server: nginx/1.16.0[\r][\n]"
2021-01-04 15:16:24,661 DEBUG [main] wire:73 -  << "Vary: Accept-Encoding[\r][\n]"
2021-01-04 15:16:24,662 DEBUG [main] wire:73 -  << "Vary: Accept-Encoding,User-Agent,Origin[\r][\n]"
2021-01-04 15:16:24,663 DEBUG [main] wire:73 -  << "X-Ezoic-Cdn: Miss[\r][\n]"
2021-01-04 15:16:24,664 DEBUG [main] wire:73 -  << "X-Middleton-Display: staticcontent_sol[\r][\n]"
2021-01-04 15:16:24,665 DEBUG [main] wire:73 -  << "X-Middleton-Response: 429[\r][\n]"
2021-01-04 15:16:24,666 DEBUG [main] wire:73 -  << "X-Ratelimit-Limit: 60[\r][\n]"
2021-01-04 15:16:24,666 DEBUG [main] wire:73 -  << "X-Ratelimit-Remaining: 57[\r][\n]"
2021-01-04 15:16:24,668 DEBUG [main] wire:73 -  << "X-Ratelimit-Reset: 1609753642[\r][\n]"
2021-01-04 15:16:24,668 DEBUG [main] wire:73 -  << "X-Sol: pub_site[\r][\n]"
2021-01-04 15:16:24,669 DEBUG [main] wire:73 -  << "Transfer-Encoding: chunked[\r][\n]"
2021-01-04 15:16:24,670 DEBUG [main] wire:73 -  << "[\r][\n]"
2021-01-04 15:16:24,672 DEBUG [main] DefaultClientConnection:259 - Receiving response: HTTP/1.1 429 Too Many Requests
2021-01-04 15:16:24,673 DEBUG [main] headers:262 - << HTTP/1.1 429 Too Many Requests
2021-01-04 15:16:24,673 DEBUG [main] headers:265 - << Content-Encoding: gzip
2021-01-04 15:16:24,673 DEBUG [main] headers:265 - << Content-Type: text/html; charset=UTF-8
2021-01-04 15:16:24,673 DEBUG [main] headers:265 - << Date: Mon, 04 Jan 2021 09:46:24 GMT
2021-01-04 15:16:24,674 DEBUG [main] headers:265 - << Display: staticcontent_sol
2021-01-04 15:16:24,674 DEBUG [main] headers:265 - << Expires: Sun, 03 Jan 2021 09:46:24 GMT
2021-01-04 15:16:24,674 DEBUG [main] headers:265 - << Host-Header: c2hhcmVkLmJsdWVob3N0LmNvbQ==
2021-01-04 15:16:24,674 DEBUG [main] headers:265 - << Pagespeed: off
2021-01-04 15:16:24,675 DEBUG [main] headers:265 - << Referrer-Policy: 
2021-01-04 15:16:24,675 DEBUG [main] headers:265 - << Response: 429
2021-01-04 15:16:24,675 DEBUG [main] headers:265 - << Retry-After: 58
2021-01-04 15:16:24,675 DEBUG [main] headers:265 - << Server: nginx/1.16.0
2021-01-04 15:16:24,676 DEBUG [main] headers:265 - << Vary: Accept-Encoding
2021-01-04 15:16:24,676 DEBUG [main] headers:265 - << Vary: Accept-Encoding,User-Agent,Origin
2021-01-04 15:16:24,676 DEBUG [main] headers:265 - << X-Ezoic-Cdn: Miss
2021-01-04 15:16:24,676 DEBUG [main] headers:265 - << X-Middleton-Display: staticcontent_sol
2021-01-04 15:16:24,676 DEBUG [main] headers:265 - << X-Middleton-Response: 429
2021-01-04 15:16:24,677 DEBUG [main] headers:265 - << X-Ratelimit-Limit: 60
2021-01-04 15:16:24,677 DEBUG [main] headers:265 - << X-Ratelimit-Remaining: 57
2021-01-04 15:16:24,677 DEBUG [main] headers:265 - << X-Ratelimit-Reset: 1609753642
2021-01-04 15:16:24,677 DEBUG [main] headers:265 - << X-Sol: pub_site
2021-01-04 15:16:24,678 DEBUG [main] headers:265 - << Transfer-Encoding: chunked
2021-01-04 15:16:24,692 DEBUG [main] DefaultHttpClient:509 - Connection can be kept alive indefinitely
2021-01-04 15:16:24,716 DEBUG [main] RequestSpecificationImpl$RestAssuredHttpBuilder:545 - Parsing response as: text/html; charset=UTF-8
2021-01-04 15:16:24,717 DEBUG [main] wire:73 -  << "800[\r][\n]"
2021-01-04 15:16:24,718 DEBUG [main] wire:73 -  << "[0x1f][0x8b][0x8][0x0][0x0][0x0][0x0][0x0][0x0][0xff][0xc4]|[0xff]s[0xdb]6[0xf2][0xe8][0xcf][0xd5]_A[0xe3]3c[0x92][0x15]EKV[0xe2][0xd4]ThO[0x12][0xbb]w~[0xd7]K;[0x89]s[0x9d]{[0x1e]?[0xe]D[0xae]$$[0x14][0xc1][0x2][0x90][0x14][0xd9][0xd6][0xff][0xfe][0x6][0x0][0xbf][0x93][0xb2][0x9d][0xb4][0x9f][0xbb][0xb4]#[0x91][0x8b][0xc5][0xee]b[0xb1][0xdf][0xb0][0xa4][0xfc][0xfa][0xe0][0xe2][0xd7]w[0xd7][0xff][0xfe][0xed][0xd2]X[0x88]e|[0xd6]{-[0xbf][0x8c][0x18]'s[0x1f]A[0x82][0xce]z[0x86]a[0x18][0xaf][0x17][0x80][0xa3][0xb3][0xd7]K[0x10][0xd8][0x8][0x17][0x98]q[0x10]>Z[0x89][0xd9][0xe0]'t[0xd6]{[0xcd]CFRaDX[0xe0][0x1][0xdc][0xf1][0x90][0xc1]W[0xdf][0x9c][0xe1][0x98][0x83][0xa9][0x81][0xe1][0xc][0xf3]m[0x12][0xd6][0x81])[0x9e][0x3]O[0x1][0xa2]AB[0x7][0x11][0xcc][0x80][0x9d][0xad]13[0x82][0x0][0xee]|[0xf9][0xf1][0xf0]p[0xbf][0x9b][0xc8][0xb][0x97][0x8b]%[0xf7]/[0xb0][0x0]7[0xa1][0x1b][0xcb][0xd6]@X[0xb][0xbf]@P[0x2][0x14][0xb7][0xe1][0x17]?[0xfb].i[0x8]X[0xa6]1[0x16][0xe0]7[0x1].[0xe1][0xbf]22[0xf7][0x95]hz[0xe8][0x8f][0x15][0xac][0xc0][0xb7]f[0xab]$[0x14][0x84]&[0x96]}/[0x5][0xb][0xe9]*[0x11][0xfe][0xd0]!I[0xc8][0xe4][0x97][0x80]%[0xf7]on[0x1d]A[0x96]p[0x1]1[0xde][0xfe]L[0x18]D[0x9a][0x8e][0xb3]H[0xaf][0xf2][0xf1][0xb8][0xbc][0xc4]qL7[0xbf]P[0x1c][0xf9][0x82][0xad]`"[0xa9][0xd2][0xe9]g[0xff]^r[0xf2][\n]"
2021-01-04 15:16:24,719 DEBUG [main] wire:87 -  << "v[0x9]^[0x82]#[0xef][0xde][0xcb][0x8b][0x14]3[0xbc][0x4][0x1][0x8c];[0x84][0xbf][0x8d]i[0xf8][0xc5][0x99][0xca]O[0x88][0xde]n[0x9d][0x8]b[0x10][0xf0][0xfb][0x2][0x92]wt[0x99][0xca]k'e4[0x4][0x88][0xae]f[0x97][0x8c]Q[0xa6]E[0xe7][0x10][0xcf]|[0xb1] |"?\[0xc9][0xc0][0x97][0x1f][0xfa]6g[0xe5][0xe7][0x17][0x1a]\2[0xf6]+[0x97][0xbe][0x9f][0xac][0xe2][0xf8]\~xV[0x9]7H[0xc2][0x5]NB[0xa0]3[0xe3][\r]cxk[0x9f][0x97][0x83][0xde]My}[0xab][0x89]gK[0xf1][0xb3]o[\r],[0xd6][0xe5][0x17]Wz[0xa0][0xbd]L[0xbf][\r][0xca][0x9][0xab]ug[0xdb][0x99][0x81][0x8a]Y5[0xe8]UB[0x4][0xc1]1[0xb9][0xcb]w-[wM[0x81]~[0xfd]6[0x9f]{[0x9d]ozk&[0xe7]~[0xc5]pb:[0xb7][0x90][0xeb][0xba][0x86][0x84][0x19][0xbe][0x81][0xfa]R[0xef][0xf6]D[0xee]HC[0x4]e[0x12][0x19][0xbc][0x10]X[0x1]kD\[0x9c][0xa6][0xf1][0xd6]+([0xc9][0xfd][0x95]p[0xee][0xab][0xb9][0xf9][0x1e][0xba]<[0x8d][0x89][0xb0]L[0xd7],Q[0xd4][0xd6]M[0xc8]LY6wcH[0xe6]bq6[0xb6][0xef]w[0x10]s0[0x1a][0x3][0xbe][0xef][0x8f]me[0x9a][0xfe][0x86]$[0x11][0xdd][0xdc][0xa8][0xd1][0x9b][0xe1][0xed]mv5*[0xae][0x8e]oo'[0xfb][0x88][0x1c]?IDO[0xad]a[0xd5][0xd6]r;[0xd9][0xf5][0xc8][0xcc][0x12][0xdb]T[0x9a][0x97][0x84][0x1e][0xf8][0xbe][0xb9]J"[0x98][0x91][0x4]"[0xf3][0xf0]0[0x83][0xc9][0xf5]inZK[0x96][0x4]8[\r]k[0xb6]55[0xc5][0xa1][0xc3][0xb0]|[0xa5]s[[0x8f][0x18][0xca][0xcb]o[0x12]%D>)[0xb7][0xdd][0xc]S[0xef][0xf1]@[0xfe]3~6/[0xe4][0xce](4[0xbd]=[0x99]M[0xbc][0x89]c[0xcb][0x9e][0xec]v;gFbh[0xf8]z[0x8a][0xc5][0xa2][0xc3][0xb9]U[0xcc]tTd[0xfc][0xe][0xaf][0x96]D}[0xf9][0xa1]ou[0x0]V[0x9f][0xb9]O[0xcd][0x80][0xf9][0xea][0xf3]{\r[0xaf][0xfb]<[0xdb][0x1][0xff]R?[0xdb][0xe7]O[0xa5][0xeb][0x90][0x18]*[0xfe][0xa7][0xf4][0x17]2?[0xa2][0xe1]j[0x9][0x89]pC[0x6]"
2021-01-04 15:16:24,720 DEBUG [main] wire:73 -  << "X[0xc0]e[0xc][0xf2][0xce]2uF1[0xed][0x9][0xf][0x99][0xcb]Y[0xa8]5If[0x96][0xd6]c[0xb6][0xf5]rP[0x3][0x14][0xb3][0xdc][0x1][0xb4]j+8[0x1a][0xa0][0x1d]<d.M@[0xab][0xa8][0x11]'[0xb4][\r]]~[0xf8][0xd0][0xb2][0xa2]lyZS[0x8a][0xce]>cl[0xd8][[0xc6][0x8f][0x1][0x8e][0xb6]\`[0x1][0xe1][0x2]'s[0xf0]58[0x96][0xa9][0xa8][0x91][0xe6][0x14][0x96][0x1a]W[0x93]>[0xca][0xdb][0xc9][0xa3]&Nf[0x96]u[0xa0][0xa6]=<[0x1c]I[0x92][0x10]=[0x84][0xd9][0x86][0x1f][0xb9][0x2][0xb8][0xb0][0xd4][0xa8]m[0x17][0xfb]T[0x8f]o[0xcf]\[0xcb]nR[0xec][0xd6][0x1c]D[0xb6]U[0xfc][0xed][0xf6][0x1a][0xcf]e[0x94][0xb0]LY[0xa4][0x98][0xf6][0xcd][0xf0]Vz?$[0xd1][0xbb][0x5][0x89]#[0x8b][0x87]L[0xcf][0xce][0x17]j[0x90][0x84][0x8][0xcb][0xbe][0xd7][0xa1][0xc6][0xc5]Qt[0xb9][0x86]D[0xfc]B[0xb8][0x80][0x4][0x98][0x85][0xe4][0x1a][0x90]S[0xb3].![\r][0x91][0xae]D[0xb5](h$[0xfe][0xc2][0xde][0xcc][0xeb][0x8b][0xcb]_[0xde][0xfc][0xdb]P[0xfa]2[0x9b]![0xc0]y9[0x1c][0xe][0xe5][0xb7]2h[0x19][0x8c][\n]"
2021-01-04 15:16:24,720 DEBUG [main] wire:73 -  << "[0xb9]p[0x14][0xfd]Lb[0xf8][0xce][0xa0][0xe0][0xa4][0x8c]PF[0xc4]V[0xef][0xa3][0x8c]\~[0x2][0x1b]Ya[0xb8][0xb3][0xef]'[0xab][0xf6]7']lMV[0xdf][0xe8][0xc8][0xe8]K^:[0x86][0xc7]mx[0x8f]4 [0x93]p[0x1][0xe1][0x97][0xab][0xd9][[0xcd][0xdd][0x92][0xb0][0x9a][0x1e]8[0x88][0xa2]R[0xb2]8[0x8]A[0xa7][0x94][0xc6][0xf6]}Y>[0x15][0xc0][0x86][0xf6]VIX[0x96]O[0x8f][0x97]Nx%[0xe8][0x95]Z[0xf3][0x13]%TE[0xaf][0xd2][0xff][0xf5][0xb4]\[0x11]E[0xd0][0xed][0xa3][0x0][0xf5]ei[0xd8][0xef]O[0xda][0xea][0xff][0x6][0xb9][0x9e].[0xe9][0xfe][0xf3][0x1b][0x82][0xa3][0xe8][0xba]4[0xf6][0xaa])=mk[0xba][0x1e][0xbe][0xb9][0xcd].[0xf4][0xa7][0x92]y"[0xa7][0xd5]b|[0xe1]BJ[0xa3][0xa6]![0x3][0xb7][0xd9]7[0x8d][0x9f][0xaf]~[0xb9]<0[0xb4][[0x99][0xf6][0xa4][0xbd][0xa6][0xc9][0x9f][[0xd2][0xbe][0xed][0xe9]Z[0xdd][0xde][0xad],[0x16]*W[0xf1][0xcd]+[0xfc][0xf4][0xfe][0xdd][0xf5][0xd5][0xaf][0xef][0xff][0xe2]Uv[0x8d]K+[0xce][0xcc].[0x7]eV[0xf4][0xf0]Pz[0x98][0xce][0xb7]6[0x3][0xb1]b[0x89]^G[0x16][0xc7][0xac][0x1a][0x87][0x6]%E[0xbc][0xb9]hM[0xfd][0xf0][0xb0][0x11]0s[0x1e]*[0xf9][0xa9]I[0xda][0x91][0x8c][0xcc][0x19][0xc][0xdf][0xb8][0xbe][0xfa][0xe7][0xa5][0xa1][0x14]r[0x80][0xec][0x89][0x16][0xc6]P:T5[0x9c][0x9a]T[0xb8]N[0xfb][0xc]r?[0xa3][0xcc]R[[0xe8][0xf]'[0xe4]u[0x1d]=[0xab]P'[0xa4][0xdf][0xd7][0xfb]<[0xd5][0xe5]O[\r][0xe9][0x86][0xa8][0xba]O)[0xde]]`[0xfe][0xeb]&[0xf9][0x8d][0xd1][0x14][0x98][0xd8]Z[\n]"
2021-01-04 15:16:24,720 DEBUG [main] wire:73 -  << "[0xc9]~[0xce]2P_[0xe3][0xd6]W[0x90][0x97][0xb][0xa5]r[0xcb]j(W[0x99][0xde]q5[0xfb][0xb6]([0x0]r[0x9f][0xcf][0xa8][0xe9][0xca][0xa8]F[0xae]2[0xa5]R[0xd8]~[0xa7][0x9c][0xbb]][0xaf][0xce][0xa9][0xdc]}Ij[0xc9][0xe7]Z[0xb][0x6][0xb3][0xac]~wc[0x1a]b[0x89][0xe1]J[0xa0][\n]"
2021-01-04 15:16:24,720 DEBUG [main] wire:73 -  << "[0x88][0xc][0xe6][0xca][0x89]>[0xc0][0xfc][0xf2]kj[0x99]7[0xe7][0x87][0xb7]p[0xf7][0x87]o[0xdd][0xfc][0xbf][0xc3][0xff][0xb9][0xfd][0xd1]6[0x1d][0x93]dg[0x15].[0x18]I[0xe6]>[0x83][0xb9][0xb]_![0xb4]$[\r];#[0xc2]}=z[0xae][0xbf]nF[0xb7]^~[0xaa][0x91][0x83][0xbe][0x8f]F[0xc8][0xe]i[0xc2]i[0xc]n[0x4][0xd3][0x95][0x16][0xb0]*t5[0x1f][0xdf][0xab]S}[0xbf]/[0xe7][0xab][0xcb][0xb3][0xe3][0xe1]0[0xb7]zU[0xf5][0xc4] Ln[0xcc])*[0x12][0xb9]rK+[0xb][0xb8][\r]h[0x9c]C[0xdb][0xfc]2[0x4][0xc2]E[0xc5].[\r][0x92][0x18][0x1a]Dfj[0xac]id[0xa4]4[0xb0][0x90]&[0x82]$Y[0xdf]@[0x5]%9[0xa1]b[0xa1][0xf5][0xdd][0xd6][0x1e][0xdd][0xf0][0xcf][0x87][0x87][0xc][0xb1]Z)[0x17][0xb8]z[0xa8]nd%[0xed]:[0xbc]nE[0xa6]g[0xa8][0x9a][0xd6][0xb4][0xeb]f[0xdd][0x92][0xa8]cb^+[0x1a]8V%g[0x9b]F[[0xd8][0xe]2[0xa4]D[0xaa]P[0xd2]Y[0xb0][0x19][0xbf]v[0xbb][0x9e].[0x2]3K[0xbf][0xcf]J//[0xfb]vp[0x14][0x15][0xd9][0xce]k[0xa6]?'+5[0xbc][0xec][0xbb][0xc4][0xce][0x80][0xb5][0xcc][0xa2];E[0x9e][0xfa]tJ[0xdb][0xf3][0xca]K[0xa7]Z[0xf0]x[0xd5][0x9b][0xdd]dgW[0x1a]^[0xb2]V-[0xeb]up[0x84][0x93][0xd8][0xf7][0xd0][0xaa]`[0xcf][0xdb] K8[0x89]s0[0xb2]=p[0xb1][0x10]8\[0xa8][0xd1][0xf3][0xda][0x9d][0x85]h[0x82][0xfa][0x92][0xa6][0x7]7[0xfa][0xfa][0xd6]O,{[0xe7][0x14][0xfc][0x19],[0xe9][0x1a]:D[0xd0][0x3]M):[0xa0][0x15]A"[0xa8][\n]"
2021-01-04 15:16:24,720 DEBUG [main] wire:73 -  << "R[0xb9][0xab][0x8][0x92][0x1d][0xc3][0xb]yj[\r][0xbf][0x86]:t[0x14][0x12][0xfb][0xce]tHOB[0xf6]D[0xa8][0x13][0x1d]8";[0xbc][0x1d][0xc][0x1d][0xe1][0x8a]m[\n]"
2021-01-04 15:16:24,721 DEBUG [main] wire:73 -  << ">[0x12][0xf0]U[0x1c]}[0xc6]k[0x9c]!;[0x8f][0x1f]9[0x90]<r[0xa0][0xd6][0x91]C[0xd8][0xbb]J'[0xd1][0xcd][0xeb]z[0xf3]([0x2][0xc1]([0x11][0xe1][0x82][0x84]xN[0x8f][0xa6][0x94]pp?s[0xd3]1[0xf6][0x8e][0x9d][0xcf][0xc3][0xa9]?:[0x1d][\r]N[0xe][0xe5][0x85][0xe9][0xe8]([0xec][0x18]7[0xb7][0x8e][\n]"
2021-01-04 15:16:24,721 DEBUG [main] wire:73 -  << "[0xd0][0x5][0xa0]r[0x93][0x99]LD[0xcb][0xa6][0xe8][0x13][0xa2],a[0x99][0xca][0xb3]u[0xb7]0[0xe5]h][0x9c][0xe3]o[0x12][0xe7])[0x11]H[0x92][0x0]Ni[0xbc]_[0x8c][0x1a][0xc6][0x9f][0xd1][0xcc][0x1a][0xd2]V[0x83]7%_!V}[0xda][0xf4][0xeb][0xa7][0xf][0xbf][0xf8][0xa8][0xc9]~[0xce]p[\n]"
2021-01-04 15:16:24,721 DEBUG [main] wire:73 -  << "3[0xb6]"[0xc2][0x9d][0x93][0x19]*[0xf][0x94]o[0xa2][0xe8]79[0xd9]Z_]8[0x8a][0xcc][0x5][0x16]X[0xc5][0xce]|[0x1f]\[0xc2]/t[0xbb]J"[0xd9][0x87][0x87][0x95][0x81][0xe1][0x98]DV9[0xcf][0xbe][0xd7][0xa2][0xb8][0xe9][0x8a]/[0xac]{i[0x99][0x9e][0xb9]&[0x11]P[0xd3]Q_[0x1]Y[0xa6][0xc]8'4[0x9]H[0xe4]I[0xae][0x11]]b[0xa2][0xee][\n]"
2021-01-04 15:16:24,721 DEBUG [main] wire:87 -  << "[0xc2]s[0x10][0x17]W[0x17][0x96][0xed][0x88][0x0]R[0x1a].j#[0x97][0x12]b[\r]m'[0xc2][0x2][0x97]#[0xf2][0xee][0x9a]~[0x14][0xac]"[0xce]N[0x6][0xcc]2[0x9d][0xc9][0xe2][0xcd]Rk[0xcb][0x1a]r[0x85][0x8b][0xac][0x9]'S[0x12][0x13][0xa1][0xbb][0x6][0xcd]&[0xdd]><[0x99][0xb4]S[0x6][0xc][0x92][0x8][0x18][0xca][0xcb]"
2021-01-04 15:16:24,721 DEBUG [main] wire:73 -  << "[\r][\n]"
2021-01-04 15:16:24,722 DEBUG [main] wire:73 -  << "800[\r][\n]"
2021-01-04 15:16:24,722 DEBUG [main] wire:73 -  << "[0x1a]][0xe1]u[0xa8]O[0xeb][0xc6]><[0xcc][0x94][0x94][0xb5]1[0x87][0xf6][0xfd]f![0xed][0xaa][0x5][0x96]{[0xfb][0xd9])[0xb3][0xe4][0xe7][0xb3][0xda][0xa8]}[0xff][0xd9][0xaf][0x1]&[0xbb][0x9e][0xb2][0x84][0x15]_[0xfc][0xa6][0xad]![0x1b][0xe6]iLB[0xb0][0x86][0xce]g{b[0xc9]2[0xe6]j[0x89][0xe7]`[0xd9][0xb6][\n]"
2021-01-04 15:16:24,722 DEBUG [main] wire:73 -  << "%U[0xc5]~[0xfa][0xf0][0x8b][0xa5][0xec][0xc7][0xee][0xa3]s[0xca][0xc8][0xdc]G}[0xab][0xf3][0x89][0x83][0xce]d[0xe7]#oh[0xf7][0xd1][0xe1][0xda]G[0xfd][0xa9][0xa0][0xd8][0xfa]?[0x1f]}[0xef][0xea][0xea][0x86][0xcc][0xb6]V)[0x8b][0xad][0xf6][0xa1][0xb0][0xd2]I^[0x96][0xdd][0xbf][0x89]"/7AGn[0x8f]'?[0xb2][0xdc][0xf1][0xfa]H[0x87][0xb2][0xb3][0xbf][0xee]1[0x8d]ZM[\n]"
2021-01-04 15:16:24,722 DEBUG [main] wire:73 -  << "[0xf1]3<([0xa5],[0x95][0x81][0xc]'[0xe2][0x8][0xb3][0xe5][0xb6][0xed]8o[0x92]HJ[0xab][0xfd][0x7]G[0x1f]c*[0xaa].T[0xb8]Vs[0xc8][0x19][0xe6][0xff][0xd9][0x13]m[0x92][0xd5][0x9a][0xab]$,U[0xfd]'[0x88]g[0x7][0xb9]6[0x87][0xbf][0x81]x[0xb7]b[0xc][0x12][0xa1]w[0xc7]*[0xea]q[0xad][0x85][0x86]4{[0xf8]0XC[0xb2][0x2][0x7][0xb8][0x8][0xf2][0xeb])[0x89][0x82]YL)[0xb]f$[0x8e]![0xaa][0x0]R[0x6]k[0x87][0xb],[0x2]NW,[0x84][0x80]D[0x8e][0xb6]&[0xe5][0x90][0x7][0x1d][0xee][0xa2]Y[0xda][0xf][0xf][0x95][0xb1]7[0xc9][0xb6]>,[\r]W~g[0x19][0xee]*r2x[0x1][0xb0][0x8b][0xe3]C[0xe1][0x9e]r[0xc7]q[0x14][0xa4][0x94][0x13][0xa1]#[0x91][0x9f]b[0xc6][0xe1]*[0x11]V[0xd5]#[0xae]1[0x9b][0x83] [0xc9]<_[0xbe][0x89]S[0xd3][0xd6][0x5]=Y[0xa6]WQ[0xcd]$[0xc6][0xd5][0xd5]E.[0xb7][0x83][0xa3]O[0x9][0x11]5[0x94]7[\n]"
2021-01-04 15:16:24,722 DEBUG [main] wire:73 -  << "[0x94]S[0xcb][0xd6]?[0xd1][0xcf][0xe8][0x14][0xbd][0xe7][0x89][0x81]$6[0x89]P&JL[0x12][0x90]5[0xfa]U[0xe4][0xf]51Y>[0x90]5[0x14][0x0][0xb8]#K[0xb9]k[0xbe][0x8c][0x9f][0xd9]u.[0xe7][0xa4][0x8c][0x87][0x5][0x9a]o[0xd2][0xe9]g[0x8][0x85][0xa9]6'[0x7][0xbb]9[0xdd][0x80]D[0x7][0xbe]_DH[0xfb][0xbe][0xc2][0xb0][0xb]YG[0xc4]bD[0xca][0x1b][0xc8][0xaa][0xb2]E[0xa7][0xb2][0x92]Nl[0x19]F[0xba]c[0xab][0xda][0x8e]L[0xe5][0xdf][0x9e][0xa3]P[0x99][0x96][0x90]SOQ[0x9a][0xf0]cIj[0x95][0x10][0xe1]i[0xce][0x8f]'[0xac][0xcc]M[0xbc][0xe][0xd7][0xf1][0xaa]nT1M[0xaf]n[0xa6]r[0x88][0x93];[0xf0][0x10]j9[0x9b][0xf7][0x84][0xf7]y[0x8f]:[0xa3][0xd7][0xf0]Mu[0xa4]d[0xdb] [0xa4][0x11][0xd4]V[0xf3][0xee][0x9d]e;2[0xb4][0xae][0x9]l[0x9a][\n]"
2021-01-04 15:16:24,723 DEBUG [main] wire:73 -  << "[0xf9]-[0x83]_E[0x96][0xed]H#[0x95][0x8][0xda][0xb4][0x9d][0xea]>z[0xe5]F;[0x15];[0xf1]J;zFvw[0x8][0xf]d[0x9a][0xf2][0xb4][0x1f]eq[0xa2][0x91][0xab][0x9c]F[\r][0x90][0x7][0xb4][0xb7][0xdb]+e4?[0xaf][0xe2][0xf8]*[0xaa][0xc4][0xb5]<(I[0xb7]Y[0xe3][0x98][0xfb][0x5]R[0xfe]`[0xf2][0xc8]T>[0xd3]m[0x84][0x1a][0xd5]><[0x94]s+[0xcf]#[0x9f]0I[0x1d][0x91]T[0xbc][0x90][0x13]o[0x86][0xb7][0x8e][0xe]0[0xea][0xee][0xf8]v[0xf2][0xdf][0xb2][0xd9]g[0xed][0xf4]_[0xb4]W[0xff][0xe1]r-[0xef][0x10]~c[0xad][0xa6][0xb6]*[0x8e][0xb3]*[0xeb]&[0x1b][0x9f][0x91]X[0x0]+[0xcb][\n]"
2021-01-04 15:16:24,723 DEBUG [main] wire:73 -  << "[0x5][0xae]'V7[0xd3][0xc1][0xce]v[0x9e]3[0xe9][0xa0]1[0xe9]vRpug[0x94]][0xe2]p[0xd1][0x98][0xc9][0x1f]-$[0xb3][0xda]M[0x8f][0xc9]s_F[0xf9][0xe1]A7[0xc7][0xfe][0xea]b[0xb3]([0xab]d=[0xf5]d[0x9d][0xd9]YYr[0xc1][0x9f]S[[0x96][0x16][0x92][0xf5][0xf0][0x8][0xb3]L[0x9b]V[0xa1][0x80][0x87][0x87]u[0xcc][0x0][0xee][0xf0][0x1f]ML[0x5]l[0xb6][0xb3]P[0xe1]N(O![0x9f]>[0xfc][0xd2][0xf7][0xd1][0xa1][0xb4]2[0x11][0xac]V$[0xf2]Q_[0xcd][0xbd]1K[0x98])[0xcb][0xdd]v[0xe1][0x9d][0x13][0x98][0xec]vv[0xbd]4.[0xec][0xbf]#WW[0x9c]![0x90][0x9]2[0x88]|[0x1f][0x15][0xa2][0xa3]zc5[0xaf]s[0xa4][0x93][0xab][0xb7]d[0xda][0x95][0xc8]oX,r[0xda][0x95][0xf0][0xe6][0xa6]4[0xb5][0xaa]z-[0x98][0x15][0x85][0x81][0xd2][0x92][0x84]5[0xf5]T[0xf2][0xb3][0xb]q2[0xd4][0x9b]rL-4k%[0xca][0xc1][0xc0][0xd6] [0x5]bQu[0xfc][0x3][0xb6]-[0xb1]|[0xdf][0xaf][0xf0]h[0xb2][0xc8]f[0xdd]N[0xda][0xbd][0xdf][0xae]3GYm{[0x8d][0x8a][0xde][0xa9][0x17][0xe2]^G].Qd[0x1e][0xf1][0xaa]I[0xa5]<[0xc6]8[0x83][0xac][0xc2][0xf6][0x9a]%[0xb7]Sm[0x8f]=[0xd1]\`8[0x6]2_[0xec]i,[0x94][0xa3][0xff][0x8b][0xfd][\r][0x81][0x97])[0xde]#@>[0xf6][0x9d]=[0x8d][0xe2][0x90][0xd7][0xfd]2[0x1e]Rh[0xc8][0xe8][0xee]q[0xd5][0xf][0x19][0xae]~[0x17]O[0xba][0xa1][0xe1][0x1b][0xf7][0x8]GA[0x88][0xc3][0x5][0x4]1[0xac]!F[0xde][0xd0]Q Y[0xde][0x4]8[0xfa][0xbc][0xe2]B[0xa6][0x8a][0x1c][0x1e][0xe3][0xbb]mLq[0x14][0xac][0x81][0xa9][0xcc][0x9a][0xc3][0xb3][0xa7][0x2][0x1][0x89]8[0x92][0xd5][0x97][0x4][\n]"
2021-01-04 15:16:24,723 DEBUG [main] wire:73 -  << "[0x86][0x13]>[0xa3]lY[0xa3][0xfd]5[0xc8][0xe9]+[0xc0][0x94]D[0x11][0xb0]`[0x9]bA[0xa3]*[0xa4][0xe0]0vPH[0xc4][0x16]y[0xe8][0x1f]4[0xfe][0x82][0x5]F[0xb2][0xc0]W[0xe5][0x17][0xf2][0xd0][0xd5]{[0xe4][0xa0][0x8]oy[0xc0]I[0x12]B[0x10]c.[0x2][0x15]^[0x90]7[0x18]9("<[0x8d][0xf1][0xb6][0xce][0xb4][0x8c]U[0xde]h<>y[0xf5][0xc2]A[0x11][0xf]p$k[0xc7][0x80][0xa6]B[0x8d][0xc8][0xd9][0x90][0xcc][0xf1][0x1c][0xa2]@[0x90]%[0xe4]T[0x87][0xe][0x82][0xbb][0x9a][0xce]F%[0x84]![0xa9]*[\n]"
2021-01-04 15:16:24,723 DEBUG [main] wire:73 -  << "[0x15][0x9e]Z[0xfc][0xc][0x87][0x82]2[0xcd][0xcc]A3[0x86][0x97][0xb0][0xa1][0xec]K[0xe]X`[0x1e]Lq[0x14][0x10][0x19][0xfe][0xd4][0xac][0x1c][0xb2][0xa1]Ljs[0xe8] [0x82][0xa7]A[0x88][0x5][0xcc][0xa9]Z3r[0x10][0xe1][0xc1][0x8c][0xd1]e[0xc0] [0xa4][0xcb][0xa5][0xcc][0xd8]Q[0xa0][0xe][0xf4][0xc8][0xd3]f$1[0xb4]Gk[0xb9])[0xab][0x8e]p"[0xf4][0xd9]_[0x91]W:[0x93][0xb3][0x3][0xf5][0x82][0x84]bP[0xc0][0xb2][0xea]&[0x83][0x8a][0x96][0xb5],[0xb1][0xdc]Q-[0xe7]R[0xda]~[0xb9]|[0x9a][\n]"
2021-01-04 15:16:24,724 DEBUG [main] wire:73 -  << "[0xb2]$w[0xda]2[0xaa][0x16][0xa3]xUJ[0xf7][0xcc]f[0x14]X[0xf1]+[0xb7][0xaa][0x84])[0x19][0xc6][0xa7][0xd1]x4[0x1a][0xc2][0x0][0x1f][0x9f][0x9c][0xc]^[0xe0][0x97]/[0x7]/[0xc6][0xe1]p0[0xe]GC8y9[0xfe]i[0x14][0xbe][0x92][0x94][0xf2]3[0x1][0x87][0x18][0xc2][0xcc]25=[0xca][0x5][0x8e]3[0x19][0xd1][0xab][0xe1]p[0xf8]b('[0xac][0x3]y[0xba][0x10][0x15][0xce][0xc]xJ[0x13][0xe]z[0xf3]e"F[0xde][0xe9]p[0xe4] [0xe]l[\r]L[0x89]3[0x1a][0xbb][0xc7][0xe3][0xb1]{:tG[0xa7][0xa7][0xde][0xe8][0xf8][0xa7][0xe1][0x18]9H[0xbd][0x14][0x83]<[0xf4][0xfb][y[0xb3][0x9a][0x6]{[0xd6][0x9b]U[0x96][0xc8][0x1b][0x9d][0xc]O_[0xbd][0x1c][0xbf][0xfc]i[0xec][0xa0][0xbc][0xe8][0xcb][0x5][0xd6][0xdc][0x13][0xb5]e[0x15][0x13]\[0xb1][0x18]yh!D[0xea][0x1d][0x1d]E[0xab][0xe5]r[0xeb]2[0xe0][0x2][0xa7][0x4][0xbe][0xe2]e[0x1a][0x83][0x1b][0xd2][0xe5][0x11]N[0xc9][0xd1]zt$I[0xd2]-[0xc0][0xd1][0x8]9h[0xc5][0x81][0xe5][0xc4][0xa5][0x89]U[0x96][0xbc][0xa1][0x8c][0x8b][0xc2][0xf6][0x8a]M[0xde]M[0xb2][0x98]!S[0x88][0xe1][0x1b][0xea][0xb9]\[0x1e]F[0x84][\n]"
2021-01-04 15:16:24,724 DEBUG [main] wire:73 -  << "#[0x1d][0x1e][0xf5][0x1c][0xe3]/[0xc],[0xd2][0x1a];[0x1e][0x1e][0x8f][0x6][0xc3][0xd1]`[0xf8][0x2]U[0x6][0xbf]e[0xe7][0x9b][0xea][0xfb]~=[0x95]5[\n]"
2021-01-04 15:16:24,724 DEBUG [main] wire:73 -  << "[0xf2][0x10][0x8c]G[0xe3]h4[0x1b][0xe][0xc6][0xa7][0xa7][0x92]{8[0x1e][0x9c][0x9c][0xe]O[0x6][0xc3][0xe3][0x17]/[0xc7]p:[\r][0xc7][0xa7][0x80]v[0xdf][0xd2][0x93]k[0xb7][0xdf][0xba]{u[0xdd][0xa1][0xfd][0xac]+/Mq2[0x7][0x96]'[0xa2]j[0x87][0xae][0x18]9/[0xb2][0xd0]t[0xed][0x9f][0xbe]8\[0xfb][0xe3][0x93]CyX[0xf9](E[0xf1][0xe9]lf[0xe6][0x19][0xa8][0x95][0x98]*[0xf9][0xe9][0xd9][0x89][0xa9]3[0x3]U[0xbb][0x8b]df[0xa1][0xfc][0x16][0xc9][0xfa][0xb6]V[0xbe][qA[0x97][0xea][0xd9]Qv[0x1e]9[0x18]M[0xda]c[0xe5][0xb3][0xa2][0xd0][0xc1][0xf6]=[0xf6][0xf1][0xc3][0xc3][0xfd]t5[0x9d][0xc6][0xc0][0xbd][0x83][0x91][0x13][0xe2]$[0x84][0x18]Oc[0x90]w[0x11][0x8]Lb[0xf5]tY[[0xf6][0xb4][0xf5]dI?[0xac][0xaa]p@[0xf6]d[0xea][0x92][0x84][0x88][\n]"
2021-01-04 15:16:24,724 DEBUG [main] wire:73 -  << "L2s3.[0xe]vK&[0xe]v5[0x8f][0xe2]y[0xfb]t[0xf7][0x8c][0x96][0xed][0xa3]:{V[0x1d][0xb2][0x8a][0xf9][0xde]:$[0x1b][0xab][0xd7]!/[0xbf][0xbd][0xe]1[0xb2][0xc5][0x85][0xfe][0xf1][0x80]z_[\n]"
2021-01-04 15:16:24,724 DEBUG [main] wire:73 -  << "IwM)[0x13][0xc8][0x8]i"[0xe4][0xce][0xa0][\r][0x89][0xc4][0xc2][0x8f]`MB[0x18][0xa8][0x1b]'[0xa2];[0xe0]![0x8e][0xc1][0x1f][0xa1][0xb3]^IM[0x10][0x11][0xc3][0xd9]5[0xa5][0xc6]?q[0xb2]5>[0xc0][0x1f]+[0xe0][0x82][0xbf]>[0xd2][0x3][0x15][0xcc][0x83][0xc1][0xc0][0xf8][0x99]&[0x82][0x1b][0x83]A)[0xd7][0xeb][0x98]$_[0xc][0x6][0xb1][0x8f][0xa2][0x84][0xf]R[0x6]3[0x10][0xe1][0x2][0xe9][0xb7][0x18][0xd0][0xd1][0xd1]LNq[0xe7]2H[0x93]Pz?jN[0xd6][0x98]2fp[0xaf][0xc0][0xa7]t[0x1e][0x3]N[0x9]W[0x1]#[0xe4][0xfc]|[0x86][0x97]$[0xde][0xfa][0xef]W[0x9][0x11][0x14]i[0x96]\lc[0xe0][0xb][0x0][0x81][0x9a][0xa2]~TCuY[0x15]zy/[0xff]-[0xc4]2v[0x8c])[0x8d][0xb6][0xc6]}m@[0xfe][0x9b][0xe2][0xf0][0xcb][0x9c][0xd1]U[0x12][\r]B[0x1a]S[0xe6][0x19][0xff]3[0x9b][0xcd]&-[0xbc]|[0xf0]d|2=[0xe9][0x18][0x97]k[0x1a]h[0xf9]=[0xc3][0xd4]+0[0x1d][0x83][0xe3][0x84][0xf]80[0xb2]o[0xca]F[0x16][0xd3][0xc2]3F[0xc3]a[0x1b]cQ[0xe][0xae][0x17][0xed][0xe1]%fs[0x92]xFc[0xe6][0xae]W[0xbb]ug[0xab]8[0x1e]hR[0x1d][\n]"
2021-01-04 15:16:24,725 DEBUG [main] wire:87 -  << "x[0x84]G[0x8b]P[0xc]_"
2021-01-04 15:16:24,725 DEBUG [main] wire:73 -  << "[\r][\n]"
2021-01-04 15:16:24,725 DEBUG [main] wire:73 -  << "68a[\r][\n]"
2021-01-04 15:16:24,725 DEBUG [main] wire:73 -  << "[0x7]!$[0x2]X[0x7]![0x1c][0x93]y2[0xd0]O[0xf0][\r][0x8d][0xd5][0x16]9+[0x1e]=C[0xd2]j[0xf][0xcb][0xea][0x98][0xcc][0xb6][0x83][0xcc][0xd6][0xbb][0xe9]4[0xc5][0xca]k[0x80][0x1][0x83]Y[0x87]\EgS[0xda][0x93]j[0xf6]=NN[0x16]2][0x86]BY[0x4]l[0xc0][0xb4][0xb6][0x8e][0xd3][0xaf][0x6][0xa7]1[0x89][0xf6]l[0xab][0xea][0x99][0x1a][0xc7]'i[0xc7]"S[0x1c]E$[0x99]{[0xc6][0xd0][0x18][0xbd]L[0xbf]f_m<[0x99][0xa1][0x6]J[0xab][0xcf][0xd3][0xc3][0x12]8[0xc7][0xf3].[0xd9]+"[0x8d]~[0xfa]>V[0xf9][0xd5][0xeb][0xa3][0x8a][0x87]}{[0xa6][0xda][0x97]|[0xb3][0xc][0xa4]cB[0x80][0x13][0x1c]o[0x5][0x9]y[0xb0][0xc2]a([0xeb]![0xf4][0xe9][0xcd]`4[0x1e][0x8d][0x8e]O_[0xbd]z5[0x18][0xbd]@&][0xee][0x13]B[0xb5]/[0x82][0xb9]:[0xc7][0xa9][0xaf][0x87][0x7][0xe3][0xe6]v[0xd2][0x93][0xd7][0xba][0x11]ZI[0xb3][0xbd][0x1f][0x82]9[0x16]n[0xa0][0xf3][0xdb]5[0xc3][0xe1][0x17]`[0x96][0xd9][0x90]S&[0xe]0[0xed]Iog3[0x9d][0xf1]O[0xe3][0xf1][0xe9]p[0xf8]r [0xcf][0xb6][0xe6][0xac]M[0xe5][0xc6][0x4]7[0xe0] .T[0xa9][0xf8][0x1e]/A"[0xb6][0x8b]1[0xf3][0xb6]1m[0xf6]}[0xd3]47[0x9d][0xaf][0xff][0x85][0x99][0xe9][0x8c][0x1c]3[0xaf][0xe]M[0xc7]LWS]S'[0x14]G[0xdc]t[0xc6]O[0xce]?vLa:[0xe6][0xe8][0xc5][0xab][0xe7]`[0x8f][0x1d][0x93][0x91][0xc8]t[0xcc][0xa1][0xe9][0x1c]?[0x89][0xfd][0xc2]1[0xa7][0xc][0x9b][0x8e][0xb9][0xa4][0xd1][0xab][0xe3]A[0xb8][0x97][0xc3][0x9b]8[0xa6][0x9b]7I[0xb8][0xa0][0xcc]T[0x8f]0[0xbb][0xd1]>[0x12][0xa1]K[0xba][0x8f]JA[0x1f][0xd4][0x9a][0x8d][0xd1][0xb0][[0xb7][0xdf][0xaf][0xa4][0xd6][0xfc]c[0xc7][0xd4]g[0x1][0xd3][0xe9][0xda][0xa4]}[0x14][0xba][0xe5]=n[0xc9][0xb]n [0xa4][0xd1][0xe5][0xfd][0xf5].ci#[0xf4]z[0x15][0x1b][0x96][0x11]G[0xba][0xce][0x1c][0x1b][0xbe][0xf1][0xe4][0xcf]D[0x8c]9Vo[0x10][0x19][0xbe]a6\[0xd0]T[0x83][0xca]W[\r]_[0xbf]R[0xd9][0x93][0x10][0xce][0xe4][0xbd]e[0xea][0x2][0xc2]4[0xfc][\n]"
2021-01-04 15:16:24,726 DEBUG [main] wire:73 -  << "[0x9b][0xe2][0xf5][0xc9][0x94]QAC[0x1a][0x1b][0xe7][0x86][0x99]W[0x1a][0x9c][0xc7][0xa6][0xe1][0xe9]{[0xef][0xe8]h[0xb3][0xd9][0x98][0xb6][0xd1]7[0xcc],[0xd0][0xc][0x8a]@[0xa3]J[0x90][0xb9]*[0xf5]&z1[0xbc][0xba][0x96][0xee][0x1f]Q[0xe4]K[0xba][0x19][0xde]N[0xc][0xf5][0xbb])H[0xc4]{[0x1a][0x81]K[0x12][0xe]L[0xbc][0x85][0x19]e`[0xcd][0xb1]cp[0xe5][0xbc][0x96]=[0xe9][0xb5][0xe3][0xd6][0x9e]h[0xa4];[0x95]tE[0xd4][0xeb][0xa6][0xa3]J[0xc4]{=[0xc5][0x1c]*5[0xd5][0xb7][0x9d][0xc3][0xce]j|[[[0xa0][0xa3] [0xdc][0xd1][0xeb][0xcc]h[0xe5]>5[0xac]v[0xd2][0xab]>[0xc2][0xd5]"[0xfa]F[0xa5][0xa5]m[0xf7]t[0x12][0xaa][0xad][0xc1]Lh[0x2][0xe6][0xa4][0xb7][0xcb]9[0xfc]L[0xd9]R[0x1f]g[0xe5][0xe8][0xc8][0x9c][0xe4][0x3][0x1]d[0xca][0xe][0x4][\r][0xd4][0x8b][0xd9][0x86][0xaf][0xdf]S[0xae]iP[0x17][0x81][0xd7]o>\[0x1b][0x97][0xff][0xf7][0xef][0x97]o.T)[0xf8]t[o[0xcf][0x9a]9[\r][0x3][0x9c][0xa6][0x81][0x16]v[0x98][0x89][0x13][0xa9][}[0x4][0xcf][0x5][0xd4][0xfe]([0xb1]:[0x1c][0xb2]X[0x5][0x9]?[0x2]f[0xe1]B[0x1e]`$[0x89][0xda][0xde][0x1f][0xc][0x6][0xf7][0x9f][0xff]X[0x1][0xdb][0xee][0x94][0xd0]r)[0x97][0xef]/[0x9e]\[0xc8][0xf7][0x9f]x[[0xab]6T&[0xf7][0xcd][0xbc]&S[0xdb]s[0xd6][0xeb]:[0x17]I[0xd8],[0x80];[0xca]Wd[0xe][0x9]0[0xa2][0x8f]DGsW-[0xd4]M@[0x1c][0xd5][0x86][0xf5][0xa1][0xe9][0xf1]sov[0x12][0xea][0xe5][0xbf]e[0xae]3[0xb8]\[0xcb][0xc4]_[0x8d]2FauV[\r][0xd3]6[0xe][0xea][0xd6]w[0xaf][0xd6]0%[0xc2]-[0x9b][0xe8]V[0xf6][0xa0][0xa4][0xda][0xfe]2o[0x1d][0xe3]F=*[0x91][0x13].[0xa8]P[0x8f]>[0xcc]UB[0xd6][0xc0]8[0x8e][0x83][0xac][0xb3]c:F[0x9d][0xa1]}kO[0x8c][0xdd]n[0xd2]T[0xd6]*[0x9][0xb5][0xb2]ZK[0x91][0xea][0xda]7[0xa0]~zY[0x9c][0x1a][0xbb][0x95][0xfd][0xe4]+[0x80][0x8f][0xbd][0xa6]x[0xdb][0xa9][0xf9][0xf6]Q[0xf4][0xbf]cq[0xcf]4[0xb8][0xf0][0x9][0x8b][0xb][0xe5]Y<[0xa1]sH[0xd4][0xc3][0x80][0xcc][0xf4]Zo&[0xe6]/[0x8b][0xa2][0xc7][0x8d][0xf2][0x89][0xf2][0xf2]{[0x94]rV[0xf9][0xb1][0x89][0xca][0x8d]r}q[0x1a][[0xe9][0xfa][0xea][0xc2]1[0xd8][0xda]6[0xca][0xa8][0xa9][0xba][0x82][0xb0]1.[0xb0][0x0][0x19][0xf4]$<r[0xb3]_[0xd7]Y[0x91]zKG^[0xc9]tf[0x8d]O^[0xfe]x[0xfc][0xe2][0xc7][0x93][0xa1][0xfc]4[0x1c][0xe][0xed]l[0x86][0x8a]D_S[0xc2]@[0xa6]3[0x94]][0xfa][0xa8][0x1f][0xb9][0x82]~[0xba]~[0xf7]Q=[0xdf][0xcc][0xe9]g[0x9]@ry[0xbb]}[0x87][0x85][0x85][0xe0]n[0xf5]5[0x88][0xd3]8[0xd0][0xf1][0xcf]GF[0xbf]"UM[0x8][0xf4] [0x7][0xe5]R[0x8a][0x1b][0xb6][0x96][0x97][0x13]C^g[0xac][0x1d]c,3a[0xe5][0xc7]E[0xea][0xa5][0xea]}[0x9a] 3[0xc3]*[0x92]p[0xf9]#K[0xc3][0xf7]}[0x3][0xe5]/[0xc3]#[0xbb]r[0xe4][0xd9][0xa3]Y[0xbd][0xc0]]F[0xd4][0xca][0xcf]X[0xbe][0xd1]][0xa5][0xd1][0x1e][0xb5][0x90][0xfe][0x5](r[0xea][0xc][0x1c][0xa3][0xc9][0xc1]P[0xef][0xe3][0x97][0xb4]Jf[0x9a][0x82][0xdd]8[0x9e][0xa9][0xb7][0xa7]V[0x8c][0xe9]Q[0xc3]7j[0xd8][0x93][0x16]n[0x2][0x9b][0x2][0xb5]|[0x9f]{-[0x9a]t[0x95].[\n]"
2021-01-04 15:16:24,726 DEBUG [main] wire:73 -  << "[0xba][\n]"
2021-01-04 15:16:24,727 DEBUG [main] wire:73 -  << "[0xa3][0xa3][0xa9][0xf1][0x98][0xb2][0x8a][0xb3]_[0xfd][0xb6]&[0x9f]6[0xd2][0xa6][0xac]-%t[0xcd][0xab][0xf1]v[0xa7]$[0x89][0xf4]O[0xd0][0x9b][0x1a]-[0xf7]m[0xd7][0xdb][0xf5][0xba][0x2].[0xaa][0xd9][0x10]r[0x8c][0x16][0xe0][0xe6][0x99][0xbd]n#+[0x13]n+[0xd1]x[0xef][0x8b][0xe8]O$[0xb5]2[0xa8][0x1e][0xa9][0xbf][0x8][0xa2][0xff]8[0xc8][0x94]F[0xdb]J[0xb7]*"k#[0x8c]1[0xe7]>[0xaa]6Wj[0x1d][0x8d]J[0xfb][0x6][0xd5][0x1b][[0xd5][0xe9][0xea][0xf1][0xcb]Yk[0x87]_[0x1c][0x9f][0xd6]f[0x1c]Ed}[0xd6][0xdb]K%k![0xa0],P[0xa3][0xa2]U1[0x1a][0xa6]_'[0x1d][0xf4][][0xc5][0xe]n[0x1d][0xb7][0x8f][0x97][0xbe]]ibb[0x16][0xf2]$[0x88][0xc8]R[0x86][0xb3][0xfa][0x9][0xe4][0x87][0x1f][0xf4][0xf][0xfd][0xc5];J[0xbf][0x10][0xa8][0xba][0x87]j[0xa5]:y[0x3][0xd5][0xd1][0xb1]hk[0xe8]Y?d[\r][0xe5][0xf2][0xdc][0x92][0xcf][0xd7][0xbf][0x96][0xf1][0xcd]~6[0xb1]oYz[0xa6]}nN[0xf2]Pj[0xf6][0xad]" [0xfe][0x13][0x8b][0x85][0xab]^x[0xb3][0xba][0x82]d_[0xcf][0xce][0x2]t=[0x0][0xdb][0x9e]i[0xda]}s[0xa2][0xfe][0x14][0xc1][0x91]9[0xe9][0xfd][0xf0][0xc3]n[0x92][0xad]i6[0xd3]%h~O[0x17]e[0x98][0x90][0xd9][0x8][0x12]W[0x9b]G[0x81][0xb0]i![0xa8]6q>.[0xe7]k[0xa2][0xbe]o[0x8c][0x8c]sI[0xd1]3,[0xba]0[0xce][0xc][0xba][0xb1]s[0x0][0xdd][0xe4][0x13]6[0xad][0x9][0x9b][0xe6][0x4][0x9][0xa0][0x5][0x87]UEDY[0xa7][0xb0][0xbf][0xeb][0xf6][0xe3][0xc3]C[0xa9][0xe7][0xfc]";X[0xb9]aL [0x11][0x1d][0x88][0xdd][0x87]/[0xe9]I[0xfa][0x17][0xec][0xd5][0x89][0x85][0x0][0x9b][0x86][0x0][0xbf]K[0x5]<[0x83][0x1b][0xef]y[0xec][0xcf][0x15]\X[0xa0]e[0xc2][0x9d]<[0xe1][0x1b][0x90]H[0xe7][0xfc][0xf4][0xe1][0xea][0x1d]][0xa6]4Q[0xa7]a[0xa9]M[0xdf][0xec][0xcb][0xaf][0xbe][0xe9]l|[0xb3][0xbf][0xe9][0x9b][0xce][0xc2]7[0xfb][0xb][0xdb]1[0xac][0xf1][0xe8][0xe5][0xf8][0x4][0xc6]?[0xbe][0x92][0x89][0xbc]A[0x93].6{[0x88]J2[0xab][0x9c][0xce][0xaa][0x83]P[0xf7]#[0x93][0xe7][0xd7]j[0x13][0xd3]P[0x15]M[0xf7]![0x1][0xa2]%M[0x84]<[0x89]/[0xd2][0xae][0x7]&[0xc5][0xf8][0x6][0xa6][0xe9]9[0xf6][0xf1]a[0xf1][0xe0][0x84]/[0xc2][0xa9]?~Q[0x96]mO[0x95][0xbb]O[0x4][0xdf].[0xf1]>C[0x1c]og[0x84]/[\n]"
2021-01-04 15:16:24,727 DEBUG [main] wire:87 -  << "[0xf9][0xaa][0xcf][0xf3][0xca][0xd1][0xc7][0xa4][0xdb][0xf7]dg_[0xec][0xef][0xf5][0x9e]Prg[0x9d]XI[0x1d]:_[0xbc]>[0xd2]p[0xea][0xff][0x7][0x0][0x0][0xff][0xff]RH}[0x9c][0x81]J[0x0][0x0]"
2021-01-04 15:16:24,727 DEBUG [main] wire:73 -  << "[\r][\n]"
2021-01-04 15:16:24,728 DEBUG [main] wire:73 -  << "0[\r][\n]"
2021-01-04 15:16:24,728 DEBUG [main] wire:73 -  << "[\r][\n]"
2021-01-04 15:16:24,729 DEBUG [main] RequestSpecificationImpl$RestAssuredHttpBuilder:548 - Parsed data to instance of: class org.apache.http.conn.EofSensorInputStream
2021-01-04 15:16:24,793 DEBUG [main] BasicClientConnectionManager:161 - Get connection for route {}->http://dummy.restapiexample.com:80
2021-01-04 15:16:24,793 DEBUG [main] DefaultClientConnectionOperator:177 - Connecting to dummy.restapiexample.com:80
2021-01-04 15:16:24,832 DEBUG [main] RequestAddCookies:123 - CookieSpec selected: ignoreCookies
2021-01-04 15:16:24,833 DEBUG [main] RequestAuthCache:77 - Auth cache not set in the context
2021-01-04 15:16:24,833 DEBUG [main] RequestTargetAuthentication:80 - Target auth state: UNCHALLENGED
2021-01-04 15:16:24,833 DEBUG [main] RequestProxyAuthentication:89 - Proxy auth state: UNCHALLENGED
2021-01-04 15:16:24,834 DEBUG [main] DefaultHttpClient:682 - Attempt 1 to execute request
2021-01-04 15:16:24,834 DEBUG [main] DefaultClientConnection:274 - Sending request: GET /api/v1/employee/2 HTTP/1.1
2021-01-04 15:16:24,834 DEBUG [main] wire:73 -  >> "GET /api/v1/employee/2 HTTP/1.1[\r][\n]"
2021-01-04 15:16:24,834 DEBUG [main] wire:73 -  >> "Content-Type: application/json; charset=UTF-8[\r][\n]"
2021-01-04 15:16:24,835 DEBUG [main] wire:73 -  >> "Accept: */*[\r][\n]"
2021-01-04 15:16:24,835 DEBUG [main] wire:73 -  >> "Host: dummy.restapiexample.com[\r][\n]"
2021-01-04 15:16:24,835 DEBUG [main] wire:73 -  >> "Connection: Keep-Alive[\r][\n]"
2021-01-04 15:16:24,835 DEBUG [main] wire:73 -  >> "User-Agent: Apache-HttpClient/4.5.3 (Java/1.8.0_191)[\r][\n]"
2021-01-04 15:16:24,836 DEBUG [main] wire:73 -  >> "Accept-Encoding: gzip,deflate[\r][\n]"
2021-01-04 15:16:24,836 DEBUG [main] wire:73 -  >> "[\r][\n]"
2021-01-04 15:16:24,836 DEBUG [main] headers:278 - >> GET /api/v1/employee/2 HTTP/1.1
2021-01-04 15:16:24,836 DEBUG [main] headers:281 - >> Content-Type: application/json; charset=UTF-8
2021-01-04 15:16:24,837 DEBUG [main] headers:281 - >> Accept: */*
2021-01-04 15:16:24,837 DEBUG [main] headers:281 - >> Host: dummy.restapiexample.com
2021-01-04 15:16:24,837 DEBUG [main] headers:281 - >> Connection: Keep-Alive
2021-01-04 15:16:24,837 DEBUG [main] headers:281 - >> User-Agent: Apache-HttpClient/4.5.3 (Java/1.8.0_191)
2021-01-04 15:16:24,837 DEBUG [main] headers:281 - >> Accept-Encoding: gzip,deflate
2021-01-04 15:16:25,732 DEBUG [main] wire:73 -  << "HTTP/1.1 429 Too Many Requests[\r][\n]"
2021-01-04 15:16:25,733 DEBUG [main] wire:73 -  << "Content-Encoding: gzip[\r][\n]"
2021-01-04 15:16:25,734 DEBUG [main] wire:73 -  << "Content-Type: text/html; charset=UTF-8[\r][\n]"
2021-01-04 15:16:25,735 DEBUG [main] wire:73 -  << "Date: Mon, 04 Jan 2021 09:46:25 GMT[\r][\n]"
2021-01-04 15:16:25,735 DEBUG [main] wire:73 -  << "Display: staticcontent_sol[\r][\n]"
2021-01-04 15:16:25,736 DEBUG [main] wire:73 -  << "Expires: Sun, 03 Jan 2021 09:46:25 GMT[\r][\n]"
2021-01-04 15:16:25,736 DEBUG [main] wire:73 -  << "Host-Header: c2hhcmVkLmJsdWVob3N0LmNvbQ==[\r][\n]"
2021-01-04 15:16:25,737 DEBUG [main] wire:73 -  << "Pagespeed: off[\r][\n]"
2021-01-04 15:16:25,738 DEBUG [main] wire:73 -  << "Referrer-Policy: [\r][\n]"
2021-01-04 15:16:25,738 DEBUG [main] wire:73 -  << "Response: 429[\r][\n]"
2021-01-04 15:16:25,739 DEBUG [main] wire:73 -  << "Retry-After: 14[\r][\n]"
2021-01-04 15:16:25,739 DEBUG [main] wire:73 -  << "Server: nginx/1.16.0[\r][\n]"
2021-01-04 15:16:25,740 DEBUG [main] wire:73 -  << "Vary: Accept-Encoding[\r][\n]"
2021-01-04 15:16:25,740 DEBUG [main] wire:73 -  << "Vary: Accept-Encoding,User-Agent,Origin[\r][\n]"
2021-01-04 15:16:25,741 DEBUG [main] wire:73 -  << "X-Ezoic-Cdn: Miss[\r][\n]"
2021-01-04 15:16:25,742 DEBUG [main] wire:73 -  << "X-Middleton-Display: staticcontent_sol[\r][\n]"
2021-01-04 15:16:25,743 DEBUG [main] wire:73 -  << "X-Middleton-Response: 429[\r][\n]"
2021-01-04 15:16:25,743 DEBUG [main] wire:73 -  << "X-Ratelimit-Limit: 60[\r][\n]"
2021-01-04 15:16:25,744 DEBUG [main] wire:73 -  << "X-Ratelimit-Remaining: 56[\r][\n]"
2021-01-04 15:16:25,744 DEBUG [main] wire:73 -  << "X-Ratelimit-Reset: 1609753599[\r][\n]"
2021-01-04 15:16:25,745 DEBUG [main] wire:73 -  << "X-Sol: pub_site[\r][\n]"
2021-01-04 15:16:25,745 DEBUG [main] wire:73 -  << "Transfer-Encoding: chunked[\r][\n]"
2021-01-04 15:16:25,746 DEBUG [main] wire:73 -  << "[\r][\n]"
2021-01-04 15:16:25,746 DEBUG [main] DefaultClientConnection:259 - Receiving response: HTTP/1.1 429 Too Many Requests
2021-01-04 15:16:25,747 DEBUG [main] headers:262 - << HTTP/1.1 429 Too Many Requests
2021-01-04 15:16:25,748 DEBUG [main] headers:265 - << Content-Encoding: gzip
2021-01-04 15:16:25,749 DEBUG [main] headers:265 - << Content-Type: text/html; charset=UTF-8
2021-01-04 15:16:25,749 DEBUG [main] headers:265 - << Date: Mon, 04 Jan 2021 09:46:25 GMT
2021-01-04 15:16:25,750 DEBUG [main] headers:265 - << Display: staticcontent_sol
2021-01-04 15:16:25,750 DEBUG [main] headers:265 - << Expires: Sun, 03 Jan 2021 09:46:25 GMT
2021-01-04 15:16:25,751 DEBUG [main] headers:265 - << Host-Header: c2hhcmVkLmJsdWVob3N0LmNvbQ==
2021-01-04 15:16:25,751 DEBUG [main] headers:265 - << Pagespeed: off
2021-01-04 15:16:25,751 DEBUG [main] headers:265 - << Referrer-Policy: 
2021-01-04 15:16:25,751 DEBUG [main] headers:265 - << Response: 429
2021-01-04 15:16:25,752 DEBUG [main] headers:265 - << Retry-After: 14
2021-01-04 15:16:25,752 DEBUG [main] headers:265 - << Server: nginx/1.16.0
2021-01-04 15:16:25,752 DEBUG [main] headers:265 - << Vary: Accept-Encoding
2021-01-04 15:16:25,753 DEBUG [main] headers:265 - << Vary: Accept-Encoding,User-Agent,Origin
2021-01-04 15:16:25,753 DEBUG [main] headers:265 - << X-Ezoic-Cdn: Miss
2021-01-04 15:16:25,753 DEBUG [main] headers:265 - << X-Middleton-Display: staticcontent_sol
2021-01-04 15:16:25,754 DEBUG [main] headers:265 - << X-Middleton-Response: 429
2021-01-04 15:16:25,754 DEBUG [main] headers:265 - << X-Ratelimit-Limit: 60
2021-01-04 15:16:25,754 DEBUG [main] headers:265 - << X-Ratelimit-Remaining: 56
2021-01-04 15:16:25,754 DEBUG [main] headers:265 - << X-Ratelimit-Reset: 1609753599
2021-01-04 15:16:25,755 DEBUG [main] headers:265 - << X-Sol: pub_site
2021-01-04 15:16:25,755 DEBUG [main] headers:265 - << Transfer-Encoding: chunked
2021-01-04 15:16:25,755 DEBUG [main] DefaultHttpClient:509 - Connection can be kept alive indefinitely
2021-01-04 15:16:25,756 DEBUG [main] RequestSpecificationImpl$RestAssuredHttpBuilder:545 - Parsing response as: text/html; charset=UTF-8
2021-01-04 15:16:25,757 DEBUG [main] wire:73 -  << "800[\r][\n]"
2021-01-04 15:16:25,757 DEBUG [main] wire:73 -  << "[0x1f][0x8b][0x8][0x0][0x0][0x0][0x0][0x0][0x0][0xff][0xc4]|[0xff]s[0xdb]6[0xf2][0xe8][0xcf][0xd5]_[0x1][0xe3]3c[0x92][0x15]EK[0xb6]c'dhO[0x12][0xbb]w~[0x97]K;[0x89]s[0x9d]{[0x1e]?[0xe]D[0x82][0x12][0x12][0x8a]`[0x1]H[0x8a]l[0xeb][0x3][0x80][0xdf]I[0xd9]N[0xda][0xcf]][0xda][0x91][0xc8][0xc5]bw[0xb1][0xd8]oXR~[0xbd]w[0xf1][0xeb][0xbb][0xeb][0xff]v[0x9][0xe6]b[0x91][0x9c][\r]^[0xcb]/[0x90][0xa0]t[0xe6]C[0x9c][0xc2][0xb3][0x1][0x0][0x0][0xbc][0x9e]c[0x14][0x9d][0xbd]^`[0x81]@8G[0x8c]c[0xe1][0xc3][0xa5][0x88]G/[0xe1][0xd9][0xe0]5[0xf][0x19][0xc9][0x4][0x88][0x90]@#|[0xc7]C[0x86][0xbf][0xf9]F[0x8c][0x12][0x8e][\r][\r][0xc]c[0xc4]7i[0xd8][0x4]fh[0x86]y[0x86]q4J[0xe9]([0xc2]1fg+[0xc4]@[0x10][0xe0];_~<<[0xdc]o=y[0xe1]p[0xb1][0xe0][0xfe][0x5][0x12][0xd8]I[0xe9][0xda][0xb4]4[0x10][0xaf][0x84]_"([0x1][0xca][0xdb][0xf0][0xab][0x9f]W4[0x4]^d[0x9][0x12][0xd8]o[0x3][0x1c][0xc2]ed[0xe6]+[0xd1][0xf4][0xd0][0x1f]K[0xbc][0xc4][0xbe][0x19]/[0xd3]P[0x10][0x9a][0x9a][0xd6][0xbd][0x14],[0xa4][0xcb]T[0xf8]c[0x9b][0xa4]![0x93]_[0x2]/[0xb8]sk[0xb][0xb2][0xc0][0x17]8A[0x9b]_[0x8][0xc3][0x91][0xa6]c[0xcf][0xb3][0xab]b<[0xa9].Q[0x92][0xd0][0xf5]{[0x8a]"_[0xb0]%[0xf6]$U:[0xfd][0xe2][0xdf]KNn[0xc9].E[0xb]l[0xcb][0xbb][0xf][0xf2]"C[0xc]-[0xb0][0xc0][0x8c][0xdb][0x84][0xbf]Mh[0xf8][0xd5][0x9e][0xca]O[0x1c][0xbd][0xdd][0xd8][0x11]N[0xb0][0xc0][0xbf][0xcf]q[0xfa][0x8e].2ymg[0x8c][0x86][0x18]GW[0xf1]%c[0x94]i[0xd1]9Nb_[0xcc][0x9][0xf7][0xe4][0x87]#[0x19][0xf8][0xf2]C[0xdf][0x16][0xac][0xfc][0xe2]B[0x83]+[0xc6]~[0xed][0xd2][0xf7][0xd3]e[0x92][0x9c][0xcb][0xf][0xd7][0xac][0xe0][0x80][0xa4]\[0xa0]4[0xc4]4[0x6]o[0x18]C[0x1b][0xeb][0xbc][0x1a]to[0xaa][0xeb][M<_[0x8a][0x9f]k`[0xb9].[0xbf][0xbc][0xd2][0x3][0xdd]e[0xfa]]PAX[0xad];[0xdf][0xce][0x1c]T[0xce]j@[0xaf]R"[0x8]J[0xc8]][0xb1]k[0xf9][0xba][0x1b][\n]"
2021-01-04 15:16:25,757 DEBUG [main] wire:73 -  << "[0xf4][0x9b][0xb7][0xc5][0xdc][0xeb]b[0xd3];39[0xf7]k[0x86][0x93][0xd0][0x99][0x9][0x1d][0xc7][0x1][0x12][0x6]|[0x0][0x87]R[0xef][0x96]'w[0xa4]%[0x82]2[0x89][0x1c]^[\n]"
2021-01-04 15:16:25,758 DEBUG [main] wire:73 -  << "[0xac][0x80][\r]"[0xe][0xca][0xb2]d[0xe3][0x96][0x94][0xe4][0xfe]J8[0xf7][0xd5][0xdc]b[0xf][0x1d][0x9e]%D[0x98][0x86]cT(j[0xeb]<[0x12]+[0xcb][0xe6]N[0x82][0xd3][0x99][0x98][0x9f][0x1d]Y[0xf7][[0x9c]p[0xc]Z[0x3][0xbe][0xef][0x1f]Y[0xca]4[0xfd]5I#[0xba][0xbe]Q[0xa3]7[0xe3][0xdb][0xdb][0xfc]jR^[0x1d][0xde][0xde]z[0xbb][0x88][0x1c]>IDOm`5[0xd6]r[0xeb]m[0x7]$6[0xc5]&[0x93][0xe6]%[0xa1]{[0xbe]o,[0xd3][0x8][0xc7]$[0xc5][0x91][0xb1][0xbf][0x9f][0xc3][0xe4][0xfa]47[0xad]%S[0x2][0xec][0x96]5[[0x9a][0x9a][0xe2][0xd0]cX[0xbe][0xd2][0xb9][0xa5]G[0x80][0xf2][0xf2][0x9b]T[0x9]QL*l7[0xc7][0xd4]{<[0x92][0xff][0xc0]/[0xc6][0x85][0xdc][0x19][0x85][0xa6][0xb7]'[0xb7][0x89]7IbZ[0xde]v[0xbb][0xb5]c[0x92][0xe0][0x96][0xaf]gH[0xcc]{[0x9c][[0xc5]L[E[0xc6][0x1f][0xf0]jI[0xd4][0x97][0x1f][0xfa]V[0x7]`[0xf5]Y[0xf8]T[0x8c][0x99][0xaf]>[0xc4]%w[0xba][0xcf][0xb3][0x1d][0xf0]/[0xf5][0xb3]][0xfe]T[0xb9][0xe]Ip[0xcd][0xff][0x94][0xfe]B[0xe6]G4\.p*[0x9c][0x90]a$[0xf0]e[0x82][0xe5][0x9d]i[0xe8][0x8c]bX[0x1e][0xf][0x99][0xc3]Y[0xa8]5IbS[0xeb]1[0xdf]z9[0xa8][0x1][0x8a]Y[0xe1][0x0]Z[0xb5]5[0x1c][\r][0xd0][0xe][0x1e]2[0x87][0xa6]X[0xab][0xa8][0x15]'[0xb4][\r]]~[0xfc][0xd8][0xb1][0xa2]|yZS[0x8a][0xce].cl[0xd9][[0xce][0x8f]a[0x14]m[0xb8]@[0x2][0x87]s[0x94][0xce][0xb0][0xaf][0xc1][0x89]LE[0xad]4[0xa7][0xb0][0xd4][0xb8][0x9a][0xf4]I[0xde]z[0x8f][0x9a]8[0x89]MsOM{x8[0x90]$q[0xf4][0x10][0xe6][0x1b]~[0xe0][0x8][0xcc][0x85][0xa9]F-[0xab][0xdc][0xa7]f|{[0xe6]Z[0xb6]^[0xb9][3,[0xf2][0xad][0xe2]o7[0xd7]h&[0xa3][0x84]i[0xc8]"[0xc5][0xb0]n[0xc6][0xb7][0xd2][0xfb]q[0x1a][0xbd][0x9b][0x93]$2y[0xc8][0xf4][0xec]b[0xa1][0x80][0xa4]D[0x98][0xd6][0xbd][0xe]5[0xe][0x8a][0xa2][0xcb][0x15]N[0xc5]{[0xc2][0x5]N13[0xa1]\[0x3][0xb4][0x1b][0xd6]%[0xa4]![0xd2][0xa5][0xa8][0x17][0x5][0xad][0xc4]_[0xda][0x9b]q}q[0xf9][0xfe][0xcd][0xbf][0x81][0xd2][0x97][0xd1][0xe][0x1][0xf6][0x8b][0xf1]x,[0xbf][0x95]A[0xcb]`T[0xca][0x85][0xa2][0xe8][0x17][0x92][0xe0][0x1f][0xc][\n]"
2021-01-04 15:16:25,758 DEBUG [main] wire:73 -  << "v[0xc6][0x8]eDl[0xf4]>[0xca][0xc8][0xe5][0xa7]x-+[0xc]'[0xfe]q[0xb2]j[0xb][0xd2][0xe5][0xd6][0xe4][0xf5][0x8d][0x8e][0x8c][0xbe][0xe4][0xa5]cx[0xd2][0x85][0xf]H[0xb][0xe2][0x85]s[0x1c]~[0xbd][0x8a][0xdf]j[0xee][0xa6][0x84]5[0xf4][0xc0][0xb1](+%[0x93]c![0xe8][0x94][0xd2][0xc4][0xba][0xaf][0xca][0xa7][0x12][0xd8][0xd2][0xde]2[\r][0xab][0xf2][0xe9][0xf1][0xd2][0x9]-[0x5][0xbd]Rk~[0xa2][0x84][0xaa][0xe9]U[0xfa][0xbf][0x9e]V([0xa2][0xc][0xba]C[0x18][0xc0][0xa1],[\r][0x87]C[0xaf][0xab][0xfe][0xef][0x90][0xeb][0xe9][0x92][0xee]?[0xbf]!([0x8a][0xae]+c[0xaf][0x9b][0xd2][0xd3][0xb6][0xa6][0xeb][0xe1][0x9b][0xdb][0xfc]B*[0x99]=9[0xad][0x11][0xe3]K[0x17]R[0x1a]5[0x80][0xc][0xdc][0xc6][0xd0][0x0][0xbf]\[0xbd][0xbf][0xdc][0x3][0xda][0xad][0xc][0xcb][0xeb][0xae][0xc9][0xfb]sK[0xda][0xb5]=}[0xab][0xdb][0xb9][0x95][0xe5]B[0xe5]*[0xbe]{[0x85][0x9f]?[0xbc][0xbb][0xbe][0xfa][0xf5][0xc3]_[0xbc][0xca][0xbe]qi[0xc5][0xb9][0xd9][0x15][0xa0][0xdc][0x8a][0x1e][0x1e]*[0xf][0xd3][0xf9][0xd6]bX,Y[0xaa][0xd7][0x91][0xc7]1[0xb3][0xc1][0xa1]EI[0x11]o/ZS[0xdf][0xdf]o[0x5][0xcc][0x82][0x87]J~j[0x92]v$[0x90];[0x3][0xf0][0xc1][0xf5][0xd5]?/[0x81]R[0xc8][0x1e][0xb4]<-[0xc]P:T5[0x9c][0x9a]T[0xba]N[0xf7][0xc]r[0x1f]Sf[0xaa]-[0xf4][0xc7][0x1e]y[0xdd]D[0xcf]+T[0x8f][0xc][0x87]z[0x9f][0xa7][0xba][0xfc]i [0xdd][0x10]U[0xf7])[0xc5];s[0xc4]][0xa7][0xbf]1[0x9a]a&6[0xa6]B[0xb2][0x9e][0xb3][0xc]8[0xd4][0xb8][0xcd][0x15][0x14][0xe5]B[0xa5][0xdc][0xaa][0x1a]*T[0xa6]w\[0xcd][0xbe]-[0xb][0x80][0xc2][0xe7]sj[0xba]2j[0x90][0xab]M[0xa9][0x15][0xb6]?([0xe7]v;hr[0xaa]v_[0x92]Z[0xf0][0x99][0xd6][0xdf][0x9c][0xe1]8[0xaf][0xdf][0x9d][0x84][0x86]Hb8[0x12][0xa8][0x2]"[0xc3]3[0xe5]D[0x1f][0xf1][0xec][0xf2][f[0x1a]7[0xe7][0xfb][0xb7][0xf8][0xee][0xf][0xdf][0xbc][0xf9][0xfb][0xff]s[0xfb][0xb3]e[0xd8][0x6][0xc9][0xcf]*\0[0x92][0xce]|[0x86]g[0xe][0xfe][0x86]CS[0xd2][0xb0]r"[0xdc][0xd7][0xa3][0xe7][0xfa][0xeb]fr[0xeb][0x16][0xa7][0x1a]9[0xe8][0xfb]p[0x2][0xad][0x90][0xa6][0x9c]&[0xd8][0x89][0xf0]t[0xa9][0x5][0xac][0xb]][0xcf][0xc7][0xf7][0xea]T?[0x1c][0xca][0xf9][0xea][0xf2][0xec]p<.[0xac]^U=[0x9][0x16][0x6][0x7]3[\n]"
2021-01-04 15:16:25,759 DEBUG [main] wire:73 -  << "[0xcb]D[0xae][0xdc][0xd2][0xcc][0x3]n[0xb][0x9a][0x14][0xd0].[0xbf][0x1c][0x81]pQ[0xb3]K@R[0xa0]A$Vcm##[0x95][0x81][0x85]4[0x15]$[0xcd][0xfb][0x6]*([0xc9][0x9]5[0xb]m[0xee][0xb6][0xf6][0xe8][0x96]><[0xe4][0x88][0xf5]J[0xb9][0xc4][0xd5]CM#[0xab]h7[0xe1]M+2\[0xa0]jZ[0xc3]j[0x9a]uG[0xa2][0x9e][0x89]E[0xad][0x8]P[0xa2]J[0xce].[0x8d][0xae][0xb0]=dH[0x85]T[0xa3][0xa4][0xb3]`;~m[0xb7][0x3]][0x4][0xe6][0x96]~[0x9f][0x97]^n[0xfe]m[0xa3](*[0xb3][0x9d][0xdb]Nv^j[0xb8][0xf9]w[0x85][0x9d][0x3][0x1b][0x99]Ew[0x8a]\[0xf5]iW[0xb6][0xe7]V[0x97]v[0xbd][0xe0]q[0xeb]7[ok[0xd5][0x1a]^[0xb2]V[0xad][0xea]ul[0xb];[0xb5][0xee]q[0xa7][0x82]=[0xef][0x82]La[0xa7][0xf6][0xde][0xc4]r[0xb1][0x83][0x84]@[0xe1]\[0x8d][0x9e]7[0xee]LHS8[0x94]4]|[0xa3][0xaf]o[0xfd][0xd4][0xb4][0xb6]v[0xc9][0x9f][0xe1][0x5]][0xe1][0x1e][0x11][0xf4]@[[0x8a][0x1e]hM[0x90][0x8][0xd7][0x5][0xa9][0xdd][0xd5][0x4][0xc9][0x8f][0xe1][0xa5]<[0x8d][0x86]_K[0x1d]:[\n]"
2021-01-04 15:16:25,759 DEBUG [main] wire:87 -  << "[0x89]]g:[0xa8]'A[0xcb][0x13][0xea]D[0x87]m[0x91][0x1f][0xde][0xf6][0xc6][0xb6]p[0xc4]&[0xc3]>[0x14][0xf8][0x9b]8[0xf8][0x82]V(G[0xb6][0x1f]?r@y[0xe4][0x80][0x9d]#[0x87][0xb0][0xb6][0xb5]N[0xa2]S[0xd4][0xf5][0xc6]A[0x84][0x5][0xa3]D[0x84]s[0x12][0xa2][0x19]=[0x98]R[0xc2][0xb1][0xf3][0x85][0x1b]6[0xd8]9v>[0xb][0xa7][0xfe][0xe4][0xd5]dt[0xb2]//[0xc][Ga[0x1b][0xdc][0xdc][0xda]*@[0x97][0x80][0xda]Mn2[0x11][0xad][0x9a][0xa2]O[0x88][0xb2][0xc0][0x8b]L[0x9e][0xad][0xfb][0x85][0xa9]F[0x9b][0xe2][0x1c]~[0x97]8O[0x89]@[0xd2][0x14][0xa3][0x8c]&[0xbb][0xc5]h`[0xfc][0x19][0xcd][0xac]p[0xd6]i[0xf0]f[0xe4][0x1b]NT[0x9f]6[0xfb][0xf6][0xf9][0xe3]{[0x1f][0xb6][0xd9][0xcf][0x18][0xca]p[0xcc][0x96]D83[0x12][0xc3][0xea]@[0xf9]&[0x8a]~[0x93][0x93][0xcd][0xd5][0xd5][0x85][0xad][0xc8]\ [0x81]T[0xec],[0xf6][0xc1]![0xfc]B[0xb7][0xab]$[0x92][0xb5][0xbf]_[0x1b][0xf8][0x17]JHdV[0xf3][0xac]{-[0x8a][0x93]-[0xf9][0xdc][0xbc][0x97][0x96][0xe9][0x1a]+[0x12]aj[0xd8][0xea]+ [0x8b][0x8c]a[0xce][0x9]M[0x3][0x12][0xb9][0x92]kD[0x17][0x88][0xa8][0xbb][0x92][0xf0][0xc][0x8b][0x8b][0xab][0xb][0xd3][0xb2]E[0x80]3[0x1a][0xce][0x1b]#[0x97][0x12]b[0x8e]-;B[0x2]U#[0xf2][0xee][0x9a]~[0x12][0xac]&[0xce]V[0x6][0xcc]*[0x9d][0xc9][0xe2][0xcd]Tk[0xcb][0x1b]r[0xa5][0x8b][0xac][0x8]'S[0x92][0x10][0xa1][0xbb][0x6][0xed]&[0xdd].<[0x99][0xb4]3[0x86][0x19]N#[0xcc]"
2021-01-04 15:16:25,760 DEBUG [main] wire:73 -  << "[\r][\n]"
2021-01-04 15:16:25,760 DEBUG [main] wire:73 -  << "800[\r][\n]"
2021-01-04 15:16:25,760 DEBUG [main] wire:73 -  << "`Q[0xd6][0xe8][\n]"
2021-01-04 15:16:25,761 DEBUG [main] wire:73 -  << "[0xaf]G}Z7[0xd6][0xfe]~[0xae][0xa4][0xbc][0x8d]9[0xb6][0xee][0xd7]siW[0x1d][0xb0][0xdc][0xdb]/[0xfe][0xb][0x99]%[0xbf][0x9c]5F[0xad][0xfb]/~[0x3][0xe0]m[0x7][0xca][0x12][0x96]|[0xfe][0x9b][0xb6][0x86]|[0x98]g[0x9][0x9][0xb1]9[0xb6][0xbf]X[0x9e])[0xcb][0x98][0xab][0x5][0x9a]a[0xd3][0xb2]T([0xa9]+[0xf6][0xf3][0xc7][0xf7][0xa6][0xb2][0x1f]k[0x8][0xcf])#3[0x1f][0xe][0xcd][0xde]'[0xe]:[0x93][0x9d]O[0xdc][0xb1]5[0x84][0xfb]+[0x1f][0xe][0xa7][0x82]"[0xf3][0xff]|[0xfa][0xf5][0x83][0xa3][0xab][0x1b][0x12]o[0xcc]J[0x16]K[0xed]Ci[0xa5]^Q[0x96][0xdd][0xbf][0x89]"[0xb7]0A[n[0x8f]+?[0xf2][0xdc][0xf1][0xfa]@[0x87][0xb2][0xb3][0xbf][0xee]1[0x8d]ZM[0x86][0x93]gxPFY&[0x3][0x19]J[0xc5][0x1]b[0x8b]M[0xd7]q[0xde][0xa4][0x91][0x94]V[0xfb][0xf][0x8a]>%T[0xd4]][0xa8]t[0xad][0xf6][0x90]=.[0xfe][0xb3]<m[0x92][0xf5][0x9a][0xab]",U[0xfd]'[0x88][0xe7][0x7][0xb9].[0x87][0xbf]a[0xf1]n[0xc9][0x18]N[0x85][0xde][0x1d][0xb3][0xac][0xc7][0xb5][0x16]Z[0xd2][0xec][0xe0][0xc3][0xf0][\n]"
2021-01-04 15:16:25,761 DEBUG [main] wire:73 -  << "[0xa7]Klc.[0x82][0xe2]zJ[0xa2] N(eAL[0x92][0x4]G5@[0xc6][0xf0][0xca][0xe6][0x2][0x89][0x80][0xd3]%[0xb]q@"[[[0x93]r[0xc8][0xbd][0x1e]w[0xd1],[0xad][0x87][0x87][0xda][0xd8][0x9b]t[0xd3][0x1c][0x96][0x86]+[0xbf][0xf3][0xc]w[0x15][0xd9]9[0xbc][0x4]X[0xe5][0xf1][0xa1]tO[0xb9][0xe3]([\n]"
2021-01-04 15:16:25,761 DEBUG [main] wire:73 -  << "2[0xca][0x89][0xd0][0x91][0xc8][0xcf][0x10][0xe3][0xf8]*[0x15]f[0xdd]#[0xae][0x11][0x9b]aA[0xd2]Y[0xb1]|[0x3]e[0x86][0xa5][0xb]z[0xb2][0xc8][0xae][0xa2][0x86][0xff]H[0x8c][0xab][0xab][0x8b]Bn[0x1b]E[0x9f]S"[0x1a](o[0x14][0xa8][0xa0][0x96][0xaf][0xdf][0xd3][0xcf][0xe8][0x14][0xbd][0xe7][0x89][0x1]%6[0x89]`.JBR,k[0xf4][0xab][0xc8][0x1f]kb[0xb2]| +\[0x2][0xf0][0x1d]Y[0xc8]][0xf3]e[0xfc][0xcc][0xaf][0xb]9[0xbd]*[0x1e][0x96]h[0xbe]A[0xa7]_p([0xc][0xb5]9[0x5][0xd8])[0xe8][0x6]$[0xda][0xf3][0xfd]2BZ[0xf7]5[0x86]}[0xc8]:"[0x96]#R[0xde]@V[0x95][0x1d]:[0xb5][0x95][0xf4]b[0xcb]0[0xd2][0x1f][[0xd5]v[0xe4]*[0xff][0xfe][0x1c][0x5][0xab][0xb4][0x4][0xed]f[0x8a][0xd2][0x84][0x1f]KR[0xcb][0x94][0x8]Ws~<a[0xe5]n[0xe2][0xf6][0xb8][0x8e][w[0xa3][0x9a]i[0xba]M3[0x95]C[0x9c][0xdc]a[0x17][0xc2][0x8e][0xb3][0xb9]Ox[0x9f][0xfb][0xa8]3[0xba]-[0xdf]TGJ[0xb6][0x9]B[0x1a][0xe1][0xc6]j[0xde][0xbd]3-[[0x86][0xd6][0x15][0xc1][0xeb][0xb6]B~[0xcb][0xe1]W[0x91]i[0xd9][0xd2]H%[0x82]6m[0xbb][0xbe][0x8f]n[0xb5][0xd1]v[0xcd]N[0xdc][0xca][0x8e][0x9e][0x91][0xdd]m[0xc2][0x3][0x99][0xa6]\[0xed]Gy[0x9c]h[0xe5]*[0xbb]U[0x3][0x14][0x1][0xed][0xed][0xe6]J[0x19][0xcd]/[0xcb]$[0xb9][0x8a]jq[0xad][0x8]J[0xd2]mV([0xe1]~[0x89]T<[0x98]<0[0x94][0xcf][0xf4][0x1b][0xa1]F[0xb5][0xf6][0xf7][0xe5][0xdc][0xda][0xf3][0xc8]'LRG$[0x15]/[0xe4][0xc4][0x9b][0xf1][0xad][0xad][0x3][0x8c][0xba];[0xbc][0xf5][0xfe][6[0xfb][0xac][0x9d][0xfe][0x8b][0xf6][0xea]?\[0xae][0x15][0x1d][0xc2][0xef][0xac][0xd5][0xd4]V%I^e[0xdd][0xe4][0xe3]1I[0x4]fUY[0xa1][0xc0][0xcd][0xc4][0xea][0xe4]:[0xd8]Z[0xf6]s&[0xed][0xb5]&[0xdd]z%W'[0xa6][0xec][0x12][0x85][0xf3][0xd6]L[0xfe]h![0x99][0xd7]nzL[0x9e][0xfb]r[0xca][0xf][0xf][0xba]9[0xf6]W[0x17][0x9b]eY%[0xeb][0xa9]'[0xeb][0xcc][0xde][0xca][0x92][0xb][0xfe][0x9c][0xda][0xb2][0xb2][0x90][0xbc][0x87]G[0xf8][0x9b]E[0xd6][0xb6][\n]"
2021-01-04 15:16:25,762 DEBUG [main] wire:73 -  << "[0x5][0xdc][0xdf]ob[0x6][0xf8][0xe][0xfd][0xd1][0xc6]T[0xc0]v;[0xb][0x96][0xee][0x4][0x8b][0x14][0xf2][0xf9][0xe3][0xfb][0xa1][0xf][0xf7][0xa5][0x95][0x89]`[0xb9]$[0x91][0xf][0x87]j[0xee][0x8d]Q[0xc1][0xc]Y[0xee]v[0xb][0xef][0x82][0x80][0xb7][0xdd]Z[0xcd][0xd2][0xb8][0xb4][0xff][0x9e]\]s[0x86]@&[0xc8] [0xf2]}X[0x8a][0xe][0x9b][0x8d][0xd5][0xa2][0xce][0x91]N[0xae][0xde][0x92][0xe9]V"[0xbf]!1/h[0xd7][0xc2][0x9b][0x93][0xd1][0xcc][0xac][0xeb][0xb5]dV[0x16][0x6]JK[0x12][0xd6][0xd6]S[0xc5][0xcf]*[0xc5][0xc9]Qo[0xaa]1[0xb5][0xd0][0xbc][0x95]([0x7][0xff][0x81]7[0x80][0x94][0x88]e[0xd5][0xf1][0xf][0xbc][0xe9][0x88][0xe5][0xfb]~[0x8d]G[0x9b]E>[0xeb][0xd6][0xeb][0xf6]~[0xfb][0xce][0x1c]U[0xb5][0xed][0xb6]*z[0xbb]Y[0x88][0xbb]=u[0xb9]D[0x91]y[0xc4][0xad]'[0x95][0xea][0x18]c[0xff][\r][0xe7][0x15][0xb6][0xdb].[0xb9][0xed]z{[0xec][0x89][0xe6][0x2]C[0x9]&[0xb3][0xf9][0x8e][0xc6]B5[0xfa][0xbf][0xd8][0xdf][0x10]h[0x91][0xa1][0x1d][0x2][0x14]c?[0xd8][0xd3]([0xf]y[0xfd]/[0xe3]A[0x85][0x6]A[0x8f][0xab]y[0xf8][0xcb]q[0xf5][0xbb]x[0xd2][\r][0x81][0xf][0xee]![0x8a][0x82][0x10][0x85]s[0x1c]$x[0x85][0x13][0xe8][0x8e]m[0x5][0x92][0xe5]M[0x80][0xa2]/K.d[0xaa]([0xe0][0x9][0xba][0xdb]$[0x14]E[0xc1][\n]"
2021-01-04 15:16:25,762 DEBUG [main] wire:87 -  << "3[0x95]Y[0xb]x[0xfe]T  [0x11][0x87][0xb2][0xfa][0x92]@[0xc1]P[0xca]c[0xca][0x16][\r][0xda][0xdf][0x82][0x82][0xbe][0x2]LI[0x14]a[0x16],[0xb0][0x98][0xd3][0xa8][0xe])9[0x1c][0xd9]0$b[0x3]][0xf8][0xf][0x9a]|E[0x2]AY[0xe0][0xab][0xf2][0xb][0xba][0xf0][0xea][0x3][0xb4]a[0x84]6<[0xe0]$[\r]q[0x90] .[0x2][0x15]^[0xa0];[0x9a][0xd8]0"<K[0xd0][0xa6][0xc9][0xb4][0x8a]U[0xee][0xe4][0xe8][0xe8][0xe4][0xf4][0xd8][0x86][0x11][0xf]P$k[0xc7][0x80]fB[0x8d][0xc8][0xd9]8[0x9d][0xa1][0x19][0x8e][0x2]A[0x16][0xb8][0xa0]:[0xb6]![0xbe]k[0xe8]lRA[0xf8]W[0x92][0xa9][0xa2]P[0xe1][0xa9][0xc5][0xc7]([0x14][0x94]if6[0x8c][0x19]Z[0xe0]5e_[0xb][0xc0][0x1c][0xf1]`[0x8a][0xa2][0x80][0xc8][0xf0][0xa7]f[0x15][0x90]5eR[0x9b]c[0x1b][0x12]4[\r]B$[0xf0][0x8c][0xaa]5C[0x1b][0x12][0x1e][0xc4][0x8c].[0x2][0x86]C[0xba]X[0xc8][0x8c][0x1d][0x5][0xea]@[0xf]]mF[0x12]C{[0xb4][0x96][0x9b][0xb2][0xfa][0x8]'B[0x9f][0xfd][0x15]y[0xa5]39;P/H([0x6]%,[0xaf]nr[0xa8][0xe8]X[0xcb][0x2][0xc9][0x1d][0xd5]r.[0xa4][0xed]W[0xcb][0xa7][0x99] [0xb]r[0xa7]-[0xa3]n1[0x8a]W[0xad]t[0xcf]mF[0x81][0x15][0xbf]j[0xab]*[0x98][0x92][0x1][0x9f][0xa0][0xc9][0x8b][0x93][0xe3][0x97][0xa3][0x93][0x8][0x9d][0x8e][0x8e]C[0x14][0x8e][0x8e][0xd1][0xab][0x93][0x11]~u:[0xe][0xe3]h:=[0x8c]N%[0xa5][0xe2]L[0xc0]q[0x82][0xc3][0xdc]25=[0xca][0x5]Jr[0x19][0xe1][0xe9]x<>[0x1e][0xcb][0x9][0xab]@[0x9e].D[0x8d]3[0xc3]<[0xa3])[0xc7]z[0xf3]e"[0x86][0xee][0xcb][0xe3][0xb1][\r]9f+[0xcc][0x94]8/[0xe][0x9d][0x93][0x13]g[0xf2][0xd2]9[0x9c][0x9c][0xba][0x93][0xf1][0xab][0x97][0x13]hC[0xf5]N[0xc]t[0xe1][0xef]o[0xe5][0xcd]r[0x1a][0xec]"
2021-01-04 15:16:25,763 DEBUG [main] wire:87 -  << "Xn^XBwr2~u[0xfa][0xe2][0xe8][0xc5][0xcb][0x17]6,j[0xbe]B^[0xcd]<U;V[0xb3][0xc0]%K[0xa0][0xb][0xe7]Bd[0xee][0xc1]A[0xb4]\,6[0xe][0xc3]\[0xa0][0x8c][0xe0]oh[0x91]%[0xd8][0x9][0xe9][0xe2][0x0]e[0xe4]`59[0x90]$[0xe9][0x6][0xe3][0x83]Ch[0xc3]%[0xc7][0xac] .-[0xac][0xb6][0xe2]5e\[0x94][0xa6]W[0xee][0xf1][0xd6][0xcb]C[0x86][0xcc] [0xc0][0x7][0xea][0xb1]\[0x11]E[0x84][0x8a]"=[0xe][0xf5][0x1c][0xdb]/[0xed]+[0xd2][0x1a];[0x1c][0x1f]NF[0xe3][0xc9]h|[0xc]k[0x83][0xdf][0xb3][0xf1]m[0xf5][0xfd][0xb8][0x9e][0xaa][0x12][0x5][0xba][0xf0][0x15]:<=9[0x1c][0x9f][0x8c]N[0xd0][0xc9][0xd1][0xe8][0xf8]0<[0x1c][0x9d][0x9e][0x86]h[0xf4]*[0x9c]L[0x8e][0x8f][0xe][0xf][0xc7]q[0x8c][0xe0][0xf6]{Zr[0xdd][0xee][[0xab][0xae]?[0xb2][0x9f][0xf5][0xa5][0xa5])Jg[0x98][0x15]y[0xa8][0xde][0xa0]+G[0xce][0xcb]$4][0xf9][0xaf][0x8e][0xf7]W[0xfe][0xd1][0xc9][0xbe]<[0xab]|[0x92][0xa2][0xf8]4[0x8e][0x8d]"[0x1]u[0xf2]R-==;/[0xf5]&[0xa0]zs[0x91][0xc4]&,n[0xa1],o[0x1b][0xe5][0xe7][0xbb]%[0x17]t[0xa1][0x1e][0x1d][0xe5][0xc7][0x91][0xbd][0x89][0xd7][0x1d][0xab][0x1e][0x15][0x85]6[0xb2][0xee][0x91][0x8f][0x1e][0x1e][0xee][0xa7][0xcb][0xe9]4[0xc1][0xdc][0xdd][0x9b][0xd8]!JC[0x9c][0xa0]i[0x82][0xe5]][0x84][0x5]"[0x89]z[0xb8][0xac]-{[0xda]y[0xb0][0xa4][0x9f]U[0xd5]8@[0xcb][0x9b]:$%[0xa2][0x6][0x93][0xcc][0x9c][0x9c][0x8b][0x8d][0x9c][0x8a][0x89][0x8d][0x1c][0xcd][0xa3]|[0xdc]>[0xdd]>[0xa3]c[0xfb][0xa8][0xce][0x9e]U[0x86],[0x13][0xbe][0xb3][0xc][0xc9][0xc7][0x9a]e[0xc8][0x8b][0xef]/C@[0xfe][0xaf][0xbc][0xd0][0xbf][0x1d]P[0xaf]KA[0xe9][0xae][0x19]e[0x2][0x82][0x90][0xa6]B[0xee][0xc]\[0x93]H[0xcc][0xfd][0x8][0xaf]H[0x88]G[0xea][0xc6].[0x1e][0xe8][0x8e]x[0x88][0x12][0xec]O[0xe0][0xd9][0xa0][0xa2]&[0x88]H[0xf0][0xd9]5[0xa5][0xe0][0x9f]([0xdd][0x80][0x8f][0xf8][0x8f]%[0xe6][0x82][0xbf]>[0xd0][0x3]5[0xcc][0xbd][0xd1][0x8][0xfc]BS[0xc1][0xc1]hT[0xc9][0xf5]:![0xe9]W[0xc0]p[0xe2][0xc3]([0xe5][0xa3][0x8c][0xe1][0x18][0x8b]p[0xe][0xf5]K[0xc][0xf0][0xe0] [0x96]S[0x9c][0x99][0xc][0xd2]$[0x94][0xde][0xf][0xdb][0x93]5[0xa6][0x8c][0x19][0xdc]-[0xf1])[0x9d]%[0x18]e[0x84][0xab][0x80][0x11]r~[0x1e][0xa3][0x5]I6[0xfe][0x87]eJ[0x4][0x85][0x9a]%[0x17][0x9b][0x4][0xf3]9[0xc6][0x2][0xb6]E[0xfd][0xa4][0x86][0x9a][0xb2]*[0xf4][0xea]^[0xfe][0x9b][0x8b]Eb[0x83])[0x8d]6[0xe0][0xbe]1 [0xff]MQ[0xf8]u[0xc6][0xe8]2[0x8d]F!M(s[0xc1][0xff][0xc4]q[0xec]u[0xf0][0x8a][0xc1][0x93][0xa3][0x93][0xe9]I[0xcf][0xb8]\[0xd3]H[0xcb][0xef][0x2]C[0xaf][0xc0][0xb0][0x1]G)[0x1f]q[0xcc][0xc8][0xae])kYK[0xb][0x17]L[0xc6][0xe3].[0xc6][0xbc][0x1a]\[0xcd][0xbb][0xc3][0xb][0xc4]f$uAk[0xe6]v[0xd0][0xb8]u[0xe2]e[0x92][0x8c]4[0xa9][0x1e][0x5]"
2021-01-04 15:16:25,764 DEBUG [main] wire:73 -  << "[\r][\n]"
2021-01-04 15:16:25,765 DEBUG [main] wire:73 -  << "689[\r][\n]"
2021-01-04 15:16:25,766 DEBUG [main] wire:73 -  << "<[0xc2][0xa3]C([0xc1][0xdf]F!N[0x5]f=[0x84]PBf[0xe9]H?[0xc0][0x7][0x1a][0xab]+r^;[0xba]@[0xd2][0xea][0xe][0xcb][0xe2][0x98][0xc4][0x9b]Qn[0xeb][0xfd]t[0xda]b[0x15]5[0xc0][0x88][0xe1][0xb8]G[0xae][0xb2][0xb1])[0xed]I[0xf5][0xfa][0x1e]''[0xeb][0x98]>C[0xa1],[0xc2]l[0xc4][0xb4][0xb6][0xe][0xb3]o[0x80][0xd3][0x84]D;[0xb6]U[0xb5]L[0xc1][0xe1]I[0xd6][0xb3][0xc8][0xc]E[0x11]Ig.[0x18][0x83][0xc9][0x8b][0xec][[0xfe][0xd5][0xc5][0x93][0x19]j[0xa4][0xb4][0xfa]<=,0[0xe7]h[0xd6]'{M[0xa4][0xc9][0xcb][0x1f]cU\[0xbd]>[0xa8]y[0xd8][0xf7]g[0xaa]][0xc9]7[0xcf]@:&[0x4](E[0xc9]F[0x90][0x90][0x7]K[0x14][0x86][0xb2][0x1e][0x82][0x9f][0xdf][0x8c]&G[0x93][0xc9][0xe1][0xab][0xd3][0xd3][0xd3][0xd1][0xe4][0x18][0xfe][0x99]t[0xb9]K[0x8][0xd5][0xbd][0x8]f[0xea][0x18][0xa7][0xbe][0x1e][0x1e][0xc0][0xcd][0xad]7[0x90][0xd7][0xba][0xf]ZK[0xb3][0x83][0x9f][0x82][0x19][0x12]N[0xa0][0xf3][0xdb]5C[0xe1]W[0xcc]L[0xa3]%[0xa7]L[0x1c][0xd8][0xb0][0xbc][0xc1][0xd6][0xfa]n:G/[0x8f][0x8e]^[0x8d][0xc7]/F[0xf2]hk[0xc4]]*7[0x6]v[0x2][0x8e][0xc5][0x85]*[0x15]?[0xa0][0x5][0x96][0x88][0xdd]b[0xcc][0xb8]mM[0x8b]l[0x9a][0xe6][0xa6][0xf3][0xf5][0xbf][0x10]3[0xec][0x89]m[0x14][0xd5][0xa1]a[0x1b][0xd9]r[0xaa]k[0xea][0x94][0xa2][0x88][0x1b][0xf6][0xd1][0x93][0xf3][0xf]mC[0x18][0xb6]19>}[0xe][0xf6][0x91]m0[0x12][0x19][0xb6]16[0xec][0xc3]'[0xb1][0x8f]mc[0xca][0x90]a[0x1b][0xb][0x1a]Mv[0x92][0x93]$t[0xfd]&[\r][0xe7][0x94][0x19][0xea][0xf1]e?[0xda]'"t=[0xf7]Ii[0xe7][0xa3]Z0[0x98][0x8c][0xfb][0x15][0xfb][0xe3][0x1a][0xea][0xcc]?[0xb4][\r]}[0x10]0[0xec][0xbe][0x1d][0xda]E[0xa1]_[0xde][0xc3][0x8e][0xbc][0xd8][0x9][0x84][0xb4][0xb8][0xa2][0xb7][0xde]g)][0x84][0xc1][0xa0]f[0xc0]2[0xdc]H[0xbf][0x99]![0xe0][0x83]'"[0x2]fH[0xbd]=[0x4]|`[0xb4][0xfc][0xcf]P[0x83][0xca]Q[0x81][0xaf]_[0xa7][0x1c]H[0x8]g[0xf2][0xde]4t[0xf5]`[0x0][0xbf][0xc6][0xa6]|u2cT[0xd0][0x90]&[0xe0][0x1c][0x18]E[0x99][0xc1]yb[0x0]W[0xdf][0xbb][0x7][0x7][0xeb][0xf5][0xda][0xb0][0xc0][0x10][0x18]y[0x94][0x19][0x95]QF[0xd5][0x1f]3U[0xe7]yz1[0xbc][0xbe][0x96][0xfe][0x1f]P[0x14]K[0xba][0x19][0xdf]z@[0xfd]f[\n]"
2021-01-04 15:16:25,766 DEBUG [main] wire:73 -  << "[0xa7][0xe2][0x3][0x8d][0xb0]CR[0x8e][0x99]x[0x8b]c[0xca][0xb0]9C6[0xe0][0xca]sM[0xcb][0x1b]t[0x83][0xd6][0x8e]P[0xa4][0xbb][0x94]tI[0xd4][0xab][0xa6][0x93]Z[0xb8]{=E[0x1c][0xd7][\n]"
2021-01-04 15:16:25,767 DEBUG [main] wire:73 -  << "[0xaa][0xef];[0x84][0x9d]5[0xf8]v[0xb6]@[0x87]@|G[0xaf]s[0xa3][0x95][0xfb][0xd4][0xb2]ZoP|[0xab]E[0xf4]A[0xad][0x9d]m[\r]t[0x6]j[0xac][0xc1]Hi[0x8a][\r]o[0xb0]-8[0xfc]B[0xd9]B[0x9f]e[0xe5][0xe8][0xc4][0xf0][0x8a][0x81][0x0][0xe7][0xca][0xe][0x4][\r][0xd4]K[0xd9][0xc0][0xd7][0xef](74[0xa8]+[0xc0][0xeb]7[0x1f][0xaf][0xc1][0xe5][0xff][0xfd][0xfb][0xe5][0x9b][0xb]U[0x7]>[0xdd][0xd2][0xdb][0xb1]fN[0xc3][0x0]eY[0xa0][0x85][0x1d][0xe7][0xe2]D[0xea]V[0x9f][0xbf][0xb][0x1][0xb5]?J[0xac][0x1e][0x87],WA[0xc2]O[0x18][0xb1]p.O/[0x92]Dc[0xef][0xf7]F[0xa3][0xfb]/,1[0xdb]l[0x95][0xd0]r)[0x97][0x1f].[0x9e]\[0xc8][0x8f][0x1f]w;[0xab][0x6]*[0x8d][0xfb]FQ[0x90][0xa9][0xed]9[0x1b][0xf4][0x1d][0x8a]$,[0xe][0xf0][0x1d][0xe5]K2[0xc3])fD[0x9f][0x87][0xe]f[0x8e]Z[0xa8][0x93]bq[0xd0][0x18][0xd6]'[0xa6][0xc7][0xf][0xbd][0xf9]1hP[0xfc][0x8e][0xb9][0xc9][0xe0]r%[0xb3]~=[0xca][0x80][0xd2][0xea][0xcc][0x6][0xa6][0x5][0xf6][0x9a][0xd6]w[0xaf][0xd6]0%[0xc2][0xa9][0x1a][0xe8]f[0xfe][0x90][0xa4][0xde][0xfa]2nmp[0xa3][0x1e][0x93][0xc8][0x9][0x17]T[0xa8][0xc7][0x1e][0xc6]2%+[0xcc]8J[0x82][0xbc][0xad]c[0xd8][0xa0][0xc9][0xd0][0xba][0xb5]<[0xb0][0xdd]zme-[0xd3]P+[0xab][0xb3][0x14][0xa9][0xae]][0x3][0xea]g[0x97][0xe5][0x91][0xb1]_[0xd9]O[0xbe][0xfe][0xf7][0xd8]+[0x8a][0xb7][0xbd][0x9a][0xef][0x9e]C[0xff];[0x16][0xf7]L[0x83][0xb][0x9f][0xb0][0xb8]P[0x1e][0xc4]S:[0xc3][0xa9]z[0x10][0x90][0x9b]^[0xe7][0xad][0xc4][0xe2]EQ[0xf8][0xb8]Q>Q[[0xfe][0x88]R[0xce]j?4Q[0xb9]Q[0xae]/[0xc9][0x12]3[]][0xd8][0x80][0xad],PEM[0xd5][0x12][0xc4]kp[0x81][0x4][0x96]AO[0xc2]#'[0xff]e[0x9d][0x19][0xa9]7t[0xe4][0x95]Lg[0xe6][0xd1][0xc9][0x8b][0x9f][0xf][0x8f]>[0x19][0xcb][0xff]'[0xe3][0xf1][0xd8][0xca]g[0xa8]H[0xf4]-#[0xc][0xcb]t[0x6][0xf3]K[0x1f][0xe]#G[0xd0][0xcf][0xd7][0xef]>[0xa9]g[0x9b][0x5][0xfd][0xfc][0xaf][0x0]H.o7[0xef][0x90]0![0xbe][~[0xb][0x92],[0x9]t[0xfc][0xf3]![0x18][0xd6][0xa4]j[0x8][0x1][0x1f][0xe4][0xa0]\Jy[0xc3]V[0xf2][0xd2][0x3][0xf2]:gm[0x83]#[0x99][0x9]k?,R/T[0xef][0xd2][0x4][0x89][0x81]Y&[0xe1][0xea][0x7][0x96][0xc0][0xf7]}[0x0][0x8b][0x17][0xe1][0xa1]U;[0xef][0xec][0xd0][0xac]^[0xe0]6'j[0x16][0xbf]e[0xac][0xde][0xe6][0xae][0xd3][0xe8][0x8e][0x9a]P[0xff][0xfa][0x13][0xda]M[0x6]6hs[0x0][0xea]][0xfc][0x8a]V[0xc5]LS[0xb0]Zg3[0xf5][0xe6][0xd4][0x92]1=[\n]"
2021-01-04 15:16:25,767 DEBUG [main] wire:73 -  << "|[0xd0][0xc0][0xf6]:[0xb8])^[0x97][0xa8][0xd5][0xbb][0xdc]+[0xd1][0xa6][0xab]tQ[0xd2]U[0x18]=[0x1d][0x8d][0xc7][0x94]U[0x1e][0xfc][0x9a][0xb7][\r][0xf9][0xb4][0x91][0xb6]e[0xed]([0xa1]o^[0x83][0xb7]3%i[0xa4]~[0xde][0xd6]h[0xb5]o[0xdb][0xc1]v[0xd0][0x17]pa[0xc3][0x86][0xa0][\r]:[0x80][0x9b]g6[0xba]A^&[0xdc][0xd6][0xa2][0xf1][0xce][0x97][0xd0][0x9f]HjUP=P[\r]D[0xff]a[0x90])[0x8d]6[0xb5]VUDV L[0x10][0xe7]>[0xac]wV[0x1a][0xed][0x8c]Z[0xef][0x6]6[0xbb]Z[0xf5][0xe9][0xea][0xd1][0xcb]Yg[0x87][0x8f][0xf]_5f[0x1c]Ddu6[0xd8]I%[0xef][0x1f][0xc0]<P[0xc3][0xb2]O1[0x19]g[0xdf][0xbc][0x1e][0xfa][0x9d][0x96]b[0xf][0xb7][0x9e][0xdb][0xc7]K[0xdf][0xbe]4[0xe1][0x19][0xe5][0x9f];[0x9]"[0xb2][0x90][0xe1][0xac]y[0x2][0xf9][0xe9]'[0xfd]#[0xf1][0x8e][0xd2][0xaf][0x4][0xd7][0xdd]C[0xf5]Q[0xed][0xa2]{j[0xeb]X[0xb4][0x1]z[0xd6]Oy7[0xb9]:[0xb7][0x14][0xf3][0xf5]/e|c[0x98]O[0x1c][0x9a][0xa6][0x9e]i[0x9d][0x1b]^[0x11]J[0x8d][0xa1]Y[0x6][0xc4]"1w[0xd4][0xcb]nf_[0x90][0x1c][0xea][0xd9]y[0x80]n[0x6]`[0xcb]5[0xc]khx[0xea][0xcf][0x10][0x1c][0x18][0xde][0xe0][0xa7][0x9f][0xb6]^[0xbe][0xa6]8[0xd6]%hqO[0xe7]U[0x98][0x90][0xd9][0x8][0xa7][0x8e]6[0x8f][0x12]a[0xdd]AP=[0xe2]b\[0xce][0xd7]D}[0x1f]L[0xc0][0xb9][0xa4][0xe8][0x2][0x93][0xce][0xc1][0x19][0xa0]k[0xab][0x0][0xd0]u1a[0xdd][0x99][0xb0]nO[0x90][0x0]ZrX[0xd6]D[0x94]u[\n]"
2021-01-04 15:16:25,768 DEBUG [main] wire:87 -  << "[0xfb][0xbb][0xee]=><Tz..[0xf2][0x83][0x95][0x13]&[0x4][0xa7][0xa2][0x7][0xb1][0xff][0xf0]%=I[0xff]z[0xbd]>[0xb1][0x14]`[0xdd][0x12][0xe0]w[0xa9][0x80]g[0xf0][0xef][0xe2]=[0x8f][0xfd][0xef][0x85][0x82]K[0xb]4[\r]|'O[0xf8][0x0][0xa7][0xd2]9?[0xbc]zG[0x17][0x19]M[0xd5]iXj[0xd3]7[0x86][0xf2]kh[0xd8]k[0xdf][0x18][0xae][0x87][0x86]=[0xf7][0x8d][0xe1][0xdc][0xb2][0x81]y4yqt[0x82][0x8f]~>[0x95][0x89][0xbc]E[0x93][0xce][0xd7];[0x88]J2[0xcb][0x82][0xce][0xb2][0x87]P[0xff][0xf3][0x92][0xe7][0xd7]j[0x9e][0x1]TE[0xd3]H[0xc0][0xd1][0x82][0xa6]B[0x9e][0xc4][0xe7]Y[0xdf][0xd3][0x92]r|[0x8d][0xa7][0xd9]9[0xf2][0xd1]~[0xf9][0xd4][0x84][0xcf][0xc3][0xa9]t\[0x95]mO[0x95][0xbb]O[0x4][0xdf]>[0xf1][0xbe][0xe0]$[0xd9][0xc4][0x84][0xcf]K[0xf9][0xea][0xf][0xf3][0xaa][0xd1][0xc7][0xa4][0xdb][0xf5]XgW[0xec][0x1f][0xc][0x9e]Pro[0x9d]XK[0x1d]:_[0xbc]>[0xd0]l[0xea][0xff][0x7][0x0][0x0][0xff][0xff]E[0xd9]<[0xe5]}J[0x0][0x0]"
2021-01-04 15:16:25,768 DEBUG [main] wire:73 -  << "[\r][\n]"
2021-01-04 15:16:25,768 DEBUG [main] wire:73 -  << "0[\r][\n]"
2021-01-04 15:16:25,769 DEBUG [main] wire:73 -  << "[\r][\n]"
2021-01-04 15:16:25,769 DEBUG [main] RequestSpecificationImpl$RestAssuredHttpBuilder:548 - Parsed data to instance of: class org.apache.http.conn.EofSensorInputStream
2021-01-04 15:16:25,859 DEBUG [main] cache:45 - Couldn't find template in cache for "Extent.ftl"("en_IN", UTF-8, parsed); will try to load it.
2021-01-04 15:16:25,860 DEBUG [main] cache:45 - TemplateLoader.findTemplateSource("Extent_en_IN.ftl"): Not found
2021-01-04 15:16:25,862 DEBUG [main] cache:45 - TemplateLoader.findTemplateSource("Extent_en.ftl"): Not found
2021-01-04 15:16:25,863 DEBUG [main] cache:45 - TemplateLoader.findTemplateSource("Extent.ftl"): Found
2021-01-04 15:16:25,864 DEBUG [main] cache:45 - Loading template for "Extent.ftl"("en_IN", UTF-8, parsed) from "jar:file:/C:/Users/SRABANTI%20GHOSH/.m2/repository/com/relevantcodes/extentreports/2.41.2/extentreports-2.41.2.jar!/com/relevantcodes/extentreports/view/Extent.ftl"
2021-01-04 15:16:26,098 DEBUG [main] cache:45 - Couldn't find template in cache for "Extent.ftl"("en_IN", UTF-8, parsed); will try to load it.
2021-01-04 15:16:26,099 DEBUG [main] cache:45 - TemplateLoader.findTemplateSource("Extent_en_IN.ftl"): Not found
2021-01-04 15:16:26,100 DEBUG [main] cache:45 - TemplateLoader.findTemplateSource("Extent_en.ftl"): Not found
2021-01-04 15:16:26,100 DEBUG [main] cache:45 - TemplateLoader.findTemplateSource("Extent.ftl"): Found
2021-01-04 15:16:26,100 DEBUG [main] cache:45 - Loading template for "Extent.ftl"("en_IN", UTF-8, parsed) from "jar:file:/C:/Users/SRABANTI%20GHOSH/.m2/repository/com/relevantcodes/extentreports/2.41.2/extentreports-2.41.2.jar!/com/relevantcodes/extentreports/view/Extent.ftl"
