2020-12-29 02:55:16,686  INFO [main] Usercheck:24 - Prechecks completed
2020-12-29 02:55:17,950 DEBUG [main] BasicClientConnectionManager:161 - Get connection for route {}->http://dummy.restapiexample.com:80
2020-12-29 02:55:17,965 DEBUG [main] DefaultClientConnectionOperator:177 - Connecting to dummy.restapiexample.com:80
2020-12-29 02:55:18,023 DEBUG [main] RequestAddCookies:123 - CookieSpec selected: ignoreCookies
2020-12-29 02:55:18,025 DEBUG [main] RequestAuthCache:77 - Auth cache not set in the context
2020-12-29 02:55:18,026 DEBUG [main] RequestTargetAuthentication:80 - Target auth state: UNCHALLENGED
2020-12-29 02:55:18,046 DEBUG [main] RequestProxyAuthentication:89 - Proxy auth state: UNCHALLENGED
2020-12-29 02:55:18,047 DEBUG [main] DefaultHttpClient:682 - Attempt 1 to execute request
2020-12-29 02:55:18,047 DEBUG [main] DefaultClientConnection:274 - Sending request: GET /api/v1/employee/1 HTTP/1.1
2020-12-29 02:55:18,048 DEBUG [main] wire:73 -  >> "GET /api/v1/employee/1 HTTP/1.1[\r][\n]"
2020-12-29 02:55:18,050 DEBUG [main] wire:73 -  >> "Content-Type: application/json; charset=UTF-8[\r][\n]"
2020-12-29 02:55:18,051 DEBUG [main] wire:73 -  >> "Accept: */*[\r][\n]"
2020-12-29 02:55:18,051 DEBUG [main] wire:73 -  >> "Host: dummy.restapiexample.com[\r][\n]"
2020-12-29 02:55:18,051 DEBUG [main] wire:73 -  >> "Connection: Keep-Alive[\r][\n]"
2020-12-29 02:55:18,051 DEBUG [main] wire:73 -  >> "User-Agent: Apache-HttpClient/4.5.3 (Java/1.8.0_251)[\r][\n]"
2020-12-29 02:55:18,052 DEBUG [main] wire:73 -  >> "Accept-Encoding: gzip,deflate[\r][\n]"
2020-12-29 02:55:18,053 DEBUG [main] wire:73 -  >> "[\r][\n]"
2020-12-29 02:55:18,053 DEBUG [main] headers:278 - >> GET /api/v1/employee/1 HTTP/1.1
2020-12-29 02:55:18,054 DEBUG [main] headers:281 - >> Content-Type: application/json; charset=UTF-8
2020-12-29 02:55:18,054 DEBUG [main] headers:281 - >> Accept: */*
2020-12-29 02:55:18,054 DEBUG [main] headers:281 - >> Host: dummy.restapiexample.com
2020-12-29 02:55:18,054 DEBUG [main] headers:281 - >> Connection: Keep-Alive
2020-12-29 02:55:18,055 DEBUG [main] headers:281 - >> User-Agent: Apache-HttpClient/4.5.3 (Java/1.8.0_251)
2020-12-29 02:55:18,055 DEBUG [main] headers:281 - >> Accept-Encoding: gzip,deflate
2020-12-29 02:55:20,209 DEBUG [main] wire:73 -  << "HTTP/1.1 200 OK[\r][\n]"
2020-12-29 02:55:20,216 DEBUG [main] wire:73 -  << "Cache-Control: no-cache, private, max-age=31536000[\r][\n]"
2020-12-29 02:55:20,217 DEBUG [main] wire:73 -  << "Content-Type: application/json[\r][\n]"
2020-12-29 02:55:20,218 DEBUG [main] wire:73 -  << "Date: Mon, 28 Dec 2020 21:25:20 GMT[\r][\n]"
2020-12-29 02:55:20,220 DEBUG [main] wire:73 -  << "Display: staticcontent_sol[\r][\n]"
2020-12-29 02:55:20,221 DEBUG [main] wire:73 -  << "Expires: Tue, 28 Dec 2021 21:25:18 GMT[\r][\n]"
2020-12-29 02:55:20,222 DEBUG [main] wire:73 -  << "Host-Header: c2hhcmVkLmJsdWVob3N0LmNvbQ==[\r][\n]"
2020-12-29 02:55:20,223 DEBUG [main] wire:73 -  << "Referrer-Policy: [\r][\n]"
2020-12-29 02:55:20,225 DEBUG [main] wire:73 -  << "Response: 200[\r][\n]"
2020-12-29 02:55:20,226 DEBUG [main] wire:73 -  << "Server: nginx/1.16.0[\r][\n]"
2020-12-29 02:55:20,226 DEBUG [main] wire:73 -  << "Vary: Accept-Encoding[\r][\n]"
2020-12-29 02:55:20,227 DEBUG [main] wire:73 -  << "Vary: Accept-Encoding,User-Agent,Origin[\r][\n]"
2020-12-29 02:55:20,228 DEBUG [main] wire:73 -  << "X-Ezoic-Cdn: Miss[\r][\n]"
2020-12-29 02:55:20,228 DEBUG [main] wire:73 -  << "X-Middleton-Display: staticcontent_sol[\r][\n]"
2020-12-29 02:55:20,229 DEBUG [main] wire:73 -  << "X-Middleton-Response: 200[\r][\n]"
2020-12-29 02:55:20,230 DEBUG [main] wire:73 -  << "X-Ratelimit-Limit: 60[\r][\n]"
2020-12-29 02:55:20,231 DEBUG [main] wire:73 -  << "X-Ratelimit-Remaining: 58[\r][\n]"
2020-12-29 02:55:20,231 DEBUG [main] wire:73 -  << "X-Sol: pub_site[\r][\n]"
2020-12-29 02:55:20,233 DEBUG [main] wire:73 -  << "Content-Length: 179[\r][\n]"
2020-12-29 02:55:20,234 DEBUG [main] wire:73 -  << "[\r][\n]"
2020-12-29 02:55:20,236 DEBUG [main] DefaultClientConnection:259 - Receiving response: HTTP/1.1 200 OK
2020-12-29 02:55:20,237 DEBUG [main] headers:262 - << HTTP/1.1 200 OK
2020-12-29 02:55:20,238 DEBUG [main] headers:265 - << Cache-Control: no-cache, private, max-age=31536000
2020-12-29 02:55:20,238 DEBUG [main] headers:265 - << Content-Type: application/json
2020-12-29 02:55:20,239 DEBUG [main] headers:265 - << Date: Mon, 28 Dec 2020 21:25:20 GMT
2020-12-29 02:55:20,240 DEBUG [main] headers:265 - << Display: staticcontent_sol
2020-12-29 02:55:20,240 DEBUG [main] headers:265 - << Expires: Tue, 28 Dec 2021 21:25:18 GMT
2020-12-29 02:55:20,241 DEBUG [main] headers:265 - << Host-Header: c2hhcmVkLmJsdWVob3N0LmNvbQ==
2020-12-29 02:55:20,241 DEBUG [main] headers:265 - << Referrer-Policy: 
2020-12-29 02:55:20,241 DEBUG [main] headers:265 - << Response: 200
2020-12-29 02:55:20,242 DEBUG [main] headers:265 - << Server: nginx/1.16.0
2020-12-29 02:55:20,242 DEBUG [main] headers:265 - << Vary: Accept-Encoding
2020-12-29 02:55:20,243 DEBUG [main] headers:265 - << Vary: Accept-Encoding,User-Agent,Origin
2020-12-29 02:55:20,243 DEBUG [main] headers:265 - << X-Ezoic-Cdn: Miss
2020-12-29 02:55:20,244 DEBUG [main] headers:265 - << X-Middleton-Display: staticcontent_sol
2020-12-29 02:55:20,244 DEBUG [main] headers:265 - << X-Middleton-Response: 200
2020-12-29 02:55:20,245 DEBUG [main] headers:265 - << X-Ratelimit-Limit: 60
2020-12-29 02:55:20,245 DEBUG [main] headers:265 - << X-Ratelimit-Remaining: 58
2020-12-29 02:55:20,246 DEBUG [main] headers:265 - << X-Sol: pub_site
2020-12-29 02:55:20,246 DEBUG [main] headers:265 - << Content-Length: 179
2020-12-29 02:55:20,254 DEBUG [main] DefaultHttpClient:509 - Connection can be kept alive indefinitely
2020-12-29 02:55:20,284 DEBUG [main] RequestSpecificationImpl$RestAssuredHttpBuilder:545 - Parsing response as: application/json
2020-12-29 02:55:20,285 DEBUG [main] RequestSpecificationImpl$RestAssuredHttpBuilder:548 - Parsed data to instance of: class org.apache.http.conn.EofSensorInputStream
2020-12-29 02:55:20,306  INFO [main] Usercheck:33 - request sent successfully
2020-12-29 02:55:20,313 DEBUG [main] wire:87 -  << "{"status":"success","data":{"id":1,"employee_name":"Tiger Nixon","employee_salary":320800,"employee_age":61,"profile_image":""},"message":"Successfully! Record has been fetched."}"
2020-12-29 02:55:20,313 DEBUG [main] BasicClientConnectionManager:200 - Releasing connection org.apache.http.impl.conn.ManagedClientConnectionImpl@3f1c5af9
2020-12-29 02:55:20,314 DEBUG [main] BasicClientConnectionManager:225 - Connection can be kept alive indefinitely
2020-12-29 02:55:20,346 DEBUG [main] BasicClientConnectionManager:161 - Get connection for route {}->http://dummy.restapiexample.com:80
2020-12-29 02:55:20,346 DEBUG [main] DefaultClientConnectionOperator:177 - Connecting to dummy.restapiexample.com:80
2020-12-29 02:55:20,386 DEBUG [main] RequestAddCookies:123 - CookieSpec selected: ignoreCookies
2020-12-29 02:55:20,386 DEBUG [main] RequestAuthCache:77 - Auth cache not set in the context
2020-12-29 02:55:20,387 DEBUG [main] RequestTargetAuthentication:80 - Target auth state: UNCHALLENGED
2020-12-29 02:55:20,387 DEBUG [main] RequestProxyAuthentication:89 - Proxy auth state: UNCHALLENGED
2020-12-29 02:55:20,387 DEBUG [main] DefaultHttpClient:682 - Attempt 1 to execute request
2020-12-29 02:55:20,387 DEBUG [main] DefaultClientConnection:274 - Sending request: GET /api/v1/employee/2 HTTP/1.1
2020-12-29 02:55:20,388 DEBUG [main] wire:73 -  >> "GET /api/v1/employee/2 HTTP/1.1[\r][\n]"
2020-12-29 02:55:20,388 DEBUG [main] wire:73 -  >> "Content-Type: application/json; charset=UTF-8[\r][\n]"
2020-12-29 02:55:20,388 DEBUG [main] wire:73 -  >> "Accept: */*[\r][\n]"
2020-12-29 02:55:20,388 DEBUG [main] wire:73 -  >> "Host: dummy.restapiexample.com[\r][\n]"
2020-12-29 02:55:20,389 DEBUG [main] wire:73 -  >> "Connection: Keep-Alive[\r][\n]"
2020-12-29 02:55:20,389 DEBUG [main] wire:73 -  >> "User-Agent: Apache-HttpClient/4.5.3 (Java/1.8.0_251)[\r][\n]"
2020-12-29 02:55:20,389 DEBUG [main] wire:73 -  >> "Accept-Encoding: gzip,deflate[\r][\n]"
2020-12-29 02:55:20,389 DEBUG [main] wire:73 -  >> "[\r][\n]"
2020-12-29 02:55:20,390 DEBUG [main] headers:278 - >> GET /api/v1/employee/2 HTTP/1.1
2020-12-29 02:55:20,390 DEBUG [main] headers:281 - >> Content-Type: application/json; charset=UTF-8
2020-12-29 02:55:20,390 DEBUG [main] headers:281 - >> Accept: */*
2020-12-29 02:55:20,390 DEBUG [main] headers:281 - >> Host: dummy.restapiexample.com
2020-12-29 02:55:20,391 DEBUG [main] headers:281 - >> Connection: Keep-Alive
2020-12-29 02:55:20,391 DEBUG [main] headers:281 - >> User-Agent: Apache-HttpClient/4.5.3 (Java/1.8.0_251)
2020-12-29 02:55:20,391 DEBUG [main] headers:281 - >> Accept-Encoding: gzip,deflate
2020-12-29 02:55:23,101 DEBUG [main] wire:73 -  << "HTTP/1.1 429 Too Many Requests[\r][\n]"
2020-12-29 02:55:23,103 DEBUG [main] wire:73 -  << "Content-Encoding: gzip[\r][\n]"
2020-12-29 02:55:23,103 DEBUG [main] wire:73 -  << "Content-Type: text/html; charset=UTF-8[\r][\n]"
2020-12-29 02:55:23,104 DEBUG [main] wire:73 -  << "Date: Mon, 28 Dec 2020 21:25:23 GMT[\r][\n]"
2020-12-29 02:55:23,104 DEBUG [main] wire:73 -  << "Display: staticcontent_sol[\r][\n]"
2020-12-29 02:55:23,105 DEBUG [main] wire:73 -  << "Expires: Sun, 27 Dec 2020 21:25:23 GMT[\r][\n]"
2020-12-29 02:55:23,106 DEBUG [main] wire:73 -  << "Host-Header: c2hhcmVkLmJsdWVob3N0LmNvbQ==[\r][\n]"
2020-12-29 02:55:23,107 DEBUG [main] wire:73 -  << "Pagespeed: off[\r][\n]"
2020-12-29 02:55:23,108 DEBUG [main] wire:73 -  << "Referrer-Policy: [\r][\n]"
2020-12-29 02:55:23,109 DEBUG [main] wire:73 -  << "Response: 429[\r][\n]"
2020-12-29 02:55:23,110 DEBUG [main] wire:73 -  << "Retry-After: 4[\r][\n]"
2020-12-29 02:55:23,111 DEBUG [main] wire:73 -  << "Server: nginx/1.16.0[\r][\n]"
2020-12-29 02:55:23,112 DEBUG [main] wire:73 -  << "Vary: Accept-Encoding[\r][\n]"
2020-12-29 02:55:23,113 DEBUG [main] wire:73 -  << "Vary: Accept-Encoding,User-Agent,Origin[\r][\n]"
2020-12-29 02:55:23,114 DEBUG [main] wire:73 -  << "X-Ezoic-Cdn: Miss[\r][\n]"
2020-12-29 02:55:23,115 DEBUG [main] wire:73 -  << "X-Middleton-Display: staticcontent_sol[\r][\n]"
2020-12-29 02:55:23,116 DEBUG [main] wire:73 -  << "X-Middleton-Response: 429[\r][\n]"
2020-12-29 02:55:23,117 DEBUG [main] wire:73 -  << "X-Ratelimit-Limit: 60[\r][\n]"
2020-12-29 02:55:23,118 DEBUG [main] wire:73 -  << "X-Ratelimit-Remaining: 57[\r][\n]"
2020-12-29 02:55:23,120 DEBUG [main] wire:73 -  << "X-Ratelimit-Reset: 1609190727[\r][\n]"
2020-12-29 02:55:23,121 DEBUG [main] wire:73 -  << "X-Sol: pub_site[\r][\n]"
2020-12-29 02:55:23,122 DEBUG [main] wire:73 -  << "Transfer-Encoding: chunked[\r][\n]"
2020-12-29 02:55:23,122 DEBUG [main] wire:73 -  << "[\r][\n]"
2020-12-29 02:55:23,123 DEBUG [main] DefaultClientConnection:259 - Receiving response: HTTP/1.1 429 Too Many Requests
2020-12-29 02:55:23,124 DEBUG [main] headers:262 - << HTTP/1.1 429 Too Many Requests
2020-12-29 02:55:23,124 DEBUG [main] headers:265 - << Content-Encoding: gzip
2020-12-29 02:55:23,125 DEBUG [main] headers:265 - << Content-Type: text/html; charset=UTF-8
2020-12-29 02:55:23,125 DEBUG [main] headers:265 - << Date: Mon, 28 Dec 2020 21:25:23 GMT
2020-12-29 02:55:23,126 DEBUG [main] headers:265 - << Display: staticcontent_sol
2020-12-29 02:55:23,126 DEBUG [main] headers:265 - << Expires: Sun, 27 Dec 2020 21:25:23 GMT
2020-12-29 02:55:23,127 DEBUG [main] headers:265 - << Host-Header: c2hhcmVkLmJsdWVob3N0LmNvbQ==
2020-12-29 02:55:23,127 DEBUG [main] headers:265 - << Pagespeed: off
2020-12-29 02:55:23,128 DEBUG [main] headers:265 - << Referrer-Policy: 
2020-12-29 02:55:23,128 DEBUG [main] headers:265 - << Response: 429
2020-12-29 02:55:23,129 DEBUG [main] headers:265 - << Retry-After: 4
2020-12-29 02:55:23,130 DEBUG [main] headers:265 - << Server: nginx/1.16.0
2020-12-29 02:55:23,131 DEBUG [main] headers:265 - << Vary: Accept-Encoding
2020-12-29 02:55:23,131 DEBUG [main] headers:265 - << Vary: Accept-Encoding,User-Agent,Origin
2020-12-29 02:55:23,132 DEBUG [main] headers:265 - << X-Ezoic-Cdn: Miss
2020-12-29 02:55:23,132 DEBUG [main] headers:265 - << X-Middleton-Display: staticcontent_sol
2020-12-29 02:55:23,132 DEBUG [main] headers:265 - << X-Middleton-Response: 429
2020-12-29 02:55:23,133 DEBUG [main] headers:265 - << X-Ratelimit-Limit: 60
2020-12-29 02:55:23,133 DEBUG [main] headers:265 - << X-Ratelimit-Remaining: 57
2020-12-29 02:55:23,134 DEBUG [main] headers:265 - << X-Ratelimit-Reset: 1609190727
2020-12-29 02:55:23,135 DEBUG [main] headers:265 - << X-Sol: pub_site
2020-12-29 02:55:23,135 DEBUG [main] headers:265 - << Transfer-Encoding: chunked
2020-12-29 02:55:23,142 DEBUG [main] DefaultHttpClient:509 - Connection can be kept alive indefinitely
2020-12-29 02:55:23,142 DEBUG [main] RequestSpecificationImpl$RestAssuredHttpBuilder:545 - Parsing response as: text/html; charset=UTF-8
2020-12-29 02:55:23,143 DEBUG [main] wire:73 -  << "800[\r][\n]"
2020-12-29 02:55:23,144 DEBUG [main] wire:73 -  << "[0x1f][0x8b][0x8][0x0][0x0][0x0][0x0][0x0][0x0][0xff][0xc4]|[0xff]s[0xdb]6[0xf2][0xe8][0xcf][0xd5]_[0x1][0xe3]3c[0x92][0x15]EKr[0xec]8dh[0x8f][0x13][0xbb]w~[0x97]K;[0x89]s[0x9d]{[0x1e]?[0xe]DB[0x12][0x12][0x8a]`[0x1]H[0xb2]l[0xeb][0x3][0x80][0xdf]I[0xd9]N[0xda][0xcf]][0xda][0x91][0xc8][0xc5]bw[0xb1][0xd8]oXR~[0xbb]w[0xf1][0xeb][0xfb][0xeb][0xff]v[0x9][0xe6]b[0x11][0x9f][0xf6][0xde][0xca]/[0x10][0xa3]d[0xe6]C[0x9c][0xc0][0xd3][0x1e][0x0][0x0][0xbc][0x9d]c[0x14][0x9d][0xbe]]`[0x81]@8G[0x8c]c[0xe1][0xc3][0xa5][0x98][0xe]N[0xe0]i[0xef]-[0xf][0x19]I[0x5][0x88][0x90]@[0x3]|[0xcf]C[0x86][0xef]|c[0x8a]b[0x8e][\r][\r][0xc][0xa7][0x88]o[0x92][0xb0][0xe]L[0xd1][0xc][0xf3][0x14][0xe3]h[0x90][0xd0]A[0x84][0xa7][0x98][0x9d][0xae][0x10][0x3]A[0x80][0xef]}[0xf9][0xf1][0xf8][0xf8][0xb0][0xf5][0xe4][0x85][0xc3][0xc5][0x82][0xfb][0x17]H`'[0xa1]k[0xd3][0xd2]@[0xbc][0x12]~[0x81][0xa0][0x4](n[0xc3]o~[0xf6]][0xd2][0x10]x[0x91][0xc6]H`[0xbf][0x9]p[0x8][0xff][0x95][0x91][0x99][0xaf]D[0xd3]C,[0xf1][0x12][0xfb][0xe6]t[0x99][0x84][0x82][0xd0][0xc4][0xb4][0x1e][0xa4]`!]&[0xc2][0x1f][0xda]$[0x9][0x99][0xfc][0x12]x[0xc1][0xfd][0x9b][[[0x90][0x5][0xbe][0xc0]1[0xda][0xfc]B[0x18][0x8e]4[0x1d]{[0x9e]^[0xe5][0xe3]qy[0x89][0xe2][0x98][0xae]?P[0x14][0xf9][0x82]-[0xb1]'[0xa9][0xd2][0xc9]W[0xff]Arr[0xb]v[0x9]Z`[[0xde]}[0x94][0x17])bh[0x81][0x5]f[0xdc]&[0xfc]]L[0xc3]o[0xf6]D~[0xe2][0xe8][0xdd][0xc6][0x8e]p[0x8c][0x5][0xfe]}[0x8e][0x93][0xf7]t[0x91][0xca]k;e4[0xc4]8[0xba][0x9a]^2F[0x99][0x16][0x9d][0xe3]x[0xea][0x8b]9[0xe1][0x9e][0xfc]p$[0x3]_~[0xe8][0xdb][0x9c][0x95][0x9f]_hp[0xc9][0xd8][0xaf]\[0xfa]~[0xb2][0x8c][0xe3]3[0xf9][0xe1][0x9a]%[0x1c][0x90][0x84][0xb][0x94][0x84][0x98]N[0xc1]9chc[0x9d][0x95][0x83][0xee]My}[0xab][0x89]gK[0xf1][0xb3]o[\r],[0xd6][0xe5][0x17]Wz[0xa0][0xbd]L[0xbf][\r][0xca][0x9][0xab]ug[0xdb][0x99][0x81][0x8a]Y5[0xe8]UB[0x4]A1[0xb9][0xcf]w-[wM[0x81]~[0xfd]6[0x9f]{[0x9d]ozk&[0xe7]~[0xc5]pb:3[0xa1][0xe3]8@[0xc2][0x80][0xf]`_[0xea][0xdd][0xf2][0xe4][0x8e]4DP&[0x91][0xc1][0xb][0x81][0x15][0xb0]F[0xc4]Ai[0x1a]o[0xdc][0x82][0x92][0xdc]_[0x9][0xe7][0xbe][0x9a][0x9b][0xef][0xa1][0xc3][0xd3][0x98][0x8][0xd3]p[0x8c][0x12]Em[0x9d]G[0xa6][0xca][0xb2][0xb9][0x13][0xe3]d&[0xe6][0xa7][0x87][0xd6][0xc3][0x16][0xc7][0x1c][0x83][0xc6][0x80][0xef][0xfb][0x87][0x96]2MM[0x92][0x88][0xae]o[0xd4][0xe8][0xcd][0xf0][0xf6]6[0xbb][0x1a][0x15]W[0xe3][0xdb][o[0x17][0x91][0xf1][0xb3]D[0xf4][0xd4][0x1a]Vm-[0xb7][0xde][0xb6]G[0xa6][0xa6][0xd8][0xa4][0xd2][0xbc]$t[0xcf][0xf7][0x8d]e[0x12][0xe1])Ipd[0xec][0xef]g0[0xb9]>[0xcd]Mk[0xc9][0x94][0x0][0xbb]a[0xcd][0x96][0xa6][0xa6]8t[0x18][0x96][0xaf]tn[0xe9][0x11][0xa0][0xbc][0xfc]&QB[0xe4][0x93]r[0xdb][0xcd]0[0xf5][0x1e][0xf][0xe4]?[0xf0][0x8b]q!wF[0xa1][0xe9][0xed][0xc9]l[0xe2]<[0x8e]M[0xcb][0xdb]n[0xb7][0xf6][0x94][0xc4][0xb8][0xe1][0xeb])[0x12][0xf3][0xe][0xe7]V1[0xd3]V[0x91][0xf1][0x7][0xbc]Z[0x12][0xf5][0xe5][0x87][0xbe][0xd5][0x1]X}[0xe6]>5[0xc5][0xcc]W[0x9f]?[0xe2][0x92];[0xdd][0xe7][0xc5][0xe][0xf8][0x97][0xfa][0xd9].*][0x87][0xc4][0xb8][0xe2]J![0xf3]#[0x1a].[0x17]8[0x11]N[0xc8]0[0x12][0xf8]2[0xc6][0xf2][0xce]4tF1,[0x8f][0x87][0xcc][0xe1],[0xd4][0x9a]$SS[0xeb]1[0xdb]z9[0xa8][0x1][0x8a]Y[0xee][0x0]Z[0xb5][0x15][0x1c][\r][0xd0][0xe][0x1e]2[0x87]&X[0xab][0xa8][0x11]'[0xb4][\r]]~[0xfa][0xd4][0xb2][0xa2]lyZS[0x8a][0xce].cl[0xd8][[0xc6][0x8f]a[0x14]m[0xb8]@[0x2][0x87]s[0x94][0xcc][0xb0][0xaf][0xc1][0xb1]LE[0x8d]4[0xa7][0xb0][0xd4][0xb8][0x9a][0xf4]Y[0xde]zO[0x9a]8[0x99][0x9a][0xe6][0x9e][0x9a][0xf6][0xf8]x I[0xe2][0xe8]1[0xcc]6[0xfc][0xc0][0x11][0x98][0xb]S[0x8d]ZV[0xb1]O[0xf5][0xf8][0xf6][0xc2][0xb5]l[0xbd]b[0xb7]fXd[[0xc5][0xdf]m[0xae][0xd1]LF[0x9][0xd3][0x90]E[0x8a]a[0xdd][0xc]o[0xa5][0xf7][0xe3]$z?'qd[0xf2][0x90][0xe9][0xd9][0xf9]B[0x1]I[0x88]0[0xad][0x7][0x1d]j[0x1c][0x14]E[0x97]+[0x9c][0x88][0xf][0x84][0xb][0x9c]`fB[0xb9][0x6]h[0xd7][0xac]KHC[0xa4]KQ-[\n]"
2020-12-29 02:55:23,145 DEBUG [main] wire:73 -  << "[0x1a][0x89][0xbf][0xb0]7[0xe3][0xfa][0xe2][0xf2][0xc3][0xf9][0xbf][0x81][0xd2][0x97][0xd1][0xc][0x1][0xf6][0xd1]p8[0x94][0xdf][0xca][0xa0]e0*[0xe4]BQ[0xf4][0xb][0x89][0xf1][0xf][0x6][0x5];e[0x84]2"6z[0x1f]e[0xe4][0xf2][0x13][0xbc][0x96][0x15][0x86]3[0xfd]q[0xb2]js[0xd2][0xc5][0xd6]d[0xf5][0x8d][0x8e][0x8c][0xbe][0xe4][0xa5]cx[0xdc][0x86][0xf7]H[0x3][0xe2][0x85]s[0x1c]~[0xbb][0x9a][0xbe][0xd3][0xdc]M[0x9][0xab][0xe9][0x81]cQTJ&[0xc7]B[0xd0][0x9][0xa5][0xb1][0xf5]P[0x96]O[0x5][0xb0][0xa1][0xbd]e[0x12][0x96][0xe5][0xd3][0xd3][0xa5][0x13]Z[\n]"
2020-12-29 02:55:23,145 DEBUG [main] wire:73 -  << "z[0xa5][0xd6][0xfc]L[0x9]U[0xd1][0xab][0xf4]=-WD[0x11]t[0xfb]0[0x80]}Y[0x1a][0xf6][0xfb]^[[0xfd][0xdf]![0xd7][0xf3]%[0xdd]~CP[0x14]][0x97][0xc6]^5[0xa5][0xe7]mM[0xd7][0xc3]7[0xb7][0xd9][0x85][0xfe]T2{rZ-[0xc6][0x17].[0xa4]4j[0x0][0x19][0xb8][0x8d][0xbe][0x1]~[0xb9][0xfa]p[0xb9][0x7][0xb4][[0x19][0x96][0xd7]^[0x93][0xf7][0xe7][0x96][0xb4]k{[0xba]V[0xb7]s+[0x8b][0x85][0xca]U|[0xf7][\n]"
2020-12-29 02:55:23,145 DEBUG [main] wire:73 -  << "[0xbf]||}[0xf5][0xeb][0xc7][0xbf]x[0x95]][0xe3][0xd2][0x8a]3[0xb3][0xcb]A[0x99][0x15]=>[0x96][0x1e][0xa6][0xf3][0xad][0xc5][0xb0]X[0xb2]D[0xaf]#[0x8b]cf[0x8d]C[0x83][0x92]"[0xde]\[0xb4][0xa6][0xbe][0xbf][0xdf][0x8][0x98]9[0xf][0x95][0xfc][0xd4]$[0xed]H s[0x6][0xe0][0x83][0xeb][0xab]^[0x2][0xa5][0x90]=hyZ[0x18][0xa0]t[0xa8]j85[0xa9]p[0x9d][0xf6][0x19][0xe4]aJ[0x99][0xa9][0xb6][0xd0][0x1f]z[0xe4]m[0x1d]=[0xab]P=[0xd2][0xef][0xeb]}[0x9e][0xe8][0xf2][0xa7][0x86]tCT[0xdd][0xa7][0x14][0xef][0xcc][0x11][0xff]u[0x9d][0xfc][0xc6]h[0x8a][0x99][0xd8][0x98][\n]"
2020-12-29 02:55:23,145 DEBUG [main] wire:73 -  << "[0xc9]z[0xc9]2`_[0xe3][0xd6]W[0x90][0x97][0xb][0xa5]r[0xcb]j(W[0x99][0xde]q5[0xfb][0xb6]([0x0]r[0x9f][0xcf][0xa8][0xe9][0xca][0xa8]F[0xae]2[0xa5]R[0xd8][0xfe][0xa0][0x9c][0xdb]m[0xaf][0xce][0xa9][0xdc]}Ij[0xc1]gZs[0x86][0xa7]Y[0xfd][0xee][0xc4]4D[0x12][0xc3][0x91]@[0x15][0x10][0x19][0x9e])'[0xfa][0x84]g[0x97]w[0xa9]i[0xdc][0x9c][0xed][0xdf][0xe2][0xfb]?|[0xf3][0xe6][0xff][0xed][0xff][0xcf][0xed][0xcf][0x96]a[0x1b]$;[0xab]p[0xc1]H2[0xf3][0x19][0x9e]9[0xf8][0xe][0x87][0xa6][0xa4]aeD[0xb8][0xaf]G[0xcf][0xf4][0xd7][0xcd][0xe8][0xd6][0xcd]O5r[0xd0][0xf7][0xe1][0x8]Z!M8[0x8d][0xb1][0x13][0xe1][0xc9]R[0xb]X[0x15][0xba][0x9a][0x8f][0x1f][0xd4][0xa9][0xbe][0xdf][0x97][0xf3][0xd5][0xe5][0xe9]x8[0xcc][0xad]^U=1[0x16][0x6][0x7]3[\n]"
2020-12-29 02:55:23,146 DEBUG [main] wire:73 -  << "[0x8b]D[0xae][0xdc][0xd2][0xcc][0x2]n[0x3][0x1a][0xe7][0xd0]6[0xbf][0xc][0x81]pQ[0xb1]K@[0x12][0xa0]Ad[0xaa][0xc6][0x9a]FFJ[0x3][0xb]i"H[0x92][0xf5][\r]TP[0x92][0x13]*[0x16]Z[0xdf]m[0xed][0xd1][\r][0xff]||[0xcc][0x10][0xab][0x95]r[0x81][0xab][0x87][0xea]FV[0xd2][0xae][0xc3][0xeb]Vd[0xb8]@[0xd5][0xb4][0x86]U7[0xeb][0x96]D[0x1d][0x13][0xf3]Z[0x11][0xa0]X[0x95][0x9c]m[0x1a]ma;[0xc8][0x90][0x12][0xa9]BIg[0xc1]f[0xfc][0xda]n{[0xba][0x8][0xcc],[0xfd]!+[0xbd][0xdc][0xec][0xdb]FQTd;[0xb7][0x99][0xfe][0xec][0xac][0xd4]p[0xb3][0xef][0x12];[0x3][0xd6]2[0x8b][0xee][0x14][0xb9][0xea][0xd3].m[0xcf]-/[0xed]j[0xc1][0xe3]Vo[0xb6][0xde][0xd6][0xaa]4[0xbc]d[0xad]Z[0xd6][0xeb][0xd8][0x16]vb=[0xe0]V[0x5]{[0xd6][0x6][0x99][0xc2]N[0xec][0xbd][0x91][0xe5]b[0x7][0x9][0x81][0xc2][0xb9][0x1a]=[0xab][0xdd][0x99][0x90]&[0xb0]/i[0xba][0xf8]F_[0xdf][0xfa][0x89]im[0xed][0x82]?[0xc3][0xb][0xba][0xc2][0x1d]"[0xe8][0x81][0xa6][0x14][0x1d][0xd0][0x8a] [0x11][0xae][\n]"
2020-12-29 02:55:23,146 DEBUG [main] wire:73 -  << "R[0xb9][0xab][0x8][0x92][0x1d][0xc3][0xb]yj[\r][0xbf][0x86]:t[0x14][0x12][0xbb][0xce]tPO[0x82][0x96]'[0xd4][0x89][0xe][0xdb]";[0xbc][0xed][\r]m[0xe1][0x88]M[0x8a]}([0xf0][0x9d]8[0xf8][0x8a]V(C[0xb6][0x9f]>r@y[0xe4][0x80][0xad]#[0x87][0xb0][0xb6][0x95]N[0xa2][0x93][0xd7][0xf5][0xc6]A[0x84][0x5][0xa3]D[0x84]s[0x12][0xa2][0x19]=[0x98]P[0xc2][0xb1][0xf3][0x95][0x1b]6[0xd8]9v6[0xb]'[0xfe][0xe8][0xcd]hp[0xbc]//[0xc][Ga[0x1b][0xdc][0xdc][0xda]*@[0x17][0x80][0xca]Mf2[0x11]-[0x9b][0xa2][0xcf][0x88][0xb2][0xc0][0x8b]T[0x9e][0xad][0xbb][0x85])G[0xeb][0xe2][0x8c][0xbf]K[0x9c][0xe7]D I[0x82]QJ[0xe3][0xdd]b[0xd4]0[0xfe][0x8c]fV8m5xSr[0x87]c[0xd5][0xa7]M[0xef][0xbe]|[0xfa][0xe0][0xc3]&[0xfb][0x19]C)[0x9e][0xb2]%[0x11][0xce][0x8c]Lay[0xa0]<[0x8f][0xa2][0xdf][0xe4]dsuua+2[0x17]H [0x15];[0xf3]}p[0x8][0xbf][0xd0][0xed]*[0x89]d[0xed][0xef]W[0x6][0xfe][0x85]b[0x12][0x99][0xe5]<[0xeb]A[0x8b][0xe2][0xa4]K>7[0x1f][0xa4]e[0xba][0xc6][0x8a]D[0x98][0x1a][0xb6][0xfa][\n]"
2020-12-29 02:55:23,146 DEBUG [main] wire:87 -  << "[0xc8]"e[0x98]sB[0x93][0x80]D[0xae][0xe4][0x1a][0xd1][0x5]"[0xea][0xae] <[0xc3][0xe2][0xe2][0xea][0xc2][0xb4]l[0x11][0xe0][0x94][0x86][0xf3][0xda][0xc8][0xa5][0x84][0x98]C[0xcb][0x8e][0x90]@[0xe5][0x88][0xbc][0xbb][0xa6][0x9f][0x5][0xab][0x88][0xb3][0x95][0x1][0xb3]Lg[0xb2]x3[0xd5][0xda][0xb2][0x86]\[0xe1]"+[0xc2][0xc9][0x84][0xc4]D[0xe8][0xae]A[0xb3]I[0xb7][0xb]O&[0xed][0x94]a[0x86][0x93][0x8]"
2020-12-29 02:55:23,146 DEBUG [main] wire:73 -  << "[\r][\n]"
2020-12-29 02:55:23,146 DEBUG [main] wire:73 -  << "800[\r][\n]"
2020-12-29 02:55:23,147 DEBUG [main] wire:73 -  << "3[0x98][0x97]5[0xba][0xc2][0xeb]P[0x9f][0xd6][0x8d][0xb5][0xbf][0x9f]))kc[0xe][0xad][0x87][0xf5]\[0xda]U[0xb],[0xf7][0xf6][0xab]$[0xb3][0xe4][0xd7][0xd3][0xda][0xa8][0xf5][0xf0][0xd5][0xaf][0x1][0xbc]mOY[0xc2][0x92][0xcf][0xd3][0xd6][0x90][\r][0xf3]4&!6[0x87][0xf6]W[0xcb]3e[0x19]s[0xb5]@3lZ[0x96][\n]"
2020-12-29 02:55:23,147 DEBUG [main] wire:73 -  << "%U[0xc5]~[0xf9][0xf4][0xc1]T[0xf6]c[0xf5][0xe1][0x19]ed[0xe6][0xc3][0xbe][0xd9][0xf9][0xc4]Ag[0xb2][0xb3][0x91];[0xb4][0xfa]p[0xe5][0xc3][0xfe]DPd[0xfe][0x9f][0xcf][0xbf]~ttuC[0xa6][0x1b][0xb3][0x94][0xc5]R[0xfb]PX[0xa9][0x97][0x97]e[0xf][0xe7]Q[0xe4][0xe6]&h[0xcb][0xed]q[0xe5]G[0x96];[0xde][0x1e][0xe8]Pv[0xfa][0xd7]=[0xa6]Q[0xab]Iq[0xfc][0x2][0xf]J)Ke C[0x89]8@l[0xb1]i;[0xce]y[0x12]Ii[0xb5][0xff][0xa0][0xe8]sLE[0xd5][0x85][\n]"
2020-12-29 02:55:23,147 DEBUG [main] wire:73 -  << "[0xd7]j[0xe][0xd9][0xc3][0xfc]?[0xcb][0xd3]&Y[0xad][0xb9]J[0xc2]R[0xd5][0x82]xv[0x90]ks[0xf8][0x1b][0x16][0xef][0x97][0x8c][0xe1]D[0xe8][0xdd]1[0x8b]z\k[0xa1]![0xcd][0xe]>[0xc][0xaf]p[0xb2][0xc4]6[0xe6]"[0xc8][0xaf]'$[\n]"
2020-12-29 02:55:23,147 DEBUG [main] wire:73 -  << "[0xa6]1[0xa5],[0x98][0x92]8[0xc6]Q[0x5][0x90]2[0xbc][0xb2][0xb9]@"[0xe0]t[0xc9]B[0x1c][0x90][0xc8][0xd6][0xd6][0xa4][0x1c]r[0xaf][0xc3]]4K[0xeb][0xf1][0xb1]2v[0x9e]l[0xea][0xc3][0xd2]p[0xe5]w[0x96][0xe1][0xae]";[0x83][0x17][0x0][0xab]8>[0x14][0xee])w[0x1c]EAJ9[0x11]:[0x12][0xf9])b[0x1c]_%[0xc2][0xac]z[0xc4]5b3,H2[0xcb][0x97]o[0xa0][0xd4][0xb0]tAO[0x16][0xe9]UT[0xf3][0x1f][0x89]quu[0x91][0xcb]m[0xa3][0xe8]KBD[\r][0xe5]\[0x81]rj[0xd9][0xfa]=[0xfd][0x8c]N[0xd1]{[0x99][0x18]Pb[0x93][0x8]f[0xa2][0xc4]$[0xc1][0xb2]F[0xbf][0x8a][0xfc][0xa1]&&[0xcb][0x7][0xb2][0xc2][0x5][0x0][0xdf][0x93][0x85][0xdc]5_[0xc6][0xcf][0xec]:[0x97][0xd3]+[0xe3]a[0x81][0xe6][0x1b]t[0xf2][0x15][0x87][0xc2]P[0x9b][0x93][0x83][0x9d][0x9c]n@[0xa2]=[0xdf]/"[0xa4][0xf5]Pa[0xd8][0x85][0xac]#b1"[0xe5][\r]dU[0xd9][0xa2]SYI'[0xb6][0xc]#[0xdd][0xb1]UmG[0xa6][0xf2][0xef][0xcf]Q[0xb0]LK[0xd0][0xae][0xa7](M[0xf8][0xa9]$[0xb5]L[0x88]p5[0xe7][0xa7][0x13]V[0xe6]&n[0x87][0xeb][0xb8]U7[0xaa][0x98][0xa6][7S9[0xc4][0xc9]=v!l9[0x9b][0xfb][0x8c][0xf7][0xb9]O:[0xa3][0xdb][0xf0]Mu[0xa4]d[0x9b] [0xa4][0x11][0xae][0xad][0xe6][0xfd]{[0xd3][0xb2]eh][0x11][0xbc]n*[0xe4][0xb7][0xc]~[0x15][0x99][0x96]-[0x8d]T"h[0xd3][0xb6][0xab][0xfb][0xe8][0x96][0x1b]mW[0xec][0xc4]-[0xed][0xe8][0x5][0xd9][0xdd]&<[0x90]i[0xca][0xd5]~[0x94][0xc5][0x89]F[0xae][0xb2][0x1b]5@[0x1e][0xd0][0xde]m[0xae][0x94][0xd1][0xfc][0xb2][0x8c][0xe3][0xab][0xa8][0x12][0xd7][0xf2][0xa0]$[0xdd]f[0x85]b[0xee][0x17]H[0xf9][0x83][0xc9][0x3]C[0xf9]L[0xb7][0x11]jTk_[0xce][0xad]<[0x8f]|[0xc6]$uDR[0xf1]BN[0xbc][0x19][0xde][0xda]:[0xc0][0xa8][0xbb][0xf1][0xad][0xf7][0xdf][0xb2][0xd9][0x17][0xed][0xf4]_[0xb4]W[0xff][0xe1]r-[0xef][0x10]~g[0xad][0xa6][0xb6]*[0x8e][0xb3]*[0xeb]&[0x1b][0x9f][0x92]X`V[0x96][0x15][\n]"
2020-12-29 02:55:23,148 DEBUG [main] wire:73 -  << "\O[0xac]N[0xa6][0x83][0xad]e[0xbf]d[0xd2]^c[0xd2][0xad]Wpu[0xa6][0x94]][0xa2]p[0xde][0x98][0xc9][0x9f],$[0xb3][0xda]M[0x8f][0xc9]s_F[0xf9][0xf1]Q7[0xc7][0xfe][0xea]b[0xb3]([0xab]d=[0xf5]l[0x9d][0xd9]YYr[0xc1]_R[[0x96][0x16][0x92][0xf5][0xf0][0x8]?_[0xa4]M[0xab]P[0xc0][0xfd][0xfd]:f[0x80][0xef][0xd1][0x1f]ML[0x5]l[0xb6][0xb3]`[0xe1]N0O!_>}[0xe8][0xfb]p_Z[0x99][0x8][0x96]K[0x12][0xf9][0xb0][0xaf][0xe6][0xde][0x18]%[0xcc][0x90][0xe5]n[0xbb][0xf0][0xce][0x9]x[0xdb][0xad]U/[0x8d][0xb][0xfb][0xef][0xc8][0xd5][0x15]g[0x8]d[0x82][0xc]"[0xdf][0x87][0x85][0xe8][0xb0][0xde]X[0xcd][0xeb][0x1c][0xe9][0xe4][0xea]-[0x99]v%[0xf2][0x1b][0x12][0xf3][0x9c]v%[0xbc]9)M[0xcd][0xaa]^[0xb]fEa[0xa0][0xb4]$aM=[0x95][0xfc][0xac]B[0x9c][0xc][0xf5][0xa6][0x1c]S[0xb][0xcd]Z[0x89]r[0xf0][0x1f]x[0x3]H[0x81]XT[0x1d][0xff][0xc0][0x9b][0x96]X[0xbe][0xef]Wx4Yd[0xb3]n[0xbd]v[0xef][0xb7][0xeb][0xcc]QV[0xdb]n[0xa3][0xa2][0xb7][0xeb][0x85][0xb8][0xdb]Q[0x97]K[0x14][0x99]G[0xdc]jR)[0x8f]1[0xf6][0xdf]pVa[0xbb][0xcd][0x92][0xdb][0xae][0xb6][0xc7][0x9e]i.0[0x14]c2[0x9b][0xef]h,[0x94][0xa3][0xff][0x8b][0xfd][\r][0x81][0x16])[0xda]!@>[0xf6][0x83]=[0x8d][0xe2][0x90][0xd7][0xfd]2[0x1e]Th[0x10]t[0xf7][0xb8][0xea][0x87][0xbf][0xc]W[0xbf][0x8b]'[0xdd][0x10][0xf8][0xe0][0x1][0xa2]([0x8]Q8[0xc7]A[0x8c]W8[0x86][0xee][0xd0]V Y[0xde][0x4]([0xfa][0xba][0xe4]B[0xa6][0x8a][0x1c][0x1e][0xa3][0xfb]MLQ[0x14][0xac]0S[0x99]5[0x87]gO[0x5][0x2][0x12]q([0xab]/[0x9][0x14][0xc]%|J[0xd9][0xa2]F[0xfb].[0xc8][0xe9]+[0xc0][0x84]D[0x11]f[0xc1][0x2][0x8b]9[0x8d][0xa0];* [0x5][0x87]C[0x1b][0x86]Dl[0xa0][0xb][0xff]A[0xe3]oH ([0xb]|U~A[0x17]^}[0x84]6[0x8c][0xd0][0x86][0x7][0x9c]$![0xe]b[0xc4]E[0xa0][0xc2][0xb]t[0x7]#[0x1b]F[0x84][0xa7]1[0xda][0xd4][0x99][0x96][0xb1][0xca][0x1d][0x1d][0x1e][0x1e][0xbf]~e[0xc3][0x88][0x7]([0x92][0xb5]c@S[0xa1]F[0xe4]l[0x9c][0xcc][0xd0][0xc]G[0x81] [0xb][0x9c]S[0x1d][0xda][0x10][0xdf][0xd7]t6*![0xfc][0x1b]IUQ[0xa8][0xf0][0xd4][0xe2][0xa7]([0x14][0x94]if6[0x9c]2[0xb4][0xc0]k[0xca][0xbe][0xe5][0x80]9[0xe2][0xc1][0x4]E[0x1][0x91][0xe1]O[0xcd][0xca]!k[0xca][0xa4]6[0x87]6$h[0x12][0x84]H[0xe0][0x19]Uk[0x86]6$<[0x98]2[0xba][0x8][0x18][0xe][0xe9]b!3v[0x14][0xa8][0x3]=t[0xb5][0x19]I[0xc][0xed][0xd1]Zn[0xca][0xaa]#[0x9c][0x8]}[0xf6]W[0xe4][0x95][0xce][0xe4][0xec]@[0xbd] [0xa1][0x18][0x14][0xb0][0xac][0xba][0xc9][0xa0][0xa2]e-[0xb]$wT[0xcb][0xb9][0x90][0xb6]_.[0x9f][0xa6][0x82],[0xc8][0xbd][0xb6][0x8c]b?G6T[0xbc]*[0xa5]{f3[\n]"
2020-12-29 02:55:23,148 DEBUG [main] wire:73 -  << "[0xac][0xf8][0x95][U[0xc2][0x94][0xc][0x93][0xe1]tr[0x18][0xe2]hpx[0x84]N[0x6][0xaf][0xde]L[0x8f][0x7][0xc7]C|28[\n]"
2020-12-29 02:55:23,148 DEBUG [main] wire:73 -  << "[0x8f]O[0x8e][0x86]'[0xe8][0xe4][0xe8][0xcd][0x89][0xa4][0x94][0x9f][0x9]8[0x8e]q[0x98]Y[0xa6][0xa6]G[0xb9]@q&#|=[0x1c][0xe]_[\r][0xe5][0x84]U O[0x17][0xa2][0xc2][0x99]a[0x9e][0xd2][0x84]c[0xbd][0xf9]2[0x11]Cw||tbC[0x8e][0xd9][\n]"
2020-12-29 02:55:23,148 DEBUG [main] wire:87 -  << "3%[0xcf][0xe8][0xd0][0x19][0x1f][0x8e][0x9d][0xd1][0xeb]cg<~[0xe5][0x1e][0xbe]~s[0x4]m[0xa8][0xde][0x8a][0x81]."
2020-12-29 02:55:23,148 DEBUG [main] wire:73 -  << "[0xfc][0xfd][0x9d][0xbc]YN[0x82][0x1d][0xb][0xce]JK[0xe8][0x8e][0x8e][0x87]oFo[0x86][0xaf][0xc7]C[0x1b][0xe6]U_.[0xb1]f[0x9f][0xa8]=[0xab][0xd8][0xe0][0x92][0xc5][0xd0][0x85]s!R[0xf7][0xe0] Z.[0x16][0x1b][0x87]a.PJ[0xf0][0x1d]Z[0xa4]1vB[0xba]8@)9X[0x8d][0xe]$I[0xba][0xc1][0xf8]`[0xc]m[0xb8][0xe4][0x98][0xe5][0xc4][0xa5][0x8d]U[0xd6][0xbc][0xa6][0x8c][0x8b][0xc2][0xf8][0x8a]][0xde]zY[0xd0][0x90]9[0x4][0xf8]@=[0x98][0xcb][0xe3][0x88]Pq[0xa4][0xc3][0xa5]^b[0xfd][0x85][0x85]EZc[0xe3][0xe1]x8[0x18][0x8d][0x7][0xe3][0x13]X[0x19][0xfc][0x9e][0xad]o[0xaa][0xef][0xc7][0xf5]T[0x16])[0xd0][0x85]'[0xaf]N[0x8e][0xc3]7[0x11][0x1a]L[0x86][0xe3][0xc9][0xe0][0x15]~3[0x1c][0x1c][0x1f]O[0xa2][0xc1][0x9b][0xe1][0xab][0xc9][0xe8](:[0x19][0x1e][0x8f][0xc7]p[0xfb]=M[0xb9]v[0xff][0xad][0xbb]Y[0xd7][0x1d][0xdb]O[0xbb][0x12][0xd3][0x4]%3[0xcc][0xf2]LTm[0xd1][0x15]#gE[0x1a][0x9a][0xac][0xfc]7[0xaf][0xf6]W[0xfe][0xe1][0xf1][0xbe]<[0xad]|[0x96][0xa2][0xf8]t:5[0xf2][0x14][0xd4][0xca]L[0x95][0x4][0xf5][0xe2][0xcc][0xd4][0x99][0x82][0xaa][0xed]E25a~[0xb]e[0x81][+@[0xdf]/[0xb9][0xa0][0xb][0xf5][0xf0](;[0x90][0xec][0x8d][0xbc][0xf6]X[0xf9][0xb0]([0xb4][0x91][0xf5][0x80]|[0xf4][0xf8][0xf8]0YN&1[0xe6][0xee][0xde][0xc8][0xe]Q[0x12][0xe2][0x18]Mb,[0xef]",[0x10][0x89][0xd5][0xe3]em[0xd9][0x93][0xd6][0xa3]%[0xfd][0xb4][0xaa][0xc2][0x1]Z[0xde][0xc4]![0x9][0x11][0x15][0x98]d[0xe6]d\l[0xe4][0x94]Ll[0xe4]h[0x1e][0xc5][0x3][0xf7][0xc9][0xf6][0x5]=[0xdb]'u[0xf6][0xa2]Bd[0x19][0xf3][0x9d][0x85]H6V/D[0x8e][0xbe][0xbf][0x10][0x1][0xd9][0xbf][0xe2]B[0xff]z@[0xbd]0[0x5][0xa5][0xbb][0xa6][0x94][0x9][0x8]B[0x9a][0x8][0xb9]3pM"1[0xf7]#[0xbc]"![0x1e][0xa8][0x1b];[0xa4];[0xe0]![0x8a][0xb1]?[0x82][0xa7][0xbd][0x92][0x9a] "[0xc6][0xa7][0xd7][0x94][0x82][0xa2]d[0x3]>[0xe1]?[0x96][0x98][0xb][0xfe][0xf6]@[0xf]T0[0xf7][0x6][0x3][0xf0][0xb]M[0x4][0x7][0x83]A)[0xd7][0xdb][0x98]$[0xdf][0x0][0xc3][0xb1][0xf][0xa3][0x84][0xf]R[0x86][0xa7]X[0x84]s[0xa8]_c[0x80][0x7][0x7]S9[0xc5][0x99][0xc9] MB[0xe9][0xfd][0xb0]9Yc[0xca][0x98][0xc1][0xdd][0x2][0x9f][0xd2]Y[0x8c]QJ[0xb8][\n]"
2020-12-29 02:55:23,149 DEBUG [main] wire:73 -  << "[0x18]![0xe7]gS[0xb4] [0xf1][0xc6][0xff][0xb8]L[0x88][0xa0]P[0xb3][0xe4]b[0x13]c>[0xc7]X[0xc0][0xa6][0xa8][0x9f][0xd5]P]V[0x85]^[0xde][0xcb]s[0xb1][0x88]m0[0xa1][0xd1][0x6]<[0xd4][0x6][0xe4][0xbf][0x9][\n]"
2020-12-29 02:55:23,149 DEBUG [main] wire:87 -  << "[0xbf][0xcd][0x18]]&[0xd1] [0xa4]1e.[0xf8][0x9f][0xe9]t[0xea][0xb5][0xf0][0xf2][0xc1][0xe3][0xc3][0xe3][0xc9]q[0xc7][0xb8]\[0xd3]@[0xcb][0xef][0x2]C[0xaf][0xc0][0xb0][0x1]G[0x9][0x1f]p[0xcc][0xc8][0xae])kYM[0xb][0x17][0x8c][0x86][0xc3]6[0xc6][0xbc][0x1c]\[0xcd][0xdb][0xc3][0xb][0xc4]f$qAc[0xe6][0xb6]W[0xbb]"
2020-12-29 02:55:23,149 DEBUG [main] wire:73 -  << "[\r][\n]"
2020-12-29 02:55:23,149 DEBUG [main] wire:73 -  << "692[\r][\n]"
2020-12-29 02:55:23,149 DEBUG [main] wire:73 -  << "u[0xa6][0xcb]8[0x1e]hR[0x1d][\n]"
2020-12-29 02:55:23,150 DEBUG [main] wire:73 -  << "x[0x82]G[0x8b]P[0x8c][0xef][0x6]!N[0x4]f[0x1d][0x84]PLf[0xc9]@?[0xc2][0x7][0x1a][0xab]-rV=[0xba]@[0xd2]j[0xf][0xcb][0xf2][0x98]L7[0x83][0xcc][0xd6][0xbb][0xe9]4[0xc5][0xca]k[0x80][0x1][0xc3][0xd3][0xe][0xb9][0x8a][0xd6][0xa6][0xb4]'[0xd5][0xed]{[0x9a][0x9c][0xac]d[0xba][0xc][0x85][0xb2][0x8][0xb3][0x1][0xd3][0xda][0x1a][0xa7]w[0x80][0xd3][0x98]D;[0xb6]U5M[0xc1][0xf8]8[0xed]Xd[0x8a][0xa2][0x88]$3[0x17][0xc][0xc1][0xe8]([0xbd][0xcb][0xbe][0xda]x2C[\r][0x94]V_[0xa6][0x87][0x5][0xe6][0x1c][0xcd][0xba]d[0xaf][0x88]4:[0xf9]1V[0xf9][0xd5][0xdb][0x83][0x8a][0x87]}[0xa6][0xda][0x95]|[0xb3][0xc][0xa4]cB[0x80][0x12][0x14]o[0x4][0x9]y[0xb0]Da([0xeb]![0xf8][0xe5]|0:[0x1c][0x8d][0xc6]o^[0xbf]~=[0x18][0xbd][0x82]&][0xee][0x12]B[0xf5]/[0x82][0x99]:[0xc8][0xa9][0xaf][0xc7]Gps[0xeb][0xf5][0xe4][0xb5][0xee][0x84]V[0xd2]l[0xef][0xa7]`[0x86][0x84][0x13][0xe8][0xfc]v[0xcd]P[0xf8][\r]3[0xd3]h[0xc8])[0x13][0x7]6,[0xaf][0xb7][0xb5][0xbe][0x9b][0xce][0xe1][0xc9][0xe1][0xe1][0x9b][0xe1][0xf0]h [0xf][0xb7][0xc6][0xb4]M[0xe5][0xc6][0xc0]N[0xc0][0xb1][0xb8]P[0xa5][0xe2]G[0xb4][0xc0][0x12][0xb1]][0x8c][0x19][0xb7][0x8d]i[0xd3][0x1f][0x9b][0xa6][0xb9][0xe9]|[0xfd]/[0xc4][0xc]{d[0x1b]yuh[0xd8]F[0xba][0x9c][0xe8][0x9a]:[0xa1]([0xe2][0x86]}[0xf8][0xec][0xfc][0xb1]m[0x8][0xc3]6F[0xaf]^[0xbf][0x4][0xfb][0xd0]6[0x18][0x89][0xc][0xdb][0x18][0x1a][0xf6][0xf8]Y[0xec]W[0xb6]1a[0xc8][0xb0][0x8d][0x5][0x8d]F;[0xc9][0x9f][0xc7]1][0x9f]'[0xe1][0x9c]2C=[0xc0][0xec]F[0xfb]L[0x84][0xae][0xe7]>+[0xed]|R[0xb][0x6][0xa3]a[0xb7]b\C[0xad][0xf9]c[0xdb][0xd0][0x7][0x1][0xc3][0xee][0xda][0xa1]][0x14][0xba][0xe5][0x1d][0xb7][0xe4][0xc5]N [0xa4][0xc5][0xe5][0xdd][0xf5].Ki#[0xf4]z[0x15][0x3][0x96][0xe1]F[0xfa][0xcd][0xc][0x1][0x1f]<[0xfb]#[0x11]0C[0xea][0xfd]![0xe0][0x3][0xa3][0xe1][0x86][0x1a]T[0x8e][\n]"
2020-12-29 02:55:23,150 DEBUG [main] wire:73 -  << "|[0xfd]BeOB8[0x93][0xf7][0xa6][0xa1][0xab][0x7][0x3][0xf8][0x15]6[0xc5][0xcb][0x93])[0xa3][0x82][0x86]4[0x6]g[0xc0][0xc8][0xcb][0xc][0xce]c[0x3][0xb8][0xfa][0xde]=8X[0xaf][0xd7][0x86][0x5][0xfa][0xc0][0xc8][0xa2][0xcc][0xa0][0x88]2[0xaa][0xfe][0x98][0xa9]:[0xcf][0xd3][0x8b][0xe1][0xd5][0xb5]t[0xff][0x84]"_[0xd2][0xcd][0xf0][0xd6][0x3][0xea]WS8[0x11][0x1f]i[0x84][0x1d][0x92]p[0xcc][0xc4];<[0xa5][0xc][0x9b]3d[0x3][0xae]<[0xd7][0xb4][0xbc]^;h[0xed][0x8]E[0xba]OI[0x97]D[0xbd]l:[0xaa][0x84][0xbb][0xb7][0x13][0xc4]q[0xa5][0xa0][0xfa][0xbe]C[0xd8]i[0x8d]ok[0xb]t[0x8][0xc4][0xf7][0xf4]:3Z[0xb9]O[\r][0xab][0xf5]z[0xd5][0x7][0xb8]ZD[0x1f]T[0x1a][0xda]VOg[0xa0][0xda][0x1a][0x8c][0x84]&[0xd8][0xf0]z[0xdb][0x9c][0xc3]/[0x94]-[0xf4]YV[0x8e][0x8e][0xc]/[0x1f][0x8]p[0xa6][0xec]@[0xd0]@[0xbd][0x96][\r]|[0xfd][0x96]rM[0x83][0xba][0x2][0xbc]>[0xff]t[\r].[0xff][0xef][0xdf]/[0xcf]/T[0x1d][0xf8]|So[0xc7][0x9a]9[\r][0x3][0x94][0xa6][0x81][0x16]v[0x98][0x89][0x13][0xa9][}[0xfe][0xce][0x5][0xd4][0xfe]([0xb1]:[0x1c][0xb2]X[0x5][0x9]?c[0xc4][0xc2][0xb9]<[0xbd]H[0x12][0xb5][0xbd][0xdf][0x1b][0xc][0x1e][0xbe][0xfe][0xb1][0xc4]l[0xb3]UB[0xcb][0xa5]\~[0xbc]xv!?~[0xdc]m[0xad][0x1a][0xa8]4[0xee][0x1b]yA[0xa6][0xb6][0xe7][0xb4][0xd7]u([0x92][0xb0]i[0x80][0xef])_[0x92][0x19]N0#[0xfa]<t0s[0xd4]B[0x9d][0x4][0x8b][0x83][0xda][0xb0]>1=}[0xe8][0xcd][0x8e]A[0xbd][0xfc][0x97][0xcc]u[0x6][0x97]+[0x99][0xf5][0xab]Q[0x6][0x14]Vg[0xd6]0-[0xb0]W[0xb7][0xbe][0x7][0xb5][0x86][0x9][0x11]N[0xd9]B7[0xb3][0xc7]$[0xd5][0xe6][0x97]qk[0x83][0x1b][0xf5][0xa0]DN[0xb8][0xa0]B=[0xf8]0[0x96][0x9]Ya[0xc6]Q[0x1c]dm[0x1d][0xc3][0x6]u[0x86][0xd6][0xad][0xe5][0x81][0xed][0xd6]k*k[0x99][0x84]ZY[0xad][0xa5]Hu[0xed][0x1a]P?[0xbc],[0x8e][0x8c][0xdd][0xca]~[0xf6][0x5][0xc0][0xa7]^R[0xbc][0xed][0xd4]|[0xfb][0x1c][0xfa][0xdf][0xb1][0xb8][0x17][0x1a]\[0xf8][0x8c][0xc5][0x85][0xf2] [0x9e][0xd0][0x19]N[0xd4][0xa3][0x80][0xcc][0xf4]Z[0xef]%[0xe6][0xaf][0x8a][0xc2][0xa7][0x8d][0xf2][0x99][0xda][0xf2]G[0x94]rZ[0xf9][0xa9][0x89][0xca][0x8d]r}q[0x1a][0x9b][0xe9][0xea][0xea][0xc2][0x6]le[0x81]2j[0xaa][0x96] ^[0x83][0xb]$[0xb0][0xc]z[0x12][0x1e]9[0xd9]o[0xeb][0xcc]H[0xbd][0xa3]#[0xaf]d:3[0xf][0x8f][0x8f]~[0x1e][0xbf][0xfa][0xf9]x([0xff][0x1f][\r][0x87]C+[0x9b][0xa1]"[0xd1]]J[0x18][0x96][0xe9][0xc]f[0x97]>[0xec]G[0x8e][0xa0]_[0xae][0xdf]VO7s[0xfa][0xd9][0xdf][0x1][0x90]\[0xde]m[0xde]#aB|[0xbf][0xbc][0xb][0xe2]4[0xe]t[0xfc][0xf3]![0xe8]W[0xa4][0xaa][0x9][0x1][0x1f][0xe5][0xa0]\Jq[0xc3]V[0xf2][0xd2][0x3][0xf2]:cm[0x83]C[0x99][0x9]+?-R[0xaf]T[0xef][0xd2][0x4][0x99][0x2][0xb3]H[0xc2][0xe5]O,[0x81][0xef][0xfb][0x0][0xe6][0xaf][0xc2]C[0xab]r[0xde][0xd9][0xa1]Y[0xbd][0xc0]mF[0xd4][0xcc][0xcd]X[0xbe][0xcf]][0xa5][0xd1][0x1e]5[0xa1][0xfe][0xfd]'[0xb4][0xeb][0xc]l[0xd0][0xe4][0x0][0xd4][0xdb][0xf8]%[0xad][0x92][0x99][0xa6]`5[0xce]f[0xea][0xdd][0xa9]%cz[0x14][0xf8][0xa0][0x86][0xed][0xb5]p[0x13][0xbc].P[0xcb][0xb7][0xb9]W[0xa2]IW[0xe9][0xa2][0xa0][0xab]0::[0x1a]O)[0xab]8[0xf8][0xd5]ok[0xf2]i#m[0xca][0xda]RB[0xd7][0xbc][0x1a]ogB[0x92]H[0xff][0x0][0xbd][0xa9][0xd1]r[0xdf][0xb6][0xbd]m[0xaf]+[0xe0][0xc2][0x9a][\r]A[0x1b][0xb4][0x0]7/lt[0x83][0xac]L[0xb8][0xad]D[0xe3][0x9d][0xaf][0xa1]?[0x93][0xd4][0xca][0xa0]z[0xa0][0xfe][0x1e][0x88][0xfe][0xd3] [0x13][0x1a]m*[0xad][0xaa][0x88][0xac]@[0x18]#[0xce]}X[0xed][0xac][0xd4][0xda][0x19][0x95][0xde][\r][0xac]w[0xb5][0xaa][0xd3][0xd5][0xc3][0x97][0xd3][0xd6][0xe][0xbf][0x1a][0xbf][0xa9][0xcd]8[0x88][0xc8][0xea][0xb4][0xb7][0x93]J[0xd6]?[0x80]Y[0xa0][0x86]E[0x9f]b4L[0xef][0xbc][0xe][0xfa][0xad][0x96]b[0x7][0xb7][0x8e][0xdb][0xa7]K[0xdf][0xae]4[0xe1][0x19][0xc5][0x1f]<[0x9]"[0xb2][0x90][0xe1][0xac]~[0x2][0xf9][0xe9]'[0xfd]3[0xf1][0x9e][0xd2]o[0x4]W[0xdd]C[0xf5]Q[0xed][0xbc]{j[0xeb]X[0xb4][0x1]z[0xd6]OY7[0xb9]<[0xb7][0xe4][0xf3][0xf5]oe|[0xa3][0x9f]M[0xec][0x9b][0xa6][0x9e]i[0x9d][0x19]^[0x1e]J[0x8d][0xbe]Y[0x4][0xc4]"1w[0xd4][0xeb]nfW[0x90][0xec][0xeb][0xd9]Y[0x80][0xae][0x7]`[0xcb]5[0xc][0xab]ox[0xea][0xf][0x11][0x1c][0x18]^[0xef][0xa7][0x9f][0xb6]^[0xb6][0xa6][0xe9]T[0x97][0xa0][0xf9]=[0x9d][0x97]aBf#[0x9c]8[0xda]<[\n]"
2020-12-29 02:55:23,151 DEBUG [main] wire:73 -  << "[0x84]u[0xb]A[0xf5][0x88][0xf3]q9_[0x13][0xf5]}0[0x2]g[0x92][0xa2][0xb]L:[0x7][0xa7][0x80][0xae][0xad][0x1c]@[0xd7][0xf9][0x84]uk[0xc2][0xba]9A[0x2]h[0xc1]aY[0x11]Q[0xd6])[0xec][0xef][0xba][0xf7][0xf8][0xf8]X[0xea]9[0xbf][0xc8][0xe]VN[0x18][0x13][0x9c][0x88][0xe][0xc4][0xee][0xc3][0x97][0xf4]$[0xfd][0xfb][0xf5][0xea][0xc4]B[0x80]uC[0x80][0xdf][0xa5][0x2]^[0xc0][0xbf][0x8d][0xf7]2[0xf6][0xbf][0xe7][\n]"
2020-12-29 02:55:23,151 DEBUG [main] wire:87 -  << ".,[0xd0]4[0xf0][0xbd]<[0xe1][0x3][0x9c]H[0xe7][0xfc][0xf2][0xe9][0xea]=][0xa4]4Q[0xa7]a[0xa9]M[0xdf][0xe8][0xcb][0xaf][0xbe]a[0xaf]}[0xa3][0xbf][0xee][0x1b][0xf6][0xdc]7[0xfa]s[0xcb][0x6][0xe6][0xe1][0xe8][0xe8][0xf0][0x18][0x1f][0xfe][0xfc]Z&[0xf2][0x6]M:_[0xef] *[0xc9],s:[0xcb][0xe]B[0xdd][0xcf]K^^[0xab]y[0x6]P[0x15]M[0xf7]![0x1]G[0xb][0x9a][0x8]y[0x12][0x9f][0xa7]]OK[0x8a][0xf1]5[0x9e][0xa4]g[0xc8]G[0xfb][0xc5]S[0x13]>[0xf]'[0xfe][0xe1][0xab][0xb2]l{[0xae][0xdc]}&[0xf8]v[0x89][0xf7][0x15][0xc7][0xf1]fJ[0xf8][0xbc][0x90][0xaf][0xfa]0[0xaf][0x1c]}J[0xba]][0x8f]uv[0xc5][0xfe]^[0xef][0x19]%w[0xd6][0x89][0x95][0xd4][0xa1][0xf3][0xc5][0xdb][0x3][0xfd][0xe7][0xa6][0xfe][0x0][0x0][0x0][0xff][0xff]9[0xab]X[0x8b]J[0x0][0x0]"
2020-12-29 02:55:23,151 DEBUG [main] wire:73 -  << "[\r][\n]"
2020-12-29 02:55:23,151 DEBUG [main] wire:73 -  << "0[\r][\n]"
2020-12-29 02:55:23,152 DEBUG [main] wire:73 -  << "[\r][\n]"
2020-12-29 02:55:23,152 DEBUG [main] RequestSpecificationImpl$RestAssuredHttpBuilder:548 - Parsed data to instance of: class org.apache.http.conn.EofSensorInputStream
