2020-12-29 02:31:18  INFO [main] Usercheck:24 - Prechecks completed
2020-12-29 02:31:20 DEBUG [main] BasicClientConnectionManager:161 - Get connection for route {}->http://dummy.restapiexample.com:80
2020-12-29 02:31:20 DEBUG [main] DefaultClientConnectionOperator:177 - Connecting to dummy.restapiexample.com:80
2020-12-29 02:31:20 DEBUG [main] RequestAddCookies:123 - CookieSpec selected: ignoreCookies
2020-12-29 02:31:20 DEBUG [main] RequestAuthCache:77 - Auth cache not set in the context
2020-12-29 02:31:20 DEBUG [main] RequestTargetAuthentication:80 - Target auth state: UNCHALLENGED
2020-12-29 02:31:20 DEBUG [main] RequestProxyAuthentication:89 - Proxy auth state: UNCHALLENGED
2020-12-29 02:31:20 DEBUG [main] DefaultHttpClient:682 - Attempt 1 to execute request
2020-12-29 02:31:20 DEBUG [main] DefaultClientConnection:274 - Sending request: GET /api/v1/employee/1 HTTP/1.1
2020-12-29 02:31:20 DEBUG [main] wire:73 -  >> "GET /api/v1/employee/1 HTTP/1.1[\r][\n]"
2020-12-29 02:31:20 DEBUG [main] wire:73 -  >> "Content-Type: application/json; charset=UTF-8[\r][\n]"
2020-12-29 02:31:20 DEBUG [main] wire:73 -  >> "Accept: */*[\r][\n]"
2020-12-29 02:31:20 DEBUG [main] wire:73 -  >> "Host: dummy.restapiexample.com[\r][\n]"
2020-12-29 02:31:20 DEBUG [main] wire:73 -  >> "Connection: Keep-Alive[\r][\n]"
2020-12-29 02:31:20 DEBUG [main] wire:73 -  >> "User-Agent: Apache-HttpClient/4.5.3 (Java/1.8.0_251)[\r][\n]"
2020-12-29 02:31:20 DEBUG [main] wire:73 -  >> "Accept-Encoding: gzip,deflate[\r][\n]"
2020-12-29 02:31:20 DEBUG [main] wire:73 -  >> "[\r][\n]"
2020-12-29 02:31:20 DEBUG [main] headers:278 - >> GET /api/v1/employee/1 HTTP/1.1
2020-12-29 02:31:20 DEBUG [main] headers:281 - >> Content-Type: application/json; charset=UTF-8
2020-12-29 02:31:20 DEBUG [main] headers:281 - >> Accept: */*
2020-12-29 02:31:20 DEBUG [main] headers:281 - >> Host: dummy.restapiexample.com
2020-12-29 02:31:20 DEBUG [main] headers:281 - >> Connection: Keep-Alive
2020-12-29 02:31:20 DEBUG [main] headers:281 - >> User-Agent: Apache-HttpClient/4.5.3 (Java/1.8.0_251)
2020-12-29 02:31:20 DEBUG [main] headers:281 - >> Accept-Encoding: gzip,deflate
2020-12-29 02:31:21 DEBUG [main] wire:73 -  << "HTTP/1.1 200 OK[\r][\n]"
2020-12-29 02:31:21 DEBUG [main] wire:73 -  << "Cache-Control: no-cache, private, max-age=31536000[\r][\n]"
2020-12-29 02:31:21 DEBUG [main] wire:73 -  << "Content-Type: application/json[\r][\n]"
2020-12-29 02:31:21 DEBUG [main] wire:73 -  << "Date: Mon, 28 Dec 2020 21:01:21 GMT[\r][\n]"
2020-12-29 02:31:21 DEBUG [main] wire:73 -  << "Display: staticcontent_sol[\r][\n]"
2020-12-29 02:31:21 DEBUG [main] wire:73 -  << "Expires: Tue, 28 Dec 2021 21:01:20 GMT[\r][\n]"
2020-12-29 02:31:21 DEBUG [main] wire:73 -  << "Host-Header: c2hhcmVkLmJsdWVob3N0LmNvbQ==[\r][\n]"
2020-12-29 02:31:21 DEBUG [main] wire:73 -  << "Referrer-Policy: [\r][\n]"
2020-12-29 02:31:21 DEBUG [main] wire:73 -  << "Response: 200[\r][\n]"
2020-12-29 02:31:21 DEBUG [main] wire:73 -  << "Server: nginx/1.16.0[\r][\n]"
2020-12-29 02:31:21 DEBUG [main] wire:73 -  << "Vary: Accept-Encoding[\r][\n]"
2020-12-29 02:31:21 DEBUG [main] wire:73 -  << "Vary: Accept-Encoding,User-Agent,Origin[\r][\n]"
2020-12-29 02:31:21 DEBUG [main] wire:73 -  << "X-Ezoic-Cdn: Miss[\r][\n]"
2020-12-29 02:31:21 DEBUG [main] wire:73 -  << "X-Middleton-Display: staticcontent_sol[\r][\n]"
2020-12-29 02:31:21 DEBUG [main] wire:73 -  << "X-Middleton-Response: 200[\r][\n]"
2020-12-29 02:31:21 DEBUG [main] wire:73 -  << "X-Ratelimit-Limit: 60[\r][\n]"
2020-12-29 02:31:21 DEBUG [main] wire:73 -  << "X-Ratelimit-Remaining: 58[\r][\n]"
2020-12-29 02:31:21 DEBUG [main] wire:73 -  << "X-Sol: pub_site[\r][\n]"
2020-12-29 02:31:21 DEBUG [main] wire:73 -  << "Content-Length: 179[\r][\n]"
2020-12-29 02:31:21 DEBUG [main] wire:73 -  << "[\r][\n]"
2020-12-29 02:31:21 DEBUG [main] DefaultClientConnection:259 - Receiving response: HTTP/1.1 200 OK
2020-12-29 02:31:21 DEBUG [main] headers:262 - << HTTP/1.1 200 OK
2020-12-29 02:31:21 DEBUG [main] headers:265 - << Cache-Control: no-cache, private, max-age=31536000
2020-12-29 02:31:21 DEBUG [main] headers:265 - << Content-Type: application/json
2020-12-29 02:31:21 DEBUG [main] headers:265 - << Date: Mon, 28 Dec 2020 21:01:21 GMT
2020-12-29 02:31:21 DEBUG [main] headers:265 - << Display: staticcontent_sol
2020-12-29 02:31:21 DEBUG [main] headers:265 - << Expires: Tue, 28 Dec 2021 21:01:20 GMT
2020-12-29 02:31:21 DEBUG [main] headers:265 - << Host-Header: c2hhcmVkLmJsdWVob3N0LmNvbQ==
2020-12-29 02:31:21 DEBUG [main] headers:265 - << Referrer-Policy: 
2020-12-29 02:31:21 DEBUG [main] headers:265 - << Response: 200
2020-12-29 02:31:21 DEBUG [main] headers:265 - << Server: nginx/1.16.0
2020-12-29 02:31:21 DEBUG [main] headers:265 - << Vary: Accept-Encoding
2020-12-29 02:31:21 DEBUG [main] headers:265 - << Vary: Accept-Encoding,User-Agent,Origin
2020-12-29 02:31:21 DEBUG [main] headers:265 - << X-Ezoic-Cdn: Miss
2020-12-29 02:31:21 DEBUG [main] headers:265 - << X-Middleton-Display: staticcontent_sol
2020-12-29 02:31:21 DEBUG [main] headers:265 - << X-Middleton-Response: 200
2020-12-29 02:31:21 DEBUG [main] headers:265 - << X-Ratelimit-Limit: 60
2020-12-29 02:31:21 DEBUG [main] headers:265 - << X-Ratelimit-Remaining: 58
2020-12-29 02:31:21 DEBUG [main] headers:265 - << X-Sol: pub_site
2020-12-29 02:31:21 DEBUG [main] headers:265 - << Content-Length: 179
2020-12-29 02:31:21 DEBUG [main] DefaultHttpClient:509 - Connection can be kept alive indefinitely
2020-12-29 02:31:21 DEBUG [main] RequestSpecificationImpl$RestAssuredHttpBuilder:545 - Parsing response as: application/json
2020-12-29 02:31:21 DEBUG [main] RequestSpecificationImpl$RestAssuredHttpBuilder:548 - Parsed data to instance of: class org.apache.http.conn.EofSensorInputStream
2020-12-29 02:31:21  INFO [main] Usercheck:33 - request sent successfully
2020-12-29 02:31:21 DEBUG [main] wire:87 -  << "{"status":"success","data":{"id":1,"employee_name":"Tiger Nixon","employee_salary":320800,"employee_age":61,"profile_image":""},"message":"Successfully! Record has been fetched."}"
2020-12-29 02:31:21 DEBUG [main] BasicClientConnectionManager:200 - Releasing connection org.apache.http.impl.conn.ManagedClientConnectionImpl@58e6d4b8
2020-12-29 02:31:21 DEBUG [main] BasicClientConnectionManager:225 - Connection can be kept alive indefinitely
2020-12-29 02:31:21 DEBUG [main] BasicClientConnectionManager:161 - Get connection for route {}->http://dummy.restapiexample.com:80
2020-12-29 02:31:21 DEBUG [main] DefaultClientConnectionOperator:177 - Connecting to dummy.restapiexample.com:80
2020-12-29 02:31:21 DEBUG [main] RequestAddCookies:123 - CookieSpec selected: ignoreCookies
2020-12-29 02:31:21 DEBUG [main] RequestAuthCache:77 - Auth cache not set in the context
2020-12-29 02:31:21 DEBUG [main] RequestTargetAuthentication:80 - Target auth state: UNCHALLENGED
2020-12-29 02:31:21 DEBUG [main] RequestProxyAuthentication:89 - Proxy auth state: UNCHALLENGED
2020-12-29 02:31:21 DEBUG [main] DefaultHttpClient:682 - Attempt 1 to execute request
2020-12-29 02:31:21 DEBUG [main] DefaultClientConnection:274 - Sending request: GET /api/v1/employee/2 HTTP/1.1
2020-12-29 02:31:21 DEBUG [main] wire:73 -  >> "GET /api/v1/employee/2 HTTP/1.1[\r][\n]"
2020-12-29 02:31:21 DEBUG [main] wire:73 -  >> "Content-Type: application/json; charset=UTF-8[\r][\n]"
2020-12-29 02:31:21 DEBUG [main] wire:73 -  >> "Accept: */*[\r][\n]"
2020-12-29 02:31:21 DEBUG [main] wire:73 -  >> "Host: dummy.restapiexample.com[\r][\n]"
2020-12-29 02:31:21 DEBUG [main] wire:73 -  >> "Connection: Keep-Alive[\r][\n]"
2020-12-29 02:31:21 DEBUG [main] wire:73 -  >> "User-Agent: Apache-HttpClient/4.5.3 (Java/1.8.0_251)[\r][\n]"
2020-12-29 02:31:21 DEBUG [main] wire:73 -  >> "Accept-Encoding: gzip,deflate[\r][\n]"
2020-12-29 02:31:21 DEBUG [main] wire:73 -  >> "[\r][\n]"
2020-12-29 02:31:21 DEBUG [main] headers:278 - >> GET /api/v1/employee/2 HTTP/1.1
2020-12-29 02:31:21 DEBUG [main] headers:281 - >> Content-Type: application/json; charset=UTF-8
2020-12-29 02:31:21 DEBUG [main] headers:281 - >> Accept: */*
2020-12-29 02:31:21 DEBUG [main] headers:281 - >> Host: dummy.restapiexample.com
2020-12-29 02:31:21 DEBUG [main] headers:281 - >> Connection: Keep-Alive
2020-12-29 02:31:21 DEBUG [main] headers:281 - >> User-Agent: Apache-HttpClient/4.5.3 (Java/1.8.0_251)
2020-12-29 02:31:21 DEBUG [main] headers:281 - >> Accept-Encoding: gzip,deflate
2020-12-29 02:31:22 DEBUG [main] wire:73 -  << "HTTP/1.1 429 Too Many Requests[\r][\n]"
2020-12-29 02:31:22 DEBUG [main] wire:73 -  << "Content-Encoding: gzip[\r][\n]"
2020-12-29 02:31:22 DEBUG [main] wire:73 -  << "Content-Type: text/html; charset=UTF-8[\r][\n]"
2020-12-29 02:31:22 DEBUG [main] wire:73 -  << "Date: Mon, 28 Dec 2020 21:01:22 GMT[\r][\n]"
2020-12-29 02:31:22 DEBUG [main] wire:73 -  << "Display: staticcontent_sol[\r][\n]"
2020-12-29 02:31:22 DEBUG [main] wire:73 -  << "Expires: Sun, 27 Dec 2020 21:01:22 GMT[\r][\n]"
2020-12-29 02:31:22 DEBUG [main] wire:73 -  << "Host-Header: c2hhcmVkLmJsdWVob3N0LmNvbQ==[\r][\n]"
2020-12-29 02:31:22 DEBUG [main] wire:73 -  << "Pagespeed: off[\r][\n]"
2020-12-29 02:31:22 DEBUG [main] wire:73 -  << "Referrer-Policy: [\r][\n]"
2020-12-29 02:31:22 DEBUG [main] wire:73 -  << "Response: 429[\r][\n]"
2020-12-29 02:31:22 DEBUG [main] wire:73 -  << "Retry-After: 32[\r][\n]"
2020-12-29 02:31:22 DEBUG [main] wire:73 -  << "Server: nginx/1.16.0[\r][\n]"
2020-12-29 02:31:22 DEBUG [main] wire:73 -  << "Vary: Accept-Encoding[\r][\n]"
2020-12-29 02:31:22 DEBUG [main] wire:73 -  << "Vary: Accept-Encoding,User-Agent,Origin[\r][\n]"
2020-12-29 02:31:22 DEBUG [main] wire:73 -  << "X-Ezoic-Cdn: Miss[\r][\n]"
2020-12-29 02:31:22 DEBUG [main] wire:73 -  << "X-Middleton-Display: staticcontent_sol[\r][\n]"
2020-12-29 02:31:22 DEBUG [main] wire:73 -  << "X-Middleton-Response: 429[\r][\n]"
2020-12-29 02:31:22 DEBUG [main] wire:73 -  << "X-Ratelimit-Limit: 60[\r][\n]"
2020-12-29 02:31:22 DEBUG [main] wire:73 -  << "X-Ratelimit-Remaining: 57[\r][\n]"
2020-12-29 02:31:22 DEBUG [main] wire:73 -  << "X-Ratelimit-Reset: 1609189314[\r][\n]"
2020-12-29 02:31:22 DEBUG [main] wire:73 -  << "X-Sol: pub_site[\r][\n]"
2020-12-29 02:31:22 DEBUG [main] wire:73 -  << "Transfer-Encoding: chunked[\r][\n]"
2020-12-29 02:31:22 DEBUG [main] wire:73 -  << "[\r][\n]"
2020-12-29 02:31:22 DEBUG [main] DefaultClientConnection:259 - Receiving response: HTTP/1.1 429 Too Many Requests
2020-12-29 02:31:22 DEBUG [main] headers:262 - << HTTP/1.1 429 Too Many Requests
2020-12-29 02:31:22 DEBUG [main] headers:265 - << Content-Encoding: gzip
2020-12-29 02:31:22 DEBUG [main] headers:265 - << Content-Type: text/html; charset=UTF-8
2020-12-29 02:31:22 DEBUG [main] headers:265 - << Date: Mon, 28 Dec 2020 21:01:22 GMT
2020-12-29 02:31:22 DEBUG [main] headers:265 - << Display: staticcontent_sol
2020-12-29 02:31:22 DEBUG [main] headers:265 - << Expires: Sun, 27 Dec 2020 21:01:22 GMT
2020-12-29 02:31:22 DEBUG [main] headers:265 - << Host-Header: c2hhcmVkLmJsdWVob3N0LmNvbQ==
2020-12-29 02:31:22 DEBUG [main] headers:265 - << Pagespeed: off
2020-12-29 02:31:22 DEBUG [main] headers:265 - << Referrer-Policy: 
2020-12-29 02:31:22 DEBUG [main] headers:265 - << Response: 429
2020-12-29 02:31:22 DEBUG [main] headers:265 - << Retry-After: 32
2020-12-29 02:31:22 DEBUG [main] headers:265 - << Server: nginx/1.16.0
2020-12-29 02:31:22 DEBUG [main] headers:265 - << Vary: Accept-Encoding
2020-12-29 02:31:22 DEBUG [main] headers:265 - << Vary: Accept-Encoding,User-Agent,Origin
2020-12-29 02:31:22 DEBUG [main] headers:265 - << X-Ezoic-Cdn: Miss
2020-12-29 02:31:22 DEBUG [main] headers:265 - << X-Middleton-Display: staticcontent_sol
2020-12-29 02:31:22 DEBUG [main] headers:265 - << X-Middleton-Response: 429
2020-12-29 02:31:22 DEBUG [main] headers:265 - << X-Ratelimit-Limit: 60
2020-12-29 02:31:22 DEBUG [main] headers:265 - << X-Ratelimit-Remaining: 57
2020-12-29 02:31:22 DEBUG [main] headers:265 - << X-Ratelimit-Reset: 1609189314
2020-12-29 02:31:22 DEBUG [main] headers:265 - << X-Sol: pub_site
2020-12-29 02:31:22 DEBUG [main] headers:265 - << Transfer-Encoding: chunked
2020-12-29 02:31:22 DEBUG [main] DefaultHttpClient:509 - Connection can be kept alive indefinitely
2020-12-29 02:31:22 DEBUG [main] RequestSpecificationImpl$RestAssuredHttpBuilder:545 - Parsing response as: text/html; charset=UTF-8
2020-12-29 02:31:22 DEBUG [main] wire:73 -  << "800[\r][\n]"
2020-12-29 02:31:22 DEBUG [main] wire:73 -  << "[0x1f][0x8b][0x8][0x0][0x0][0x0][0x0][0x0][0x0][0xff][0xc4]|[0xff]s[0xdb]6[0xf2][0xe8][0xcf][0xd5]_A[0xe3]3c[0x92][0x15]EK[0xb6][0xe3][0xc4]ThO[0x12][0xbb]w~[0x97]K;[0x89]s[0x9d]{[0x1e]?[0xe]D[0xae]$$[0x14][0xc1][0x2][0x90][0x14][0xd9][0xd6][0xff][0xfe][0x6][0x0][0xbf][0x93][0xb2][0x9d][0xb4][0x9f][0xbb][0xb4]#[0x91][0x8b][0xc5][0xee]b[0xb1][0xdf][0xb0][0xa4][0xfc]z[0xef][0xe2][0xd7]w[0xd7][0xff][0xfe][0xed][0xd2][0x98][0x8b]E|[0xd6]{-[0xbf][0x8c][0x18]'3[0x1f]A[0x82][0xce]z[0x86]a[0x18][0xaf][0xe7][0x80][0xa3][0xb3][0xd7][0xb][0x10][0xd8][0x8][0xe7][0x98]q[0x10]>Z[0x8a][0xe9][0xe0][0x15]:[0xeb][0xbd][0xe6]!#[0xa9]0",[0xf0][0x0][0xee]x[0xc8][0xe0][0x9b]oNq[0xcc][0xc1][0xd4][0xc0]p[0x8a][0xf9]&[0x9][0xeb][0xc0][0x14][0xcf][0x80][0xa7][0x0][0xd1] [0xa1][0x83][0x8][0xa6][0xc0][0xce]V[0x98][0x19]A[0x0]w[0xbe][0xfc]xx[0xb8][0xdf][0x8e][0xe5][0x85][0xcb][0xc5][0x82][0xfb][0x17]X[0x80][0x9b][0xd0][0xb5]ek [0xac][0x84]_ ([0x1][0x8a][0xdb][0xf0][0xab][0x9f]}[0x97]4[0x4],[0xd2][0x18][0xb][0xf0][0x9b][0x0][0x97][0xf0]_[0x19][0x99][0xf9]J4=[0xf4][0xc7][0x12][0x96][0xe0][[0xd3]e[0x12][\n]"
2020-12-29 02:31:22 DEBUG [main] wire:73 -  << "B[0x13][0xcb][0xbe][0x97][0x82][0x85]t[0x99][0x8][0xe8][0x90]$d[0xf2]K[0xc0][0x82][0xfb]7[0xb7][0x8e] [0xb][0xb8][0x80][0x18]o~![0xc]"M[0xc7][0x99][0xa7]W[0xf9]x\^[0xe2]8[0xa6][0xeb][0xf7][0x14]G[0xbe]`K[0x18]K[0xaa]t[0xf2][0xc5][0xbf][0x97][0x9c][0xbc][0x82]][0x82][0x17][0xe0][0xc8][0xbb][0xf][0xf2]"[0xc5][0xc]/@[0x0][0xe3][0xe][0xe1]oc[0x1a]~u&[0xf2][0x13][0xa2][0xb7][0x1b]'[0x82][0x18][0x4][0xfc]>[0x87][0xe4][0x1d]][0xa4][0xf2][0xda]I[0x19][\r][0x1][0xa2][0xab][0xe9]%c[0x94]i[0xd1]9[0xc4]S_[0xcc][0x9][0x1f][0xcb][0xf]W2[0xf0][0xe5][0x87][0xbe][0xcd]Y[0xf9][0xf9][0x85][0x6][0x97][0x8c][0xfd][0xca][0xa5][0xef]'[0xcb]8>[0x97][0x1f][0x9e]U[0xc2][\r][0x92]p[0x81][0x93][0x10][0xe8][0xd4]x[0xc3][0x18][0xde][0xd8][0xe7][0xe5][0xa0]wS^[0xdf]j[0xe2][0xd9]R[0xfc][0xec][[0x3][0x8b]u[0xf9][0xc5][0x95][0x1e]h/[0xd3]o[0x83]r[0xc2]j[0xdd][0xd9]vf[0xa0]bV[\r]z[0x95][0x10]ApL[0xee][0xf2]][0xcb][0xd6]]S[0xa0]_[0xbf][0xcd][0xe7]^[0xe7][0x9b][0xde][0x9a][0xc9][0xb9]_1[0x9c][0x98][0xce],[0xe4][0xba][0xae]!a[0x86]o[0xa0][0xbe][0xd4][0xbb]=[0x96];[0xd2][0x10]A[0x99]D[0x6]/[0x4]V[0xc0][0x1a][0x11][0x17][0xa7]i[0xbc][0xf1][\n]"
2020-12-29 02:31:22 DEBUG [main] wire:73 -  << "Jr%[0x9c][0xfb]jn[0xbe][0x87].Oc",[0xd3]5K[0x14][0xb5]uc2U[0x96][0xcd][0xdd][0x18][0x92][0x99][0x98][0x9f][0x1d][0xd9][0xf7][[0x88]9[0x18][0x8d][0x1][0xdf][0xf7][0x8f]le[0x9a][0xfe][0x9a]$[0x11]][0xdf][0xa8][0xd1][0x9b][0xe1][0xed]mv5*[0xae][0xe]oo[0xc7][0xbb][0x88][0x1c]>IDO[0xad]a[0xd5][0xd6]r;[0xde][0xf6][0xc8][0xd4][0x12][0x9b]T[0x9a][0x97][0x84][0xee][0xf9][0xbe][0xb9]L"[0x98][0x92][0x4]"s?[0x83][0xc9][0xf5]inZK[0x96][0x4]8[\r]k[0xb6]55[0xc5][0xa1][0xc3][0xb0]|[0xa5]s[[0x8f][0x18][0xca][0xcb]o[0x12]%D>)[0xb7][0xdd][0xc]S[0xef][0xf1]@[0xfe]3~1/[0xe4][0xce](4[0xbd]=[0x99]M[0xbc][0x89]c[0xcb][0x1e]o[0xb7][gJbh[0xf8]z[0x8a][0xc5][0xbc][0xc3][0xb9]U[0xcc]tTd[0xfc][0x1][0xaf][0x96]D}[0xf9][0xa1]ou[0x0]V[0x9f][0xb9]OM[0x81][0xf9][0xea][0xf3]G\r[0xa7][0xfb]<[0xdb][0x1][0xff]R?[0xdb][0xe5]O[0xa5][0xeb][0x90][0x18]*[0xfe][0xa7][0xf4][0x17]2?[0xa2][0xe1]r[0x1][0x89]pC[0x6]X[0xc0]e[0xc][0xf2][0xce]2uF1[0xed]1[0xf][0x99][0xcb]Y[0xa8]5I[0xa6][0x96][0xd6]c[0xb6][0xf5]rP[0x3][0x14][0xb3][0xdc][0x1][0xb4]j+8[0x1a][0xa0][0x1d]<d.M@[0xab][0xa8][0x11]'[0xb4][\r]]~[0xfc][0xd8][0xb2][0xa2]lyZS[0x8a][0xce].cl[0xd8][[0xc6][0x8f][0x1][0x8e]6\`[0x1][0xe1][0x1c]'3[0xf0]58[0x96][0xa9][0xa8][0x91][0xe6][0x14][0x96][0x1a]W[0x93]>[0xc9][0xdb][0xf1][0xa3]&N[0xa6][0x96][0xb5][0xa7][0xa6]=<[0x1c]H[0x92][0x10]=[0x84][0xd9][0x86][0x1f][0xb8][0x2][0xb8][0xb0][0xd4][0xa8]m[0x17][0xfb]T[0x8f]o[0xcf]\[0xcb]v\[0xec][0xd6][0xc]D[0xb6]U[0xfc][0xed][0xe6][0x1a][0xcf]d[0x94][0xb0]LY[0xa4][0x98][0xf6][0xcd][0xf0]Vz?$[0xd1][0xbb]9[0x89]#[0x8b][0x87]L[0xcf][0xce][0x17]j[0x90][0x84][0x8][0xcb][0xbe][0xd7][0xa1][0xc6][0xc5]Qt[0xb9][0x82]D[0xbc]'\@[0x2][0xcc]Br[\r][0xc8][0xa9]Y[0x97][0x90][0x86]H[0x97][0xa2]Z[0x14]4[0x12]ao[0xe6][0xf5][0xc5][0xe5][0xfb]7[0xff]6[0x94][0xbe][0xcc]f[0x8]p^[0xc][0x87]C[0xf9][0xad][0xc]Z[0x6][0xa3]B.[0x1c]E[0xbf][0x90][0x18]~0(8)#[0x94][0x11][0xb1][0xd1][0xfb](#[0x97][0x9f][0xc0]ZV[0x18][0xee][0xf4][0xc7][0xc9][0xaa][0xfd][0xcd]I[0x17][[0x93][0xd5]7:2[0xfa][0x92][0x97][0x8e][0xe1]q[0x1b][0xde]#[\r][0xc8]8[0x9c]C[0xf8][0xf5]j[0xfa]Vs[0xb7]$[0xac][0xa6][0x7][0xe][0xa2][0xa8][0x94],[0xe]B[0xd0][0x9][0xa5][0xb1]}_[0x96]O[0x5][0xb0][0xa1][0xbd]e[0x12][0x96][0xe5][0xd3][0xe3][0xa5][0x13]^[\n]"
2020-12-29 02:31:22 DEBUG [main] wire:73 -  << "z[0xa5][0xd6][0xfc]D[0x9]U[0xd1][0xab][0xf4]=-WD[0x11]t[0xfb](@}Y[0x1a][0xf6][0xfb][0xe3][0xb6][0xfa][0xbf]C[0xae][0xa7]K[0xba][0xff][0xfc][0x86][0xe0]([0xba].[0x8d][0xbd]jJO[0xdb][0x9a][0xae][0x87]on[0xb3][0xb][0xfd][0xa9]d[0x1e][0xcb]i[0xb5][0x18]_[0xb8][0x90][0xd2][0xa8]i[0xc8][0xc0]m[0xf6]M[0xe3][0x97][0xab][0xf7][0x97]{[0x86]v+[0xd3][0x1e][0xb7][0xd7]4[0xfe]sK[0xda][0xb5]=][0xab][0xdb][0xb9][0x95][0xc5]B[0xe5]*[0xbe]{[0x85][0x9f]?[0xbc][0xbb][0xbe][0xfa][0xf5][0xc3]_[0xbc][0xca][0xae]qi[0xc5][0x99][0xd9][0xe5][0xa0][0xcc][0x8a][0x1e][0x1e]J[0xf][0xd3][0xf9][0xd6]f [0x96],[0xd1][0xeb][0xc8][0xe2][0x98]U[0xe3][0xd0][0xa0][0xa4][0x88]7[0x17][0xad][0xa9][0xef][0xef]7[0x2]f[0xce]C%?5I;[0x92][0x91]9[0x83][0xe1][0x1b][0xd7]W[0xff][0xbc]4[0x94]B[0xf6][0x90]=[0xd6][0xc2][0x18]J[0x87][0xaa][0x86]S[0x93][\n]"
2020-12-29 02:31:22 DEBUG [main] wire:73 -  << "[0xd7]i[0x9f]A[0xee][0xa7][0x94]Yj[0xb][0xfd][0xe1][0x98][0xbc][0xae][0xa3]g[0x15][0xea][0x98][0xf4][0xfb]z[0x9f]'[0xba][0xfc][0xa9]![0xdd][0x10]U[0xf7])[0xc5][0xbb]s[0xcc]]'[0xbf]1[0x9a][0x2][0x13][0x1b]K![0xd9][0xcf]Y[0x6][0xea]k[0xdc][0xfa][\n]"
2020-12-29 02:31:22 DEBUG [main] wire:73 -  << "[0xf2]r[0xa1]TnY[\r][0xe5]*[0xd3];[0xae]f[0xdf][0x16][0x5]@[0xee][0xf3][0x19]5][0x19][0xd5][0xc8]U[0xa6]T[\n]"
2020-12-29 02:31:22 DEBUG [main] wire:87 -  << "[0xdb][0x1f][0x94]s[0xbb][0xed][0xd5]9[0x95][0xbb]/I-[0xf8]L[0xeb]o[0xce]`[0x9a][0xd5][0xef]nLC,1\[0x9]T[0x1][0x91][0xc1]L9[0xd1]G[0x98]]~K-[0xf3][0xe6]|[0xff][0x16][0xee][0xfe][0xf0][0xad][0x9b][0xff][0xb7][0xff]?[0xb7]?[0xdb][0xa6]c[0x92][0xec][0xac][0xc2][0x5]#[0xc9][0xcc]g0s[0xe1][0x1b][0x84][0x96][0xa4]agD[0xb8][0xaf]G[0xcf][0xf5][0xd7][0xcd][0xe8][0xd6][0xcb]O5r[0xd0][0xf7][0xd1][0x8][0xd9]!M8[0x8d][0xc1][0x8d]`[0xb2][0xd4][0x2]V[0x85][0xae][0xe6][0xe3]{u[0xaa][0xef][0xf7][0xe5]|uyv8[0x1c][0xe6]V[0xaf][0xaa][0x9e][0x18][0x84][0xc9][0x8d][0x19]EE"Wnie[0x1][0xb7][0x1][0x8d]sh[0x9b]_[0x86]@[0xb8][0xa8][0xd8][0xa5]A[0x12]C[0x83][0xc8]T[0x8d]5[0x8d][0x8c][0x94][0x6][0x16][0xd2]D[0x90]$[0xeb][0x1b][0xa8][0xa0]$'T,[0xb4][0xbe][0xdb][0xda][0xa3][0x1b][0xfe][0xf9][0xf0][0x90]!V+[0xe5][0x2]W[0xf][0xd5][0x8d][0xac][0xa4]][0x87][0xd7][0xad][0xc8][0xf4][0xc]U[0xd3][0x9a]v[0xdd][0xac][[0x12]uL[0xcc]kE[0x3][0xc7][0xaa][0xe4]l[0xd3]h[0xb][0xdb]A[0x86][0x94]H[0x15]J:[0xb]6[0xe3][0xd7]v[0xdb][0xd3]E`f[0xe9][0xf7]Y[0xe9][0xe5]e[0xdf][0xe][0x8e][0xa2]"[0xdb]y[0xcd][0xf4][0xe7]d[0xa5][0x86][0x97]}[0x97][0xd8][0x19][0xb0][0x96]Yt[0xa7][0xc8]S[0x9f]Ni{^y[0xe9]T[0xb][0x1e][0xaf]z[0xb3][0x1d]o[0xed]J[0xc3]K[0xd6][0xaa]e[0xbd][0xe][0x8e]p[0x12][0xfb][0x1e]Z[0x15][0xec]y[0x1b]d[0x9]'q[0xf6]F[0xb6][0x7].[0x16][0x2][0x87]s5z^[0xbb][0xb3][0x10]MP_[0xd2][0xf4][0xe0]F_[0xdf][0xfa][0x89]eo[0x9d][0x82]?[0x83][0x5]]A[0x87][0x8]z[0xa0])E[0x7][0xb4]"H[0x4]UA*w[0x15]A[0xb2]cx!O[0xad][0xe1][0xd7]P[0x87][0x8e]Bb[0xd7][0x99][0xe][0xe9]I[0xc8][0x1e][0xb]u[0xa2][0x3]Gd[0x87][0xb7][0xbd][0xa1]#\[0xb1]I[0xc1]G[0x2][0xbe][0x89][0x83]/x[0x85]3d[0xe7][0xf1]#[0x7][0x92]G[0xe][0xd4]:r[0x8]{[[0xe9]$[0xba]y]o[0x1e]D [0x18]%"[0x9c][0x93][0x10][0xcf][0xe8][0xc1][0x84][0x12][0xe][0xee][0x17]n:[0xc6][0xce][0xb1][0xf3]Y8[0xf1]G[0xa7][0xa3][0xc1][0xc9][0xbe][0xbc]0[0x1d][0x1d][0x85][0x1d][0xe3][0xe6][0xd6]Q[0x1][0xba][0x0]Tn2[0x93][0x89]h[0xd9][0x14]}B[0x94][0x5],Ry[0xb6][0xee][0x16][0xa6][0x1c][0xad][0x8b]s[0xf8]][0xe2]<%[0x2]I[0x12][0xc0])[0x8d]w[0x8b]Q[0xc3][0xf8]3[0x9a]YA[0xda]j[0xf0][0xa6][0xe4][0x1b][0xc4][0xaa]O[0x9b]~[0xfb][0xfc][0xf1][0xbd][0x8f][0x9a][0xec]g[0xc][0xa7]0eK"[0xdc][0x19][0x99][0xa2][0xf2]@[0xf9]&[0x8a]~[0x93][0x93][0xad][0xd5][0xd5][0x85][0xa3][0xc8]\`[0x81]U[0xec][0xcc][0xf7][0xc1]%[0xfc]B[0xb7][0xab]$[0x92][0xbd][0xbf]_[0x19][0xf8][0x17][0x8e]Id[0x95][0xf3][0xec]{-[0x8a][0x9b].[0xf9][0xdc][0xba][0x97][0x96][0xe9][0x99]+[0x12][0x1]5[0x1d][0xf5][0x15][0x90]E[0xca][0x80]sB[0x93][0x80]D[0x9e][0xe4][0x1a][0xd1][0x5]&[0xea][0xae] <[0x3]qqua[0xd9][0x8e][0x8] [0xa5][0xe1][0xbc]6r)![0xd6][0xd0]v",p9"[0xef][0xae][0xe9]'[0xc1]*[0xe2]le[0xc0],[0xd3][0x99],[0xde],[0xb5][0xb6][0xac]!W[0xb8][0xc8][0x8a]p2!1[0x11][0xba]k[0xd0]l[0xd2][0xed][0xc2][0x93]I;e[0xc0] [0x89][0x80][0xa1][0xbc][0xac]"
2020-12-29 02:31:22 DEBUG [main] wire:73 -  << "[\r][\n]"
2020-12-29 02:31:22 DEBUG [main] wire:73 -  << "800[\r][\n]"
2020-12-29 02:31:22 DEBUG [main] wire:73 -  << "[0xd1][0x15]^[0x87][0xfa][0xb4]n[0xec][0xfd][0xfd]LIY[0x1b]sh[0xdf][0xaf][0xe7][0xd2][0xae]Z`[0xb9][0xb7]_[0xfc][0x17]2K~9[0xab][0x8d][0xda][0xf7]_[0xfc][0x1a]`[0xbc][0xed])KX[0xf2][0xf9]o[0xda][0x1a][0xb2]a[0x9e][0xc6]$[0x4]k[0xe8]|[0xb1][0xc7][0x96],c[0xae][0x16]x[0x6][0x96]m[0xab]PRU[0xec][0xe7][0x8f][0xef]-e?v[0x1f][0x9d]SFf>[0xea][[0x9d]O[0x1c]t&;[0x1f]yC[0xbb][0x8f][0xf6]W>[0xea]O[0x4][0xc5][0xd6][0xff][0xf9][0xf4][0xeb][0x7]WW7d[0xba][0xb1]JYl[0xb5][0xf][0x85][0x95][0x8e][0xf3][0xb2][0xec][0xfe]M[0x14]y[0xb9][0x9]:r{<[0xf9][0x91][0xe5][0x8e][0xd7][0x7]:[0x94][0x9d][0xfd]u[0x8f]i[0xd4]jR[0x88][0x9f][0xe1]A)e[0xa9][0xc]d8[0x11][0x7][0x98]-6m[0xc7]y[0x93]DRZ[0xed]?8[0xfa][0x14]SQu[0xa1][0xc2][0xb5][0x9a]C[0xce]0[0xff][0xcf][0x1e]k[0x93][0xac][0xd6]\%a[0xa9][0xea]?A<;[0xc8][0xb5]9[0xfc][\r][0xc4][0xbb]%c[0x90][0x8][0xbd];VQ[0x8f]k-4[0xa4][0xd9][0xc1][0x87][0xc1][\n]"
2020-12-29 02:31:22 DEBUG [main] wire:73 -  << "[0x92]%8[0xc0]E[0x90]_OH[0x14]LcJY0%q[0xc]Q[0x5][0x90]2X9\`[0x11]p[0xba]d![0x4]$r[0xb4]5)[0x87][0xdc][0xeb]p[0x17][0xcd][0xd2]~x[0xa8][0x8c][0xbd]I6[0xf5]ai[0xb8][0xf2];[0xcb]pW[0x91][0x93][0xc1][0xb][0x80]][0x1c][0x1f][\n]"
2020-12-29 02:31:22 DEBUG [main] wire:73 -  << "[0xf7][0x94];[0x8e][0xa3] [0xa5][0x9c][0x8][0x1d][0x89][0xfc][0x14]3[0xe]W[0x89][0xb0][0xaa][0x1e]q[0x8d][0xd9][0xc][0x4]If[0xf9][0xf2]M[0x9c][0x9a][0xb6].[0xe8][0xc9]"[0xbd][0x8a]j[0xfe]#1[0xae][0xae].r[0xb9][0x1d][0x1c]}N[0x88][0xa8][0xa1][0xbc]Q[0xa0][0x9c]Z[0xb6][0xfe][0xb1]~F[0xa7][0xe8]=O[0xc]$[0xb1]I[0x84]2Qb[0x92][0x80][0xac][0xd1][0xaf]"[0xa8][0x89][0xc9][0xf2][0x81][0xac][0xa0][0x0][0xc0][0x1d]Y[0xc8]][0xf3]e[0xfc][0xcc][0xae]s9[0xc7]e<,[0xd0]|[0x93]N[0xbe]@(L[0xb5]99[0xd8][0xcd][0xe9][0x6]$[0xda][0xf3][0xfd]"B[0xda][0xf7][0x15][0x86]][0xc8]:"[0x16]#R[0xde]@V[0x95]-:[0x95][0x95]tb[0xcb]0[0xd2][0x1d][[0xd5]vd*[0xff][0xfe][0x1c][0x85][0xca][0xb4][0x84][0x9c]z[0x8a][0xd2][0x84][0x1f]KR[0xcb][0x84][0x8]Os~<aen[0xe2]u[0xb8][0x8e]Wu[0xa3][0x8a]izu3[0x95]C[0x9c][0xdc][0x81][0x87]P[0xcb][0xd9][0xbc]'[0xbc][0xcf]{[0xd4][0x19][0xbd][0x86]o[0xaa]#%[0xdb][0x4]![0x8d][0xa0][0xb6][0x9a]w[0xef],[0xdb][0x91][0xa1]uE`[0xdd]T[0xc8]o[0x19][0xfc]*[0xb2]lG[0x1a][0xa9]D[0xd0][0xa6][0xed]T[0xf7][0xd1]+7[0xda][0xa9][0xd8][0x89]W[0xda][0xd1]3[0xb2][0xbb]Cx [0xd3][0x94][0xa7][0xfd]([0x8b][0x13][0x8d]\[0xe5]4j[0x80]<[0xa0][0xbd][0xdd]\)[0xa3][0xf9]e[0x19][0xc7]WQ%[0xae][0xe5]AI[0xba][0xcd][\n]"
2020-12-29 02:31:22 DEBUG [main] wire:73 -  << "[0xc7][0xdc]/[0x90][0xf2][0x7][0x93][0x7][0xa6][0xf2][0x99]n#[0xd4][0xa8][0xf6][0xfe][0xbe][0x9c][y[0x1e][0xf9][0x84]I[0xea][0x88][0xa4][0xe2][0x85][0x9c]x3[0xbc]ut[0x80]Qw[0x87][0xb7][0xe3][0xff][0x96][0xcd]>k[0xa7][0xff][0xa2][0xbd][0xfa][0xf][0x97]ky[0x87][0xf0];k5[0xb5]Uq[0x9c]UY7[0xd9][0xf8][0x94][0xc4][0x2]XYV(p=[0xb1][0xba][0x99][0xe][0xb6][0xb6][0xf3][0x9c]I{[0x8d]I[0xb7][0xe3][0x82][0xab];[0xa5][0xec][0x12][0x87][0xf3][0xc6]L[0xfe]h![0x99][0xd5]nzL[0x9e][0xfb]2[0xca][0xf][0xf][0xba]9[0xf6]W[0x17][0x9b]EY%[0xeb][0xa9]'[0xeb][0xcc][0xce][0xca][0x92][0xb][0xfe][0x9c][0xda][0xb2][0xb4][0x90][0xac][0x87]G[0xf8][0x9b]E[0xda][0xb4][\n]"
2020-12-29 02:31:22 DEBUG [main] wire:73 -  << "[0x5][0xdc][0xdf][0xaf]c[0x6]p[0x87][0xff]hb*`[0xb3][0x9d][0x85][\n]"
2020-12-29 02:31:22 DEBUG [main] wire:73 -  << "wBy[\n]"
2020-12-29 02:31:22 DEBUG [main] wire:73 -  << "[0xf9][0xfc][0xf1]}[0xdf]G[0xfb][0xd2][0xca]D[0xb0]\[0x92][0xc8]G}5[0xf7][0xc6],a[0xa6],w[0xdb][0x85]wN`[0xbc][0xdd][0xda][0xf5][0xd2][0xb8][0xb0][0xff][0x8e]\]q[0x86]@&[0xc8] [0xf2]}T[0x88][0x8e][0xea][0x8d][0xd5][0xbc][0xce][0x91]N[0xae][0xde][0x92]iW"[0xbf]a1[0xcf]iW[0xc2][0x9b][0x9b][0xd2][0xd4][0xaa][0xea][0xb5]`V[0x14][0x6]JK[0x12][0xd6][0xd4]S[0xc9][0xcf].[0xc4][0xc9]Po[0xca]1[0xb5][0xd0][0xac][0x95]([0x7][0xff][0x1][0x1b][0x83][0x14][0x88]E[0xd5][0xf1][0xf][0xd8][0xb4][0xc4][0xf2]}[0xbf][0xc2][0xa3][0xc9]"[0x9b]u;n[0xf7]~[0xbb][0xce][0x1c]e[0xb5][0xed]5*z[0xa7]^[0x88]{[0x1d]u[0xb9]D[0x91]y[0xc4][0xab]&[0x95][0xf2][0x18][0xe3][0xfc][\r][0xb2][\n]"
2020-12-29 02:31:22 DEBUG [main] wire:73 -  << "[0xdb]k[0x96][0xdc]N[0xb5]=[0xf6]Ds[0x81][0xe1][0x18][0xc8]l[0xbe][0xa3][0xb1]P[0x8e][0xfe]/[0xf6]7[0x4]^[0xa4]x[0x87][0x0][0xf9][0xd8][0xf][0xf6]4[0x8a]C^[0xf7][0xcb]xH[0xa1]![0xa3][0xbb][0xc7]U?[0xfc]e[0xb8][0xfa]]<[0xe9][0x86][0x86]o[0xdc]#[0x1c][0x5]![0xe][0xe7][0x10][0xc4][0xb0][0x82][0x18]yCG[0x81]dy[0x13][0xe0][0xe8][0xcb][0x92][0xb][0x99]*rx[0x8c][0xef]61[0xc5]Q[0xb0][0x2][0xa6]2k[0xe][0xcf][0x9e][\n]"
2020-12-29 02:31:22 DEBUG [main] wire:73 -  << "[0x4]$[0xe2]HV_[0x12]([0x18]N[0xf8][0x94][0xb2]E[0x8d][0xf6][0xb7] [0xa7][0xaf][0x0][0x13][0x12]E[0xc0][0x82][0x5][0x88]9[0x8d][0x90]7* [0x5][0x87]#[0x7][0x85]Dl[0x90][0x87][0xfe]A[0xe3][0xaf]X`$[0xb]|U~![0xf]]}@[0xe][0x8a][0xf0][0x86][0x7][0x9c]$![0x4]1[0xe6]"P[0xe1][0x5]y[0x83][0x91][0x83]"[0xc2][0xd3][0x18]o[0xea]L[0xcb]X[0xe5][0x8d][0x8e][0x8e]N^[0x1e];([0xe2][0x1][0x8e]d[0xed][0x18][0xd0]T[0xa8][0x11]9[0x1b][0x92][0x19][0x9e]A[0x14][0x8][0xb2][0x80][0x9c][0xea][0xd0]ApW[0xd3][0xd9][0xa8][0x84][0xf0][0xaf]$UE[0xa1][0xc2]S[0x8b][0x9f][0xe2]PP[0xa6][0x99]9h[0xca][0xf0][0x2][0xd6][0x94]}[0xcd][0x1]s[0xcc][0x83][0x9][0x8e][0x2]"[0xc3][0x9f][0x9a][0x95]C[0xd6][0x94]Im[0xe][0x1d]D[0xf0]$[0x8][0xb1][0x80][0x19]UkF[0xe]"<[0x98]2[0xba][0x8][0x18][0x84]t[0xb1][0x90][0x19];[\n]"
2020-12-29 02:31:22 DEBUG [main] wire:73 -  << "[0xd4][0x81][0x1e]y[0xda][0x8c]$[0x86][0xf6]h-7e[0xd5][0x11]N[0x84]>[0xfb]+[0xf2]Jgrv[0xa0]^[0x90]P[0xc][\n]"
2020-12-29 02:31:22 DEBUG [main] wire:87 -  << "XV[0xdd]dP[0xd1][0xb2][0x96][0x5][0x96];[0xaa][0xe5]\H[0xdb]/[0x97]OSA[0x16][0xe4]N[F[0xb1][0x9f]#[0x7])^[0x95][0xd2]=[0xb3][0x19][0x5]V[0xfc][0xca][0xad]*aJ[0x86][0xe1]d:[0x9][0xa3][0x13][0x18][0xc0]0[0x1a][\r][0x8e][0x8f][0xe1]dp|[0xfc][0xea][0xc5][0xe0][0xd5][0xab][0x97][0xe1][0xf0][0xe4]4<[0x9e]F[0x87][0x92]R~&[0xe0][0x10]C[0x98]Y[0xa6][0xa6]G[0xb9][0xc0]q&#z9[0x1c][0xe][0x8f][0x87]r[0xc2]*[0x90][0xa7][0xb]Q[0xe1][0xcc][0x80][0xa7]4[0xe1][0xa0]7_&b[0xe4][0xbd]:=u[0x10][0x7][0xb6][0x2][0xa6][0xc4][0x19][0x1d][0xb9][0x87]GG[0xee][0xab][0x17][0xee]ht[0xe4][0x1d][0x9e][0xbe]xy[0x8a][0x1c][0xa4]^[0x8a]A[0x1e][0xfa][0xfd][0xad][0xbc]YN[0x82]"
2020-12-29 02:31:22 DEBUG [main] wire:73 -  << "[0x1d][0xeb][0xcd]*K[0xe4][0x8d]N[0x86][0xa7][0xa3]W[0xa7][0x87][0xaf]F[0xe][0xca][0x8b][0xbe]\`[0xcd]=Q[V1[0xc1]%[0x8b][0x91][0x87][0xe6]B[0xa4][0xde][0xc1]A[0xb4]\,6.[0x3].pJ[0xe0][0x1b]^[0xa4]1[0xb8]!][0x1c][0xe0][0x94][0x1c][0xac]F[0x7][0x92]$[0xdd][0x0][0x1c]H[0xdd],9[0xb0][0x9c][0xb8]4[0xb1][0xca][0x92][0xd7][0x94]qQ[0xd8]^[0xb1][0xc9][0xdb]q[0x16]3d[\n]"
2020-12-29 02:31:22 DEBUG [main] wire:73 -  << "1|C=[0x97][0xcb][0xc3][0x88]Pa[0xa4][0xc3][0xa3][0x9e]c[0xfc][0x85][0x81]EZc[0x87][0xc3][0xc3][0xe1]`t88|[0x85]*[0x83][0xdf][0xb3][0xf3]M[0xf5][0xfd][0xb8][0x9e][0xca][0x1a][0x5]y[0xe8]d[0x12][0x1d]FG[0xa7]/[0x6]Qt|28~[0x5]/[0x7][0xc7]p4[0x1d][0x9c][0x1e][0xbd]zyz[0x1a][0xe1]p4[0x89][0xd0][0xf6]{zr[0xed][0xf6][w[0xaf][0xae];[0xb4][0x9f]u[0xe5][0xa5][0x9]Nf[0xc0][0xf2]DT[0xed][0xd0][0x15]#[0xe7]E[0x16][0x9a][0xac][0xfc][0xd3][0xe3][0xfd][0x95]t[0xb2]/[0xf]+[0x9f][0xa4](>[0x9d]N[0xcd]<[0x3][0xb5][0x12]S%?=;1uf[0xa0]jw[0x91]L-[0x94][0xdf]"Y[0xdf][0xd6][0xea][0xcf]wK.[0xe8]B=;[0xca][0xce]#{[0xa3]q{[0xac]|V[0x14]:[0xd8][0xbe][0xc7]>~x[0xb8][0x9f],'[0x93][0x18][0xb8][0xb7]7rB[0x9c][0x84][0x10][0xe3]I[0xc][0xf2].[0x2][0x81]I[0xac][0x9e].k[0xcb][0x9e][0xb4][0x9e],[0xe9][0x87]U[0x15][0xe][0xc8][0x1e]O\[0x92][0x10]Q[0x81]Ifn[0xc6][0xc5][0xc1]n[0xc9][0xc4][0xc1][0xae][0xe6]Q<o[0x9f]l[0x9f][0xd1][0xb2]}Tg[0xcf][0xaa]C[0x96]1[0xdf]Y[0x87]dc[0xf5]:[0xe4][0xc5][0xf7][0xd7]!F[0xf6][0xaf][0xb8][0xd0]?[0x1e]P[0xef]K![0xe9][0xae])e[0x2][0x19]!M[0x84][0xdc][0x19][0xb4]&[0x91][0x98][0xfb][0x11][0xac]H[0x8][0x3]u[0xe3][0xe4]Ot[0x7]<[0xc4]1[0xf8]#t[0xd6]+[0xa9][0x9]"b8[0xbb][0xa6][0xd4][0xf8]'N6[0xc6]G[0xf8]c[0x9]\[0xf0][0xd7][0x7]z[0xa0][0x82][0xb9]7[0x18][0x18][0xbf][0xd0]Dpc0([0xe5]z[0x1d][0x93][0xe4][0xab][0xc1] [0xf6]Q[0x94][0xf0]A[0xca]`[\n]"
2020-12-29 02:31:22 DEBUG [main] wire:73 -  << ""[0x9c]#[0xfd][0x16][0x3]:8[0x98][0xca])[0xee]L[0x6]i[0x12]J[0xef]G[0xcd][0xc9][0x1a]S[0xc6][0xc][0xee][0x15][0xf8][0x94][0xce]b[0xc0])[0xe1]*`[0x84][0x9c][0x9f]O[0xf1][0x82][0xc4][0x1b][0xff][0xc3]2![0x82]"[0xcd][0x92][0x8b]M[0xc]|[0xe] PS[0xd4]Oj[0xa8].[0xab]B/[0xef][0xe5][0xbf][0xb9]X[0xc4][0x8e]1[0xa1][0xd1][0xc6][0xb8][0xaf][\r][0xc8][0x13][0x1c]~[0x9d]1[0xba]L[0xa2]AHc[0xca]<[0xe3][0xa6][0xd3][0xe9][0xb8][0x85][0x97][0xf][0x9e][0x1c][0x9d]LN:[0xc6][0xe5][0x9a][0x6]Z~[0xcf]0[0xf5][\n]"
2020-12-29 02:31:22 DEBUG [main] wire:87 -  << "L[0xc7][0xe0]8[0xe1][0x3][0xe][0x8c][0xec][0x9a][0xb2][0x96][0xc5][0xb4][0xf0][0x8c][0xd1]p[0xd8][0xc6][0x98][0x97][0x83][0xab]y{x[0x81][0xd9][0x8c]$[0x9e][0xd1][0x98][0xb9][0xed][0xd5]n[0xdd][0xe9]2[0x8e][0x7][0x9a]T[0x87][0x2]"
2020-12-29 02:31:22 DEBUG [main] wire:73 -  << "[\r][\n]"
2020-12-29 02:31:22 DEBUG [main] wire:73 -  << "690[\r][\n]"
2020-12-29 02:31:22 DEBUG [main] wire:73 -  << "[0x1e][0xe1][0xd1]"[0x14][0xc3][0xb7]A[0x8][0x89][0x0][0xd6]A[0x8][0xc7]d[0x96][0xc][0xf4][0x13]|Cc[0xb5]E[0xce][0x8a]G[0xcf][0x90][0xb4][0xda][0xc3][0xb2]:&[0xd3][0xcd] [0xb3][0xf5]n:M[0xb1][0xf2][0x1a]`[0xc0]`[0xda]!W[0xd1][0xd9][0x94][0xf6][0xa4][0x9a]}[0x8f][0x93][0x93][0x85]L[0x97][0xa1]P[0x16][0x1][0x1b]0[0xad][0xad][0xc3][0xf4][0x9b][0xc1]iL[0xa2][0x1d][0xdb][0xaa]z[0xa6][0xc6][0xe1]I[0xda][0xb1][0xc8][0x14]G[0x11]If[0x9e]14F/[0xd2]o[0xd9]W[0x1b]Of[0xa8][0x81][0xd2][0xea][0xf3][0xf4][0xb0][0x0][0xce][0xf1][0xac]K[0xf6][0x8a]H[0xa3]W?[0xc6]*[0xbf]z}P[0xf1][0xb0][0xef][0xcf]T[0xbb][0x92]o[0x96][0x81]tL[0x8]p[0x82][0xe3][0x8d] ![0xf][0x96]8[0xc]e=[0x84]>[0xbf][0x19][0x8c][0x8e]F[0xa3][0xc3][0xd3][0x97]/_[0xe]F[0xc7][0xe8][0xcf][0xa4][0xcb]]B[0xa8][0xf6]E0S[0xe7]8[0xf5][0xf5][0xf0]`[0xdc][0xdc][0x8e]{[0xf2]Z7B+i[0xb6][0xf7]S0[0xc3][0xc2][\r]t~[0xbb]f8[0xfc][\n]"
2020-12-29 02:31:22 DEBUG [main] wire:73 -  << "[0xcc]2[0x1b]r[0xca][0xc4][0x1][0xa6]=[0xee]m[0xed][0xef][0xa6]s[0xf4][0xea][0xe8][0xe8]t8|1[0x90]g[s[0xda][0xa6]rc[0x82][0x1b]p[0x10][0x17][0xaa]T[0xfc][0x80][0x17] [0x11][0xdb][0xc5][0x98]y[0xdb][0x98]6[0xfd][0xb1]i[0x9a][0x9b][0xce][0xd7][0xff][0xc2][0xcc]tF[0x8e][0x99]W[0x87][0xa6]c[0xa6][0xcb][0x89][0xae][0xa9][0x13][0x8a]#n:GO[0xce]?tLa:[0xe6][0xe8][0xf8][0xe5]s[0xb0][0x8f][0x1c][0x93][0x91][0xc8]t[0xcc][0xa1][0xe9][0x1c]>[0x89]}[0xec][0x98][0x13][0x86]M[0xc7]\[0xd0][0xe8][0xf0]h'[0xfd]7qL[0xd7]o[0x92]pN[0x99][0xa9][0x1e]`v[0xa3]}"B[0x17]t[0x9f][0x94]z>[0xaa][0x15][0x1b][0xa3]a[0xb7]f\E[0xad][0xf9][0x87][0x8e][0xa9]O[0x2][0xa6][0xd3][0xb5]E[0xbb](t[0xcb]{[0xd8][0x92][0x17][0xdc]@H[0x93][0xcb][0xbb][0xeb]][0xa6][0xd2]F[0xe8][0xf5]*[0x16],[0xe3][0x8d]t[0x9c][0x19]6|[0xe3][0xc9][0x1f][0x89][0x18]3[0xac][0xde][0x1f]2|[0xc3]l8[0xa0][0xa9][0x6][0x95][0xa7][0x1a][0xbe]~[0xa1][0xb2]'![0x9c][0xc9]{[0xcb][0xd4][0xe5][0x83]i[0xf8][0x15]6[0xc5][0xcb][0x93])[0xa3][0x82][0x86]46[0xce][\r]3[0xaf]38[0x8f]M[0xc3][0xd3][0xf7][0xde][0xc1][0xc1]z[0xbd]6m[0xa3]o[0x98]Y[0x98][0x19][0x14]aF[0x15] 3U[0xe8][0x8d][0xf5]bxu-[0xdd]?[0xa1][0xc8][0x97]t3[0xbc][0x1d][0x1b][0xea]WS[0x90][0x88][0xf]4[0x2][0x97]$[0x1c][0x98]x[0xb]S[0xca][0xc0][0x9a]a[0xc7][0xe0][0xca]u-{[0xdc]kG[0xad][0x1d][0xb1]H[0xf7])[0xe9][0x92][0xa8][0x97]MG[0x95]x[0xf7]z[0x82]9T*[0xaa][0xef];[0x85][0x9d][0xd5][0xf8][0xb6][0xb6]@[0xc7]@[0xb8][0xa3][0xd7][0x99][0xd1][0xca]}jX[0xed][0xb8]W}[0x80][0xab]E[0xf4][0x8d]JC[0xdb][0xee][0xe9][0x14]T[[0x83][0x99][0xd0][0x4][0xcc]qo[0x9b]s[0xf8][0x85][0xb2][0x85]>[0xcc][0xca][0xd1][0x91]9[0xce][0x7][0x2][0xc8][0x94][0x1d][0x8][0x1a][0xa8][0xd7][0xb2][\r]_[0xbf][0xa5]\[0xd3][0xa0].[0x1][0xaf][0xdf]|[0xbc]6.[0xff][0xef][0xdf]/[0xdf]\[0xa8]B[0xf0][0xe9][0xa6][0xde][0x8e]5s[0x1a][0x6]8M[0x3]-[0xec]0[0x13]'R[0xb7][0xfa][0x0][0x9e][0xb][0xa8][0xfd]Qbu8d[0xb1][\n]"
2020-12-29 02:31:22 DEBUG [main] wire:73 -  << "[0x12]~[0x2][0xcc][0xc2][0xb9]<[0xbe]H[0x12][0xb5][0xbd][0xdf][0x1b][0xc][0xee][0xbf][0xfc][0xb1][0x4][0xb6][0xd9]*[0xa1][0xe5]R.?\<[0xb9][0x90][0x1f]?[0xef][0xb6]Vm[0xa8]<[0xee][0x9b]yE[0xa6][0xb6][0xe7][0xac][0xd7]u*[0x92][0xb0]i[0x0]w[0x94]/[0xc9][0xc][0x12]`D[0x1f][0x88][0xe]f[0xae]Z[0xa8][0x9b][0x80]8[0xa8][\r][0xeb]#[0xd3][0xe3][0xa7][0xde][0xec][0x1c][0xd4][0xcb][0xc9]\gp[0xb9][0x92]i[0xbf][0x1a]e[0x8c][0xc2][0xea][0xac][0x1a][0xa6]m[0xec][0xd5][0xad][0xef]^[0xad]aB[0x84][[0xb6][0xd0][0xad][0xec]1I[0xb5][0xf9]e[0xde]:[0xc6][0x8d]zP"'\P[0xa1][0x1e]|[0x98][0xcb][0x84][0xac][0x80]q[0x1c][0x7]Y_[0xc7]t[0x8c]:C[0xfb][0xd6][0x1e][0x1b][0xdb][0xed][0xb8][0xa9][0xac]e[0x12]je[0xb5][0x96]"[0xd5][0xb5]k@[0xfd][0xf0][0xb2]83v+[0xfb][0xc9][0x17][0x0][0x1f]{I[0xf1][0xb6]S[0xf3][0xed][0x83][0xe8][0xc7][0xe2][0x9e]ip[0xe1][0x13][0x16][0x17][0xca][0x93]xBg[0x90][0xa8]G[0x1][0x99][0xe9][0xb5][0xde]K[0xcc]_[0x15]E[0x8f][0x1b][0xe5][0x13][0xc5][0xe5][0x8f]([0xe5][0xac][0xf2]S[0x13][0x95][0x1b][0xe5][0xfa][0xe2]4[0xb6][0xd2][0xd5][0xd5][0x85]c[0xb0][0x95]m[0x94]QS[0xf5][0x4]am\`[0x1]2[0xe8]Ix[0xe4]f[0xbf][0xad][0xb3]"[0xf5][0x8e][0x8e][0xbc][0x92][0xe9][0xcc]::y[0xf1][0xf3][0xe1][0xf1][0xcf]'C[0xf9][0xff]h8[0x1c][0xda][0xd9][0xc][0x15][0x89][0xbe][0xa5][0x84][0x81]Lg([0xbb][0xf4]Q?r[0x5][0xfd]|[0xfd][0xee][0x93]z[0xba][0x99][0xd3][0xcf][0xfe][0xe][0x80][0xe4][0xf2]v[0xf3][0xe][0xb][0xb][0xc1][0xdd][0xf2][[0x10][0xa7]q[0xa0][0xe3][0x9f][0x8f][0x8c]~E[0xaa][0x9a][0x10][0xe8]A[0xe][0xca][0xa5][0x14]7l%/[0xc7][0x86][0xbc][0xce]X;[0xc6][0x91][0xcc][0x84][0x95][0x9f][0x16][0xa9]W[0xaa]wi[0x82]L[\r][0xab]H[0xc2][0xe5]O,[\r][0xdf][0xf7][\r][0x94][0xbf][\n]"
2020-12-29 02:31:22 DEBUG [main] wire:73 -  << "[0x8f][0xec][0xca][0x81]g[0x87]f[0xf5][0x2][0xb7][0x19]Q+[0xff]5c[0xf9]>w[0x95]F{[0xd4]B[0xfa][0xf7][0x9f][0xc8][0xa9]3p[0x8c]&[0x7]C[0xbd][0x8d]_[0xd2]*[0x99]i[\n]"
2020-12-29 02:31:22 DEBUG [main] wire:73 -  << "v[0xe3]p[0xa6][0xde][0x9d]Z2[0xa6]G[\r][0xdf][0xa8]a[0x8f][[0xb8][0x9][0xac][0xb][0xd4][0xf2]m[0xee][0x95]h[0xd2]U[0xba]([0xe8]*[0x8c][0x8e][0x96][0xc6]c[0xca]*N~[0xf5][0xdb][0x9a]|[0xda]H[0x9b][0xb2][0xb6][0x94][0xd0]5[0xaf][0xc6][0xdb][0x9d][0x90]$[0xd2]?@oj[0xb4][0xdc][0xb7]mo[0xdb][0xeb][\n]"
2020-12-29 02:31:22 DEBUG [main] wire:73 -  << "[0xb8][0xa8]fC[0xc8]1Z[0x80][0x9b]gv[0xba][0x8d][0xac]L[0xb8][0xad]D[0xe3][0x9d][0xaf][0xa1]?[0x91][0xd4][0xca][0xa0]z[0xa0][0xfe][0x1e][0x88][0xfe][0xd3] [0x13][0x1a]m*[0xbd][0xaa][0x88][0xac][0x8c]0[0xc6][0x9c][0xfb][0xa8][0xda]Z[0xa9][0xf5]3*[0xcd][0x1b]TokU[0xa7][0xab][0x87]/g[0xad][0x1d]>><[0xad][0xcd]8[0x88][0xc8][0xea][0xac][0xb7][0x93]J[0xd6]@@Y[0xa0]FE[0xa3]b4L[0xbf][0x8d];[0xe8][0xb7]z[0x8a][0x1d][0xdc]:n[0x1f]/}[0xbb][0xd2][0xc4][0xd8],[0xfe][0xe0]I[0x10][0x91][0x85][0xc]g[0xf5][0x13][0xc8]O?[0xe9][0x9f][0xf9][0x8b]w[0x94]~%Pu[0xf][0xd5]Hu[0xf2][0xf6][0xa9][0xa3]c[0xd1][0xc6][0xd0][0xb3]~[0xca][0xda][0xc9][0xe5][0xb9]%[0x9f][0xaf]+[0xe3][0x9b][0xfd]lb[0xdf][0xb2][0xf4]L[0xfb][0xdc][0x1c][0xe7][0xa1][0xd4][0xec][E@[0xfc]'[0x16]sW[0xbd][0xee]fu[0x5][0xc9][0xbe][0x9e][0x9d][0x5][0xe8]z[0x0][0xb6]=[0xd3][0xb4][0xfb][0xe6]X[0xfd]![0x82][0x3]s[0xdc][0xfb][0xe9][0xa7][0xed]8[[0xd3]t[0xaa]K[0xd0][0xfc][0x9e][0xce][0xcb]0![0xb3][0x11]$[0xae]6[0x8f][0x2]a[0xdd]BPM[0xe2]|\[0xce][0xd7]D}[0xdf][0x18][0x19][0xe7][0x92][0xa2]gXtn[0x9c][0x19]tm[0xe7][0x0][0xba][0xce]'[0xac][[0x13][0xd6][0xcd][0x9][0x12]@[0xb][0xe][0xcb][0x8a][0x88][0xb2]Na[0xd7][0xcd][0xc7][0x87][0x87]R[0xcf][0xf9]Ev[0xb0]r[0xc3][0x98]@":[0x10][0xbb][0xf]_[0xd2][0x93][0xf4][0xef][0xd7][0xab][0x13][0xb][0x1][0xd6][\r][0x1]~[0x97][\n]"
2020-12-29 02:31:22 DEBUG [main] wire:87 -  << "x[0x6][0xff]6[0xde][0xf3][0xd8][0xff][0x9e]+[0xb8][0xb0]@[0xcb][0x84];y[0xc2]7 [0x91][0xce][0xf9][0xf9][0xe3][0xd5];[0xba]Hi[0xa2]N[0xc3]R[0x9b][0xbe][0xd9][0x97]_}[0xd3]Y[0xfb]f[0xdd]7[0x9d][0xb9]o[0xf6][0xe7][0xb6]cXG[0xa3][0x17]G'p[0xf4][0xf3]K[0x99][0xc8][0x1b]4[0xe9]|[0xbd][0x83][0xa8]$[0xb3][0xcc][0xe9],;[0x8]u?0y~[0xad]66[\r]U[0xd1]t[0x1f][0x12] Z[0xd0]D[0xc8][0x93][0xf8]<[0xed]z\R[0x8c][0xaf]a[0x92][0x9e]c[0x1f][0xef][0x17][0x8f]M[0xf8]<[0x9c][0xf8]G[0xc7]e[0xd9][0xf6]T[0xb9][0xfb]D[0xf0][0xed][0x12][0xef][0xb][0xc4][0xf1]fJ[0xf8][0xbc][0x90][0xaf][0xfa]4[0xaf][0x1c]}L[0xba]][0xcf]uv[0xc5][0xfe]^[0xef][0x9]%w[0xd6][0x89][0x95][0xd4][0xa1][0xf3][0xc5][0xeb][0x3][0xfd][0xe7][0xa6][0xfe][0x0][0x0][0x0][0xff][0xff][0x8e]{[0x89][0x90]J[0x0][0x0]"
2020-12-29 02:31:22 DEBUG [main] wire:73 -  << "[\r][\n]"
2020-12-29 02:31:22 DEBUG [main] wire:73 -  << "0[\r][\n]"
2020-12-29 02:31:22 DEBUG [main] wire:73 -  << "[\r][\n]"
2020-12-29 02:31:22 DEBUG [main] RequestSpecificationImpl$RestAssuredHttpBuilder:548 - Parsed data to instance of: class org.apache.http.conn.EofSensorInputStream
