2020-12-29 02:54:55,664  INFO [main] Usercheck:24 - Prechecks completed
2020-12-29 02:54:56,960 DEBUG [main] BasicClientConnectionManager:161 - Get connection for route {}->http://dummy.restapiexample.com:80
2020-12-29 02:54:56,977 DEBUG [main] DefaultClientConnectionOperator:177 - Connecting to dummy.restapiexample.com:80
2020-12-29 02:54:57,040 DEBUG [main] RequestAddCookies:123 - CookieSpec selected: ignoreCookies
2020-12-29 02:54:57,043 DEBUG [main] RequestAuthCache:77 - Auth cache not set in the context
2020-12-29 02:54:57,044 DEBUG [main] RequestTargetAuthentication:80 - Target auth state: UNCHALLENGED
2020-12-29 02:54:57,045 DEBUG [main] RequestProxyAuthentication:89 - Proxy auth state: UNCHALLENGED
2020-12-29 02:54:57,046 DEBUG [main] DefaultHttpClient:682 - Attempt 1 to execute request
2020-12-29 02:54:57,046 DEBUG [main] DefaultClientConnection:274 - Sending request: GET /api/v1/employee/1 HTTP/1.1
2020-12-29 02:54:57,046 DEBUG [main] wire:73 -  >> "GET /api/v1/employee/1 HTTP/1.1[\r][\n]"
2020-12-29 02:54:57,047 DEBUG [main] wire:73 -  >> "Content-Type: application/json; charset=UTF-8[\r][\n]"
2020-12-29 02:54:57,048 DEBUG [main] wire:73 -  >> "Accept: */*[\r][\n]"
2020-12-29 02:54:57,048 DEBUG [main] wire:73 -  >> "Host: dummy.restapiexample.com[\r][\n]"
2020-12-29 02:54:57,048 DEBUG [main] wire:73 -  >> "Connection: Keep-Alive[\r][\n]"
2020-12-29 02:54:57,048 DEBUG [main] wire:73 -  >> "User-Agent: Apache-HttpClient/4.5.3 (Java/1.8.0_251)[\r][\n]"
2020-12-29 02:54:57,049 DEBUG [main] wire:73 -  >> "Accept-Encoding: gzip,deflate[\r][\n]"
2020-12-29 02:54:57,049 DEBUG [main] wire:73 -  >> "[\r][\n]"
2020-12-29 02:54:57,050 DEBUG [main] headers:278 - >> GET /api/v1/employee/1 HTTP/1.1
2020-12-29 02:54:57,050 DEBUG [main] headers:281 - >> Content-Type: application/json; charset=UTF-8
2020-12-29 02:54:57,050 DEBUG [main] headers:281 - >> Accept: */*
2020-12-29 02:54:57,050 DEBUG [main] headers:281 - >> Host: dummy.restapiexample.com
2020-12-29 02:54:57,050 DEBUG [main] headers:281 - >> Connection: Keep-Alive
2020-12-29 02:54:57,051 DEBUG [main] headers:281 - >> User-Agent: Apache-HttpClient/4.5.3 (Java/1.8.0_251)
2020-12-29 02:54:57,051 DEBUG [main] headers:281 - >> Accept-Encoding: gzip,deflate
2020-12-29 02:54:58,294 DEBUG [main] wire:73 -  << "HTTP/1.1 200 OK[\r][\n]"
2020-12-29 02:54:58,301 DEBUG [main] wire:73 -  << "Cache-Control: no-cache, private, max-age=31536000[\r][\n]"
2020-12-29 02:54:58,303 DEBUG [main] wire:73 -  << "Content-Type: application/json[\r][\n]"
2020-12-29 02:54:58,304 DEBUG [main] wire:73 -  << "Date: Mon, 28 Dec 2020 21:24:58 GMT[\r][\n]"
2020-12-29 02:54:58,305 DEBUG [main] wire:73 -  << "Display: staticcontent_sol[\r][\n]"
2020-12-29 02:54:58,306 DEBUG [main] wire:73 -  << "Expires: Tue, 28 Dec 2021 21:24:57 GMT[\r][\n]"
2020-12-29 02:54:58,307 DEBUG [main] wire:73 -  << "Host-Header: c2hhcmVkLmJsdWVob3N0LmNvbQ==[\r][\n]"
2020-12-29 02:54:58,308 DEBUG [main] wire:73 -  << "Referrer-Policy: [\r][\n]"
2020-12-29 02:54:58,309 DEBUG [main] wire:73 -  << "Response: 200[\r][\n]"
2020-12-29 02:54:58,309 DEBUG [main] wire:73 -  << "Server: nginx/1.16.0[\r][\n]"
2020-12-29 02:54:58,310 DEBUG [main] wire:73 -  << "Vary: Accept-Encoding[\r][\n]"
2020-12-29 02:54:58,310 DEBUG [main] wire:73 -  << "Vary: Accept-Encoding,User-Agent,Origin[\r][\n]"
2020-12-29 02:54:58,311 DEBUG [main] wire:73 -  << "X-Ezoic-Cdn: Miss[\r][\n]"
2020-12-29 02:54:58,311 DEBUG [main] wire:73 -  << "X-Middleton-Display: staticcontent_sol[\r][\n]"
2020-12-29 02:54:58,312 DEBUG [main] wire:73 -  << "X-Middleton-Response: 200[\r][\n]"
2020-12-29 02:54:58,312 DEBUG [main] wire:73 -  << "X-Ratelimit-Limit: 60[\r][\n]"
2020-12-29 02:54:58,313 DEBUG [main] wire:73 -  << "X-Ratelimit-Remaining: 58[\r][\n]"
2020-12-29 02:54:58,313 DEBUG [main] wire:73 -  << "X-Sol: pub_site[\r][\n]"
2020-12-29 02:54:58,314 DEBUG [main] wire:73 -  << "Content-Length: 179[\r][\n]"
2020-12-29 02:54:58,315 DEBUG [main] wire:73 -  << "[\r][\n]"
2020-12-29 02:54:58,318 DEBUG [main] DefaultClientConnection:259 - Receiving response: HTTP/1.1 200 OK
2020-12-29 02:54:58,320 DEBUG [main] headers:262 - << HTTP/1.1 200 OK
2020-12-29 02:54:58,321 DEBUG [main] headers:265 - << Cache-Control: no-cache, private, max-age=31536000
2020-12-29 02:54:58,321 DEBUG [main] headers:265 - << Content-Type: application/json
2020-12-29 02:54:58,322 DEBUG [main] headers:265 - << Date: Mon, 28 Dec 2020 21:24:58 GMT
2020-12-29 02:54:58,323 DEBUG [main] headers:265 - << Display: staticcontent_sol
2020-12-29 02:54:58,324 DEBUG [main] headers:265 - << Expires: Tue, 28 Dec 2021 21:24:57 GMT
2020-12-29 02:54:58,325 DEBUG [main] headers:265 - << Host-Header: c2hhcmVkLmJsdWVob3N0LmNvbQ==
2020-12-29 02:54:58,326 DEBUG [main] headers:265 - << Referrer-Policy: 
2020-12-29 02:54:58,326 DEBUG [main] headers:265 - << Response: 200
2020-12-29 02:54:58,327 DEBUG [main] headers:265 - << Server: nginx/1.16.0
2020-12-29 02:54:58,328 DEBUG [main] headers:265 - << Vary: Accept-Encoding
2020-12-29 02:54:58,329 DEBUG [main] headers:265 - << Vary: Accept-Encoding,User-Agent,Origin
2020-12-29 02:54:58,329 DEBUG [main] headers:265 - << X-Ezoic-Cdn: Miss
2020-12-29 02:54:58,330 DEBUG [main] headers:265 - << X-Middleton-Display: staticcontent_sol
2020-12-29 02:54:58,331 DEBUG [main] headers:265 - << X-Middleton-Response: 200
2020-12-29 02:54:58,331 DEBUG [main] headers:265 - << X-Ratelimit-Limit: 60
2020-12-29 02:54:58,332 DEBUG [main] headers:265 - << X-Ratelimit-Remaining: 58
2020-12-29 02:54:58,332 DEBUG [main] headers:265 - << X-Sol: pub_site
2020-12-29 02:54:58,333 DEBUG [main] headers:265 - << Content-Length: 179
2020-12-29 02:54:58,338 DEBUG [main] DefaultHttpClient:509 - Connection can be kept alive indefinitely
2020-12-29 02:54:58,360 DEBUG [main] RequestSpecificationImpl$RestAssuredHttpBuilder:545 - Parsing response as: application/json
2020-12-29 02:54:58,361 DEBUG [main] RequestSpecificationImpl$RestAssuredHttpBuilder:548 - Parsed data to instance of: class org.apache.http.conn.EofSensorInputStream
2020-12-29 02:54:58,381  INFO [main] Usercheck:33 - request sent successfully
2020-12-29 02:54:58,389 DEBUG [main] wire:87 -  << "{"status":"success","data":{"id":1,"employee_name":"Tiger Nixon","employee_salary":320800,"employee_age":61,"profile_image":""},"message":"Successfully! Record has been fetched."}"
2020-12-29 02:54:58,389 DEBUG [main] BasicClientConnectionManager:200 - Releasing connection org.apache.http.impl.conn.ManagedClientConnectionImpl@58e6d4b8
2020-12-29 02:54:58,389 DEBUG [main] BasicClientConnectionManager:225 - Connection can be kept alive indefinitely
2020-12-29 02:54:58,414 DEBUG [main] BasicClientConnectionManager:161 - Get connection for route {}->http://dummy.restapiexample.com:80
2020-12-29 02:54:58,415 DEBUG [main] DefaultClientConnectionOperator:177 - Connecting to dummy.restapiexample.com:80
2020-12-29 02:54:58,457 DEBUG [main] RequestAddCookies:123 - CookieSpec selected: ignoreCookies
2020-12-29 02:54:58,458 DEBUG [main] RequestAuthCache:77 - Auth cache not set in the context
2020-12-29 02:54:58,459 DEBUG [main] RequestTargetAuthentication:80 - Target auth state: UNCHALLENGED
2020-12-29 02:54:58,460 DEBUG [main] RequestProxyAuthentication:89 - Proxy auth state: UNCHALLENGED
2020-12-29 02:54:58,461 DEBUG [main] DefaultHttpClient:682 - Attempt 1 to execute request
2020-12-29 02:54:58,462 DEBUG [main] DefaultClientConnection:274 - Sending request: GET /api/v1/employee/2 HTTP/1.1
2020-12-29 02:54:58,463 DEBUG [main] wire:73 -  >> "GET /api/v1/employee/2 HTTP/1.1[\r][\n]"
2020-12-29 02:54:58,463 DEBUG [main] wire:73 -  >> "Content-Type: application/json; charset=UTF-8[\r][\n]"
2020-12-29 02:54:58,464 DEBUG [main] wire:73 -  >> "Accept: */*[\r][\n]"
2020-12-29 02:54:58,464 DEBUG [main] wire:73 -  >> "Host: dummy.restapiexample.com[\r][\n]"
2020-12-29 02:54:58,465 DEBUG [main] wire:73 -  >> "Connection: Keep-Alive[\r][\n]"
2020-12-29 02:54:58,465 DEBUG [main] wire:73 -  >> "User-Agent: Apache-HttpClient/4.5.3 (Java/1.8.0_251)[\r][\n]"
2020-12-29 02:54:58,466 DEBUG [main] wire:73 -  >> "Accept-Encoding: gzip,deflate[\r][\n]"
2020-12-29 02:54:58,467 DEBUG [main] wire:73 -  >> "[\r][\n]"
2020-12-29 02:54:58,468 DEBUG [main] headers:278 - >> GET /api/v1/employee/2 HTTP/1.1
2020-12-29 02:54:58,468 DEBUG [main] headers:281 - >> Content-Type: application/json; charset=UTF-8
2020-12-29 02:54:58,469 DEBUG [main] headers:281 - >> Accept: */*
2020-12-29 02:54:58,469 DEBUG [main] headers:281 - >> Host: dummy.restapiexample.com
2020-12-29 02:54:58,470 DEBUG [main] headers:281 - >> Connection: Keep-Alive
2020-12-29 02:54:58,470 DEBUG [main] headers:281 - >> User-Agent: Apache-HttpClient/4.5.3 (Java/1.8.0_251)
2020-12-29 02:54:58,471 DEBUG [main] headers:281 - >> Accept-Encoding: gzip,deflate
2020-12-29 02:55:01,157 DEBUG [main] wire:73 -  << "HTTP/1.1 429 Too Many Requests[\r][\n]"
2020-12-29 02:55:01,158 DEBUG [main] wire:73 -  << "Content-Encoding: gzip[\r][\n]"
2020-12-29 02:55:01,159 DEBUG [main] wire:73 -  << "Content-Type: text/html; charset=UTF-8[\r][\n]"
2020-12-29 02:55:01,159 DEBUG [main] wire:73 -  << "Date: Mon, 28 Dec 2020 21:25:01 GMT[\r][\n]"
2020-12-29 02:55:01,160 DEBUG [main] wire:73 -  << "Display: staticcontent_sol[\r][\n]"
2020-12-29 02:55:01,161 DEBUG [main] wire:73 -  << "Expires: Sun, 27 Dec 2020 21:25:01 GMT[\r][\n]"
2020-12-29 02:55:01,161 DEBUG [main] wire:73 -  << "Host-Header: c2hhcmVkLmJsdWVob3N0LmNvbQ==[\r][\n]"
2020-12-29 02:55:01,162 DEBUG [main] wire:73 -  << "Pagespeed: off[\r][\n]"
2020-12-29 02:55:01,163 DEBUG [main] wire:73 -  << "Referrer-Policy: [\r][\n]"
2020-12-29 02:55:01,164 DEBUG [main] wire:73 -  << "Response: 429[\r][\n]"
2020-12-29 02:55:01,165 DEBUG [main] wire:73 -  << "Retry-After: 57[\r][\n]"
2020-12-29 02:55:01,165 DEBUG [main] wire:73 -  << "Server: nginx/1.16.0[\r][\n]"
2020-12-29 02:55:01,166 DEBUG [main] wire:73 -  << "Vary: Accept-Encoding[\r][\n]"
2020-12-29 02:55:01,167 DEBUG [main] wire:73 -  << "Vary: Accept-Encoding,User-Agent,Origin[\r][\n]"
2020-12-29 02:55:01,168 DEBUG [main] wire:73 -  << "X-Ezoic-Cdn: Miss[\r][\n]"
2020-12-29 02:55:01,168 DEBUG [main] wire:73 -  << "X-Middleton-Display: staticcontent_sol[\r][\n]"
2020-12-29 02:55:01,169 DEBUG [main] wire:73 -  << "X-Middleton-Response: 429[\r][\n]"
2020-12-29 02:55:01,170 DEBUG [main] wire:73 -  << "X-Ratelimit-Limit: 60[\r][\n]"
2020-12-29 02:55:01,170 DEBUG [main] wire:73 -  << "X-Ratelimit-Remaining: 57[\r][\n]"
2020-12-29 02:55:01,171 DEBUG [main] wire:73 -  << "X-Ratelimit-Reset: 1609190758[\r][\n]"
2020-12-29 02:55:01,172 DEBUG [main] wire:73 -  << "X-Sol: pub_site[\r][\n]"
2020-12-29 02:55:01,173 DEBUG [main] wire:73 -  << "Transfer-Encoding: chunked[\r][\n]"
2020-12-29 02:55:01,173 DEBUG [main] wire:73 -  << "[\r][\n]"
2020-12-29 02:55:01,174 DEBUG [main] DefaultClientConnection:259 - Receiving response: HTTP/1.1 429 Too Many Requests
2020-12-29 02:55:01,175 DEBUG [main] headers:262 - << HTTP/1.1 429 Too Many Requests
2020-12-29 02:55:01,175 DEBUG [main] headers:265 - << Content-Encoding: gzip
2020-12-29 02:55:01,176 DEBUG [main] headers:265 - << Content-Type: text/html; charset=UTF-8
2020-12-29 02:55:01,176 DEBUG [main] headers:265 - << Date: Mon, 28 Dec 2020 21:25:01 GMT
2020-12-29 02:55:01,177 DEBUG [main] headers:265 - << Display: staticcontent_sol
2020-12-29 02:55:01,177 DEBUG [main] headers:265 - << Expires: Sun, 27 Dec 2020 21:25:01 GMT
2020-12-29 02:55:01,177 DEBUG [main] headers:265 - << Host-Header: c2hhcmVkLmJsdWVob3N0LmNvbQ==
2020-12-29 02:55:01,178 DEBUG [main] headers:265 - << Pagespeed: off
2020-12-29 02:55:01,178 DEBUG [main] headers:265 - << Referrer-Policy: 
2020-12-29 02:55:01,179 DEBUG [main] headers:265 - << Response: 429
2020-12-29 02:55:01,180 DEBUG [main] headers:265 - << Retry-After: 57
2020-12-29 02:55:01,180 DEBUG [main] headers:265 - << Server: nginx/1.16.0
2020-12-29 02:55:01,180 DEBUG [main] headers:265 - << Vary: Accept-Encoding
2020-12-29 02:55:01,181 DEBUG [main] headers:265 - << Vary: Accept-Encoding,User-Agent,Origin
2020-12-29 02:55:01,181 DEBUG [main] headers:265 - << X-Ezoic-Cdn: Miss
2020-12-29 02:55:01,181 DEBUG [main] headers:265 - << X-Middleton-Display: staticcontent_sol
2020-12-29 02:55:01,181 DEBUG [main] headers:265 - << X-Middleton-Response: 429
2020-12-29 02:55:01,182 DEBUG [main] headers:265 - << X-Ratelimit-Limit: 60
2020-12-29 02:55:01,182 DEBUG [main] headers:265 - << X-Ratelimit-Remaining: 57
2020-12-29 02:55:01,182 DEBUG [main] headers:265 - << X-Ratelimit-Reset: 1609190758
2020-12-29 02:55:01,182 DEBUG [main] headers:265 - << X-Sol: pub_site
2020-12-29 02:55:01,183 DEBUG [main] headers:265 - << Transfer-Encoding: chunked
2020-12-29 02:55:01,205 DEBUG [main] DefaultHttpClient:509 - Connection can be kept alive indefinitely
2020-12-29 02:55:01,205 DEBUG [main] RequestSpecificationImpl$RestAssuredHttpBuilder:545 - Parsing response as: text/html; charset=UTF-8
2020-12-29 02:55:01,206 DEBUG [main] wire:73 -  << "800[\r][\n]"
2020-12-29 02:55:01,208 DEBUG [main] wire:73 -  << "[0x1f][0x8b][0x8][0x0][0x0][0x0][0x0][0x0][0x0][0xff][0xc4]|[0xff]s[0xdb]6[0xf2][0xe8][0xcf][0xd5]_A[0xe3]3c[0x92][0x15]EKv[0xe2]$Th[0x8f][0x13][0xbb]w~[0x97]K;[0x89]s[0x9d]{[0x1e]?[0xe]D[0xae]$$[0x14][0xc1][0x2][0x90]d[0xd9][0xd6][0xff][0xfe][0x6][0x0][0xbf][0x93][0xb2][0x9d][0xb4][0x9f][0xbb][0xb4]#[0x91][0x8b][0xc5][0xee]b[0xb1][0xdf][0xb0][0xa4][0xfc]v[0xef][0xfc][0xd7][0xf7]W[0xff][0xfe][0xed][0xc2][0x98][0x8b]E|[0xd2]{+[0xbf][0x8c][0x18]'3[0x1f]A[0x82]Nz[0x86]a[0x18]o[0xe7][0x80][0xa3][0x93][0xb7][0xb][0x10][0xd8][0x8][0xe7][0x98]q[0x10]>Z[0x8a][0xe9][0xe0]5:[0xe9][0xbd][0xe5]!#[0xa9]0",[0xf0][0x0][0xee]x[0xc8][0xe0][0xd6]7[0xa7]8[0xe6]`j`8[0xc5]|[0x93][0x84]u`[0x8a]g[0xc0]S[0x80]h[0x90][0xd0]A[0x4]S`'+[0xcc][0x8c] [0x80];_~<<[0xdc]o[0xc7][0xf2][0xc2][0xe5]b[0xc1][0xfd]s,[0xc0]M[0xe8][0xda][0xb2]5[0x10]V[0xc2]/[0x10][0x94][0x0][0xc5]m[0xf8][0xcd][0xcf][0xbe]K[0x1a][0x2][0x16]i[0x8c][0x5][0xf8]M[0x80]K[0xf8][0xaf][0x8c][0xcc]|%[0x9a][0x1e][0xfa]c[0x9]K[0xf0][0xad][0xe9]2[0x9][0x5][0xa1][0x89]e[0xdf]K[0xc1]B[0xba]L[0x84]?tH[0x12]2[0xf9]%`[0xc1][0xfd][0xeb][0x1b]G[0x90][0x5][0x9c]C[0x8c]7[0xbf][0x10][0x6][0x91][0xa6][0xe3][0xcc][0xd3][0xcb]|<./q[0x1c][0xd3][0xf5][0x7][0x8a]#_[0xb0]%[0x8c]%U:[0xf9][0xea][0xdf]KN^[0xc1].[0xc1][0xb]p[0xe4][0xdd]Gy[0x91]b[0x86][0x17] [0x80]q[0x87][0xf0]w1[\r][0xbf]9[0x13][0xf9][0x9][0xd1][0xbb][0x8d][0x13]A[0xc][0x2]~[0x9f]C[0xf2][0x9e].Ry[0xed][0xa4][0x8c][0x86][0x0][0xd1][0xe5][0xf4][0x82]1[0xca][0xb4][0xe8][0x1c][0xe2][0xa9]/[0xe6][0x84][0x8f][0xe5][0x87]+[0x19][0xf8][0xf2]C[0xdf][0xe6][0xac][0xfc][0xfc]B[0x83]K[0xc6]~[0xe5][0xd2][0xf7][0x93]e[0x1c][0x9f][0xca][0xf][0xcf]*[0xe1][0x6]I[0xb8][0xc0]I[0x8]tj[0x9c]1[0x86]7[0xf6]i9[0xe8]][0x97][0xd7]7[0x9a]x[0xb6][0x14]?[0xfb][0xd6][0xc0]b]~q[0xa5][0x7][0xda][0xcb][0xf4][0xdb][0xa0][0x9c][0xb0]Zw[0xb6][0x9d][0x19][0xa8][0x98]U[0x83]^&D[0x10][0x1c][0x93][0xbb]|[0xd7][0xb2]u[0xd7][0x14][0xe8][0xd7]o[0xf3][0xb9]W[0xf9][0xa6][0xb7]fr[0xee]W[0xc]'[0xa6]3[0xb][0xb9][0xae]kH[0x98][0xe1][0x1b][0xa8]/[0xf5]n[0x8f][0xe5][0x8e]4DP&[0x91][0xc1][0xb][0x81][0x15][0xb0]F[0xc4][0xc5]i[0x1a]o[0xbc][0x82][0x92][0xdc]_[0x9][0xe7][0xbe][0x9a][0x9b][0xef][0xa1][0xcb][0xd3][0x98][0x8][0xcb]t[0xcd][0x12]Em[0xdd][0x98]L[0x95]es7[0x86]d&[0xe6]'G[0xf6][0xfd][0x16]b[0xe]Fc[0xc0][0xf7][0xfd]#[[0x99][0xa6][0xbf]&ID[0xd7][0xd7]j[0xf4]zxs[0x93]][0x8d][0x8a][0xab][0xc3][0x9b][0x9b][0xf1]."[0x87]O[0x12][0xd1]SkX[0xb5][0xb5][0xdc][0x8c][0xb7]=2[0xb5][0xc4]&[0x95][0xe6]%[0xa1]{[0xbe]o.[0x93][0x8][0xa6]$[0x81][0xc8][0xdc][0xdf][0xcf]`r}[0x9a][0x9b][0xd6][0x92]%[0x1]N[0xc3][0x9a]mMMq[0xe8]0,_[0xe9][0xdc][0xd6]#[0x86][0xf2][0xf2][0xeb]D[0x9][0x91]O[0xca]m7[0xc3][0xd4]{<[0x90][0xff][0x8c]_[0xcc]s[0xb9]3[\n]"
2020-12-29 02:55:01,209 DEBUG [main] wire:73 -  << "MoOf[0x13]gql[0xd9][0xe3][0xed]v[0xeb]LI[0xc][\r]_O[0xb1][0x98]w8[0xb7][0x8a][0x99][0x8e][0x8a][0x8c]?[0xe0][0xd5][0x92][0xa8]/?[0xf4][0xad][0xe][0xc0][0xea]3[0xf7][0xa9])0_}[0xfe][0x88]K[0xee]t[0x9f]g;[0xe0]_[0xea]g[0xbb][0xfc][0xa9]t[0x1d][0x12]C[0xc5][0xff][0x94][0xfe]B[0xe6]G4\. [0x11]n[0xc8][0x0][0xb][0xb8][0x88]A[0xde]Y[0xa6][0xce]([0xa6]=[0xe6]!s9[0xb][0xb5]&[0xc9][0xd4][0xd2]z[0xcc][0xb6]^[0xe]j[0x80]b[0x96];[0x80]Vm[0x5]G[0x3][0xb4][0x83][0x87][0xcc][0xa5][0x9]h[0x15]5[0xe2][0x84][0xb6][0xa1][0x8b]O[0x9f]ZV[0x94]-OkJ[0xd1][0xd9]e[0x8c][\r]{[0xcb][0xf8]1[0xc0][0xd1][0x86][0xb], [0x9c][0xe3]d[0x6][0xbe][0x6][0xc7]2[0x15]5[0xd2][0x9c][0xc2]R[0xe3]j[0xd2]gy;~[0xd4][0xc4][0xc9][0xd4][0xb2][0xf6][0xd4][0xb4][0x87][0x87][0x3]I[0x12][0xa2][0x87]0[0xdb][0xf0][0x3]W[0x0][0x17][0x96][0x1a][0xb5][0xed]b[0x9f][0xea][0xf1][0xed][0x99]k[0xd9][0x8e][0x8b][0xdd][0x9a][0x81][0xc8][0xb6][0x8a][0xbf][0xdb]\[0xe1][0x99][0x8c][0x12][0x96])[0x8b][0x14][0xd3][0xbe][0x1e][0xde]H[0xef][0x87]$z?'qd[0xf1][0x90][0xe9][0xd9][0xf9]B[\r][0x92][0x10]a[0xd9][0xf7]:[0xd4][0xb8]8[0x8a].V[0x90][0x88][0xf][0x84][0xb]H[0x80]YH[0xae][0x1]95[0xeb][0x12][0xd2][0x10][0xe9]RT[0x8b][0x82]F[0xe2]/[0xec][0xcd][0xbc]:[0xbf][0xf8]p[0xf6]oC[0xe9][0xcb]l[0x86][0x0][0xe7][0xe5]p8[0x94][0xdf][0xca][0xa0]e0*[0xe4][0xc2]Q[0xf4][0xb][0x89][0xe1][0x7][0x83][0x82][0x93]2B[0x19][0x11][0x1b][0xbd][0x8f]2r[0xf9][0x9][0xac]e[0x85][0xe1]N[0x9c][0xac][0xda][0xdf][0x9c]t[0xb1]5Y}[0xa3]#[0xa3]/y[0xe9][0x18][0x1e][0xb7][0xe1]=[0xd2][0x80][0x8c][0xc3]9[0x84][0xdf].[0xa7][0xef]4wK[0xc2]jz[0xe0] [0x8a]J[0xc9][0xe2] [0x4][0x9d]P[0x1a][0xdb][0xf7]e[0xf9]T[0x0][0x1b][0xda][&aY>=^:[0xe1][0xa5][0xa0][0x97]j[0xcd]O[0x94]P[0x15][0xbd]J[0xff][0xd7][0xd3]rE[0x14]A[0xb7][0x8f][0x2][0xd4][0x97][0xa5]a[0xbf]?n[0xab][0xff];[0xe4]z[0xba][0xa4][0xfb][0xcf]o[0x8][0x8e][0xa2][0xab][0xd2][0xd8][0xab][0xa6][0xf4][0xb4][0xad][0xe9]z[0xf8][0xfa]&[0xbb][0xd0][0x9f]J[0xe6][0xb1][0x9c]V[0x8b][0xf1][0x85][0xb])[0x8d][0x9a][0x86][0xc][0xdc]f[0xdf]4~[0xb9][0xfc]p[0xb1]gh[0xb7]2[0xed]q{M[0xe3]?[0xb7][0xa4]][0xdb][0xd3][0xb5][0xba][0x9d][Y,T[0xae][0xe2][0xbb]W[0xf8][0xe5][0xe3][0xfb][0xab][0xcb]_?[0xfe][0xc5][0xab][0xec][0x1a][0x97]V[0x9c][0x99]][0xe][0xca][0xac][0xe8][0xe1][0xa1][0xf4]0[0x9d]om[0x6]b[0xc9][0x12][0xbd][0x8e],[0x8e]Y5[0xe][\r]J[0x8a]xs[0xd1][0x9a][0xfa][0xfe]~#`[0xe6]<T[0xf2]S[0x93][0xb4]#[0x19][0x99]3[0x18][0xbe]qu[0xf9][0xcf][0xb]C)d[0xf][0xd9]c-[0x8c][0xa1]t[0xa8]j85[0xa9]p[0x9d][0xf6][0x19][0xe4]~J[0x99][0xa5][0xb6][0xd0][0x1f][0x8e][0xc9][0xdb]:zV[0xa1][0x8e]I[0xbf][0xaf][0xf7]y[0xa2][0xcb][0x9f][0x1a][0xd2]5Qu[0x9f]R[0xbc];[0xc7][0xfc][0xd7]u[0xf2][0x1b][0xa3])0[0xb1][0xb1][0x14][0x92][0xfd][0x9c]e[0xa0][0xbe][0xc6][0xad][0xaf] /[0x17]J[0xe5][0x96][0xd5]P[0xae]2[0xbd][0xe3]j[0xf6]MQ[0x0][0xe4]>[0x9f]Q[0xd3][0x95]Q[0x8d]\eJ[0xa5][0xb0][0xfd]A9[0xb7][0xdb]^[0x9d]S[0xb9][0xfb][0x92][0xd4][0x82][0xcf][0xb4][0xfe][0xe6][0xc][0xa6]Y[0xfd][0xee][0xc6]4[0xc4][0x12][0xc3][0x95]@[0x15][0x10][0x19][0xcc][0x94][0x13]}[0x82][0xd9][0xc5]mj[0x99][0xd7][0xa7][0xfb]7p[0xf7][0x87]o][0xff][0xbf][0xfd][0xff][0xb9][0xf9][0xd9]6[0x1d][0x93]dg[0x15].[0x18]If>[0x83][0x99][0xb][0xb7][0x10]Z[0x92][0x86][0x9d][0x11][0xe1][0xbe][0x1e]=[0xd5]_[0xd7][0xa3][0x1b]/?[0xd5][0xc8]A[0xdf]G#d[0x87]4[0xe1]4[0x6]7[0x82][0xc9]R[0xb]X[0x15][0xba][0x9a][0x8f][0xef][0xd5][0xa9][0xbe][0xdf][0x97][0xf3][0xd5][0xe5][0xc9][0xe1]p[0x98][[0xbd][0xaa]zb[0x10]&7f[0x14][0x15][0x89]\[0xb9][0xa5][0x95][0x5][0xdc][0x6]4[0xce][0xa1]m~[0x19][0x2][0xe1][0xa2]b[0x97][0x6]I[0xc][\r]"S5[0xd6]42R[0x1a]XH[0x13]A[0x92][0xac]o[0xa0][0x82][0x92][0x9c]P[0xb1][0xd0][0xfa]nk[0x8f]n[0xf8][0xe7][0xc3]C[0x86]X[0xad][0x94][0xb]\=T7[0xb2][0x92]v[0x1d]^[0xb7]"[0xd3]3TMk[0xda]u[0xb3]nI[0xd4]11[0xaf][0x15][\r][0x1c][0xab][0x92][0xb3]M[0xa3]-l[0x7][0x19]R"U([0xe9],[0xd8][0x8c]_[0xdb]mO[0x17][0x81][0x99][0xa5][0xdf]g[0xa5][0x97][0x97]};8[0x8a][0x8a]l[0xe7]5[0xd3][0x9f][0x93][0x95][0x1a]^[0xf6]]bg[0xc0]Zf[0xd1][0x9d]"O}:[0xa5][0xed]y[0xe5][0xa5]S-x[0xbc][0xea][0xcd]v[0xbc][0xb5]+[\r]/Y[0xab][0x96][0xf5]:8[0xc2]I[0xec]{hU[0xb0][0xa7]m[0x90]%[0x9c][0xc4][0xd9][0x1b][0xd9][0x1e][0xb8]X[0x8][0x1c][0xce][0xd5][0xe8]i[0xed][0xce]B4A}I[0xd3][0x83]k}}[0xe3]'[0x96][0xbd]u[\n]"
2020-12-29 02:55:01,209 DEBUG [main] wire:73 -  << "[0xfe][0xc][0x16]t[0x5][0x1d]"[0xe8][0x81][0xa6][0x14][0x1d][0xd0][0x8a] [0x11]T[0x5][0xa9][0xdc]U[0x4][0xc9][0x8e][0xe1][0x85]<[0xb5][0x86]_C[0x1d]:[\n]"
2020-12-29 02:55:01,210 DEBUG [main] wire:73 -  << "[0x89]]g:[0xa4]'!{,[0xd4][0x89][0xe][0x1c][0x91][0x1d][0xde][0xf6][0x86][0x8e]p[0xc5]&[0x5][0x1f][0x9][0xb8][0x15][0x7]_[0xf1][\n]"
2020-12-29 02:55:01,210 DEBUG [main] wire:73 -  << "g[0xc8][0xce][0xe3]G[0xe]$[0x8f][0x1c][0xa8]u[0xe4][0x10][0xf6][0xb6][0xd2]It[0xf3][0xba][0xde]<[0x88]@0JD8'![0x9e][0xd1][0x83][0x9]%[0x1c][0xdc][0xaf][0xdc]t[0x8c][0x9d]c[0xa7][0xb3]p[0xe2][0x8f][0xde][0x8c][0x6][0xc7][0xfb][0xf2][0xc2]tt[0x14]v[0x8c][0xeb][0x1b]G[0x5][0xe8][0x2]P[0xb9][0xc9]L&[0xa2]eS[0xf4][0x9]Q[0x16][0xb0]H[0xe5][0xd9][0xba][[0x98]r[0xb4].[0xce][0xe1]w[0x89][0xf3][0x94][0x8]$I[0x0][0xa7]4[0xde]-F[\r][0xe3][0xcf]hf[0x5]i[0xab][0xc1][0x9b][0x92][[0x88]U[0x9f]6[0xbd][0xfd][0xf2][0xe9][0x83][0x8f][0x9a][0xec]g[0xc][0xa7]0eK"[0xdc][0x19][0x99][0xa2][0xf2]@y[0x16]E[0xbf][0xc9][0xc9][0xd6][0xea][0xf2][0xdc]Qd[0xce][0xb1][0xc0]*v[0xe6][0xfb][0xe0][0x12]~[0xae][0xdb]U[0x12][0xc9][0xde][0xdf][0xaf][0xc][0xfc][0xb][0xc7]$[0xb2][0xca]y[0xf6][0xbd][0x16][0xc5]M[0x97]|n[0xdd]K[0xcb][0xf4][0xcc][0x15][0x89][0x80][0x9a][0x8e][0xfa][\n]"
2020-12-29 02:55:01,210 DEBUG [main] wire:87 -  << "[0xc8]"e[0xc0]9[0xa1]I@"Or[0x8d][0xe8][0x2][0x13]uW[0x10][0x9e][0x81]8[0xbf]<[0xb7]lG[0x4][0x90][0xd2]p^[0x1b][0xb9][0x90][0x10]kh;[0x11][0x16][0xb8][0x1c][0x91]wW[0xf4][0xb3]`[0x15]q[0xb6]2`[0x96][0xe9]L[0x16]o[0x96]Z[[0xd6][0x90]+\dE8[0x99][0x90][0x98][0x8][0xdd]5h6[0xe9]v[0xe1][0xc9][0xa4][0x9d]2`[0x90]D[0xc0]P^[0xd6][0xe8]"
2020-12-29 02:55:01,211 DEBUG [main] wire:73 -  << "[\r][\n]"
2020-12-29 02:55:01,211 DEBUG [main] wire:73 -  << "800[\r][\n]"
2020-12-29 02:55:01,212 DEBUG [main] wire:73 -  << "[\n]"
2020-12-29 02:55:01,212 DEBUG [main] wire:73 -  << "[0xaf]C}Z7[0xf6][0xfe]~[0xa6][0xa4][0xac][0x8d]9[0xb4][0xef][0xd7]siW-[0xb0][0xdc][0xdb][0xaf][0xfe]K[0x99]%[0xbf][0x9e][0xd4]F[0xed][0xfb][0xaf]~[\r]0[0xde][0xf6][0x94]%,[0xf9][0xfc]7m[\r][0xd9]0Oc[0x12][0x82]5t[0xbe][0xda]cK[0x96]1[0x97][0xb]<[0x3][0xcb][0xb6]U([0xa9]*[0xf6][0xcb][0xa7][0xf][0x96][0xb2][0x1f][0xbb][0x8f]N)#3[0x1f][0xf5][0xad][0xce]'[0xe]:[0x93][0x9d][0x8e][0xbc][0xa1][0xdd]G[0xfb]+[0x1f][0xf5]'[0x82]b[0xeb][0xff]|[0xfe][0xf5][0xa3][0xab][0xab][0x1b]2[0xdd]X[0xa5],[0xb6][0xda][0x87][0xc2]J[0xc7]yYv[0x16]E^n[0x82][0x8e][0xdc][0x1e]O~d[0xb9][0xe3][0xed][0x81][0xe]e'[0xdd]c[0x1a][0xb5][0x9a][0x14][0xe2]gxPJY*[0x3][0x19]N[0xc4][0x1]f[0x8b]M[0xdb]q[0xce][0x92]HJ[0xab][0xfd][0x7]G[0x9f]c*[0xaa].T[0xb8]Vs[0xc8][0x19][0xe6][0xff][0xd9]cm[0x92][0xd5][0x9a][0xab]$,U[0xfd]'[0x88]g[0x7][0xb9]6[0x87][0xbf][0x81]x[0xbf]d[0xc][0x12][0xa1]w[0xc7]*[0xea]q[0xad][0x85][0x86]4;[0xf8]0XA[0xb2][0x4][0x7][0xb8][0x8][0xf2][0xeb][0x9][0x89][0x82]iL)[0xb][0xa6]$[0x8e]![0xaa][0x0]R[0x6]+[0x87][0xb],[0x2]N[0x97],[0x84][0x80]D[0x8e][0xb6]&[0xe5][0x90]{[0x1d][0xee][0xa2]Y[0xda][0xf][0xf][0x95][0xb1][0xb3]dS[0x1f][0x96][0x86]+[0xbf][0xb3][0xc]w[0x19]9[0x19][0xbc][0x0][0xd8][0xc5][0xf1][0xa1]pO[0xb9][0xe3]8[\n]"
2020-12-29 02:55:01,213 DEBUG [main] wire:73 -  << "R[0xca][0x89][0xd0][0x91][0xc8]O1[0xe3]p[0x99][0x8][0xab][0xea][0x11]W[0x98][0xcd]@[0x90]d[0x96]/[0xdf][0xc4][0xa9]i[0xeb][0x82][0x9e],[0xd2][0xcb][0xa8][0xe6]?[0x12][0xe3][0xf2][0xf2]<[0x97][0xdb][0xc1][0xd1][0x97][0x84][0x88][0x1a][0xca][0x99][0x2][0xe5][0xd4][0xb2][0xf5][0x8f][0xf5]3:E[0xef]yb [0x89]M"[0x94][0x89][0x12][0x93][0x4]d[0x8d]~[0x19][0xf9]CML[0x96][0xf]d[0x5][0x5][0x0][0xee][0xc8]B[0xee][0x9a]/[0xe3]gv[0x9d][0xcb]9.[0xe3]a[0x81][0xe6][0x9b]t[0xf2][0x15]Ba[0xaa][0xcd][0xc9][0xc1]nN7 [0xd1][0x9e][0xef][0x17][0x11][0xd2][0xbe][0xaf]0[0xec]B[0xd6][0x11][0xb1][0x18][0x91][0xf2][0x6][0xb2][0xaa]l[0xd1][0xa9][0xac][0xa4][0x13][[0x86][0x91][0xee][0xd8][0xaa][0xb6]#S[0xf9][0xf7][0xe7](T[0xa6]%[0xe4][0xd4]S[0x94]&[0xfc]X[0x92]Z&Dx[0x9a][0xf3][0xe3][0x9]+s[0x13][0xaf][0xc3]u[0xbc][0xaa][0x1b]UL[0xd3][0xab][0x9b][0xa9][0x1c][0xe2][0xe4][0xe]<[0x84]Z[0xce][0xe6]=[0xe1]}[0xde][0xa3][0xce][0xe8]5|S[0x1d])[0xd9]&[0x8]i[0x4][0xb5][0xd5][0xbc]o[0xd9][0x8e][0xc][0xad]+[0x2][0xeb][0xa6]B~[0xcb][0xe0][0x97][0x91]e;[0xd2]H%[0x82]6m[0xa7][0xba][0x8f]^[0xb9][0xd1]N[0xc5]N[0xbc][0xd2][0x8e][0x9e][0x91][0xdd][0x1d][0xc2][0x3][0x99][0xa6]<[0xed]GY[0x9c]h[0xe4]*[0xa7]Q[0x3][0xe4][0x1][0xed][0xdd][0xe6]R[0x19][0xcd]/[0xcb]8[0xbe][0x8c]*q-[0xf]J[0xd2]mV8[0xe6]~[0x81][0x94]?[0x98]<0[0x95][0xcf]t[0x1b][0xa1]F[0xb5][0xf7][0xf7][0xe5][0xdc][0xca][0xf3][0xc8]'LRG$[0x15]/[0xe4][0xc4][0xeb][0xe1][0x8d][0xa3][0x3][0x8c][0xba];[0xbc][0x19][0xff][0xb7]l[0xf6]Y;[0xfd][0x17][0xed][0xd5][0xb8]\[0xcb];[0x84][0xdf]Y[0xab][0xa9][0xad][0x8a][0xe3][0xac][0xca][0xba][0xce][0xc6][0xa7]$[0x16][0xc0][0xca][0xb2]B[0x81][0xeb][0x89][0xd5][0xcd]t[0xb0][0xb5][0x9d][0xe7]L[0xda]kL[0xba][0x19][0x17]\[0xdd])e[0x17]8[0x9c]7f[0xf2]G[0xb][0xc9][0xac]v[0xd3]c[0xf2][0xdc][0x97]Q~x[0xd0][0xcd][0xb1][0xbf][0xba][0xd8],[0xca]*YO=YgvV[0x96]\[0xf0][0xe7][0xd4][0x96][0xa5][0x85]d=<[0xc2][0xcf][0x16]i[0xd3]*[0x14]p[0xbf][0x8e][0x19][0xc0][0x1d][0xfe][0xa3][0x89][0xa9][0x80][0xcd]v[0x16]*[0xdc][0x9][0xe5])[0xe4][0xcb][0xa7][0xf]}[0x1f][0xed]K+[0x13][0xc1]rI"[0x1f][0xf5][0xd5][0xdc]k[0xb3][0x84][0x99][0xb2][0xdc]m[0x17][0xde]9[0x81][0xf1]vk[0xd7]K[0xe3][0xc2][0xfe];ru[0xc5][0x19][0x2][0x99] [0x83][0xc8][0xf7]Q!:[0xaa]7V[0xf3]:G:[0xb9]zK[0xa6]][0x89][0xfc][0x86][0xc5]<[0xa7]][0x9]onJS[0xab][0xaa][0xd7][0x82]YQ[0x18](-IXSO%?[0xbb][0x10]'C[0xbd].[0xc7][0xd4]B[0xb3]V[0xa2][0x1c][0xfc][0x7]l[0xc]R [0x16]U[0xc7]?`[0xd3][0x12][0xcb][0xf7][0xfd][\n]"
2020-12-29 02:55:01,213 DEBUG [main] wire:73 -  << "[0x8f]&[0x8b]l[0xd6][0xcd][0xb8][0xdd][0xfb][0xed]:s[0x94][0xd5][0xb6][0xd7][0xa8][0xe8][0x9d]z![0xee]u[0xd4][0xe5][0x12]E[0xe6][0x11][0xaf][0x9a]T[0xca]c[0x8c][0xf3]7[0xc8]*l[0xaf]Yr;[0xd5][0xf6][0xd8][0x13][0xcd][0x5][0x86]c [0xb3][0xf9][0x8e][0xc6]B9[0xfa][0xbf][0xd8][0xdf][0x10]x[0x91][0xe2][0x1d][0x2][0xe4]c?[0xd8][0xd3]([0xe]y[0xdd]/[0xe3]![0x85][0x86][0x8c][0xee][0x1e]W[0xfd][0xf0][0x97][0xe1][0xea]w[0xf1][0xa4][0x1b][0x1a][0xbe]q[0x8f]p[0x14][0x84]8[0x9c]C[0x10][0xc3][\n]"
2020-12-29 02:55:01,214 DEBUG [main] wire:73 -  << "b[0xe4][\r][0x1d][0x5][0x92][0xe5]M[0x80][0xa3][0xaf]K.d[0xaa][0xc8][0xe1]1[0xbe][0xdb][0xc4][0x14]G[0xc1][\n]"
2020-12-29 02:55:01,214 DEBUG [main] wire:73 -  << "[0x98][0xca][0xac]9<{*[0x10][0x90][0x88]#Y}I[0xa0]`8[0xe1]S[0xca][0x16]5[0xda][0xb7]AN_[0x1]&$[0x8a][0x80][0x5][0xb][0x10]s[0x1a]!oT@[\n]"
2020-12-29 02:55:01,215 DEBUG [main] wire:73 -  << "[0xe]G[0xe][\n]"
2020-12-29 02:55:01,215 DEBUG [main] wire:73 -  << "[0x89][0xd8] [0xf][0xfd][0x83][0xc6][0xdf][0xb0][0xc0]H[0x16][0xf8][0xaa][0xfc]B[0x1e][0xba][0xfc][0x88][0x1c][0x14][0xe1][\r][0xf]8IB[0x8]b[0xcc]E[0xa0][0xc2][0xb][0xf2][0x6]#[0x7]E[0x84][0xa7]1[0xde][0xd4][0x99][0x96][0xb1][0xca][0x1b][0x1d][0x1d][0x1d][0xbf]z[0xe1][0xa0][0x88][0x7]8[0x92][0xb5]c@S[0xa1]F[0xe4]lHfx[0x6]Q [0xc8][0x2]r[0xaa]C[0x7][0xc1]]Mg[0xa3][0x12][0xc2][0xbf][0x91]T[0x15][0x85][\n]"
2020-12-29 02:55:01,215 DEBUG [main] wire:73 -  << "O-~[0x8a]CA[0x99]f[0xe6][0xa0])[0xc3][0xb]XS[0xf6]-[0x7][0xcc]1[0xf]&8[\n]"
2020-12-29 02:55:01,216 DEBUG [main] wire:73 -  << "[0x88][0xc]jV[0xe]YS&[0xb5]9t[0x10][0xc1][0x93] [0xc4][0x2]fT[0xad][0x19]9[0x88][0xf0]`[0xca][0xe8]"`[0x10][0xd2][0xc5]Bf[0xec](P[0x7]z[0xe4]i3[0x92][0x18][0xda][0xa3][0xb5][0xdc][0x94]UG8[0x11][0xfa][0xec][0xaf][0xc8]+[0x9d][0xc9][0xd9][0x81]zAB1(`Yu[0x93]AE[0xcb]Z[0x16]X[0xee][0xa8][0x96]s!m[0xbf]\>M[0x5]Y[0x90];m[0x19][0xc5]~[0x8e][0x1c][0xa4]xUJ[0xf7][0xcc]f[0x14]X[0xf1]+[0xb7][0xaa][0x84])[0x19]&[0x93][0x17][0xd3][0xe3][0xe1][0xeb][0xd1][0xe0][0x15][0x1c][0xbe][0x1c][0xbc][0x88][0xa6][0x93][0xc1][0xcb]0<[0x1a][0xc]_[0xbd][0x19][0xbe]9z9[0x1c][\r][0xf]AR[0xca][0xcf][0x4][0x1c]b[0x8]3[0xcb][0xd4][0xf4]([0x17]8[0xce]dD[0xaf][0x86][0xc3][0xe1][0x8b][0xa1][0x9c][0xb0][\n]"
2020-12-29 02:55:01,216 DEBUG [main] wire:87 -  << "[0xe4][0xe9]BT83[0xe0])M8[0xe8][0xcd][0x97][0x89][0x18]y[0x87][0xc7][0xa3][0xa1][0x83]8[0xb0][0x15]0%[0xcf][0xe8][0xc8][0x1d][0x1d][0x1e][0xbb][0xa3][0xd7][0xc7][0xee][0x9b][0x91]7:|1|[0x81][0x1c][0xa4][0xde][0x8a]A[0x1e][0xfa][0xfd][0x9d][0xbc]YN[0x82]"
2020-12-29 02:55:01,217 DEBUG [main] wire:73 -  << "[0x1d][0xb][0xce]JK[0xe4][0x8d][0x8e][0x87]oFo[0x86][0xc7]o^;([0xaf][0xfa]r[0x89]5[0xfb]D[0xed]Y[0xc5][0x6][0x97],F[0x1e][0x9a][0xb][0x91]z[0x7][0x7][0xd1]r[0xb1][0xd8][0xb8][0xc][0xb8][0xc0])[0x81][[0xbc]HcpC[0xba]8[0xc0])9X[0x8d][0xe]$I[0xba][0x1]88D[0xe]Zr`9qic[0x95]5[0xaf])[0xe3][0xa2]0[0xbe]b[0x97][0xb7][0xe3],h[0xc8][0x1c]b[0xf8][0x86]z0[0x97][0xc7][0x11][0xa1][0xe2]H[0x87]K=[0xc7][0xfa][0xb][0xb][0x8b][0xb4][0xc6][0xe][0x87][0x87][0xc3][0xc1][0xe8]pp[0xf8][0x1a]U[0x6][0xbf]g[0xeb][0x9b][0xea][0xfb]q=[0x95]E[\n]"
2020-12-29 02:55:01,217 DEBUG [main] wire:73 -  << "[0xf2][0xd0]p8[0xc4][0xe1](:[0x1c][0xc0][0xab]c[0x90][0xdc]_[\r]^[0xbe][0x9e][0x1c][\r][0x8e][0x8f][0xdf][0x1c][0x1d][0xc3][0xe1]$[0x82][0xc9]K[0xb4][0xfd][0x9e][0xa6]\[0xbb][0xff][0xd6][0xdd][0xac][0xeb][0x8e][0xed]'][0x89]i[0x82][0x93][0x19][0xb0]<[0x13]U[t[0xc5][0xc8]i[0x91][0x86]&+[0xff][0xcd][0x8b][0xfd][0x95]t[0xbc]/O+[0x9f][0xa5](>[0x9d]N[0xcd]<[0x5][0xb5]2S%A=;3u[0xa6][0xa0]j{[0x91]L-[0x94][0xdf]"Y[0xe0][0xd6][\n]"
2020-12-29 02:55:01,218 DEBUG [main] wire:73 -  << "[0xd0][0xf7]K.[0xe8]B=<[0xca][0xe]${[0xa3]q{[0xac]|X[0x14]:[0xd8][0xbe][0xc7]>~x[0xb8][0x9f],'[0x93][0x18][0xb8][0xb7]7rB[0x9c][0x84][0x10][0xe3]I[0xc][0xf2].[0x2][0x81]I[0xac][0x1e]/k[0xcb][0x9e][0xb4][0x1e]-[0xe9][0xa7]U[0x15][0xe][0xc8][0x1e]O\[0x92][0x10]Q[0x81]Ifn[0xc6][0xc5][0xc1]n[0xc9][0xc4][0xc1][0xae][0xe6]Q<p[0x9f]l[0x9f][0xd1][0xb3]}Tg[0xcf]*D[0x96]1[0xdf]Y[0x88]dc[0xf5]B[0xe4][0xe5][0xf7][0x17]"F[0xf6][0xaf][0xb8][0xd0][0xbf][0x1e]P/L![0xe9][0xae])e[0x2][0x19]!M[0x84][0xdc][0x19][0xb4]&[0x91][0x98][0xfb][0x11][0xac]H[0x8][0x3]u[0xe3][0xe4][0x8f]t[0x7]<[0xc4]1[0xf8]#t[0xd2]+[0xa9][0x9]"b8[0xb9][0xa2][0xd4][0xf8]'N6[0xc6]'[0xf8]c[0x9]\[0xf0][0xb7][0x7]z[0xa0][0x82][0xb9]7[0x18][0x18][0xbf][0xd0]Dpc0([0xe5]z[0x1b][0x93][0xe4][0x9b][0xc1] [0xf6]Q[0x94][0xf0]A[0xca]`[\n]"
2020-12-29 02:55:01,218 DEBUG [main] wire:73 -  << ""[0x9c]#[0xfd][0x1a][0x3]:8[0x98][0xca])[0xee]L[0x6]i[0x12]J[0xef]G[0xcd][0xc9][0x1a]S[0xc6][0xc][0xee][0x15][0xf8][0x94][0xce]b[0xc0])[0xe1]*`[0x84][0x9c][0x9f]N[0xf1][0x82][0xc4][0x1b][0xff][0xe3]2![0x82]"[0xcd][0x92][0x8b]M[0xc]|[0xe] PS[0xd4][0xcf]j[0xa8].[0xab]B/[0xef][0xe5][0xbf][0xb9]X[0xc4][0x8e]1[0xa1][0xd1][0xc6][0xb8][0xaf][\r][0xc8][0x13][0x1c]~[0x9b]1[0xba]L[0xa2]AHc[0xca]<[0xe3][0xa6][0xd3][0xe9][0xb8][0x85][0x97][0xf][0x1e][0x1f][0x1d]O[0x8e];[0xc6][0xe5][0x9a][0x6]Z~[0xcf]0[0xf5][\n]"
2020-12-29 02:55:01,219 DEBUG [main] wire:87 -  << "L[0xc7][0xe0]8[0xe1][0x3][0xe][0x8c][0xec][0x9a][0xb2][0x96][0xd5][0xb4][0xf0][0x8c][0xd1]p[0xd8][0xc6][0x98][0x97][0x83][0xab]y{x[0x81][0xd9][0x8c]$[0x9e][0xd1][0x98][0xb9][0xed][0xd5]n[0xdd][0xe9]2[0x8e][0x7][0x9a]T[0x87][0x2][0x1e]"
2020-12-29 02:55:01,219 DEBUG [main] wire:73 -  << "[\r][\n]"
2020-12-29 02:55:01,219 DEBUG [main] wire:73 -  << "68d[\r][\n]"
2020-12-29 02:55:01,220 DEBUG [main] wire:73 -  << "[0xe1][0xd1]"[0x14][0xc3][0xed] [0x84]D[0x0][0xeb] [0x84]c2K[0x6][0xfa][0x11][0xbe][0xa1][0xb1][0xda]"g[0xd5][0xa3]gHZ[0xed]aY[0x1e][0x93][0xe9]f[0x90][0xd9]z7[0x9d][0xa6]Xy[\r]0`0[0xed][0x90][0xab]hmJ{R[0xdd][0xbe][0xc7][0xc9][0xc9]J[0xa6][0xcb]P([0x8b][0x80][\r][0x98][0xd6][0xd6]azkp[0x1a][0x93]h[0xc7][0xb6][0xaa][0xa6][0xa9]qx[0x9c]v,2[0xc5]QD[0x92][0x99]g[0xc][0x8d][0xd1][0xcb][0xf4]6[0xfb]j[0xe3][0xc9][0xc]5PZ}[0x9e][0x1e][0x16][0xc0]9[0x9e]u[0xc9]^[0x11]i[0xf4][0xfa][0xc7]X[0xe5]Wo[0xf]*[0x1e][0xf6][0xfd][0x99]jW[0xf2][0xcd]2[0x90][0x8e][0x9][0x1]Np[0xbc][0x11]$[0xe4][0xc1][0x12][0x87][0xa1][0xac][0x87][0xd0][0x97][0xb3][0xc1][0xe8]h4:|[0xf3][0xea][0xd5][0xab][0xc1][0xe8][0x5][0xfa]3[0xe9]r[0x97][0x10][0xaa][0x11][0xcc][0xd4]AN}=<[0x18][0xd7]7[0xe3][0x9e][0xbc][0xd6][0x9d][0xd0]J[0x9a][0xed][0xfd][0x14][0xcc][0xb0]p[0x3][0x9d][0xdf][0xae][0x18][0xe][0xbf][0x1][0xb3][0xcc][0x86][0x9c]2q[0x80]i[0x8f]{[[0xfb][0xbb][0xe9][0x1c][0xbd]>:z3[0x1c][0xbe][0x1c][0xc8][0xc3][0xad]9mS[0xb9]6[0xc1][\r]8[0x88]sU*~[0xc4][0xb][0x90][0x88][0xed]b[0xcc][0xbc]iL[0x9b][0xfe][0xd8]4[0xcd]M[0xe7][0xeb]af:#[0xc7][0xcc][0xab]C[0xd3]1[0xd3][0xe5]D[0xd7][0xd4][0x9][0xc5][0x11]7[0x9d][0xa3]'[0xe7][0x1f]:[0xa6]0[0x1d]s[0xf4][0xe2][0xd5]s[0xb0][0x8f][0x1c][0x93][0x91][0xc8]t[0xcc][0xa1][0xe9][0x1c]>[0x89][0xfd][0xc2]1'[0xc][0x9b][0x8e][0xb9][0xa0][0xd1]h'[0xf9][0xb3]8[0xa6][0xeb][0xb3]$[0x9c]Sf[0xaa][0x7][0x98][0xdd]h[0x9f][0x89][0xd0][0xf5][0xdc]g[0xa5][0x9d]Oj[0xc1][0xc6]h[0xd8][0xad][0xd8][0x1f][0xd7]Pk[0xfe][0xa1]c[0xea][0x83][0x80][0xe9]t[0xed][0xd0].[\n]"
2020-12-29 02:55:01,221 DEBUG [main] wire:73 -  << "[0xdd][0xf2][0x1e][0xb6][0xe4][0x5]7[0x10][0xd2][0xe2][0xf2][0xee]z[0x97][0xa5][0xb4][0x11]z[0xbd][0x8a][0x1][0xcb]p#[0xfd]f[0x86][\r][0xdf]x[0xf2]G"[0xc6][0xc][0xab][0xf7][0x87][0xc][0xdf]0[0x1b][0xfe]g[0xaa]A[0xe5][0xa8][0x86][0xaf]_[0xa8][0xec]I[0x8]g[0xf2][0xde]2u[0xf5]`[0x1a]~[0x85]M[0xf1][0xf2]d[0xca][0xa8][0xa0]![0x8d][0x8d]S[0xc3][0xcc][0xcb][0xc][0xce]c[0xd3][0xf0][0xf4][0xbd]wp[0xb0]^[0xaf]M[0xdb][0xe8][0x1b]f[0x16]e[0x6]E[0x94]Q[0xf5][0xc7]L[0xd5]yc[0xbd][0x18]^]K[0xf7]O([0xf2]%][0xf]o[0xc6][0x86][0xfa][0xd5][0x14]$[0xe2]#[0x8d][0xc0]%[0x9][0x7]&[0xde][0xc1][0x94]2[0xb0]f[0xd8]1[0xb8][0xf2]\[0xcb][0x1e][0xf7][0xda]AkG([0xd2]}J[0xba]$[0xea]e[0xd3]Q%[0xdc][0xbd][0x9d]`[0xe][0x95][0x82][0xea][0xfb][0xe]a'5[0xbe][0xad]-[0xd0]![0x10][0xee][0xe8]Uf[0xb4]r[0x9f][0x1a]V;[0xee]U[0x1f][0xe0]j[0x11]}[0xa3][0xd2][0xd0][0xb6]{:[0x3][0xd5][0xd6]`&4[0x1]s[0xdc][0xdb][0xe6][0x1c]~[0xa1]l[0xa1][0xcf][0xb2]rtd[0x8e][0xf3][0x81][0x0]2e[0x7][0x82][0x6][0xea][0xb5]l[0xc3][0xd7]o)[0xd7]4[0xa8]+[0xc0][0xab][0xb3]OW[0xc6][0xc5][0xff][0xfd][0xfb][0xc5][0xd9][0xb9][0xaa][0x3][0x9f]n[0xea][0xed]X3[0xa7]a[0x80][0xd3]4[0xd0][0xc2][0xe]3q"u[0xab][0xcf][0xdf][0xb9][0x80][0xda][0x1f]%V[0x87]C[0x16][0xab] [0xe1]g[0xc0],[0x9c][0xcb][0xd3][0x8b]$Q[0xdb][0xfb][0xbd][0xc1][0xe0][0xfe][0xeb][0x1f]K`[0x9b][0xad][0x12]Z.[0xe5][0xe2][0xe3][0xf9][0x93][0xb][0xf9][0xf1][0xe3]nk[0xd5][0x86]J[0xe3][0xbe][0x99][0x17]dj{Nz][0x87]"[0x9][0x9b][0x6]pG[0xf9][0x92][0xcc] [0x1]F[0xf4]y[0xe8]`[0xe6][0xaa][0x85][0xba][0x9][0x88][0x83][0xda][0xb0]>1=~[0xe8][0xcd][0x8e]A[0xbd][0xfc][0x97][0xcc]u[0x6][0x17]+[0x99][0xf5][0xab]Q[0xc6]([0xac][0xce][0xaa]a[0xda][0xc6]^[0xdd][0xfa][0xee][0xd5][0x1a]&D[0xb8]e[0xb][0xdd][0xca][0x1e][0x93]T[0x9b]_[0xe6][0x8d]c\[0xab][0x7]%r[0xc2]9[0x15][0xea][0xc1][0x87][0xb9]L[0xc8][\n]"
2020-12-29 02:55:01,222 DEBUG [main] wire:87 -  << "[0x18][0xc7]q[0x90][0xb5]uL[0xc7][0xa8]3[0xb4]o[0xec][0xb1][0xb1][0xdd][0x8e][0x9b][0xca]Z&[0xa1]VVk)R][0xbb][0x6][0xd4][0xf]/[0x8b]#c[0xb7][0xb2][0x9f]|[0x1][0xf0][0xb1][0x97][0x14]o:5[0xdf]>[0x87][0xfe]w,[0xee][0x99][0x6][0x17]>aq[0xa1]<[0x88]'t[0x6][0x89]z[0x14][0x90][0x99]^[0xeb][0xbd][0xc4][0xfc]UQ[0xf4][0xb8]Q>Q[[0xfe][0x88]RN*?5Q[0xb9]Q[0xae]/Nc+]][0x9e];[0x6][[0xd9]F[0x19]5UK[0x10][0xd6][0xc6]9[0x16] [0x83][0x9e][0x84]Gn[0xf6][0xdb]:+R[0xef][0xe8][0xc8]+[0x99][0xce][0xac][0xa3][0xe3][0x97]?[0x1f][0xbe][0xf8][0xf9]x([0xff][0x1f][\r][0x87]C;[0x9b][0xa1]"[0xd1]mJ[0x18][0xc8]t[0x86][0xb2]K[0x1f][0xf5]#W[0xd0]/W[0xef]?[0xab][0xa7][0x9b]9[0xfd][0xec][0xef][0x0]H.[0xef]6[0xef][0xb1][0xb0][0x10][0xdc]-o[0x83]8[0x8d][0x3][0x1d][0xff]|d[0xf4]+R[0xd5][0x84]@[0xf]rP.[0xa5][0xb8]a+y96[0xe4]u[0xc6][0xda]1[0x8e]d&[0xac][0xfc][0xb4]H[0xbd]R[0xbd]K[0x13]djXE[0x12].bi[0xf8][0xbe]o[0xa0][0xfc]UxdW[0xce];;4[0xab][0x17][0xb8][0xcd][0x88]Z[0xf9][0xaf][0x19][0xcb][0xf7][0xb9][0xab]4[0xda][0xa3][0x16][0xd2][0xbf][0xff]DN[0x9d][0x81]c49[0x18][0xea]m[0xfc][0x92]V[0xc9]LS[0xb0][0x1b]g3[0xf5][0xee][0xd4][0x92]1=j[0xf8]F[\r]{[0xdc][0xc2]M`][0xa0][0x96]os[0xaf]D[0x93][0xae][0xd2]EAWatt4[0x1e]SVq[0xf0][0xab][0xdf][0xd6][0xe4][0xd3]F[0xda][0x94][0xb5][0xa5][0x84][0xae]y5[0xde][0xee][0x84]$[0x91][0xfe][0x1]zS[0xa3][0xe5][0xbe]m{[0xdb]^W[0xc0]E5[0x1b]B[0x8e][0xd1][0x2]\?[0xb3][0xd1]mde[0xc2]M%[0x1a][0xef]|[\r][0xfd][0x89][0xa4]V[0x6][0xd5][0x3][0xf5][0xf7]@[0xf4][0x9f][0x6][0x99][0xd0]hSiUEde[0x84]1[0xe6][0xdc]G[0xd5][0xce]J[0xad][0x9d]Q[0xe9][0xdd][0xa0]zW[0xab]:]=|9i[0xed][0xf0][0x8b][0xc3]7[0xb5][0x19][0x7][0x11]Y[0x9d][0xf4]vR[0xc9][0xfa][0x7]([0xb][0xd4][0xa8][0xe8]S[0x8c][0x86][0xe9][0xed][0xb8][0x83]~[0xab][0xa5][0xd8][0xc1][0xad][0xe3][0xf6][0xf1][0xd2][0xb7]+M[0x8c][0xcd][0xe2][0xf][0x9e][0x4][0x11]Y[0xc8]pV?[0x81][0xfc][0xf4][0x93][0xfe][0x99][0xbf]xO[0xe9]7[0x2]U[0xf7]P}T'[0xef][0x9e]::[0x16]m[0xc]=[0xeb][0xa7][0xac][0x9b]\[0x9e][[0xf2][0xf9][0xfa][0xb7]2[0xbe][0xd9][0xcf]&[0xf6]-K[0xcf][0xb4]O[0xcd]q[0x1e]J[0xcd][0xbe]U[0x4][0xc4]b1w[0xd5][0xeb]nVW[0x90][0xec][0xeb][0xd9]Y[0x80][0xae][0x7]`[0xdb]3M[0xbb]o[0x8e][0xd5][0x1f]"80[0xc7][0xbd][0x9f]~[0xda][0x8e][0xb3]5M[0xa7][0xba][0x4][0xcd][0xef][0xe9][0xbc][0xc][0x13]2[0x1b]A[0xe2]j[0xf3]([0x10][0xd6]-[0x4][0xd5]#[0xce][0xc7][0xe5]|M[0xd4][0xf7][0x8d][0x91]q*)z[0x86]E[0xe7][0xc6][0x89]A[0xd7]v[0xe][0xa0][0xeb]|[0xc2][0xba]5a[0xdd][0x9c] [0x1][0xb4][0xe0][0xb0][0xac][0x88]([0xeb][0x14][0xf6]w[0xdd]{|x([0xf5][0x9c]_d[0x7]+7[0x8c][0x9]$[0xa2][0x3][0xb1][0xfb][0xf0]%=I[0xff]~[0xbd]:[0xb1][0x10]`[0xdd][0x10][0xe0]w[0xa9][0x80]g[0xf0]o[0xe3]=[0x8f][0xfd][0xef][0xb9][0x82][0xb][0xb][0xb4]L[0xb8][0x93]'|[0x3][0x12][0xe9][0x9c]_>][0xbe][0xa7][0x8b][0x94]&[0xea]4,[0xb5][0xe9][0x9b]}[0xf9][0xd5]7[0x9d][0xb5]o[0xf6][0xd7]}[0xd3][0x99][0xfb]fn;[0x86]u4zyt[0xc]G?[0xbf][0x92][0x89][0xbc]A[0x93][0xce][0xd7];[0x88]J2[0xcb][0x9c][0xce][0xb2][0x83]P[0xf7][0xf3][0x92][0xe7][0xd7]jc[0xd3]P[0x15]M[0xf7]![0x1][0xa2][0x5]M[0x84]<[0x89][0xcf][0xd3][0xae][0xa7]%[0xc5][0xf8][0x1a]&[0xe9])[0xf6][0xf1]~[0xf1][0xd4][0x84][0xcf][0xc3][0x89][0xf4][0xa2],[0xdb][0x9e]*w[0x9f][0x8][0xbe]][0xe2]}[0x85]8[0xde]L[0x9][0x9f][0x17][0xf2]U[0x1f][0xe6][0x95][0xa3][0x8f]I[0xb7][0xeb][0xb1][0xce][0xae][0xd8][0xdf][0xeb]=[0xa1][0xe4][0xce]:[0xb1][0x92]:t[0xbe]x{[0xa0][0xff][0xdc][0xd4][0xff][0xf][0x0][0x0][0xff][0xff]&[0xab][0x9f][0xc]J[0x0][0x0]"
2020-12-29 02:55:01,222 DEBUG [main] wire:73 -  << "[\r][\n]"
2020-12-29 02:55:01,223 DEBUG [main] wire:73 -  << "0[\r][\n]"
2020-12-29 02:55:01,223 DEBUG [main] wire:73 -  << "[\r][\n]"
2020-12-29 02:55:01,224 DEBUG [main] RequestSpecificationImpl$RestAssuredHttpBuilder:548 - Parsed data to instance of: class org.apache.http.conn.EofSensorInputStream
