2020-12-29 02:50:37,354  INFO [main] Usercheck:24 - Prechecks completed
2020-12-29 02:50:38,707 DEBUG [main] BasicClientConnectionManager:161 - Get connection for route {}->http://dummy.restapiexample.com:80
2020-12-29 02:50:38,791 DEBUG [main] DefaultClientConnectionOperator:177 - Connecting to dummy.restapiexample.com:80
2020-12-29 02:50:38,873 DEBUG [main] RequestAddCookies:123 - CookieSpec selected: ignoreCookies
2020-12-29 02:50:38,879 DEBUG [main] RequestAuthCache:77 - Auth cache not set in the context
2020-12-29 02:50:38,880 DEBUG [main] RequestTargetAuthentication:80 - Target auth state: UNCHALLENGED
2020-12-29 02:50:38,881 DEBUG [main] RequestProxyAuthentication:89 - Proxy auth state: UNCHALLENGED
2020-12-29 02:50:38,882 DEBUG [main] DefaultHttpClient:682 - Attempt 1 to execute request
2020-12-29 02:50:38,883 DEBUG [main] DefaultClientConnection:274 - Sending request: GET /api/v1/employee/1 HTTP/1.1
2020-12-29 02:50:38,884 DEBUG [main] wire:73 -  >> "GET /api/v1/employee/1 HTTP/1.1[\r][\n]"
2020-12-29 02:50:38,886 DEBUG [main] wire:73 -  >> "Content-Type: application/json; charset=UTF-8[\r][\n]"
2020-12-29 02:50:38,887 DEBUG [main] wire:73 -  >> "Accept: */*[\r][\n]"
2020-12-29 02:50:38,887 DEBUG [main] wire:73 -  >> "Host: dummy.restapiexample.com[\r][\n]"
2020-12-29 02:50:38,888 DEBUG [main] wire:73 -  >> "Connection: Keep-Alive[\r][\n]"
2020-12-29 02:50:38,888 DEBUG [main] wire:73 -  >> "User-Agent: Apache-HttpClient/4.5.3 (Java/1.8.0_251)[\r][\n]"
2020-12-29 02:50:38,889 DEBUG [main] wire:73 -  >> "Accept-Encoding: gzip,deflate[\r][\n]"
2020-12-29 02:50:38,891 DEBUG [main] wire:73 -  >> "[\r][\n]"
2020-12-29 02:50:38,892 DEBUG [main] headers:278 - >> GET /api/v1/employee/1 HTTP/1.1
2020-12-29 02:50:38,892 DEBUG [main] headers:281 - >> Content-Type: application/json; charset=UTF-8
2020-12-29 02:50:38,893 DEBUG [main] headers:281 - >> Accept: */*
2020-12-29 02:50:38,894 DEBUG [main] headers:281 - >> Host: dummy.restapiexample.com
2020-12-29 02:50:38,895 DEBUG [main] headers:281 - >> Connection: Keep-Alive
2020-12-29 02:50:38,895 DEBUG [main] headers:281 - >> User-Agent: Apache-HttpClient/4.5.3 (Java/1.8.0_251)
2020-12-29 02:50:38,895 DEBUG [main] headers:281 - >> Accept-Encoding: gzip,deflate
2020-12-29 02:50:40,274 DEBUG [main] wire:73 -  << "HTTP/1.1 200 OK[\r][\n]"
2020-12-29 02:50:40,286 DEBUG [main] wire:73 -  << "Cache-Control: no-cache, private, max-age=31536000[\r][\n]"
2020-12-29 02:50:40,288 DEBUG [main] wire:73 -  << "Content-Type: application/json[\r][\n]"
2020-12-29 02:50:40,289 DEBUG [main] wire:73 -  << "Date: Mon, 28 Dec 2020 21:20:40 GMT[\r][\n]"
2020-12-29 02:50:40,290 DEBUG [main] wire:73 -  << "Display: staticcontent_sol[\r][\n]"
2020-12-29 02:50:40,292 DEBUG [main] wire:73 -  << "Expires: Tue, 28 Dec 2021 21:20:39 GMT[\r][\n]"
2020-12-29 02:50:40,293 DEBUG [main] wire:73 -  << "Host-Header: c2hhcmVkLmJsdWVob3N0LmNvbQ==[\r][\n]"
2020-12-29 02:50:40,294 DEBUG [main] wire:73 -  << "Referrer-Policy: [\r][\n]"
2020-12-29 02:50:40,295 DEBUG [main] wire:73 -  << "Response: 200[\r][\n]"
2020-12-29 02:50:40,296 DEBUG [main] wire:73 -  << "Server: nginx/1.16.0[\r][\n]"
2020-12-29 02:50:40,298 DEBUG [main] wire:73 -  << "Vary: Accept-Encoding[\r][\n]"
2020-12-29 02:50:40,298 DEBUG [main] wire:73 -  << "Vary: Accept-Encoding,User-Agent,Origin[\r][\n]"
2020-12-29 02:50:40,300 DEBUG [main] wire:73 -  << "X-Ezoic-Cdn: Miss[\r][\n]"
2020-12-29 02:50:40,301 DEBUG [main] wire:73 -  << "X-Middleton-Display: staticcontent_sol[\r][\n]"
2020-12-29 02:50:40,301 DEBUG [main] wire:73 -  << "X-Middleton-Response: 200[\r][\n]"
2020-12-29 02:50:40,302 DEBUG [main] wire:73 -  << "X-Ratelimit-Limit: 60[\r][\n]"
2020-12-29 02:50:40,302 DEBUG [main] wire:73 -  << "X-Ratelimit-Remaining: 58[\r][\n]"
2020-12-29 02:50:40,303 DEBUG [main] wire:73 -  << "X-Sol: pub_site[\r][\n]"
2020-12-29 02:50:40,303 DEBUG [main] wire:73 -  << "Content-Length: 179[\r][\n]"
2020-12-29 02:50:40,304 DEBUG [main] wire:73 -  << "[\r][\n]"
2020-12-29 02:50:40,305 DEBUG [main] DefaultClientConnection:259 - Receiving response: HTTP/1.1 200 OK
2020-12-29 02:50:40,306 DEBUG [main] headers:262 - << HTTP/1.1 200 OK
2020-12-29 02:50:40,306 DEBUG [main] headers:265 - << Cache-Control: no-cache, private, max-age=31536000
2020-12-29 02:50:40,307 DEBUG [main] headers:265 - << Content-Type: application/json
2020-12-29 02:50:40,307 DEBUG [main] headers:265 - << Date: Mon, 28 Dec 2020 21:20:40 GMT
2020-12-29 02:50:40,307 DEBUG [main] headers:265 - << Display: staticcontent_sol
2020-12-29 02:50:40,308 DEBUG [main] headers:265 - << Expires: Tue, 28 Dec 2021 21:20:39 GMT
2020-12-29 02:50:40,308 DEBUG [main] headers:265 - << Host-Header: c2hhcmVkLmJsdWVob3N0LmNvbQ==
2020-12-29 02:50:40,308 DEBUG [main] headers:265 - << Referrer-Policy: 
2020-12-29 02:50:40,308 DEBUG [main] headers:265 - << Response: 200
2020-12-29 02:50:40,309 DEBUG [main] headers:265 - << Server: nginx/1.16.0
2020-12-29 02:50:40,309 DEBUG [main] headers:265 - << Vary: Accept-Encoding
2020-12-29 02:50:40,309 DEBUG [main] headers:265 - << Vary: Accept-Encoding,User-Agent,Origin
2020-12-29 02:50:40,309 DEBUG [main] headers:265 - << X-Ezoic-Cdn: Miss
2020-12-29 02:50:40,310 DEBUG [main] headers:265 - << X-Middleton-Display: staticcontent_sol
2020-12-29 02:50:40,310 DEBUG [main] headers:265 - << X-Middleton-Response: 200
2020-12-29 02:50:40,310 DEBUG [main] headers:265 - << X-Ratelimit-Limit: 60
2020-12-29 02:50:40,311 DEBUG [main] headers:265 - << X-Ratelimit-Remaining: 58
2020-12-29 02:50:40,311 DEBUG [main] headers:265 - << X-Sol: pub_site
2020-12-29 02:50:40,311 DEBUG [main] headers:265 - << Content-Length: 179
2020-12-29 02:50:40,316 DEBUG [main] DefaultHttpClient:509 - Connection can be kept alive indefinitely
2020-12-29 02:50:40,342 DEBUG [main] RequestSpecificationImpl$RestAssuredHttpBuilder:545 - Parsing response as: application/json
2020-12-29 02:50:40,347 DEBUG [main] RequestSpecificationImpl$RestAssuredHttpBuilder:548 - Parsed data to instance of: class org.apache.http.conn.EofSensorInputStream
2020-12-29 02:50:40,364  INFO [main] Usercheck:33 - request sent successfully
2020-12-29 02:50:40,371 DEBUG [main] wire:87 -  << "{"status":"success","data":{"id":1,"employee_name":"Tiger Nixon","employee_salary":320800,"employee_age":61,"profile_image":""},"message":"Successfully! Record has been fetched."}"
2020-12-29 02:50:40,372 DEBUG [main] BasicClientConnectionManager:200 - Releasing connection org.apache.http.impl.conn.ManagedClientConnectionImpl@58e6d4b8
2020-12-29 02:50:40,372 DEBUG [main] BasicClientConnectionManager:225 - Connection can be kept alive indefinitely
2020-12-29 02:50:40,402 DEBUG [main] BasicClientConnectionManager:161 - Get connection for route {}->http://dummy.restapiexample.com:80
2020-12-29 02:50:40,402 DEBUG [main] DefaultClientConnectionOperator:177 - Connecting to dummy.restapiexample.com:80
2020-12-29 02:50:40,443 DEBUG [main] RequestAddCookies:123 - CookieSpec selected: ignoreCookies
2020-12-29 02:50:40,444 DEBUG [main] RequestAuthCache:77 - Auth cache not set in the context
2020-12-29 02:50:40,444 DEBUG [main] RequestTargetAuthentication:80 - Target auth state: UNCHALLENGED
2020-12-29 02:50:40,444 DEBUG [main] RequestProxyAuthentication:89 - Proxy auth state: UNCHALLENGED
2020-12-29 02:50:40,445 DEBUG [main] DefaultHttpClient:682 - Attempt 1 to execute request
2020-12-29 02:50:40,445 DEBUG [main] DefaultClientConnection:274 - Sending request: GET /api/v1/employee/2 HTTP/1.1
2020-12-29 02:50:40,445 DEBUG [main] wire:73 -  >> "GET /api/v1/employee/2 HTTP/1.1[\r][\n]"
2020-12-29 02:50:40,446 DEBUG [main] wire:73 -  >> "Content-Type: application/json; charset=UTF-8[\r][\n]"
2020-12-29 02:50:40,446 DEBUG [main] wire:73 -  >> "Accept: */*[\r][\n]"
2020-12-29 02:50:40,446 DEBUG [main] wire:73 -  >> "Host: dummy.restapiexample.com[\r][\n]"
2020-12-29 02:50:40,447 DEBUG [main] wire:73 -  >> "Connection: Keep-Alive[\r][\n]"
2020-12-29 02:50:40,447 DEBUG [main] wire:73 -  >> "User-Agent: Apache-HttpClient/4.5.3 (Java/1.8.0_251)[\r][\n]"
2020-12-29 02:50:40,447 DEBUG [main] wire:73 -  >> "Accept-Encoding: gzip,deflate[\r][\n]"
2020-12-29 02:50:40,448 DEBUG [main] wire:73 -  >> "[\r][\n]"
2020-12-29 02:50:40,448 DEBUG [main] headers:278 - >> GET /api/v1/employee/2 HTTP/1.1
2020-12-29 02:50:40,448 DEBUG [main] headers:281 - >> Content-Type: application/json; charset=UTF-8
2020-12-29 02:50:40,449 DEBUG [main] headers:281 - >> Accept: */*
2020-12-29 02:50:40,449 DEBUG [main] headers:281 - >> Host: dummy.restapiexample.com
2020-12-29 02:50:40,449 DEBUG [main] headers:281 - >> Connection: Keep-Alive
2020-12-29 02:50:40,449 DEBUG [main] headers:281 - >> User-Agent: Apache-HttpClient/4.5.3 (Java/1.8.0_251)
2020-12-29 02:50:40,450 DEBUG [main] headers:281 - >> Accept-Encoding: gzip,deflate
2020-12-29 02:50:41,391 DEBUG [main] wire:73 -  << "HTTP/1.1 200 OK[\r][\n]"
2020-12-29 02:50:41,392 DEBUG [main] wire:73 -  << "Cache-Control: no-cache, private, max-age=31536000[\r][\n]"
2020-12-29 02:50:41,393 DEBUG [main] wire:73 -  << "Content-Type: application/json[\r][\n]"
2020-12-29 02:50:41,394 DEBUG [main] wire:73 -  << "Date: Mon, 28 Dec 2020 21:20:41 GMT[\r][\n]"
2020-12-29 02:50:41,395 DEBUG [main] wire:73 -  << "Display: staticcontent_sol[\r][\n]"
2020-12-29 02:50:41,396 DEBUG [main] wire:73 -  << "Expires: Tue, 28 Dec 2021 21:20:41 GMT[\r][\n]"
2020-12-29 02:50:41,397 DEBUG [main] wire:73 -  << "Host-Header: c2hhcmVkLmJsdWVob3N0LmNvbQ==[\r][\n]"
2020-12-29 02:50:41,398 DEBUG [main] wire:73 -  << "Referrer-Policy: [\r][\n]"
2020-12-29 02:50:41,399 DEBUG [main] wire:73 -  << "Response: 200[\r][\n]"
2020-12-29 02:50:41,400 DEBUG [main] wire:73 -  << "Server: nginx/1.16.0[\r][\n]"
2020-12-29 02:50:41,401 DEBUG [main] wire:73 -  << "Vary: Accept-Encoding[\r][\n]"
2020-12-29 02:50:41,402 DEBUG [main] wire:73 -  << "Vary: Accept-Encoding,User-Agent,Origin[\r][\n]"
2020-12-29 02:50:41,403 DEBUG [main] wire:73 -  << "X-Ezoic-Cdn: Miss[\r][\n]"
2020-12-29 02:50:41,404 DEBUG [main] wire:73 -  << "X-Middleton-Display: staticcontent_sol[\r][\n]"
2020-12-29 02:50:41,405 DEBUG [main] wire:73 -  << "X-Middleton-Response: 200[\r][\n]"
2020-12-29 02:50:41,406 DEBUG [main] wire:73 -  << "X-Ratelimit-Limit: 60[\r][\n]"
2020-12-29 02:50:41,407 DEBUG [main] wire:73 -  << "X-Ratelimit-Remaining: 58[\r][\n]"
2020-12-29 02:50:41,408 DEBUG [main] wire:73 -  << "X-Sol: pub_site[\r][\n]"
2020-12-29 02:50:41,409 DEBUG [main] wire:73 -  << "Content-Length: 183[\r][\n]"
2020-12-29 02:50:41,410 DEBUG [main] wire:73 -  << "[\r][\n]"
2020-12-29 02:50:41,411 DEBUG [main] DefaultClientConnection:259 - Receiving response: HTTP/1.1 200 OK
2020-12-29 02:50:41,411 DEBUG [main] headers:262 - << HTTP/1.1 200 OK
2020-12-29 02:50:41,412 DEBUG [main] headers:265 - << Cache-Control: no-cache, private, max-age=31536000
2020-12-29 02:50:41,412 DEBUG [main] headers:265 - << Content-Type: application/json
2020-12-29 02:50:41,413 DEBUG [main] headers:265 - << Date: Mon, 28 Dec 2020 21:20:41 GMT
2020-12-29 02:50:41,413 DEBUG [main] headers:265 - << Display: staticcontent_sol
2020-12-29 02:50:41,414 DEBUG [main] headers:265 - << Expires: Tue, 28 Dec 2021 21:20:41 GMT
2020-12-29 02:50:41,414 DEBUG [main] headers:265 - << Host-Header: c2hhcmVkLmJsdWVob3N0LmNvbQ==
2020-12-29 02:50:41,414 DEBUG [main] headers:265 - << Referrer-Policy: 
2020-12-29 02:50:41,415 DEBUG [main] headers:265 - << Response: 200
2020-12-29 02:50:41,415 DEBUG [main] headers:265 - << Server: nginx/1.16.0
2020-12-29 02:50:41,415 DEBUG [main] headers:265 - << Vary: Accept-Encoding
2020-12-29 02:50:41,416 DEBUG [main] headers:265 - << Vary: Accept-Encoding,User-Agent,Origin
2020-12-29 02:50:41,416 DEBUG [main] headers:265 - << X-Ezoic-Cdn: Miss
2020-12-29 02:50:41,416 DEBUG [main] headers:265 - << X-Middleton-Display: staticcontent_sol
2020-12-29 02:50:41,417 DEBUG [main] headers:265 - << X-Middleton-Response: 200
2020-12-29 02:50:41,417 DEBUG [main] headers:265 - << X-Ratelimit-Limit: 60
2020-12-29 02:50:41,417 DEBUG [main] headers:265 - << X-Ratelimit-Remaining: 58
2020-12-29 02:50:41,417 DEBUG [main] headers:265 - << X-Sol: pub_site
2020-12-29 02:50:41,418 DEBUG [main] headers:265 - << Content-Length: 183
2020-12-29 02:50:41,418 DEBUG [main] DefaultHttpClient:509 - Connection can be kept alive indefinitely
2020-12-29 02:50:41,419 DEBUG [main] RequestSpecificationImpl$RestAssuredHttpBuilder:545 - Parsing response as: application/json
2020-12-29 02:50:41,419 DEBUG [main] RequestSpecificationImpl$RestAssuredHttpBuilder:548 - Parsed data to instance of: class org.apache.http.conn.EofSensorInputStream
2020-12-29 02:50:41,420  INFO [main] Usercheck:44 - request sent successfully
2020-12-29 02:50:41,420 DEBUG [main] wire:87 -  << "{"status":"success","data":{"id":2,"employee_name":"Garrett Winters","employee_salary":170750,"employee_age":63,"profile_image":""},"message":"Successfully! Record has been fetched."}"
2020-12-29 02:50:41,421 DEBUG [main] BasicClientConnectionManager:200 - Releasing connection org.apache.http.impl.conn.ManagedClientConnectionImpl@42f3156d
2020-12-29 02:50:41,421 DEBUG [main] BasicClientConnectionManager:225 - Connection can be kept alive indefinitely
