2020-12-29 02:43:03  INFO [main] Usercheck:24 - Prechecks completed
2020-12-29 02:43:04 DEBUG [main] BasicClientConnectionManager:161 - Get connection for route {}->http://dummy.restapiexample.com:80
2020-12-29 02:43:04 DEBUG [main] DefaultClientConnectionOperator:177 - Connecting to dummy.restapiexample.com:80
2020-12-29 02:43:04 DEBUG [main] RequestAddCookies:123 - CookieSpec selected: ignoreCookies
2020-12-29 02:43:04 DEBUG [main] RequestAuthCache:77 - Auth cache not set in the context
2020-12-29 02:43:04 DEBUG [main] RequestTargetAuthentication:80 - Target auth state: UNCHALLENGED
2020-12-29 02:43:04 DEBUG [main] RequestProxyAuthentication:89 - Proxy auth state: UNCHALLENGED
2020-12-29 02:43:04 DEBUG [main] DefaultHttpClient:682 - Attempt 1 to execute request
2020-12-29 02:43:04 DEBUG [main] DefaultClientConnection:274 - Sending request: GET /api/v1/employee/1 HTTP/1.1
2020-12-29 02:43:04 DEBUG [main] wire:73 -  >> "GET /api/v1/employee/1 HTTP/1.1[\r][\n]"
2020-12-29 02:43:04 DEBUG [main] wire:73 -  >> "Content-Type: application/json; charset=UTF-8[\r][\n]"
2020-12-29 02:43:04 DEBUG [main] wire:73 -  >> "Accept: */*[\r][\n]"
2020-12-29 02:43:04 DEBUG [main] wire:73 -  >> "Host: dummy.restapiexample.com[\r][\n]"
2020-12-29 02:43:04 DEBUG [main] wire:73 -  >> "Connection: Keep-Alive[\r][\n]"
2020-12-29 02:43:04 DEBUG [main] wire:73 -  >> "User-Agent: Apache-HttpClient/4.5.3 (Java/1.8.0_251)[\r][\n]"
2020-12-29 02:43:04 DEBUG [main] wire:73 -  >> "Accept-Encoding: gzip,deflate[\r][\n]"
2020-12-29 02:43:04 DEBUG [main] wire:73 -  >> "[\r][\n]"
2020-12-29 02:43:04 DEBUG [main] headers:278 - >> GET /api/v1/employee/1 HTTP/1.1
2020-12-29 02:43:04 DEBUG [main] headers:281 - >> Content-Type: application/json; charset=UTF-8
2020-12-29 02:43:04 DEBUG [main] headers:281 - >> Accept: */*
2020-12-29 02:43:04 DEBUG [main] headers:281 - >> Host: dummy.restapiexample.com
2020-12-29 02:43:04 DEBUG [main] headers:281 - >> Connection: Keep-Alive
2020-12-29 02:43:04 DEBUG [main] headers:281 - >> User-Agent: Apache-HttpClient/4.5.3 (Java/1.8.0_251)
2020-12-29 02:43:04 DEBUG [main] headers:281 - >> Accept-Encoding: gzip,deflate
2020-12-29 02:43:05 DEBUG [main] wire:73 -  << "HTTP/1.1 500 Internal Server Error[\r][\n]"
2020-12-29 02:43:05 DEBUG [main] wire:73 -  << "Content-Encoding: gzip[\r][\n]"
2020-12-29 02:43:05 DEBUG [main] wire:73 -  << "Content-Type: text/html; charset=iso-8859-1[\r][\n]"
2020-12-29 02:43:05 DEBUG [main] wire:73 -  << "Date: Mon, 28 Dec 2020 21:13:06 GMT[\r][\n]"
2020-12-29 02:43:05 DEBUG [main] wire:73 -  << "Display: staticcontent_sol[\r][\n]"
2020-12-29 02:43:05 DEBUG [main] wire:73 -  << "Expires: Sun, 27 Dec 2020 21:13:06 GMT[\r][\n]"
2020-12-29 02:43:05 DEBUG [main] wire:73 -  << "Pagespeed: off[\r][\n]"
2020-12-29 02:43:05 DEBUG [main] wire:73 -  << "Response: 500[\r][\n]"
2020-12-29 02:43:05 DEBUG [main] wire:73 -  << "Server: nginx/1.16.0[\r][\n]"
2020-12-29 02:43:05 DEBUG [main] wire:73 -  << "Vary: Accept-Encoding[\r][\n]"
2020-12-29 02:43:05 DEBUG [main] wire:73 -  << "Vary: User-Agent,Origin,Accept-Encoding[\r][\n]"
2020-12-29 02:43:05 DEBUG [main] wire:73 -  << "X-Ezoic-Cdn: Miss[\r][\n]"
2020-12-29 02:43:05 DEBUG [main] wire:73 -  << "X-Middleton-Display: staticcontent_sol[\r][\n]"
2020-12-29 02:43:05 DEBUG [main] wire:73 -  << "X-Middleton-Response: 500[\r][\n]"
2020-12-29 02:43:05 DEBUG [main] wire:73 -  << "X-Sol: pub_site[\r][\n]"
2020-12-29 02:43:05 DEBUG [main] wire:73 -  << "Transfer-Encoding: chunked[\r][\n]"
2020-12-29 02:43:05 DEBUG [main] wire:73 -  << "[\r][\n]"
2020-12-29 02:43:05 DEBUG [main] DefaultClientConnection:259 - Receiving response: HTTP/1.1 500 Internal Server Error
2020-12-29 02:43:05 DEBUG [main] headers:262 - << HTTP/1.1 500 Internal Server Error
2020-12-29 02:43:05 DEBUG [main] headers:265 - << Content-Encoding: gzip
2020-12-29 02:43:05 DEBUG [main] headers:265 - << Content-Type: text/html; charset=iso-8859-1
2020-12-29 02:43:05 DEBUG [main] headers:265 - << Date: Mon, 28 Dec 2020 21:13:06 GMT
2020-12-29 02:43:05 DEBUG [main] headers:265 - << Display: staticcontent_sol
2020-12-29 02:43:05 DEBUG [main] headers:265 - << Expires: Sun, 27 Dec 2020 21:13:06 GMT
2020-12-29 02:43:05 DEBUG [main] headers:265 - << Pagespeed: off
2020-12-29 02:43:05 DEBUG [main] headers:265 - << Response: 500
2020-12-29 02:43:05 DEBUG [main] headers:265 - << Server: nginx/1.16.0
2020-12-29 02:43:05 DEBUG [main] headers:265 - << Vary: Accept-Encoding
2020-12-29 02:43:05 DEBUG [main] headers:265 - << Vary: User-Agent,Origin,Accept-Encoding
2020-12-29 02:43:05 DEBUG [main] headers:265 - << X-Ezoic-Cdn: Miss
2020-12-29 02:43:05 DEBUG [main] headers:265 - << X-Middleton-Display: staticcontent_sol
2020-12-29 02:43:05 DEBUG [main] headers:265 - << X-Middleton-Response: 500
2020-12-29 02:43:05 DEBUG [main] headers:265 - << X-Sol: pub_site
2020-12-29 02:43:05 DEBUG [main] headers:265 - << Transfer-Encoding: chunked
2020-12-29 02:43:05 DEBUG [main] DefaultHttpClient:509 - Connection can be kept alive indefinitely
2020-12-29 02:43:05 DEBUG [main] RequestSpecificationImpl$RestAssuredHttpBuilder:545 - Parsing response as: text/html; charset=iso-8859-1
2020-12-29 02:43:05 DEBUG [main] wire:73 -  << "800[\r][\n]"
2020-12-29 02:43:05 DEBUG [main] wire:73 -  << "[0x1f][0x8b][0x8][0x0][0x0][0x0][0x0][0x0][0x0][0xff][0xc4]|[0xfb]r[0xdb]8[0xb2][0xf7][0xdf][0xa3][0xa7][0x80][0xf9]U[0x99][0xe4][0x88][0xa2]$[0xdf][0x92][0x90][0xa1][0xfd]9[0xb1]g[0xd7]g3[0x99]T[0xe2][0xec][0xd4][0x1e][0x97][0xf][0xb]"[[0x12][0x12][0x8a][0xe0][0x80][0x90][0x14][0xd9][0xd6][0xbb][0x9f][0xc2][0x85]WI[0xb6][0x93][0x99][0xb3][0xeb][0x99][0x92][0xc8][0x6][0xd0][0xdd]h[0xf4][0xe5][0x7][0x90][0xca][0xeb][0xbd][0x8b][0xdf][0xde]^[0xff][0xeb][0xc3]%[0xfa][0xfb][0xf5][0xaf][0xef][0xd0][0x87][0xcf]o[0xde]][0xbd]EF[0xaf][0xdf][0xbf][0xba][0xbc][0xfe][0xa5][0xdf][0xbf][0xb8][0xbe]P-[0x7][0xee][0xa0][0xdf][0xbf]|o[0x9c]v^O[0xf9],9}=[0x5][0x1c][0x9f][0xbe][0xce]#F2[0x8e]b[0xcc]q[0xf][0xee][0xf2][0x88][0xc1][0xb7][0xc0][0x1c][0xe3]$[0x7]S[0x11][0xa3]1[0xce]Wi[0xd4]$fx[0x2]y[0x6][0x10][0xf7]R[0xda][0x8b]a[0xc][0xec]t[0x81][0x19][\n]"
2020-12-29 02:43:05 DEBUG [main] wire:73 -  << "C[0xb8][0xb][0xc4][0xc7][0xc3][0xc3][0xfd][0xda][0x17][0x17]n[0xce]gyp[0x81]9[0xb8])]Z[0xb6]"[0xc2][0x82][0x7]e[0x7][0xa9]@y[0x1b]}[\r][0xf4]w[0xc5][0x83][0xc3],K0[0x87][0xa0]MpI[0xfe][0x1b]#[0x93]@[0xaa][0xa6][0x9a][0xfe][0x98][0xc3][0x1c][0x2]k<O#Nhj[0xd9][0xf7]B[0xb1][0x88][0xce]S[0x1e][0xc][0x1c][0x92]FL|q[0x98][0xe5][0xc1][0xcd][0xad][0xc3][0xc9][0xc]. [0xc1][0xab]_[0x8][0x83]X[0xf1]q[0xa6][0xd9]U[0xd1][0x9e]T[0x97]8I[0xe8][0xf2][0x1d][0xc5]q[0xc0][0xd9][0x1c]|[0xc1][0x95][0x8e][0xbe][0x4][0xf7]B[0x92]W[0x8a]K[0xf1][0xc][0x1c]q[0xf7]^\d[0x98][0xe1][0x19]p`[0xb9]C[0xf2]7[0x9][0x8d][0xbe]:#[0xf1][0x9][0xf1][0x9b][0x95][0x13]C[0x2][0x1c]~[0x9f]B[0xfa][0x96][0xce]2q[0xed]d[0x8c]F[0x0][0xf1][0xd5][0xf8][0x92]1[0xca][0x94][0xea]9$[0xe3][0x80]OI[0xee][0x8b][0xf]W[0x8][0x8][0xc4][0x87][0xba]-D[0x5][0xc5][0x85]"W[0x82][0x83][0xda]e[0x10][0xa4][0xf3]$9[0x13][0x1f][0x9e]U[0xd1][0x11]Is[0x8e][0xd3][0x8][0xe8][0x18][0x9d]3[0x86]W[0xf6]Y[0xd5][0xe8][0xdd]T[0xd7][0xb7][0x8a][0xb9][0x9e]J[0xa0][0xbf][0x15][0xb1][0x9c]WP^[0xa9][0x86][0xcd]i[0x6][0x9b][0xa4][0x82][0xb1][0x9c][0xb7]^NM*G5[0xa8]W)[0xe1][0x4]'[0xe4][0xae]X5=[0xef][0x86][0x1][0x83][0xe6]m1[0xf6][0xba]X[0xf4][0x8d][0x91]y[0x1e][0xd4][0x1c]'[0xa1][0x13][0xcb]p][0x17][0x9][0x1a][\n]"
2020-12-29 02:43:05 DEBUG [main] wire:73 -  << "[0x90][0xd1][0x15]v[0xb7]}[0xb1]"-[0x15][0xa4]Khz[0xa9][0xb0]$6[0x98][0xb8]8[0xcb][0x92][0x95]Wr[0x12][0xeb]+[0xe8]y [0xc7][0x16]k[0xe8][0xe6]YB[0xb8]e[0xba]f[0xd5]E.[0x9d]O[0xc6][0xd2][0xb3]s7[0x81]t[0xc2][0xa7][0xa7][0x87][0xf6][0xfd][0x1a][0x92][0x1c]P[0xab]![0x8][0x82]C[[0xba]f[0xb0]$iL[0x97]7[0xb2][0xf5]fp{[0xab][0xaf][0x86][0xe5][0xd5][0xc1][0xed][0xad][0xbf][0x8b][0xc9][0xc1][0x93]L[0xd4][0xd0]F[0xaf][0xc6]\n[0xfd]u[0x87][0x8c]-[0xbe][0xca][0x84]{[0x9][0xea]^[0x10][0x98][0xf3]4[0x86]1I!6[0xf7][0xf7]5M[0xcc]OISV[0xb2][0x4][0xc1]iy[0xb3][0xad][0xb8]I[0x9][[0x1c]+[0x90]6[0xb7]U[0xb][0x92]Q~[0x93]J%[0x8a]A[0x85][0xef][0xea][0x9e]j[0x8d]{[0xe2][0xf][0xfd]b^[0x88][0x95][0x91][0xdd][0xd4][0xf2]h[0x9f]8O[0x12][0xcb][0xf6][0xd7][0xeb][0xb5]3&[0x9][0xb4]b=[0xc3]|[0xba]%[0xb8]e[0xce]tdf[0xfc][0x81][0xa8][0x16]L[0x3][0xf1][0xa1]nU[0x2][0x96][0x9f]EL[0x8d][0x81][0x5][0xf2][0xf3]GBrg[0xf8]<;[0x0][0xff][0xd2]8[0xdb][0x15]OU[0xe8][0x90][0x4]j[0xf1]'[0xed][0x17][0xb1] [0xa6][0xd1]|[0x6])w#[0x6][0x98][0xc3]e[0x2][0xe2][0xce]2UE1m?[0x8f][0x98][0x9b][0xb3]HY[0x92][0x8c]-eG[0xbd][0xf4][0xa2]Q[0x11][0xa4][0xb0]"[0x0][0x94]ik}[0x14]A[0x5]x[0xc4]\[0x9a][0x82]2Q+O([0x1f][0xba][0xfc][0xf8]q[0xc3][0x8b][0xf4][0xf4][0x94][0xa5]$[0x9f]][0xce][0xd8][0xf2]7-[0x8f][0x1][0x8e]W9[0xc7][0x1c][0xa2])N'[0x10](r"JQ[0xab][0xcc][0xc9]^[0xb2]][0xe][0xfa]$n[0xfd]G][0x9c][0x8c]-kO[0xe]{x[0xe8][0xb][0x96][0x10]?Dz[0xc1][0xfb].[0x87][0x9c][[0xb2][0xd5][0xb6][0xcb]uj[0xe6][0xb7]g[0xce]e[0xed][0x97][0xab]5[0x1][0xae][0x97]*[0xb3][0xba][0xc6][0x13][0x91]%,S[0xa0][0x11][0xd3][0xbe][0x19][0xdc][0x8a][0xe8][0x87]4~;%Il[0xe5][0x11]S[0xa3][0x8b][0x89]"[0x92][0x12]n[0xd9][0xf7]*[0xd5][0xb8]8[0x8e]/[0x17][0x90][0xf2]w$[0xe7][0x90][0x2][0xb3][0xc]1[0x7][0xc3]ix[0x17][0x17][0x8e]H[0xe7][0xbc][0xe][\n]"
2020-12-29 02:43:05 DEBUG [main] wire:73 -  << "Z[0x85][0xbf][0xf4]7[0xf3][0xfa][0xe2][0xf2][0xdd][0xf9][0xbf][0x90][0xb4][0x97][0xd9]N[0x1][0xce][0xf1]`0[0x10][0xdf][0xd2][0xa1]E2*[0xf5][0xc2]q[0xfc][0xb]I[0xe0][0x7][0x93][0x82][0x93]1B[0x19][0xe1]+[0xb5][0x8e]"s[0x5]),[0x5][0xc2]p[0xc7]?[0xce]V[0xae]o[0xc1][0xba]\[0x1a][0x8d]oTf[0xc][0x84],[0x95][0xc3][0x93]Mz[0x87][0xb4](~4[0x85][0xe8][0xeb][0xd5][0xf8][0x8d][0x92]n[0x9]Z[0xc3][0xe]9[0xf0][0x12])Y9pNG[0x94]&[0xf6]}[0x5][0x9f]Jb[0xcb]z[0xf3]4[0xaa][0xe0][0xd3][0xe3][0xd0][0x9][0xcf]9[0xbd][0x92]s~[0x2]B[0xd5][0xec]*[0xe2]_[\r]+[0xc]Q&[0xdd][0xae][0x11][0x1a]][0x1][\r][0xbb]][0xd3][0xfc][0xdf][0xa1][0xd7][0xd3][0x90][0xee][0xdf][0xbf] 8[0x8e][0xaf]+g[0xaf][0xbb][0xd2][0xd3][0xbe][0xa6][0xf0][0xf0][0xcd][0xad][0xbe]P[0x9f]Rg_[0xc]k[0xe4][0xf8]2[0x84][0xa4]EM$[0x12][0xb7][0xd9]5[0xd1]/W[0xef].[0xf7][0x90][\n]"
2020-12-29 02:43:05 DEBUG [main] wire:73 -  << "+[0xd3][0xf6]7[0xe7][0xe4][0xff][0xb9])[0xed]Z[0x9e]m[0xb3][0xdb][0xb9][0x94][0xe5]D[0xc5],[0xbe]{[0x86][0x9f][0xdf][0xbf][0xbd][0xbe][0xfa][0xed][0xfd]_<[0xcb]m[0xed][0xc2][0x8b][0xb5][0xdb][0x15]$[0xed]E[0xf][0xf]U[0x84][0xa9]zk3[0xe0]s[0x96][0xaa]y[0xe8]<f5$[0xb4]8I[0xe6][0xed]I+[0xee][0xfb][0xfb][0xad][0x84]Y[0xc8][0x90][0xc5]O[0xe]R[0x81][0x84]t0[0xa0][0x0]]_[0xfd]z[0x89][0xa4]A[0xf6][0xc][0xdb]W[0xca] iC[0x89][0xe1][0xe4][0xa0]2t6[0xf7] [0xf7]c[0xca],[0xb9][0x84][0xc1][0xc0]'[0xaf][0x9b][0xdd]5B[0xf5]I[0xb7][0xab][0xd6]y[0xa4][0xe0]O[0xa3][0xd3][\r][0x91][0xb8]O[0x1a][0xde][0x9d][0xe2][0xfc][0xb7]e[0xfa][0x81][0xd1][0xc][0x18]_Y[0xb2][0x93][0xfd][0x9c]i[0x18]][0xd5][0xb7]9[0x83][0x2].T[0xc6][0xad][0xd0]Pa2[0xb5][0xe2]r[0xf4]m[0x9][0x0][0x8a][0x98][0xd7][0xdc][0x14]2j[0xb0][0xab][\r][0xa9][0x1][0xdb][0x1f][0xd4]s[0xbd][0xee]4%U[0xab]/X[0xcd][0xf2][0x89][0xb2][0xdf][0x94][0xc1]X[0xe3]w7[0xa1][0x11][0x16]=\A[0x94][0x9][0x91][0xc1]D[0x6][0xd1]G[0x98]\~[0xcb],[0xf3][0xe6]l[0xff][0x16][0xee][0xfe][0x8][0xac][0x9b][0xff][0xd9][0xff][0xb7]?[0xdb][0xa6]c[0x12][0xbd]W[0xc9]9#[0xe9]$`0q[0xe1][0x1b]D[0x96][0xe0]ak&y[0xa0]Z[0xcf][0xd4][0xd7][0xcd][0xf0][0xd6]+v5[0xa2]1[0x8][0x8c][0xa1]aG4[0xcd]i[0x2]n[0xc][0xa3][0xb9]R[0xb0][0xae]t[0xbd][0x1e][0xdf][0xcb]]}[0xb7]+[0xc6][0xcb][0xcb][0xd3][0x83][0xc1][0xa0][0xf0]z[0x89]z[0x12][0xe0]f[0x8e]&[0xd4]([0xb][0xb9][0xc]KK'[0xdc][0x16]5)[0xa8][0x9b][0xf2]t[0x7][0x92][0xf3][0x9a]_"[0x92]"E"c[0xd9][0xd6]v2R9XDSNR}n [0x93][0x92][0x18]P[0xf3][0xd0][0xe6]j[0xab][0x88]n[0xc5][0xe7][0xc3][0x83][0xee]XG[0xca]e_[0xd5][0xd4]t[0xb2][0x8a]w[0x93][0xde][0xf4]"[0xd3]C[0x12][0xd3][0x9a]v[0xd3][0xad]74[0xda]2[0xb0][0xc0][0x8a][0x8]'[0x12]rn[0xf2][0xd8]Tv[0xb][0x1b]Ru[0xaa]qRU[0xb0][0x9d][0xbf][0xd6][0xeb][0x8e][0x2][0x81][0xda][0xd3][0xef]5[0xf4][0xf2][0xf4][0xb7][0x83][0xe3][0xb8][0xac]v^[0xbb][0xfc]9[0x1a]jx[0xfa][0xbb][0xea][0xad][0x89][0x8d][0xca][0xa2]N[0x8a]<[0xf9][0xe9]T[0xbe][0xe7]U[0x97]N[0x1d][0xf0]x[0xf5][0x9b][0xb5][0xbf][0xb6]k[0x7]^[0x2][0xab]Vx[0x1d][0x1c][0xee][0xa4][0xf6]=l [0xd8][0xb3]M[0x92][0xc5][0x9d][0xd4][0xd9][0x1b][0xda][0x1e][0xb8][0x98]s[0x1c]Me[0xeb]Y[0xe3][0xce]2hjt[0x5]O[0xf]n[0xd4][0xf5]m[0x90]Z[0xf6][0xda])[0xe5]3[0x98][0xd1][0x5]lQA5[0xb4][0xb5][0xd8]B[0xad])[0x12]C][0x91][0xda]]M[0x11][0xbd][\r]/[0xf5]i[0x1c][0xf8][0xb5][0xcc][0xa1][0xb2][0x10][0xdf][0xb5][0xa7]3[0xd4] [0xc3][0xf6][0xb9][0xdc][0xd1][0x81][0xc3][0xf5][0xe6]mo[0xe0]p[0x97][0xaf]2[0x8][0xc][0xe][0xdf]x[0xff][0xb]^`[0xdd][0xd9]y|[0xcb]a[0x88]-[0x87][0xb1][0xb1][0xe5][0xe0][0xf6][0xba]v[0x92][0xe8][0x16][0xb8][0xde][0xec][0xc7][0xc0][0x19]%<[0x9a][0x92][0x8]OhDI[0xe][0xee][0x97][0xdc]t[0xd0][0xce][0xb6][0xb3]I4[\n]"
2020-12-29 02:43:05 DEBUG [main] wire:87 -  << "[0x86][0xaf][0x86][0xbd][0x93]}qa:*[0xb];[0xe8][0xe6][0xd6][0x91][0x9][0xba]$[0xd4]n[0xb4][0xcb][0xc4][0xb4]:[0x14]}B[0x95][0x19][0xcc]2[0xb1][0xb7][0xde][0xae]L[0xd5][0xda]T[0xe7][0xe0][0xbb][0xd4]yJ[0x5][0x92][0xa6][0x80]3[0x9a][0xec]V[0xa3][0xd1][0xe3][0xcf]Xf[0x1][0xd9][0xc6][0x1]oF[0xbe]A"[0xcf]i[0xb3]o[0x9f]?[0xbe][0xb][0x8c][0xb6][0xf8][0x9][0xc3][0x19][0x8c][0xd9][0x9c]pwB[0xc6]F[0xb5][0xa1]<[0x8f][0xe3][0xf]b[0xb0][0xb5][0xb8][0xba]p$[0x9b][0xb][0xcc][0xb1][0xcc][0x9d][0xc5]:[0xb8]$[0xbf]P[0xc7]U[0xa2][0x93][0xbd][0xbf]_k[0xf8]'NHlU[0xe3][0xec]{[0xa5][0x8a][0x9b][0xcd][0xf3][0xa9]u/<[0xd3]3[0x17]$[0x6]j:[0xf2]+$[0xb3][0x8c]A[0x9e][0x13][0x9a][0x86]$[0xf6][0x84][0xd4][0x98][0xce]0[0x91]w%[0xe3][0x9][0xf0][0x8b][0xab][0xb][0xcb]vx[0x8][0x19][0x8d][0xa6][0x8d][0x96]KA[0xb1][0x6][0xb6][0x13]c[0x8e][0xab][0x16]qwM?qVSg-[0x12]fU[0xce][0x4]x[0xb3][0xe4][0xdc][0xf4][0x81]\[0x19]"[0xb][0x92][0x93][0x11]I[0x8]W[0xa7][0x6][0xed]C[0xba]][0xfd]D[0xd1][0xce][0x18]0Hc`F"
2020-12-29 02:43:05 DEBUG [main] wire:73 -  << "[\r][\n]"
2020-12-29 02:43:05 DEBUG [main] wire:73 -  << "800[\r][\n]"
2020-12-29 02:43:05 DEBUG [main] wire:73 -  << "[0x1]k[0x14][0xc2][0xdb]b>e[0x1b]{_[0x1b]I[0x1f]c[0xe][0xec][0xfb][0xe5]T[0xf8][0xd5][0x6]Y[0xac][0xed][0x97][0xe0]XT[0xc9]/[0xa7][0x8d]V[0xfb][0xfe]K[0xd0] [0xf8][0xeb][0x8e][0xf4][0x84]y>[0xfd][0xa0][0xbc]A7[0xe7]YB"[0xb0][0x6][0xce][0x17][0xdb][0xb7][0x4][0x8c][0xb9][0x9a][0xe1][0x9]X[0xb6]-SI[0xdd][0xb0][0x9f]?[0xbe][0xb3][0xa4][0xff][0xd8]][0xe3][0x8c]22[0x9][0x8c][0xae][0xb5][0xf5][0x89][0x83][0xaa]dgCo`w[0x8d][0xfd]E`tG[0x9c]b[0xeb][0xbf]>[0xfd][0xf6][0xde]U[0xe8][0x86][0x8c]WV[0xa5][0x8b]-[0xd7][0xa1][0xf4]R[0xbf][0x80]e[0xf7][0xe7]q[0xec][0x15].[0xe8][0x88][0xe5][0xf1][0xc4][0x87][0xae][0x1d][0xaf][0xfb]*[0x95][0xfd][0x85][0x8f]i[0xe4]l2H[0x9e][0x11]A[0x19]e[0x99]Hd8[0xe5]}[0xcc]f[0xab][0xcd][0xc0]9Oc[0xa1][0xad][0x8a][0x1f][0x1c]J([0xaf][0x87]P[0x19]Z[0xed]&gP[0xfc]g[0xfb][0xca]%[0xeb][0x98][0xab]b,L[0xfd]'[0x98][0xeb][0x8d][0xdc][0xa6][0x84][0xbf][0x1];g[0xc]R[0xae]V[0xc7]*[0xf1][0xb8][0xb2]BK[0x9b][0x1d]r[0x18], [0x9d][0x83][0x3]9[0xf][0x8b][0xeb][0x11][0x89][0xc3]qB)[0xb][0xc7]$I [0xae][0x11]2[0x6][0xb]'[0xe7][0x98][0x87]9[0x9d][0xb3][0x8]B[0x12];[0xca][0x9b]d@[0xee]m[0x9][0x17]%[0xd2]~x[0xa8][0xb5][0x9d][0xa7][0xab]f[0xb3]p\[0xf1][0xad]+[0xdc]U[0xec]hzI[0xb0][0xcb][0xed]C[0x19][0x9e]b[0xc5]q[0x1c]f4'\e[0xa2] [0xc3],[0x87][0xab][0x94][[0xf5][0x88][0xb8][0xc6]l[0x2][0x9c][0xa4][0x93]b[0xfa]&[0xce]L[[0x1]z2[0xcb][0xae][0xe2]F[0xfc][0x88][0x1e]WW[0x17][0x85][0xde][0xe][0x8e]?[0xa7][0x84]7[0xba][0x9c]KR[0xc1]M[0xcf][0xdf]W[0xcf][0xe8]$[0xbf][0xe7][0xa9]a[0x88][0xde]$6[0xb4]*[0x9]IA`[0xf4][0xab]8[0x18](f[0x2]>[0x90][0x5][0x94][0x4][0xb8]#3[0xb1]j[0x81][0xc8][0x9f][0xfa][0xba][0xd0][0xd3][0xaf][0xf2]a[0xd9]-0[0xe9][0xe8][0xb]D[0xdc][0x94][0x8b]S[0x90][0xdd][0x82]oH[0xe2][0xbd] (3[0xa4]}_[0x13][0xb8][0xad][0xb3][0xca][0x88]e[0x8b][0xd0]7[0x14][0xa8]r[0x83]Om&[{[0x8b]4[0xb2]=[0xb7][0xca][0xe5][0xd0]&[0xff][0xfe][0x1a]eTe[0xc9]p[0x9a]%J1~[0xac]H[0xcd]S[0xc2]=%[0xf9][0xf1][0x82][0xa5][0xc3][0xc4][0xdb][0x12]:^=[0x8c]j[0xae][0xe9]5[0xdd]T4[0xe5][0xe4][0xe]<[0xc3][0xd8][0x8]6[0xef][0x89][0xe8][0xf3][0x1e][\r]F[0xaf][0x15][0x9b]rK[0xc9]VaDch[0xcc][0xe6][0xed][[0xcb]vDj][0x10]X[0xb6][\r][0xf2]A[0xd3][0xaf]b[0xcb]v[0x84][0x93][0x8a][0xe][0xca][0xb5][0x9d][0xfa]:z[0xd5]B;5?[0xf1]*?zFuwH[0x1e][0x8a]2[0xe5][0xa9]8[0xd2]y[0xa2]U[0xab][0x9c][0x16][0x6]([0x12][0xda][0x9b][0xd5][0x95]t[0x9a]_[0xe6]Ir[0x15][0xd7][0xf2]Z[0x91][0x94]D[0xd8],p[0x92][0x7]e[0xa7][0xe2][0xc1]d[0xdf][0x94]1[0xb3][0xdd][0x9]UW{_[0x8c][0xad]=[0x8f]|[0xc2]%UF[0x92][0xf9]B[0xc][0xbc][0x19][0xdc]:*[0xc1][0xc8][0xbb][0x83][[0xff]?[0xe5][0xb3][0xcf]Z[0xe9][0xbf]h[0xad][0xfe][0xcd]p[0xad]8![0xfc]N[0xac]&[0x97]*I4[0xca][0xba][0xd1][0xed]c[0x92]p`[0x15][0xac][0x90][0xe4]fau[0xb5][\r][0xd6][0xb6][0xf3][0x9c]A{[0xad]A[0xb7]~)[0xd5][0x1d]Sv[0x89][0xa3]ikd[0xfe]([0x90][0xd4][0xd8]M[0xb5][0x89]}[0x9f][0xe6][0xfc][0xf0][0xa0][0xe][0xc7][0xfe]j[0xb0]Y[0xc2]*[0x81][0xa7][0x9e][0xc4][0x99][[0x91]e[0xce][0xf3][0xe7]`[0xcb][0xca]C[0xf4][0x19][0x1e][0xc9][0xcf]gY[0xdb]+$q[0xbf][0xd9]3[0x84];[0xfc]G[0xbb][0xa7]$[0xb6][0x8f][0xb3][0x8c]2[0x9c][0x8c][0xa2][0x84]|[0xfe][0xf8][0xae][0x1b][0x18][0xfb][0xc2][0xcb]x8[0x9f][0x93]80[0xba]r[0xec][0x8d]Y[0xd1]L[0x1]w7[0x81]w[0xc1][0xc0]_[0xaf][0xed]&4.[0xfd]K[0xad][0xae][0x5]C([\n]"
2020-12-29 02:43:05 DEBUG [main] wire:73 -  << "d[0x18][0x7][0x81]Q[0xaa]n4[0xf]V[0xb][0x9c]#[0x82]\[0xbe]%[0xb3][0x89]D>`>-x[0xd7][0xd2][0x9b][0x9b][0xd1][0xcc][0xaa][0xdb][0xb5][0x14]V[0x2][0x3]i%Ak[0xdb][0xa9][0x92]g[0x97][0xea][0xe8][0xae]7U[0x9b][0x9c][0xa8]>J[0x14][0x8d][0xff][0x80][0x15]"e[0xc7][0x12]u[0xfc][0x3]V[0x1b]j[0x5]AP[0x93][0xd1][0x16][0xa1]G[0xdd][0xfa][0x9b]g[0xbf][0xdb][0xf6][0x1c][0x15][0xda][0xf6]Z[0x88][0xde]i[0x2]qo[0xb].[0x17]]D[0x1d][0xf1][0xea]E[0xa5][0xda][0xc6]8[0x3][0x8d][0xb0][0xbd]6[0xe4]v[0xea][0xc7]cO[0x1c].0[0x9c][0x0][0x99]Lw[0x1c],T[0xad][0xff][0x87][0xe7][0x1b][0x1c][0xcf]2[0xbc]C[0x81][0xa2][0xed][0x7][0xcf]4[0xca]M^g[0xeb].[0xcf][0x90][0xdd][0xc][0xb4][0xfd][0x8c][0xab][0xb9][0xf9][0xd3]}[0xd5][0xbb]x"[0xc]Q[0x80][0xee][\r][0x1c][0x87][0x11][0x8e][0xa6][0x10]&[0xb0][0x80][0xc4][0xf0][0x6][0x8e]$[0x9]x[0x13][0xe2][0xf8][0xcb]<[0xe7][0xa2]T[0x14][0xf4][0x4][0xdf][0xad][0x12][0x8a][0xe3]p[0x1]LV[0xd6][0x82][0xae][0x9f][\n]"
2020-12-29 02:43:05 DEBUG [main] wire:87 -  << "[0x84]$[0xce][\r][0x81][0xbe][0x4][0x91]3[0x9c][0xe6]c[0xca]f[\r][0xde][0xdf][0xc2][0x82][0xbf]$[0x8c]H[0x1c][0x3][0xb]g[0xc0][0xa7]4[0xae]SJ[0x9][0x87][0x8e][0x11][0x11][0xbe]2<[0xe3][0x1f]4[0xf9][0x8a]96[0x4][0xc0][0x97][0xf0][0xcb][0xf0][0x8c][0xab][0xf7][0x86]c[0xc4]x[0x95][0x87]9I#[0x8][0x13][0x9c][0xf3]P[0xa6][0x17][0xc3][0xeb][\r][0x1d]#&y[0x96][0xe0]USh[0x95][0xab][0xbc][0xe1][0xe1][0xe1][0xc9][0x8b]#[0xc7][0x88][0xf3][0x10][0xc7][0x2];[0x86]4[0xe3][0xb2]E[0x8c][0x86]t[0x82]'[0x10][0x87][0x9c][0xcc][0xa0][0xe0]:p[0xc][0xb8]k[0xd8]lXQ[0xf2][0xaf]$[0x93][0xa0][0xd0][0xf0]N[0x1c]CN~[0x8c]#N[0x99][0x12][0xe6][0x18]c[0x86]g[0xb0][0xa4][0xec]kA[0x98][0xe2]<[0x1c][0xe1]8$"[0xfd]I[0xee][0x5]eI[0x99][0xb0][0xe6][0xc0]1[0x8][0x1e][0x85][0x11][0xe6]0[0xa1]r[0xce][0x86]c[0x90]<[0x1c]3:[0xb][0x19]Dt6[0x13][0x15];[0xe][0xe5][0x86][0xde][0xf0][0x94][0x1b][0x89][0x1e]*[0xa2][0x95][0xde][0x94][0xd5][r[0xc2][0xd5][0xde]_[0xb2][0x97]6[0x13][0xa3]C[0xf9][0x82][0x84][0x14]P[0xd2]4[0xba][0xd1]T[0xbe][0xe1]-3,VT[0xe9]9[0x13][0xbe][0xaf][0xa7]?p[0xc][0x9a]q2#w[0xca]3[0xea][0x1e]#e[0xd5][0xa0][0xbb][0xf6][0x19]I[0x96][0xf2][0xaa][0xa5][0xaa]hR[0x87][0x97][0x87][0xa3][0xa3]W'[0x83]A[0xef][0xf8][0xe8][0x0]zG[0x18][0xbf][0xec][0x1d][0xe3][0xa3][0xa3][0xde]0>[0x1e][0xc][0xe0][0xe5]hx[0xfc][0xe2]@p*[0xf6][0x4]9$[0x10]i[0xcf]T[0xfc]h[0xce]q[0xa2]u4^[0xc][0x6][0x83][0xa3][0x81][0x18][0xb0][0x8][0xc5][0xee][0x82][0xd7]$3[0xc8]3[0x9a][0xe6][0xa0][0x16]_[0x14]b[0xc3]{qr[0xe2][0x18]9[0xb0][0x5]0[0xa9][0xce][0xc9][0xb1];p[0x87][0xc3][0x81][0xfb][0xe2][0x85]7<::<4[0x1c]C[0xbe][0x12]cx[0xc6][0xef]o[0xc4][0xcd]|[0x14][0xee][0x98][0xad][0xc6][0x95][0x86]7<[0x19][0xbc][0x1a][0xbe]|[0xf5][0xea][0xe5][0x91]c[0x14][0x90][0xaf]PW[0xc9]N[0xe5][0x82][0xd5][0x1c]p[0xce][0x12][0xc3]3[0xa6][0x9c]g^[0xbf][0x1f][0xcf]g[0xb3][0x95][0xcb] [0xe7]8#[0xf0][\r][0xcf][0xb2][0x4][0xdc][0x88][0xce][0xfa]8#[0xfd][0xc5][0xb0]/X[0xd2][0x15]@h8[0xc6]<[0x7]V0[0x17][0xe]V[0x9b][0xf0][0x92][0xb2][0x9c][0x97][0x9e]W.[0xf1][0xda][0xd7][0x19]C[0x14][0x10][0x14] [0xf9]T[0xae]H"\&[0x91]-[0xf1][0xf4][0x1c][0xd7]/[0xdd]+V[0x16];[0x18][0x1c][0xc]z[0xc3][0x83][0xde][0xc1]K[0xa3][0xd6][0xf8]=[0xeb][0xde]6[0xdf][0x8f][0xdb][0xa9]B([0x86]g[0x8c]^[0x1e][0xc][0xa2][0x93][0x83]A"
2020-12-29 02:43:05 DEBUG [main] wire:73 -  << "[0xef][0xf8][0xe5][0xd1]q[0xef][0xe8]pp[0xd2];~yr[0xd8][0x1b][0xc6][0x7][0x87][0xc7][0x18]^[0x8]}[0x8c][0xf5][0xf7][0x9c][0xc8]m[0x1e][0xbe]m?[0xa9][0xdb][0x9e][0xd8]O[0xb7]U[0xa5][0x11]N'[0xc0][0x8a]2T?[0x9f]+[[0xce][0xca][0x1a]4Z[0x4][0xaf][0x8e][0xf6][0x17][0xc1][0xe1][0xc9][0xbe][0xd8][0xaa]|[0x12][0xaa][0x4]t<6[0x8b][0xfa][0xb3]Q[0x96]j[0xd5][0xe9][0xd9]eik[0xfd][0xa9][0x9f]-[0x92][0xb1]e[0x14][0xb7][0x86]@[0xb7][\r][0xf4][0xf9]v[0x9e]s:[0x93]O[0x8e][0xf4]ndo[0xe8]o[0xb6]UO[0x8a]"[0x7][0xdb][0xf7]8[0xc0][0xf][0xf][0xf7][0xa3][0xf9]h[0x94]@[0xee][0xed][\r][0x9d][0x8][0xa7][0x11]$x[0x94][0x80][0xb8][0x8b][0x81]c[0x92][0xc8]g[0xcb][0xca][0xb3]G[0x1b][0xcf][0x95][0xd4][0xa3][0xaa][0x9a][0x4][0xc3][0xf6]G.I[0x9][0xaf][0xd1][0x84]0WKq[0xb0][[0x9]q[0xb0][0xab]d[0x94]O[0xdb]G[0xeb]g[0x1c][0xd8]>j[0xb3]g[0xa1][0x90]y[0x92][0xef]D![0xba][0xad][0x89]B[0x8e][0x0][0x85]p[0xc2][0x13]8=[0x1e][0xc][0xd0]U[0xca][0x81][0xa5]8A[0x9f]d>D[0xf2])[0xf2][0xeb][0xbe][0xea][0xd0][0xf9]~[0xc7][0xd8][0xe5][0xeb]z[0xc1]'[0x94]N[0x12][0x8]q[0x8a][0x93][0x15]'Q[0x1e][0xce]q[0x14][0x89][0xf4]c|>[0xef][\r][0xf][0x87][0xc3][0x83]W/^[0xbc][0xe8][\r][0x8f][0x8c]?[0xe3][0x9d][0xbb][0x94][0x90]{[0x85]p"A[0x93][0xfc]zx@7[0xb7]~G\[0xab]S[0x87][0x9a]Ww~[\n]"
2020-12-29 02:43:05 DEBUG [main] wire:87 -  << "'[0x98][0xbb][0xa1]r[0xa7]k[0x86][0xa3][0xaf][0xc0],[0xb3][0xa5][0xa7]X'0m[0xbf][0xb3][0xb6][0xbf][0x9b][0xcf][0xe1][0xcb][0xc3][0xc3]W[0x83][0xc1]qO[0x0]Is[0xbc][0xc9][0xe5][0xc6][0x4]7[0xcc][0x81]_[0xc8][0xcc],[0xb6][0x2][0xa2][0xe3]f[0xee]3o[[0xc3][0xc6]?6LIS[0xe1][0xf1]O[0xcc]Lg[0xe8][0x98]E26[0x1d]3[0x9b][0x8f]T[0x9]K)[0x8e]s[0xd3]9|r[0xfc][0x81]cr[0xd3]1[0x87]G/[0x9e][0xd3][0xfb][0xd0]1[0x19][0x89]M[0xc7][0x1c][0x98][0xce][0xc1][0x93][0xbd][0x8f][0x1c]s[0xc4][0xb0][0xe9][0x98]3[0x1a][0xf]w[0xb2]?O[0x12][0xba]<O[0xa3])e[0xa6]|X[0xb0][0xbd][0xdb]'[0xc2]U[0xfa][0xfc]$[0xad][0xf3]QN[0x18][\r][0x7][0xdb][\r][0xfb][0xe3][0x16][0xda][0x18][0xe0][0x98][0xaa]"
2020-12-29 02:43:05 DEBUG [main] wire:73 -  << "[\r][\n]"
2020-12-29 02:43:05 DEBUG [main] wire:73 -  << "5d8[\r][\n]"
2020-12-29 02:43:05 DEBUG [main] wire:73 -  << "[0xee][0x9a][0xce][0xb6][0x15][0xda][0xc5]a[0xbb][0xbe][0x7][0x1b][0xfa][0x82]+[0x0]|[0xf4][0xb5]8[0xc9][0xda][0xe6])[0x9b][0x1d]:[0x9d][0x9a][0x3][0xa3][0xfb][0xe][0x12]q3[0xc1](@O[0xbe][0x90][0x8d]&X>[0xab]G[0x1]2[[0xf1]g[0xca]F[0x19][0xa8](P//u[0x4]%g[0xe2][0xde]2E[0x81][0xcf]=[0x13][0x5]51[0xe5][0x8b]J[0x19][0xa3][0x9c]F4AgHw[0xec][0xf7][0xf3]<1[0x91][0xa7][0xee][0xbd]~[0xb9]\[0x9a]6[0xea]"Sg[0x99]^[0x99]e$>[0x98][0xc8][0xb4][0xea][0xab][0xc9][0xe4][0xf5][0xb9]l][0xb9][0x98][0xd2][0xcd][0xe0][0xd6]G[0xf2][0x17][\n]"
2020-12-29 02:43:05 DEBUG [main] wire:73 -  << "[0x90][0xf2][0xf7]4[0x6][0x97][0xa4]90[0xfe][0x6][0xc6][0x94][0x81]5[0xc1][0xe][0xca]e[0xe4]Z[0xb6][0xdf][0xd9]LZ;R[0x91]:[0x13][0xa0]s"_[0xec][0x1a][0xd6][0xd2][0xdd][0xeb][0x11][0xce]A[0xbd][0xad][0xf5][0x3][0x98][0xe7][0xb4]!wc[0x9]T[\n]"
2020-12-29 02:43:05 DEBUG [main] wire:73 -  << "[0x84];z[0xad][0x9d]V[0xac]S[0xcb]k[0xfd]N[0xfd]a[0x89]R1@[0xb5][0xc3]#[0xbb]s[0xdf]A[0x8][0xa1][0xc6][0x1c][0xcc][0x94][0xa6]`[0xfa][0x9d]u![0xe1][0x17][0xca]f[\n]"
2020-12-29 02:43:05 DEBUG [main] wire:73 -  << ":[0x8a][0xd6][0xa1][0xe9][0x17][\r]!hc[0x87][0x9c][0x86][0xf2][0x15]H[0x14][0xa8]7[0x2][0x1b][0x16]|[0xbd][0xd7][0xeb][0xa1]O[0xd7][0xe7][0x1f][0xaf][0xd1][0xe5][0xff][0xfd][0xf2][0xfc][0x2][0xf5]z[0xcf][0xd9]@[0xef][0x98]sN[0xa3][0x10]gY[0xa8][0x94][0x1d]huby[0xab][0xe0]n[0xa1][0xa0][0x8a]G[0xd1]kK@[0x96][0xb3] [0xd1]'[0xc0],[0x9a][\n]"
2020-12-29 02:43:05 DEBUG [main] wire:87 -  << "[0xb0] X4[0xd6]~[0xaf][0xd7][0xbb][0xff][0xf2][0xc7][0x1c][0xd8]j-[0x95][0x16]S[0xb9]|[0xf1][0xe4]D~[0x1c]]n[0xcc][0x1a][0xe5]|[0x95]@`[0xea][0xad][0xb3]'[0x97][0xe7][0xb4][0xb3][\r][0x83][0x8][0xda]8[0x84];[0x9a][0xcf][0xc9][0x4]R`D[0xc1][0x8f][0xfe][0xc4][0x95][0x13]uS[0xe0][0xfd]F[0xb3][0x2]([0x8f]cL[0x8d]::[0xc5][0xaf][0x6][0x9b][0x2].[0x17][0xa2][0xea][0xd7][0xb3][0xc]*[0xbd][0xce]j[0xf4][0xb4][0xd1]^[0xd3][0xfb][0xee][0xe5][0x1c]F[0x84][0xbb][0xd5]q[0x95][0xa5][0x8f]$[0xeb][0x1b]M[0xf3][0xd6]A7[0xf2]PR[0xc][0xb8][0xa0]\[0x1e]2[0x9a][0xf3][0x94][0x88]],NB[0xbd][0x8b]2[0x1d][0xd4][0x14]h[0xdf][0xda]>Z[0xaf][0xfd][0xb6][0xb1][0xe6]i[0xa4][0x8c][0xb5]1[0x15]a[0xae]][\r][0xf2]GN%B[0xdb]n[0xec]'_[0xb6]y[0xec][0x85][0xa0][0xdb][0xad][0x96][0xdf][0x84]}[0xff][0x19][0x8f]{[0xa6][0xc3]EOx\$poJ'[0x90][0xca]c7[0xed]z[0x1b][0xef][0x0][0x15][0xaf]e[0x19][0x8f];[0xe5][0x13][0xd8][0xf2]G[0x8c]rZ{[0xad][[0xd6]F1[0xbf]$K[0xac]lqu[0xe1] [0xb6][0x90][0x85]TgM[0xb9][0x3][0x87]%[0xba][0xc0][0x1c]D[0xd2][0x13][0xf4][0xd8][0xd5][0xbf]c[0xb1]b[0xf9]<\\[0x89]rf[0x1d][0x9e][0x1c][0xff]|p[0xf4][0xf3][0xc9]@[0xfc]?[0x1c][0xc][0x6][0xb6][0x1e]!3[0xd1][0xb7][0x8c]0[0x10][0xe5][0xcc][0xd0][0x97][0x81][0xd1][0x8d]]N?_[0xbf][0xfd]$[0x9f]$[0x14][0xfc][0xf5]on[0x85][0x94]7[0xab][0xb7][0x98][[0x6][0xdc][0xcd][0xbf][0x85]I[0x96][0x84]*[0xff][0x5][0x6][0xea][0xd6][0xb4]j(a<[0x88]F1[0x95][0xf2][0x86]-[0xc4][0xa5][0x8f][0xc4][0xb5][0x16][0xed][0xa0]CQ[0x9]k[0xaf][0xf1][0xcb][0xd7][0x17]wY[0x82][0x8c][0x91]U[0x16][0xe1][0xea][0xe7]L([0x8][0x2]d[0x14][0xaf][0x9d][0x1a]Eo[0xf1][0xb7][0xc3][0xb2]j[0x82]k[0xcd][0xd4]*~9T[0xbd];Y[0xe7][0xb1][0xd9]j[0x19][0xea][0xb7]V[0x86][0xd3][0x14][0xe0][0xa0][0xb6][0x4]$[0xdf]|[0xad]xU[0xc2][0x14][0x87][0xba][0x9c]b[0x85][0xa2]9c[0xaa][0x15][0x5][0xa8][0xd1][0xdb][0xdf][0xe8][0x9b][0xc2][0xb2][0xec]Z[0xbd]9[0xb9][0xe0]m[0xbe][0xd2][0x16]%_[0xd9][0xc3][0xdf][0xec][0xf0][0x98][0xb1][0x8a][0xbf]u[0xf3][0xb6][0xa1][0x9f]r[0xd2][0xb6][0xae][0x1b]F[0xd8]6[0xae]![0xdb][0x1d][0x91]4V?[0xf6]l[[0xb4]Z[0xb7]ug[0xdd][0xd9][0x96]p[0x8d][0x86][0xf][0x19][0xe][0xda] [0xdc]<[0xf3]\[0x9]i[0x98]p[[0xcb][0xc6];_[0xf9]|[0xa2][0xa8]UI[0xb5][0xaf]~d?[0xa2][0xf1][0xea][0xb4][0xf3]z:<[0xdd][0xb1][0xa3][0x9e][0xe]O;[0xaf][0xb3][0xd3][0xeb]) u[0xf4][0x88] [0x95][0xa7]v[0xc0] F8E[0xa4][0x18]'[0xdf][0xd4]F[0x94]uf$[0x8f]h:&[0x93]9[0xc3]*[0x9c][0xd2][0x18]-q[0x8e][0xe6][0xa9]D[0x1d][0x9c][0x96]/gwVt[0xce][0x10][0x83]?[0xe6][0x90]s[0xf7]u?[0x93][0xc2]>$ [0xb0]dDS[0x8e]#[0x8e]x%[0x1b][0xc7]3[0x92][0x92][0x9c]3,[0xf0][0x19][0xe6][0xa8][0x83][0x96]0[0x9a][0xe1][0x9c][0x3][0xfb][0xff][0xbb][0xe0][0xa6][0x10]H[0xd2]1e3[0xc1]j[0x86][0xe8]X[0xb2][0xe4]d[0x6][0x88]OI^h[0x1e][0x9][0xd7][0x84][0xd8][0xe9]H[0x85]E[0x17],=9G+:G[0x19]0[0xc1][0x2]b[0xf4]e[0x9e]s4[0x92]0[0xba]6[0xbe][0xd4][0xfe]WAW[0xf2][0xf4][0xf4]Gt[0xce][0xeb][0x92]fx[0x85]F[0x80][0xf0][0x2][0x13]yh[0xd3]!i}[0x92][0xaa]SB'%[0xcb][0xf3]8[0x96][0x87][0xb7]8IV[0xe][0xc2]h[0xe7][0x9]HG[0x8d][0x15][0xc6][0xae]/[0x93]|[0xf2][0x8c]8[[0x91]t"[0xac]1[0xcf]A,[0x9d][0x1c]r[0xa1]3[0x99][0xa0]Oq[0x1a][0x8b][0x8e]Sh[0xad][0xc9][0xa3][0x9b][0x82]m[0x5][0xd4]7[0xcb]v![0x8c][0xc9]L$[0xfa][0xe6][0xde][0xec][0xa7][0x9f][0xd4][0x8f][0x8d][0xf9][J[0xbf][0x12][0xa8]'[0xe]$[0x8]%[0x97][0x1f]R[0xee][0xa8],[0xbd]Bj[0xd4]O[0xfa]X[0xab][0xda][0xd1][0x15][0xe3][0xd5][0x1b][0xfb][0x81][0xd9][0xd5][0x3][0xbb][0x96][0xa5]F[0xda]g[0xa6]_[0x14][0x19][0xb3]k[0x95][0xa5][0xe2]W[0xcc][0xa7][0xae]|[0xe9][0xc6][0xda]V>[0xba]j[0xb4].][0xcd][0xd2]d{[0xa6]iwM_[0xfe][0x1c][0xba]o[0xfa][0x9d][0x9f]~Z[0xfb]zN[0xe3][0xb1][0x2][0xe7][0xc5]=[0x9d]V[0x9]T[0xd4]iH[0xdd])[0x90][0xc9][0x94][0x97][0x1d][0x96][0x1b][0x1d][0x96]$[0xe6][0xd3][0xa2]][0x8c]WL[0x83][0x0][\r][0xd1][0x99][0xe0][0xe8]![0x8b]N[0xd1])[0xa2]K[0xbb] [0xd0]e1`[0xb9]1`[0xd9][0x1e] [0x8][0xb4][0x94]0[0xaf][0xa9]([0x10][0x1c][0xfb][0xbb]T[0x10]=<Tv..[0xf4][0x96][0xd3][0x8d][0x12][0x2])[0xdf][0xd2]q[0xfb][0xb6]T$[0x1a][0xf5]+[0xda][0xfa][0xc0]R[0x81]eK[0x81][0xdf][0x85][0x1][0x9e]![0xb3][0xdf][0xf3][0xc4][0xff]^[0x18][0xb8][0xf4]@[0xcb][0x84][0xbb]Xl[0xf]D[0xe0][0xc4][0xf0][0xf9][0xe3][0xd5][:[0xcb]h*[0xcf][0x9][0x84]5[0x3][0xb3]+[0xbe][0xba][0xa6][0xb3][0xc][0xcc][0xee][0xb2]k:[0xd3][0xc0][0xec]Nm[0x7]Y[0x87][0xc3][0xe3][0xc3][0x13]8[0xfc][0xf9][0x85][0x80]8-[0x9e]t[0xba][0xdc][0xc1]T[0xb0][0x99][0x17]|[0xe6][[0x18]m?[0xb8]}>[0x8a][0xf5]M$[0xb1][0xde][0xf6][0xed][0x13][0xc4]3[0x9a]r[0x9a][0xba][0xd9]4[0xdb]vl[[0xb6]/a[0x94][0x9d][0xe1][0x0][0xef][0x97][0xc7][0xb7][0xf9]4[0x1a][0x5][0x87]G[0x15][0xa0]}j#[0xf0]DY[0xda][0xa6][0xde][0x17]H[0x92][0xd5][0x98][0xe4][0xd3]R[0xbf][0xfa]S[0x85][0xaa][0xf5]1[0xed]v[0x9d]/[0xef][0xaa][0x8a][0x9d][0xce][0x13]F[0xde][0x8a][0xa0]kEU[0x96][0xd3][0xd7]}[0xf9][0xcf][0xd8]t[0xfe]7[0x0][0x0][0xff][0xff][0xd8][0x94][0x8d][0x19][0x1]G[0x0][0x0]"
2020-12-29 02:43:05 DEBUG [main] wire:73 -  << "[\r][\n]"
2020-12-29 02:43:05 DEBUG [main] wire:73 -  << "0[\r][\n]"
2020-12-29 02:43:05 DEBUG [main] wire:73 -  << "[\r][\n]"
2020-12-29 02:43:05 DEBUG [main] RequestSpecificationImpl$RestAssuredHttpBuilder:548 - Parsed data to instance of: class org.apache.http.conn.EofSensorInputStream
2020-12-29 02:43:06 DEBUG [main] BasicClientConnectionManager:161 - Get connection for route {}->http://dummy.restapiexample.com:80
2020-12-29 02:43:06 DEBUG [main] DefaultClientConnectionOperator:177 - Connecting to dummy.restapiexample.com:80
2020-12-29 02:43:06 DEBUG [main] RequestAddCookies:123 - CookieSpec selected: ignoreCookies
2020-12-29 02:43:06 DEBUG [main] RequestAuthCache:77 - Auth cache not set in the context
2020-12-29 02:43:06 DEBUG [main] RequestTargetAuthentication:80 - Target auth state: UNCHALLENGED
2020-12-29 02:43:06 DEBUG [main] RequestProxyAuthentication:89 - Proxy auth state: UNCHALLENGED
2020-12-29 02:43:06 DEBUG [main] DefaultHttpClient:682 - Attempt 1 to execute request
2020-12-29 02:43:06 DEBUG [main] DefaultClientConnection:274 - Sending request: GET /api/v1/employee/2 HTTP/1.1
2020-12-29 02:43:06 DEBUG [main] wire:73 -  >> "GET /api/v1/employee/2 HTTP/1.1[\r][\n]"
2020-12-29 02:43:06 DEBUG [main] wire:73 -  >> "Content-Type: application/json; charset=UTF-8[\r][\n]"
2020-12-29 02:43:06 DEBUG [main] wire:73 -  >> "Accept: */*[\r][\n]"
2020-12-29 02:43:06 DEBUG [main] wire:73 -  >> "Host: dummy.restapiexample.com[\r][\n]"
2020-12-29 02:43:06 DEBUG [main] wire:73 -  >> "Connection: Keep-Alive[\r][\n]"
2020-12-29 02:43:06 DEBUG [main] wire:73 -  >> "User-Agent: Apache-HttpClient/4.5.3 (Java/1.8.0_251)[\r][\n]"
2020-12-29 02:43:06 DEBUG [main] wire:73 -  >> "Accept-Encoding: gzip,deflate[\r][\n]"
2020-12-29 02:43:06 DEBUG [main] wire:73 -  >> "[\r][\n]"
2020-12-29 02:43:06 DEBUG [main] headers:278 - >> GET /api/v1/employee/2 HTTP/1.1
2020-12-29 02:43:06 DEBUG [main] headers:281 - >> Content-Type: application/json; charset=UTF-8
2020-12-29 02:43:06 DEBUG [main] headers:281 - >> Accept: */*
2020-12-29 02:43:06 DEBUG [main] headers:281 - >> Host: dummy.restapiexample.com
2020-12-29 02:43:06 DEBUG [main] headers:281 - >> Connection: Keep-Alive
2020-12-29 02:43:06 DEBUG [main] headers:281 - >> User-Agent: Apache-HttpClient/4.5.3 (Java/1.8.0_251)
2020-12-29 02:43:06 DEBUG [main] headers:281 - >> Accept-Encoding: gzip,deflate
2020-12-29 02:43:06 DEBUG [main] wire:73 -  << "HTTP/1.1 500 Internal Server Error[\r][\n]"
2020-12-29 02:43:06 DEBUG [main] wire:73 -  << "Content-Encoding: gzip[\r][\n]"
2020-12-29 02:43:06 DEBUG [main] wire:73 -  << "Content-Type: text/html; charset=iso-8859-1[\r][\n]"
2020-12-29 02:43:06 DEBUG [main] wire:73 -  << "Date: Mon, 28 Dec 2020 21:13:07 GMT[\r][\n]"
2020-12-29 02:43:06 DEBUG [main] wire:73 -  << "Display: staticcontent_sol[\r][\n]"
2020-12-29 02:43:06 DEBUG [main] wire:73 -  << "Expires: Sun, 27 Dec 2020 21:13:07 GMT[\r][\n]"
2020-12-29 02:43:06 DEBUG [main] wire:73 -  << "Pagespeed: off[\r][\n]"
2020-12-29 02:43:06 DEBUG [main] wire:73 -  << "Response: 500[\r][\n]"
2020-12-29 02:43:06 DEBUG [main] wire:73 -  << "Server: nginx/1.16.0[\r][\n]"
2020-12-29 02:43:06 DEBUG [main] wire:73 -  << "Vary: Accept-Encoding[\r][\n]"
2020-12-29 02:43:06 DEBUG [main] wire:73 -  << "Vary: User-Agent,Origin,Accept-Encoding[\r][\n]"
2020-12-29 02:43:06 DEBUG [main] wire:73 -  << "X-Ezoic-Cdn: Miss[\r][\n]"
2020-12-29 02:43:06 DEBUG [main] wire:73 -  << "X-Middleton-Display: staticcontent_sol[\r][\n]"
2020-12-29 02:43:06 DEBUG [main] wire:73 -  << "X-Middleton-Response: 500[\r][\n]"
2020-12-29 02:43:06 DEBUG [main] wire:73 -  << "X-Sol: pub_site[\r][\n]"
2020-12-29 02:43:06 DEBUG [main] wire:73 -  << "Transfer-Encoding: chunked[\r][\n]"
2020-12-29 02:43:06 DEBUG [main] wire:73 -  << "[\r][\n]"
2020-12-29 02:43:06 DEBUG [main] DefaultClientConnection:259 - Receiving response: HTTP/1.1 500 Internal Server Error
2020-12-29 02:43:06 DEBUG [main] headers:262 - << HTTP/1.1 500 Internal Server Error
2020-12-29 02:43:06 DEBUG [main] headers:265 - << Content-Encoding: gzip
2020-12-29 02:43:06 DEBUG [main] headers:265 - << Content-Type: text/html; charset=iso-8859-1
2020-12-29 02:43:06 DEBUG [main] headers:265 - << Date: Mon, 28 Dec 2020 21:13:07 GMT
2020-12-29 02:43:06 DEBUG [main] headers:265 - << Display: staticcontent_sol
2020-12-29 02:43:06 DEBUG [main] headers:265 - << Expires: Sun, 27 Dec 2020 21:13:07 GMT
2020-12-29 02:43:06 DEBUG [main] headers:265 - << Pagespeed: off
2020-12-29 02:43:06 DEBUG [main] headers:265 - << Response: 500
2020-12-29 02:43:06 DEBUG [main] headers:265 - << Server: nginx/1.16.0
2020-12-29 02:43:06 DEBUG [main] headers:265 - << Vary: Accept-Encoding
2020-12-29 02:43:06 DEBUG [main] headers:265 - << Vary: User-Agent,Origin,Accept-Encoding
2020-12-29 02:43:06 DEBUG [main] headers:265 - << X-Ezoic-Cdn: Miss
2020-12-29 02:43:06 DEBUG [main] headers:265 - << X-Middleton-Display: staticcontent_sol
2020-12-29 02:43:06 DEBUG [main] headers:265 - << X-Middleton-Response: 500
2020-12-29 02:43:06 DEBUG [main] headers:265 - << X-Sol: pub_site
2020-12-29 02:43:06 DEBUG [main] headers:265 - << Transfer-Encoding: chunked
2020-12-29 02:43:06 DEBUG [main] DefaultHttpClient:509 - Connection can be kept alive indefinitely
2020-12-29 02:43:06 DEBUG [main] RequestSpecificationImpl$RestAssuredHttpBuilder:545 - Parsing response as: text/html; charset=iso-8859-1
2020-12-29 02:43:06 DEBUG [main] wire:73 -  << "800[\r][\n]"
2020-12-29 02:43:06 DEBUG [main] wire:73 -  << "[0x1f][0x8b][0x8][0x0][0x0][0x0][0x0][0x0][0x0][0xff][0xc4]|[0xfb]r[0xdb]8[0xb2][0xf7][0xdf][0xa3][0xa7][0x80][0xf9]U[0x99][0xe4][0x88][0xa2].v[0x92][0x9][0x19][0xda][0x9f][0x13];[0xbb]>[0x9b][0xc9][0xa4][0x12]g[0xa7][0xf6][0xb8]|X[0x10][0xd9][0x92][0x90]P[0x4][0x7][0x84][0xa4][0xc8][0xb6][0xde][0xfd][0x14].[0xbc]J[0xb2][0x9d][0xcc][0x9c]][0xcf][0x94]D6[0x80][0xee]F[0xa3]/?[0x80]T^[0x1d][0x9c][0xff][0xf6][0xe6][0xea]_[0x1f].[0xd0][0xdf][0xaf]~}[0x87]>|~[0xfd][0xee][0xf2][\r]2z[0xfd][0xfe][0xe5][0xc5][0xd5][0xdb]~[0xff][0xfc][0xea]\[0xb5][0x8c][0xdc]A[0xbf][0xf1][0xde]8[0xe9][0xbc][0x9a][0xf1]yr[0xf2]j[0x6]8>y[0x95]G[0x8c]d[0x1c][0xc5][0x98][0xe3][0x1e][0xdc][0xe6][0x11][0x83]o[0x81]9[0xc1]I[0xe][0xa6]"F[0x13][0x9c][0xaf][0xd3][0xa8]I[0xcc][0xf0][0x14][0xf2][0xc] [0xee][0xa5][0xb4][0x17][0xc3][0x4][0xd8][0xc9][0x12]3[0x14][0x86]p[0x1b][0x88][0x8f][0xfb][0xfb][0xbb][0x8d]/.[0xdc][0x9c][0xcf][0xf3][0xe0][0x1c]spS[0xba][0xb2]lE[0x84]%[0xf][0xca][0xe]R[0x81][0xf2]6[0xfa][0x1a][0xe8][0xef][0x8a][0x7][0x87]y[0x96]`[0xe]A[0x9b][0xe0][0x92][0xfc]7F[0xa6][0x81]TM5[0xfd][0xb1][0x80][0x5][0x4][0xd6]d[0x91]F[0x9c][0xd0][0xd4][0xb2][0xef][0x84]b[0x11]][0xa4]<[0x18]8$[0x8d][0x98][0xf8][0xe2]0[0xcf][0x83][0xeb][0x1b][0x87][0x93]9[0x9c]C[0x82][0xd7]o[0x9][0x83]X[0xf1]qf[0xd9]e[0xd1][0x9e]T[0x97]8I[0xe8][0xea][0x1d][0xc5]q[0xc0][0xd9][0x2]|[0xc1][0x95][0x8e][0xbf][0x4]wB[0x92]W[0x8a]K[0xf1][0x1c][0x1c]q[0xf7]^\d[0x98][0xe1]9p`[0xb9]C[0xf2][0xd7][0x9][0x8d][0xbe]:c[0xf1][0x9][0xf1][0xeb][0xb5][0x13]C[0x2][0x1c]~[0x9f]A[0xfa][0x86][0xce]3q[0xed]d[0x8c]F[0x0][0xf1][0xe5][0xe4][0x82]1[0xca][0x94][0xea]9$[0x93][0x80][0xcf]H[0xee][0x8b][0xf]W[0x8][0x8][0xc4][0x87][0xba]-D[0x5][0xc5][0x85]"W[0x82][0x83][0xda]e[0x10][0xa4][0x8b]$9[0x15][0x1f][0x9e]U[0xd1][0x11]Is[0x8e][0xd3][0x8][0xe8][0x4][0x9d]1[0x86][0xd7][0xf6]i[0xd5][0xe8]]W[0xd7]7[0x8a][0xb9][0x9e]J[0xa0][0xbf][0x15][0xb1][0x9c]WP^[0xa9][0x86][0xed]i[0x6][0xdb][0xa4][0x82][0xb1][0x9c][0xb7]^NM*G5[0xa8][0x97])[0xe1][0x4]'[0xe4][0xb6]X5=[0xef][0x86][0x1][0x83][0xe6]m1[0xf6][0xaa]X[0xf4][0xad][0x91]y[0x1e][0xd4][0x1c]'[0xa1]S[0xcb]p][0x17][0x9][0x1a][\n]"
2020-12-29 02:43:06 DEBUG [main] wire:73 -  << "[0x90][0xd1][0x15]v[0xb7]}[0xb1]"-[0x15][0xa4]Khz[0xa9][0xb0]$6[0x98][0xb8]8[0xcb][0x92][0xb5]Wr[0x12][0xeb]+[0xe8]y [0xc7][0x16]k[0xe8][0xe6]YB[0xb8]e[0xba]f[0xd5]E.[0x9d]O&[0xd2][0xb3]s7[0x81]t[0xca]g'G[0xf6][0xdd][0x6][0x92][0x1c]P[0xab]![0x8][0x82]#[[0xba]f[0xb0]"iLW[0xd7][0xb2][0xf5]zps[0xa3][0xaf][0x86][0xe5][0xd5][0xe8][0xe6][0xc6][0xdf][0xc7]d[0xf4]([0x13]5[0xb4][0xd1][0xab]1[0x97][0x1b][0xd3]![0x13][0x8b][0xaf]3[0xe1]^[0x82]z[0x10][0x4][0xe6]"[0x8d]aBR[0x88][0xcd][0xc3]CM[0x13][0xf3]S[0xd2][0x94][0x95],ApZ[0xde]l+nR[0xc2][0xe][0xc7][\n]"
2020-12-29 02:43:06 DEBUG [main] wire:73 -  << "[0xa4][0xcd]m[0xd5][0x82]d[0x94]_[0xa7]R[0x89]bP[0xe1][0xbb][0xba][0xa7]Z[0xe3][0x9e][0xf8]Co[0xcd]s[0xb1]2[0xb2][0x9b]Z[0x1e][0xed][0x13]gIb[0xd9][0xfe]f[0xb3]q&$[0x81]V[0xac]g[0x98][0xcf]v[0x4][0xb7][0xcc][0x99][0x8e][0xcc][0x8c]?[0x10][0xd5][0x82]i >[0xd4][0xad]J[0xc0][0xf2][0xb3][0x88][0xa9][0x9][0xb0]@~[0xfe]HH[0xee][\r][0x9f]'[0x7][0xe0]_[0x1a]g[0xfb][0xe2][0xa9][\n]"
2020-12-29 02:43:06 DEBUG [main] wire:73 -  << "[0x1d][0x92]@-[0xfe][0xa4][0xfd]"[0x16][0xc4]4Z[0xcc]![0xe5]n[0xc4][0x0]s[0xb8]H@[0xdc]Y[0xa6][0xaa]([0xa6][0xed][0xe7][0x11]ss[0x16])K[0x92][0x89][0xa5][0xec][0xa8][0x97]^4*[0x82][0x14]V[0x4][0x80]2m[0xad][0x8f]"[0xa8][0x0][0x8f][0x98]KSP&j[0xe5][0x9][0xe5]C[0x17][0x1f]?ny[0x91][0x9e][0x9e][0xb2][0x94][0xe4][0xb3][0xcf][0x19][[0xfe][0xa6][0xe5]1[0xc0][0xf1]:[0xe7][0x98]C4[0xc3][0xe9][0x14][0x2]END)j[0x95]9[0xd9]K[0xb6][0xcb]A[0x9f][0xc4][0xad][0xff][0xa0][0x8b][0x93][0x89]e[0x1d][0xc8]a[0xf7][0xf7]}[0xc1][0x12][0xe2][0xfb]H/x[0xdf][0xe5][0x90]sK[0xb6][0xda]v[0xb9]N[0xcd][0xfc][0xf6][0xc4][0xb9]l[0xfc]r[0xb5][0xa6][0xc0][0xf5]R[0xe5][0xaf][0xd7]Wx*[0xb2][0x84]e[\n]"
2020-12-29 02:43:06 DEBUG [main] wire:73 -  << "4b[0xda][0xd7][0x83][0x1b][0x11][0xfd][0x90][0xc6]of$[0x89][0xad]<bjt1QDR[0xc2]-[0xfb]N[0xa5][0x1a][0x17][0xc7][0xf1][0xc5][0x12]R[0xfe][0x8e][0xe4][0x1c]R`[0x96]![0xe6]`8[\r][0xef][0xe2][0xc2][0x11][0xe9][0x82][0xd7]AA[0xab][0xf0][0x97][0xfe]f^[0x9d]_[0xbc];[0xfb][0x17][0x92][0xf6]2[0xdb])[0xc0]y6[0x18][0xc][0xc4][0xb7]th[0x91][0x8c]J[0xbd]p[0x1c][0xbf]%[0x9][0xfc]`Rp2F(#|[0xad][0xd6]Qd[0xae] [0x85][0x95]@[0x18][0xee][0xe4][0xc7][0xd9][0xca][0xf5]-X[0x97]K[0xa3][0xf1][0x8d][0xca][0x8c][0x81][0x90][0xa5]rx[0xb2]M[0xef][0x90][0x16][0xc5][0x8f]f[0x10]}[0xbd][0x9c][0xbc]V[0xd2]-Ak[0xd8]![0x7]^"%+[0x7][0xce][0xe9][0x98][0xd2][0xc4][0xbe][0xab][0xe0]SIlYo[0x91]F[0x15]|z[0x18]:[0xe1][0x5][0xa7][0x97]r[0xce][0x8f]@[0xa8][0x9a]]E[0xfc][0xab]a[0x85]![0xca][0xa4][0xdb]5B[0xa3]+[0xa0]a[0xb7][0xeb]o[0x9b][0xff];[0xf4]z[0x1c][0xd2][0xfd][0xfb][0x17][0x4][0xc7][0xf1]U[0xe5][0xec]uWz[0xdc][0xd7][0x14][0x1e][0xbe][0xbe][0xd1][0x17][0xea]S[0xea][0xec][0x8b]a[0x8d][0x1c]_[0x86][0x90][0xb4][0xa8][0x89]D[0xe2]6[0xbb]&z{[0xf9][0xee][0xe2][0x0][0xa9][0xb0]2m{N[0xfe][0x9f][0x9b][0xd2][0xbe][0xe5][0xd9]5[0xbb][0xbd]KYNT[0xcc][0xe2][0xbb]g[0xf8][0xf9][0xfd][0x9b][0xab][0xcb][0xdf][0xde][0xff][0xc5][0xb3][0xdc][0xd5].[0xbc]X[0xbb]]A[0xd2]^t_E[0x98][0xaa][0xb7]6[0x3][0xbe]`[0xa9][0x9a][0x87][0xce]cVCB[0x8b][0x93]d[0xde][0x9e][0xb4][0xe2]~x[0xd8]J[0x98][0x85][0xc]Y[0xfc][0xe4] [0x15]HH[0x7][0x3][\n]"
2020-12-29 02:43:06 DEBUG [main] wire:73 -  << "[0xd0][0xd5][0xe5][0xaf][0x17]H[0x1a][0xe4][0xc0][0xb0]}[0xa5][0xc][0x92]6[0x94][0x18]N[0xe]*Cg{[0xf]r7[0xa1][0xcc][0x92]K[0x18][0xc]|[0xf2][0xaa][0xd9]]#T[0x9f]t[0xbb]j[0x9d][0xc7][\n]"
2020-12-29 02:43:06 DEBUG [main] wire:73 -  << "[0xfe]4:][0x13][0x89][0xfb][0xa4][0xe1][0xdd][0x19][0xce][[0xa5][0x1f][0x18][0xcd][0x80][0xf1][0xb5]%;[0xd9]O[0x99][0x86][0xd1]U}[0x9b]3([0xe0]Be[0xdc][\n]"
2020-12-29 02:43:06 DEBUG [main] wire:73 -  << "[\r][0x15]&S+.G[0xdf][0x94][0x0][0xa0][0x88]y[0xcd]M![0xa3][0x6][0xbb][0xda][0x90][0x1a][0xb0][0xfd]A=7[0x9b]NSR[0xb5][0xfa][0x82][0xd5]<[0x9f]*[0xfb][0xcd][0x18]L4~w[0x13][0x1a]a[0xd1][0xc3][0x15]D[0x99][0x10][0x19]Le[0x10]}[0x84][0xe9][0xc5][0xb7][0xcc]2[0xaf]O[0xf]o[0xe0][0xf6][0x8f][0xc0][0xba][0xfe][0x9f][0xc3][0xff]w[0xf3][0xb3]m:&[0xd1]{[0x95][0x9c]3[0x92]N[0x3][0x6]S[0x17][0xbe]Ad[0x9][0x1e][0xb6]f[0x92][0x7][0xaa][0xf5]T}][0xf]o[0xbc]bW#[0x1a][0x83][0xc0][0x18][0x1a]vD[0xd3][0x9c]&[0xe0][0xc6]0^([0x5][0xeb]J[0xd7][0xeb][0xf1][0x9d][0xdc][0xd5]w[0xbb]b[0xbc][0xbc]<[0x19][\r][0x6][0x85][0xd7]K[0xd4][0x93][0x0]7s4[0xa5]FY[0xc8]eXZ:[0xe1][0xb6][0xa8]IA[0xdd][0x96][0xa7];[0x90][0x9c][0xd7][0xfc][0x12][0x91][0x14])[0x12][0x99][0xc8][0xb6][0xb6][0x93][0x91][0xca][0xc1]"[0x9a]r[0x92][0xea]s[0x3][0x99][0x94][0xc4][0x80][0x9a][0x87]6W[Et+>[0xef][0xef]u[0xc7]:R.[0xfb][0xaa][0xa6][0xa6][0x93]U[0xbc][0x9b][0xf4][0xa6][0x17][0x99][0x1e][0x92][0x98][0xd6][0xb4][0x9b]n[0xbd][0xa5][0xd1][0x8e][0x81][0x5]VD8[0x91][0x90]s[0x9b][0xc7][0xb6][0xb2];[0xd8][0x90][0xaa]S[0x8d][0x93][0xaa][0x82][0xed][0xfc][0xb5][0xd9]t[0x14][0x8][0xd4][0x9e]~[0xa7][0xa1][0x97][0xa7][0xbf][0x1d][0x1c][0xc7]e[0xb5][0xf3][0xda][0xe5][0xcf][0xd1]P[0xc3][0xd3][0xdf]UoMlT[0x16]uR[0xe4][0xc9]O[0xa7][0xf2]=[0xaf][0xba]t[0xea][0x80][0xc7][0xab][0xdf]l[0xfc][0x8d]];[0xf0][0x12]X[0xb5][0xc2][0xeb][0xe0]p'[0xb5][0xef]`[0xb][0xc1][0x9e]n[0x93],[0xee][0xa4][0xce][0xc1][0xd0][0xf6][0xc0][0xc5][0x9c][0xe3]h&[O[0x1b]w[0x96]AS[0xa3]+xzp[0xad][0xae]o[0x82][0xd4][0xb2]7N)[0x9f][0xc1][0x9c].a[0x87][\n]"
2020-12-29 02:43:06 DEBUG [main] wire:73 -  << "[0xaa][0xa1][0xad][0xc5][0xe]jM[0x91][0x18][0xea][0x8a][0xd4][0xee]j[0x8a][0xe8]mx[0xa9]O[0xe3][0xc0][0xaf]e[0xe][0x95][0x85][0xf8][0xbe]=[0x9d][0xa1][0x6][0x19][0xb6][0xcf][0xe5][0x8e][0xe][0x1c][0xae]7o[0x7][0x3][0x87][0xbb]|[0x9d]A`p[0xf8][0xc6][0xfb]_[0xf0][0x12][0xeb][0xce][0xce][0xc3][[0xe]Cl9[0x8c][0xad]-[0x7][0xb7]7[0xb5][0x93]D[0xb7][0xc0][0xf5]f?[0x6][0xce]([0xe1][0xd1][0x8c]DxJ[0xfb]cJrp[0xbf][0xe4][0xa6][0x83][0xf6][0xb6][0x9d]N[0xa3]q0|9[0xec]=?[0x14][0x17][0xa6][0xa3][0xb2][0xb0][0x83][0xae]o[0x1c][0x99][0xa0]KB[0xed]F[0xbb]LL[0xab]C[0xd1]GT[0x99][0xc3]<[0x13]{[0xeb][0xdd][0xca]T[0xad]MuF[0xdf][0xa5][0xce]c*[0x90]4[0x5][0x9c][0xd1]d[0xbf][0x1a][0x8d][0x1e][0xc6]2K[0xc8][0xb6][0xe]x3[0xf2][\r][0x12]yN[0x9b]}[0xfb][0xfc][0xf1]]`[0xb4][0xc5]O[0x19][0xce]`[0xc2][0x16][0x84][0xbb]S21[0xaa][\r][0xe5]Y[0x1c][0x10][0x83][0xad][0xe5][0xe5][0xb9]#[0xd9][0x9c]c[0x8e]e[0xee],[0xd6][0xc1]%[0xf9][0xb9]:[0xae][0x12][0x9d][0xec][0xc3][0xc3]Z[0xc3]?qBb[0xab][0x1a]g[0xdf])U[0xdc]l[0x91][0xcf][0xac];[0xe1][0x99][0x9e][0xb9]$1P[0xd3][0x91]_![0x99]g[0xc][0xf2][0x9c][0xd0]4$[0xb1]'[0xa4][0xc6]t[0x8e][0x89][0xbc]+[0x19]O[0x81][0x9f]_[0x9e][[0xb6][0xc3]C[0xc8]h4k[0xb4]\[0x8][0x8a]5[0xb0][0x9d][0x18]s\[0xb5][0x88][0xbb]+[0xfa][0x89][0xb3][0x9a]:[0x1b][0x91]0[0xab]r&[0xc0][0x9b]%[0xe7][0xa6][0xf][0xe4][0xca][0x10]Y[0x92][0x9c][0x8c]IB[0xb8]:5h[0x1f][0xd2][0xed][0xeb]'[0x8a]v[0xc6][0x80]A[0x1a][0x3]3[\n]"
2020-12-29 02:43:06 DEBUG [main] wire:73 -  << "[\r][\n]"
2020-12-29 02:43:06 DEBUG [main] wire:73 -  << "800[\r][\n]"
2020-12-29 02:43:06 DEBUG [main] wire:73 -  << "X[0xa3][0x10][0xde][0xe][0xf3])[0xdb][0xd8][0x87][0x87][0xda]H[0xfa][0x18]s`[0xdf][0xad]f[0xc2][0xaf][0xb6][0xc8]bm[0xbf][0x4][0xcf]D[0x95][0xfc]r[0xd2]h[0xb5][0xef][0xbe][0x4][\r][0x82][0xbf][0xe9]HOX[0xe4][0xb3][0xf][0xca][0x1b]ts[0x9e]%$[0x2]k[0xe0]|[0xb1]}K[0xc0][0x98][0xcb]9[0x9e][0x82]e[0xdb]2[0x95][0xd4][\r][0xfb][0xf9][0xe3];K[0xfa][0x8f][0xdd]5N)#[0xd3][0xc0][0xe8]Z;[0x9f]8[0xa8]Jv:[0xf4][0x6]v[0xd7]8\[0x6]Fw[0xcc])[0xb6][0xfe][0xeb][0xd3]o[0xef]][0x85]n[0xc8]dmU[0xba][0xd8]r[0x1d]J/[0xf5][0xb]Xvw[0x16][0xc7]^[0xe1][0x82][0x8e]X[0x1e]O|[0xe8][0xda][0xf1][0xaa][0xaf]R[0xd9]_[0xf8][0x98]F[0xce]&[0x83][0xe4][0x9][0x11][0x94]Q[0x96][0x89]D[0x86]S[0xde][0xc7]l[0xbe][0xde][0xe][0x9c][0xb3]4[0x16][0xda][0xaa][0xf8][0xc1][0xf1][0xa7][0x84][0xf2]z[0x8][0x95][0xa1][0xd5]nr[0x6][0xc5][0xb6][0xaf]\[0xb2][0x8e][0xb9]*[0xc6][0xc2][0xd4][0x82][0xb9][0xde][0xc8]mK[0xf8][0x1b][0xf0]7[0xb][0xc6] [0xe5]ju[0xac][0x12][0x8f]++[0xb4][0xb4][0xd9]#[0x87][0xc1][0x12][0xd2][0x5]8[0x90][0xf3][0xb0][0xb8][0x1e][0x93]8[0x9c]$[0x94][0xb2]pB[0x92][0x4][0xe2][0x1a]!c[0xb0]tr[0x8e]y[0x98][0xd3][0x5][0x8b] $[0xb1][0xa3][0xbc]I[0x6][0xe4][0xc1][0x8e]pQ"[0xed][0xfb][0xfb]Z[0xdb]Y[0xba]n6[0xb][0xc7][0x15][0xdf][0xba][0xc2]][0xc6][0x8e][0xa6][0x97][0x4][0xbb][0xdc]>[0x94][0xe1])V[0x1c][0xc7]aFs[0xc2]U&[\n]"
2020-12-29 02:43:06 DEBUG [main] wire:73 -  << "2[0xcc]r[0xb8]L[0xb9]U[0x8f][0x88]+[0xcc][0xa6][0xc0]I:-[0xa6]o[0xe2][0xcc][0xb4][0x15][0xa0]'[0xf3][0xec]2n[0xc4][0x8f][0xe8]qyy^[0xe8][0xed][0xe0][0xf8]sJx[0xa3][0xcb][0x99]$[0x15][0xdc][0xf4][0xfc]}[0xf5][0x8c]N[0xf2]{[0x9a][0x1a][0x86][0xe8]MbC[0xab][0x92][0x90][0x14][0x4]F[0xbf][0x8c][0x83][0x81]b&[0xe0][0x3]YBI[0x80][2[0x17][0xab][0x16][0x88][0xfc][0xa9][0xaf][0xb]=[0xfd]*[0x1f][0x96][0xdd][0x2][0x93][0x8e][0xbf]@[0xc4]M[0xb9]8[0x5][0xd9]-[0xf8][0x86]$>[0x8][0x82]2C[0xda]w5[0x81][0xbb]:[0xab][0x8c]X[0xb6][0x8]}C[0x81]*[0xb7][0xf8][0xd4]f[0xb2][0xb3][0xb7]H#[0xbb]s[0xab]\[0xe]m[0xf2][0xef][0xaf]QFU[0x96][0xc][0xa7]Y[0xa2][0x14][0xe3][0x87][0x8a][0xd4]"%[0xdc]S[0x92][0x1f].X:L[0xbc][0x1d][0xa1][0xe3][0xd5][0xc3][0xa8][0xe6][0x9a]^[0xd3]MESNn[0xc1]3[0x8c][0xad]`[0xf3][0x1e][0x89]>[0xef][0xc1]`[0xf4]Z[0xb1])[0xb7][0x94]l[0x1d]F4[0x86][0xc6]l[0xde][0xbc][0xb1]lG[0xa4][0xd6]%[0x81]U[0xdb] [0x1f]4[0xfd]2[0xb6]lG8[0xa9][0xe8][0xa0]\[0xdb][0xa9][0xaf][0xa3]W-[0xb4]S[0xf3][0x13][0xaf][0xf2][0xa3]'Tw[0x87][0xe4][0xa1](S[0x9e][0x8a]#[0x9d]'Z[0xb5][0xca]ia[0x80]"[0xa1][0xbd]^_J[0xa7]y[0xbb]H[0x92][0xcb][0xb8][0x96][0xd7][0x8a][0xa4]$[0xc2]f[0x89][0x93]<(;[0x15][0xf]&[0xfb][0xa6][0x8c][0x99][0xdd]N[0xa8][0xba][0xda][0x87][0x87]bl[0xed]y[0xe4]#.[0xa9]2[0x92][0xcc][0x17]b[0xe0][0xf5][0xe0][0xc6]Q[0x9]F[0xde][0x8d]n[0xfc][0xff][0x94][0xcf]>i[0xa5][0xff][0xa2][0xb5][0xfa]7[0xc3][0xb5][0xe2][0x84][0xf0];[0xb1][0x9a]\[0xaa]$[0xd1]([0xeb]Z[0xb7]OH[0xc2][0x81]U[0xb0]B[0x92][0x9b][0x85][0xd5][0xd5]6[0xd8][0xd8][0xce]S[0x6][0x1d][0xb4][0x6][0xdd][0xf8][0xa5]TwB[0xd9][0x5][0x8e]f[0xad][0x91][0xf9][0x83]@Rc7[0xd5]&[0xf6]}[0x9a][0xf3][0xfd][0xbd]:[0x1c][0xfb][0xab][0xc1]f[0x9][0xab][0x4][0x9e]z[0x14]g[0xee]D[0x96]9[0xcf][0x9f][0x82]-+[0xf][0xd1]gx$?[0x9b]gm[0xaf][0x90][0xc4][0xc3][0xc3]f[0xcf][0x10]n[0xf1][0x1f][0xed][0x9e][0x92][0xd8]>[0xce]2[0xca]p2[0x8a][0x12][0xf2][0xf9][0xe3][0xbb]n`[0x1c][\n]"
2020-12-29 02:43:06 DEBUG [main] wire:87 -  << "/[0xe3][0xe1]bA[0xe2][0xc0][0xe8][0xca][0xb1][0xd7]fE3[0x5][0xdc][0xdd][0x6][0xde][0x5][0x3][0xb3][0xb1][0x9b][0xd0][0xb8][0xf4][0xff][0x1d][0xb5][0xba][0x16][0xc][0xa1]([0x90]a[0x1c][0x4]F[0xa9][0xba][0xd1]<X-p[0x8e][0x8]r[0xf9][0x96][0xcc]6[0x12][0xf9][0x80][0xf9][0xac][0xe0]]KonF3[0xab]n[0xd7]RX[0x9][0xc][0xa4][0x95][0x4][0xad]m[0xa7]J[0x9e]][0xaa][0xa3][0xbb]^Wmr[0xa2][0xfa](Q4[0xfe][0x3][0xd6][0x88][0x94][0x1d]K[0xd4][0xf1][0xf]Xo[0xa9][0x15][0x4]AMF[[0x84][0x1e]u[0xe3]o[0x9f][0xfd][0xee][0xda]sTh[0xdb]k!z[0xa7][0x9][0xc4][0xbd][0x1d][0xb8]\t[0x11]u[0xc4][0xab][0x17][0x95]j[0x1b][0xe3][0xfc][\r]4[0xc2][0xf6][0xda][0x90][0xdb][0xa9][0x1f][0x8f]=r[0xb8][0xc0]p[0x2]d:[0xdb]s[0xb0]P[0xb5][0xfe][0x1f][0x9e]op<[0xcf][0xf0][0x1e][0x5][0x8a][0xb6][0x1f]<[0xd3](7y[0x9d][0x9d][0xbb]<Cv3[0xd0][0xee]3[0xae][0xe6][0xe6]O[0xf7]U[0xef][0xe2][0x89]0D[0x1][0xba]3p[0x1c]F8[0x9a]A[0x98][0xc0][0x12][0x12][0xc3][0x1b]8[0x92]$[0xe0]M[0x88][0xe3]/[0x8b][0x9c][0x8b]RQ[0xd0][0x13]|[0xbb]N([0x8e][0xc3]%0YY[0xb][0xba]~*[0x10][0x92]87[0x4][0xfa][0x12]D[0xce]p[0x9a]O([0x9b]7x[0xb][0xb][0xfe][0x92]0&q[0xc],[0x9c][0x3][0x9f][0xd1][0xb8]N)%[0x1c]9FD[0xf8][0xda][0xf0][0x8c][0xd0][0xe4]+[0xe6][0xd8][0x10][0x0]_[0xc2]/[0xc3]3.[0xdf][0x1b][0x8e][0x11][0xe3]u[0x1e][0xe6]$[0x8d] Lp[0xce]C[0x99]^[0xc][0xaf]7t[0x8c][0x98][0xe4]Y[0x82][0xd7]M[0xa1]U[0xae][0xf2][0x86]GG[0xcf]_[0x1c];F[0x9c][0x87]8[0x16][0xd8]1[0xa4][0x19][0x97]-b4[0xa4]S<[0x85]8[0xe4]d[0xe][0x5][0xd7][0x81]c[0xc0]m[0xc3]f[0xc3][0x8a][0x92]%[0x99][0x4][0x85][0x86][0xf7][0xdc]1[0xe4][0xe4]'8[0xe2][0x94])a[0x8e]1ax[0xe]+[0xca][0xbe][0x16][0x84][0x19][0xce][0xc3]1[0x8e]C"[0xd2][0x9f][0xe4]^PV[0x94][0x9]k[0xe][0x1c][0x83][0xe0]q[0x18]a[0xe]S*[0xe7]l8[0x6][0xc9][0xc3][0x9][0xa3][0xf3][0x90]AD[0xe7]sQ[0xb1][0xe3]Pn[0xe8][\r]O[0xb9][0x91][0xe8][0xa1]"Z[0xe9]MY[0xbd]%'\[0xed][0xfd]%{i31:[0x94]/HH[0x1]%M[0xa3][0x1b]M[0xe5][[0xde]2[0xc7]bE[0x95][0x9e]s[0xe1][0xfb]z[0xfa][0x3][0xc7][0xa0][0x19]'sr[0xab]<[0xa3][0xee]1RV[\r][0xba]k[0x9f][0x91]d)[0xaf]Z[0xaa][0x8a]&u[0x18][0x1f][0x1f][0xe3][0xe1]q[0xf4]Ko[0xfc][0x1c][0xf]{[0xc7]Q[0xf4][0xa2]w<[0x19][0xc6][0xbd]x[0xc]0[0x18][0xf][0x9f][0x8f]F[0xc3]c[0xc1][0xa9][0xd8][0x13][0xe4][0x90]@[0xa4]=S[0xf1][0xa3]9[0xc7][0x89][0xd6][0xd1]x1[0x18][0xc][0x8e][0x7]b[0xc0]2[0x14][0xbb][0xb]^[0x93][0xcc] [0xcf]h[0x9a][0x83]Z|Q[0x88][\r][0xef][0xc5][0xf3]g[0x8e][0x91][0x3][[0x2][0x93][0xea][0xc][0x8f][0xdc][0xd1][0xd1][0xc8][0x1d][0xbe]x[0xee][0x8e]F[0xc7][0xde][0xd1][0x8b][0x97][0xcf][0xc][0xc7][0x90]/[0xc5][0x18][0x9e][0xf1][0xfb]kq[0xb3][0x18][0x87]{[0xe6][0xab][0x91][0xa5][0xe1][\r][0x9f][0xf]^[0xe]y[0xf9][0xf2][0x97][0xe7][0x8e]Q[0x80][0xbe]Ba%=[0x95]KVs[0xc1][0x5]K[0xc][0xcf][0x98]q[0x9e]y[0xfd]~[0xbc][0x98][0xcf][0xd7].[0x83][0x9c][0xe3][0x8c][0xc0]7<[0xcf][0x12]p#:[0xef][0xe3][0x8c][0xf4][0x97][0xc3][0xbe]`I[0xd7][0x0][0xfd][0x91][0xe1][0x18][0x8b][0x1c]X[0xc1]\[0xb8]Xm[0xca]+[0xca]r^[0xfa]^[0xb9][0xc8][0x1b]_[0xe7][0xc]QBP[0x80][0xe4]s[0xb9]"[0x8d]p[0x99]FvD[0xd4]S[0x9c][0xbf]t[0xb0]XYl4[0x18][\r]z[0xc3]Qo[0xf4][0x8b]Qk[0xfc][0x9e][0x95]o[0x9b][0xef][0xc7][0xed]Ta[0x14][0xb1][0xd0][0x3][0xfc]r<[0x88][0xe2][0xde]"
2020-12-29 02:43:06 DEBUG [main] wire:87 -  << "[0xe0][0xd9]h[0xd0];[0x8e]_[0xc6][0xbd]g[0xcf][0x8e][0x8e]{[0xa3][0xd1][0xf3][0xe8][0xe5][0xe8][0x97][0xe3]Q4[0x18][0x1b][0x9b][0xef]9[0x93][0xdb]>~[0xdb]}V[0xb7];[0xb5][0x9f][0xec][0xaa]Kc[0x9c]N[0x81][0x15][0x85][0xa8]~BW[0xb6][0x9c][0x96]Uh[0xbc][0xc]^[0x1e][0x1f].[0x83][0xa3][0xe7][0x87]b[0xb3][0xf2]I[0xa8][0x12][0xd0][0xc9][0xc4],*[0xd0]Va[0xaa][0xd5][0xa7]'[0x17][0xa6][0x9d][0x15][0xa8]~[0xba]H&[0x96]Q[0xdc][0x1a][0x2][0xdf]6[0xf0][0xe7][0x9b]E[0xce][0xe9]\>;[0xd2][0xfb][0x91][0x83][0xa1][0xbf][0xdd]V=+[0x8a][0x1c]l[0xdf][0xe1][0x0][0xdf][0xdf][0xdf][0x8d][0x17][0xe3]q[0x2][0xb9]w0t"[0x9c]F[0x90][0xe0]q[0x2][0xe2].[0x6][0x8e]I"[0x9f].+[0xcf][0x1e]o=YR[0xf][0xab]j[0x12][0xc][0xdb][0x1f][0xbb]$%[0xbc]F[0x13][0xc2]\-[0xc5][0xc1]n%[0xc4][0xc1][0xae][0x92]Q>o[0x1f]o[0x9e]pd[0xfb][0xa0][0xcd][0x9e][0x84]C[0x16]I[0xbe][0x17][0x87][0xe8][0xb6]&[0xe]y[0xf6][0x3]8[0x84][0x13][0x9e][0xc0][0xc9][0xb3][0xc1][0x0]][0xa6][0x1c]X[0x8a][0x13][0xf4]IfD$[0x9f]#[0xbf][0xea][0xab][0xe][0x9d][0xef]w[0x8c]}[0xbe][0xae][0x17]|J[0xe9]4[0x81][0x10][0xa7]8Ys[0x12][0xe5][0xe1][0x2]G[0x91]H?[0xc6][0xe7][0xb3][0xde][0xf0]h8[0x1c][0xbd]|[0xf1][0xe2]Eoxl[0xfc][0x19][0xef][0xdc][0xa7][0x84][0xdc]-[0x84]S[0x9][0x9b][0xe4][0xd7][0xfd]=[0xba][0xbe][0xf1];[0xe2]Z[0x9d];[0xd4][0xbc][0xba][0xf3]S8[0xc5][0xdc][\r][0x95];]1[0x1c]}[0x5]f[0x99]-=[0xc5]:[0x81]i[0xfb][0x9d][0x8d][0xfd][0xdd]|[0x8e]~9:z9[0x18]<[0xeb][0x9](iN[0xb6][0xb9]\[0x9b][0xe0][0x86]9[0xf0]s[0x99][0x99][0xc5]f@t[0xdc][0xce]}[0xe6]Mk[0xd8][0xe4][0xc7][0x86])i*<[0xfe][0x89][0x99][0xe9][0xc][0x1d][0xb3]H[0xc6][0xa6]cf[0x8b][0xb1]*a)[0xc5]qn:G[0x8f][0x8e][0x1f]9&7[0x1d]sx[0xfc][0xe2])[0xbd][0x8f][0x1c][0x93][0x91][0xd8]t[0xcc][0x81][0xe9][0x8c][0x1e][0xed]}[0xec][0x98]c[0x86]M[0xc7][0x9c][0xd3]xt[0xb4][0x97][0xff]Y[0x92][0xd0][0xd5]Y[0x1a][0xcd](3[0xe5][0xf3][0x82][0xdd][0xdd]>[0x11][0xae][0xf2][0xe7]'i[0x9e][0x8f]r[0xc6]h8[0xd8]m[0xd9][0x1f]7[0xd1][0xd6][0xf8][0x91]"
2020-12-29 02:43:06 DEBUG [main] wire:73 -  << "[\r][\n]"
2020-12-29 02:43:06 DEBUG [main] wire:73 -  << "5db[\r][\n]"
2020-12-29 02:43:06 DEBUG [main] wire:73 -  << "c[0xaa][0xc2]k:[0xbb][0x96]h[0x1f][0x87][0xdd][0xfa][0x8e][0xb6][0xf4][0x5]W`[0xf8][0xe8]kq[0x98][0xb5][0xcb]U[0xb6];t:5[0xf]Fw[0x1d]$[0x2]g[0x8a]Q[0x80][0x1e]}'[0x1b]M[0xb1]|\[0x8f][0x2]d[0xb6][0x2][0xd0][0x94][0x8d]2RQ[0xa0][0xde]_[0xea][0x8]J[0xce][0xc4][0xbd]e[0x8a][\n]"
2020-12-29 02:43:06 DEBUG [main] wire:73 -  << "[0x9f]{&[\n]"
2020-12-29 02:43:06 DEBUG [main] wire:73 -  << "jb[0xca]w[0x95]2F9[0x8d]h[0x82]N[0x91][0xee][0xd8][0xef][0xe7]yb"O[0xdd]{[0xfd][0xfe]j[0xb5]2m[0xd4]E[0xa6]N3[0xbd]2[0xcd]H[0x80]0[0x95]y[0xd5]W[0x93][0xc9][0xeb]s[0xd9][0xfd][0xc6]r1[0xa5][0xeb][0xc1][0x8d][0x8f][0xe4][0x8f][0x14] [0xe5][0xef]i[0xc].Is`[0xfc]5L([0x3]k[0x8a][0x1d][0x94][0xcb][0xd0][0xb5]l[0xbf][0xb3][0x9d][0xb5][0xf6][0xe4]"u,@[0x17]D[0xbe][0xdb]5[0xac][0xe5][0xbb]Wc[0x9c][0x83]za[0xeb][0x7]@[0xcf]IC[0xee][0xd6][0x12][0xa8][0x1c][0x8][0xb7][0xf4]J;[0xad]X[0xa7][0x96][0xd7][0xfa][0x9d][0xfa][0xf3][0x12][0xa5]b[0x80]j[0xe7]Gv[0xe7][0xae][0x83][0x10]B[0x8d]9[0x98])M[0xc1][0xf4];[0x9b]B[0xc2][[0xca][0xe6][\n]"
2020-12-29 02:43:06 DEBUG [main] wire:73 -  << ";[0x8a][0xd6][0xa1][0xe9][0x17][\r]!hc[0x87][0x9c][0x86][0xf2]-H[0x14][0xa8][0x97][0x2][0x1b][0x16]|u[0xd0][0xeb][0xa1]OWg[0x1f][0xaf][0xd0][0xc5][0xff][0xfd][0xe2][0xec][0x1c][0xf5]zO[0xd9]C[0xef][0x99]sN[0xa3][0x10]gY[0xa8][0x94][0x1d]huby[0xab][0xf0]n[0xa1][0xa0][0x8a]G[0xd1]kG@[0x96][0xb3] [0xd1]'[0xc0],[0x9a][0x9][0xb4] X4[0xd6][0xfe][0xa0][0xd7][0xbb][0xfb][0xf2][0xc7][0x2][0xd8]z#[0x95][0x16]S[0xb9]x[0xfe][0xe8]D~[0x1c]^n[0xcd][0x1a][0xe5]|[0x9d]@`[0xea][0xdd][0xb3]'[0x97][0xe7][0xa4][0xb3][0xb][0x84][0x8][0xda]$[0x84][[0x9a]/[0xc8][0x14]R`D[0xe1][0x8f][0xfe][0xd4][0x95][0x13]uS[0xe0][0xfd]F[0xb3]B([0xf][0x83]L[\r];:[0xc5][0xf][0x7][0x9b][0x2].[0x96][0xa2][0xec][0xd7][0xb3][0xc]*[0xbd][0xce]j[0xf4][0xb4][0xd1]A[0xd3][0xfb][0xee][0xe4][0x1c][0xc6][0x84][0xbb][0xd5][0x89][0x95][0xa5]O%[0xeb]{M[0xf3][0xc6]A[0xd7][0xf2]\R[0xc]8[0xa7]\[0x9e]3[0x9a][0x8b][0x94][0x88][0x8d],NB[0xbd][0x8d]2[0x1d][0xd4][0x14]h[0xdf][0xd8]>[0xda]l[0xfc][0xb6][0xb1][0x16]i[0xa4][0x8c][0xb5]5[0x15]a[0xae]}[\r][0xf2]wN%D[0xdb]m[0xec]G[0xdf][0xb7]y[0xe8][0x9d][0xa0][0x9b][0x9d][0x96][0xdf][0xc6]}[0xff][0x19][0x8f]{[0xa2][0xc3]E[0x8f]x\$[0x80]oJ[0xa7][0x90][0xca][0x93]7[0xed]z[[0xaf][0x1][0x15]of[0x19][0xf];[0xe5]#[0xe0][0xf2]G[0x8c]rR{[0xb3][[0xd6]F1[0xbf]$K[0xac]lyy[0xee] [0xb6][0x94][0x85]TgM[0xb9][0x5][0x87][0x15]:[0xc7][0x1c]D[0xd2][0x13][0xf4][0xd8][0xd5]?e[0xb1]b[0xf9]H\\[0x89]rf[0x1d]=[0xf6][0xf3][0xe8][0xf8][0xe7][0xe7][0x3][0xf1][0xff]p0[0x18][0xd8]z[0x84][0xcc]D[0xdf]2[0xc2]@[0x94]3C_[0x6]F7v9[0xfd]|[0xf5][0xe6][0x93]|[0x98]P[0xf0][0xd7]?[0xbb][0x15]R^[0xaf][0xdf]`n[0x19]p[0xbb][0xf8][0x16]&Y[0x12][0xaa][0xfc][0x17][0x18][0xa8][[0xd3][0xaa][0xa1][0x84]q/[0x1a][0xc5]T[0xca][0x1b][0xb6][0x14][0x97]>[0x12][0xd7]Z[0xb4][0x83][0x8e]D%[0xac][0xbd][0xc9]/[0xdf]`[0xdc]g[0x9]2AVY[0x84][0xab]_4[0xa1] [0x8][0x90]Q[0xbc]yj[0x14][0xbd][0xc5][0xdf][0x1e][0xcb][0xaa][0x9]n4S[0xab][0xf8][0xf1]P[0xf5][0xfa]d[0x9d][0xc7]v[0xab]e[0xa8][0x9f][[0x19]NS[0x80][0x83][0xda][0x12][0x90]|[0xf9][0xb5][0xe2]U[0x9]S[0x1c][0xea]r[0x8a][0x15][0x8a][0x16][0x8c][0xa9]V[0x14][0xa0]Fo[0xab]o[\n]"
2020-12-29 02:43:06 DEBUG [main] wire:73 -  << "[0xab][0xb2]k[0xf5][0xf2][0xe4][0x92][0xb7][0xf9]J[[0x94]|e[0xf][0xbb][0xc3]C[0xc6]*[0xfe]6[0xcd][0xdb][0x86]~[0xca]I[0xdb][0xba]n[0x19]a[0xd7][0xb8][0x86]lwL[0xd2]X[0xfd][0xde][0xb3]m[0xd1]j[0xdd]6[0x9d]MgW[0xc2]5[0x1a]>d8h[0x8b]p[0xfd][0xc4][0x83]%[0xa4]a[0xc2]M-[0x1b][0xef]}[0xeb][0xf3][0x91][0xa2]V%[0xd5][0xbe][0xfa][0x9d][0xfd][0x98][0xc6][0xeb][0x93][0xce][0xab][0xd9][0xf0]d[0xcf][0x96]z6<[0xe9][0xbc][0xca]N[0xae]f[0x80][0xd4][0xe9]#[0x82]T[0x1e][0xdb][0x1][0x83][0x18][0xe1][0x14][0x91]b[0x9c]|Y[0x1b]Q[0xd6][0x99][0x93]<[0xa2][0xe9][0x84]L[0x17][0xc][0xab]pJc[0xb4][0xc2]9Z[0xa4][0x12]upZ[0xbe][0x9f][0xdd]Y[0xd3][0x5]C[0xc][0xfe]X@[0xce][0xdd]W[0xfd]L[\n]"
2020-12-29 02:43:06 DEBUG [main] wire:73 -  << "[0xfb][0x90][0x80][0xc0][0x92][0x11]M9[0x8e]8[0xe2][0x95]l[0x1c][0xcf]IJr[0xce][0xb0][0xc0]g[0x98][0xa3][0xe]Z[0xc1]x[0x8e]s[0xe][0xec][0xff][0xef][0x83][0x9b]B I'[0x94][0xcd][0x5][0xab]9[0xa2][0x13][0xc9][0x92][0x93]9 >#y[0xa1]y$\[0x13]b[0xa7]#[0x15][0x16]][0xb0][0xf4][0xe4][0x1c][0xad][0xe9][0x2]e[0xc0][0x4][0xb][0x88][0xd1][0x97]E[0xce][0xd1]X[0xc2][0xe8][0xda][0xf8]R[0xfb]_[0x5]][0xc9][0xd3][0xd3][0x1f][0xd3][0x5][0xaf]K[0x9a][0xe3]5[0x1a][0x3][0xc2]KL[0xe4][0xa9]M[0x87][0xa4][0xf5]I[0xaa]N[0x9][0x9d][0x96],[0xcf][0xe2]X[0x9e][0xde][0xe2]$Y;[0x8][0xa3][0xbd]G [0x1d]5V[0x18][0xbb][0xbe]L[0xf2][0xe1]3[0xe2]lM[0xd2][0xa9][0xb0][0xc6]"[0x7][0xb1]tr[0xc8][0xb9][0xce]d[0x82]>[0xc3]i,:[0xce][0xa0][0xb5]&[0xf]n[\n]"
2020-12-29 02:43:06 DEBUG [main] wire:73 -  << "v[0x15]P[0xdf],[0xff][0xe5][0x85]0&s[0x91][0xe8][0x9b]{[0xb3][0x9f]~R[0xbf]7[0xe6]o([0xfd]J[0xa0][0x9e]8[0x90][0xfc]-[0x94]\~H[0xb9][0xa3][0xb2][0xf4][0x1a][0xa9]Q?[0xe9]s[0xad]jGW[0x8c]W/[0xed][0x7]fW[0xf][0xec]Z[0x96][0x1a]i[0x9f][0x9a]~Qd[0xcc][0xae]U[0x96][0x8a]_1[0x9f][0xb9][0xf2][0xbd][0x1b]kW[0xf9][0xe8][0xaa][0xd1][0xba]t5K[0x93][0xed][0x99][0xa6][0xdd]5}[0xf9][0x8b][0xe8][0xbe][0xe9]w~[0xfa]i[0xe3][0xeb]9M&[\n]"
2020-12-29 02:43:06 DEBUG [main] wire:73 -  << "[0x9c][0x17][0xf7]tV%PQ[0xa7]!ug@[0xa6]3^vXmuX[0x91][0x98][0xcf][0x8a]v1^1[\r][0x2]4D[0xa7][0x82][0xa3][0x87],:C'[0x88][0xae][0xec][0x82]@W[0xc5][0x80][0xd5][0xd6][0x80]U{[0x80] [0xd0]R[0xc2][0xa2][0xa6][0xa2]@p[0xec][0xef]RAt_[0xd9][0xb9][0xb8][0xd0][N7J[0x8][0xa4]|G[0xc7][0xdd][0xdb]R[0x91]h[0xd4][0xf]i[0xeb][0x3]K[0x5]V-[0x5]~[0x17][0x6]x[0x82][0xfc][0xed]~O[0x13][0xff]{a[0xe0][0xd2][0x3]-[0x13]nc[0xb1]=[0x10][0x81][0x13][0xc3][0xe7][0x8f][0x97]o[0xe8]<[0xa3][0xa9]<'[0x10][0xd6][0xc][0xcc][0xae][0xf8][0xea][0x9a][0xce]*0[0xbb][0xab][0xae][0xe9][0xcc][0x2][0xb3];[0xb3][0x1d]d[0x1d][\r][0x9f][0x1d]=[0x87][0xa3][0x9f]_[0x8][0x88][0xd3][0xe2]Ig[0xab]=L[0x5][0x9b]E[0xc1]g[0xb1][0x83][0xd1][0xee][0x93][0xdb][0xa7][0xa3]X[0xdf]D[0x12][0xeb][0xed][0xde]>A<[0xa7])[0xa7][0xa9][0x9b][0xcd][0xb2]][0xe7][0xb6]e[0xfb][\n]"
2020-12-29 02:43:06 DEBUG [main] wire:87 -  << "[0xc6][0xd9])[0xe][0xf0]ay~[0x9b][0xcf][0xa2]qpt\[0x1][0xda][0xc7]6[0x2][0x8f][0x94][0xa5]][0xea]}[0x81]$YOH>+[0xf5][0xab]?V[0xa8]Z[0x1f][0xd2]n[0xdf][0x1][0xf3][0xbe][0xaa][0xd8][0xe9]<b[0xe4][0x9d][0x8][0xba]VTe9}[0xd5][0x97][0xff][0x92]M[0xe7][0x3][0x0][0x0][0xff][0xff][0x1][0xc1]*[0x8c][0x4]G[0x0][0x0]"
2020-12-29 02:43:06 DEBUG [main] wire:73 -  << "[\r][\n]"
2020-12-29 02:43:06 DEBUG [main] wire:73 -  << "0[\r][\n]"
2020-12-29 02:43:06 DEBUG [main] wire:73 -  << "[\r][\n]"
2020-12-29 02:43:06 DEBUG [main] RequestSpecificationImpl$RestAssuredHttpBuilder:548 - Parsed data to instance of: class org.apache.http.conn.EofSensorInputStream
