2020-12-29 02:30:45  INFO [main] Usercheck:24 - Prechecks completed
2020-12-29 02:30:46 DEBUG [main] BasicClientConnectionManager:161 - Get connection for route {}->http://dummy.restapiexample.com:80
2020-12-29 02:30:46 DEBUG [main] DefaultClientConnectionOperator:177 - Connecting to dummy.restapiexample.com:80
2020-12-29 02:30:46 DEBUG [main] RequestAddCookies:123 - CookieSpec selected: ignoreCookies
2020-12-29 02:30:46 DEBUG [main] RequestAuthCache:77 - Auth cache not set in the context
2020-12-29 02:30:46 DEBUG [main] RequestTargetAuthentication:80 - Target auth state: UNCHALLENGED
2020-12-29 02:30:47 DEBUG [main] RequestProxyAuthentication:89 - Proxy auth state: UNCHALLENGED
2020-12-29 02:30:47 DEBUG [main] DefaultHttpClient:682 - Attempt 1 to execute request
2020-12-29 02:30:47 DEBUG [main] DefaultClientConnection:274 - Sending request: GET /api/v1/employee/1 HTTP/1.1
2020-12-29 02:30:47 DEBUG [main] wire:73 -  >> "GET /api/v1/employee/1 HTTP/1.1[\r][\n]"
2020-12-29 02:30:47 DEBUG [main] wire:73 -  >> "Content-Type: application/json; charset=UTF-8[\r][\n]"
2020-12-29 02:30:47 DEBUG [main] wire:73 -  >> "Accept: */*[\r][\n]"
2020-12-29 02:30:47 DEBUG [main] wire:73 -  >> "Host: dummy.restapiexample.com[\r][\n]"
2020-12-29 02:30:47 DEBUG [main] wire:73 -  >> "Connection: Keep-Alive[\r][\n]"
2020-12-29 02:30:47 DEBUG [main] wire:73 -  >> "User-Agent: Apache-HttpClient/4.5.3 (Java/1.8.0_251)[\r][\n]"
2020-12-29 02:30:47 DEBUG [main] wire:73 -  >> "Accept-Encoding: gzip,deflate[\r][\n]"
2020-12-29 02:30:47 DEBUG [main] wire:73 -  >> "[\r][\n]"
2020-12-29 02:30:47 DEBUG [main] headers:278 - >> GET /api/v1/employee/1 HTTP/1.1
2020-12-29 02:30:47 DEBUG [main] headers:281 - >> Content-Type: application/json; charset=UTF-8
2020-12-29 02:30:47 DEBUG [main] headers:281 - >> Accept: */*
2020-12-29 02:30:47 DEBUG [main] headers:281 - >> Host: dummy.restapiexample.com
2020-12-29 02:30:47 DEBUG [main] headers:281 - >> Connection: Keep-Alive
2020-12-29 02:30:47 DEBUG [main] headers:281 - >> User-Agent: Apache-HttpClient/4.5.3 (Java/1.8.0_251)
2020-12-29 02:30:47 DEBUG [main] headers:281 - >> Accept-Encoding: gzip,deflate
2020-12-29 02:30:50 DEBUG [main] wire:73 -  << "HTTP/1.1 429 Too Many Requests[\r][\n]"
2020-12-29 02:30:50 DEBUG [main] wire:73 -  << "Content-Encoding: gzip[\r][\n]"
2020-12-29 02:30:50 DEBUG [main] wire:73 -  << "Content-Type: text/html; charset=UTF-8[\r][\n]"
2020-12-29 02:30:50 DEBUG [main] wire:73 -  << "Date: Mon, 28 Dec 2020 21:00:50 GMT[\r][\n]"
2020-12-29 02:30:50 DEBUG [main] wire:73 -  << "Display: staticcontent_sol[\r][\n]"
2020-12-29 02:30:50 DEBUG [main] wire:73 -  << "Expires: Sun, 27 Dec 2020 21:00:50 GMT[\r][\n]"
2020-12-29 02:30:50 DEBUG [main] wire:73 -  << "Host-Header: c2hhcmVkLmJsdWVob3N0LmNvbQ==[\r][\n]"
2020-12-29 02:30:50 DEBUG [main] wire:73 -  << "Pagespeed: off[\r][\n]"
2020-12-29 02:30:50 DEBUG [main] wire:73 -  << "Referrer-Policy: [\r][\n]"
2020-12-29 02:30:50 DEBUG [main] wire:73 -  << "Response: 429[\r][\n]"
2020-12-29 02:30:50 DEBUG [main] wire:73 -  << "Retry-After: 42[\r][\n]"
2020-12-29 02:30:50 DEBUG [main] wire:73 -  << "Server: nginx/1.16.0[\r][\n]"
2020-12-29 02:30:50 DEBUG [main] wire:73 -  << "Vary: Accept-Encoding[\r][\n]"
2020-12-29 02:30:50 DEBUG [main] wire:73 -  << "Vary: Accept-Encoding,User-Agent,Origin[\r][\n]"
2020-12-29 02:30:50 DEBUG [main] wire:73 -  << "X-Ezoic-Cdn: Miss[\r][\n]"
2020-12-29 02:30:50 DEBUG [main] wire:73 -  << "X-Middleton-Display: staticcontent_sol[\r][\n]"
2020-12-29 02:30:50 DEBUG [main] wire:73 -  << "X-Middleton-Response: 429[\r][\n]"
2020-12-29 02:30:50 DEBUG [main] wire:73 -  << "X-Ratelimit-Limit: 60[\r][\n]"
2020-12-29 02:30:50 DEBUG [main] wire:73 -  << "X-Ratelimit-Remaining: 57[\r][\n]"
2020-12-29 02:30:50 DEBUG [main] wire:73 -  << "X-Ratelimit-Reset: 1609189292[\r][\n]"
2020-12-29 02:30:50 DEBUG [main] wire:73 -  << "X-Sol: pub_site[\r][\n]"
2020-12-29 02:30:50 DEBUG [main] wire:73 -  << "Transfer-Encoding: chunked[\r][\n]"
2020-12-29 02:30:50 DEBUG [main] wire:73 -  << "[\r][\n]"
2020-12-29 02:30:50 DEBUG [main] DefaultClientConnection:259 - Receiving response: HTTP/1.1 429 Too Many Requests
2020-12-29 02:30:50 DEBUG [main] headers:262 - << HTTP/1.1 429 Too Many Requests
2020-12-29 02:30:50 DEBUG [main] headers:265 - << Content-Encoding: gzip
2020-12-29 02:30:50 DEBUG [main] headers:265 - << Content-Type: text/html; charset=UTF-8
2020-12-29 02:30:50 DEBUG [main] headers:265 - << Date: Mon, 28 Dec 2020 21:00:50 GMT
2020-12-29 02:30:50 DEBUG [main] headers:265 - << Display: staticcontent_sol
2020-12-29 02:30:50 DEBUG [main] headers:265 - << Expires: Sun, 27 Dec 2020 21:00:50 GMT
2020-12-29 02:30:50 DEBUG [main] headers:265 - << Host-Header: c2hhcmVkLmJsdWVob3N0LmNvbQ==
2020-12-29 02:30:50 DEBUG [main] headers:265 - << Pagespeed: off
2020-12-29 02:30:50 DEBUG [main] headers:265 - << Referrer-Policy: 
2020-12-29 02:30:50 DEBUG [main] headers:265 - << Response: 429
2020-12-29 02:30:50 DEBUG [main] headers:265 - << Retry-After: 42
2020-12-29 02:30:50 DEBUG [main] headers:265 - << Server: nginx/1.16.0
2020-12-29 02:30:50 DEBUG [main] headers:265 - << Vary: Accept-Encoding
2020-12-29 02:30:50 DEBUG [main] headers:265 - << Vary: Accept-Encoding,User-Agent,Origin
2020-12-29 02:30:50 DEBUG [main] headers:265 - << X-Ezoic-Cdn: Miss
2020-12-29 02:30:50 DEBUG [main] headers:265 - << X-Middleton-Display: staticcontent_sol
2020-12-29 02:30:50 DEBUG [main] headers:265 - << X-Middleton-Response: 429
2020-12-29 02:30:50 DEBUG [main] headers:265 - << X-Ratelimit-Limit: 60
2020-12-29 02:30:50 DEBUG [main] headers:265 - << X-Ratelimit-Remaining: 57
2020-12-29 02:30:50 DEBUG [main] headers:265 - << X-Ratelimit-Reset: 1609189292
2020-12-29 02:30:50 DEBUG [main] headers:265 - << X-Sol: pub_site
2020-12-29 02:30:50 DEBUG [main] headers:265 - << Transfer-Encoding: chunked
2020-12-29 02:30:50 DEBUG [main] DefaultHttpClient:509 - Connection can be kept alive indefinitely
2020-12-29 02:30:50 DEBUG [main] RequestSpecificationImpl$RestAssuredHttpBuilder:545 - Parsing response as: text/html; charset=UTF-8
2020-12-29 02:30:50 DEBUG [main] wire:73 -  << "800[\r][\n]"
2020-12-29 02:30:50 DEBUG [main] wire:73 -  << "[0x1f][0x8b][0x8][0x0][0x0][0x0][0x0][0x0][0x0][0xff][0xc4]|}s[0xdb]6[0xd2][0xf8][0xdf][0xd5][0xa7][0x80]q3&YQ[0xb4]d9NB[0x85][0xf6]8[0xb1]s[0xe7][0xdf][0xa5]i'q[0xae]s?[0x8f][0x1f][0xe]D[0x82][0x12][0x12][0x8a]`[0x1]H[0xb2]l[0xeb][0xbb]?[0x3][0x80][0xef][0xa4]l'[0xed]s[0x97]v$r[0xb1][0xd8]],[0xf6][\r]K[0xca]o[0xf6][0xce]}w[0xf5][0xef][0xdf].[0xc0]\,[0xe2][0x93][0xde][0x1b][0xf9][0x5]b[0x94][0xcc]<[0x88][0x13]x[0xd2][0x3][0x0][0x80]7s[0x8c][0xc2][0x93]7[0xb],[0x10][0x8][0xe6][0x88]q,<[0xb8][0x14][0xd1][0xe0][0x15]<[0xe9][0xbd][0xe1][0x1]#[0xa9][0x0]![0x12]h[0x80][0xef]x[0xc0][0xf0][0xad]gD([0xe6][0xd8][0xd0][0xc0] B|[0x93][0x4]u`[0x8a]f[0x98][0xa7][0x18][0x87][0x83][0x84][0xe]B[0x1c]av[0xb2]B[0xc][0xf8]>[0xbe][0xf3][0xe4][0xc7][0xc3][0xc3][0xfd]v"/[0x1c].[0x16][0xdc];G[0x2];[0x9]][0x9b][0x96][0x6][0xe2][0x95][0xf0][\n]"
2020-12-29 02:30:50 DEBUG [main] wire:73 -  << "[0x4]%@q[0x1b]|[0xf3][0xb2][0xef][0x92][0x86][0xc0][0x8b]4F[0x2]{M[0x80]C[0xf8][0xaf][0x8c][0xcc]<%[0x9a][0x1e][0xfa]c[0x89][0x97][0xd8]3[0xa3]e[0x12][0x8]B[0x13][0xd3][0xba][0x97][0x82][0x5]t[0x99][0x8]oh[0x93]$`[0xf2]K[0xe0][0x5][0xf7][0xae]olA[0x16][0xf8][0x1c][0xc7]h[0xf3][0x9e]0[0x1c]j:[0xf6]<[0xbd][0xcc][0xc7][0xe3][0xf2][0x12][0xc5]1][0xa0]([0xf4][0x4][[0xe2][0x89][0xa4]J[0xa7]_[0xbd]{[0xc9][0xc9]-[0xd8]%h[0x81]my[0xf7]Q^[0xa4][0x88][0xa1][0x5][0x16][0x98]q[0x9b][0xf0][0xb7]1[\r][0xbe][0xd9]S[0xf9][0x89][0xc3][0xb7][0x1b];[0xc4]1[0x16][0xf8][0xf7]9N[0xde][0xd1]E*[0xaf][0xed][0x94][0xd1][0x0][0xe3][0xf0]2[0xba]`[0x8c]2-:[0xc7]q[0xe4][0x89]9[0xe1][0x13][0xf9][0xe1]H[0x6][0x9e][0xfc][0xd0][0xb7]9+/[0xbf][0xd0][0xe0][0x92][0xb1]W[0xb9][0xf4][0xbc]d[0x19][0xc7][0xa7][0xf2][0xc3]5K8 [0x9][0x17]([0x9]0[0x8d][0xc0][0x19]chc[0x9d][0x96][0x83][0xee]uy}[0xa3][0x89]gK[0xf1][0xb2]o[\r],[0xd6][0xe5][0x15]Wz[0xa0][0xbd]L[0xaf][\r][0xca][0x9][0xab]ug[0xdb][0x99][0x81][0x8a]Y5[0xe8]eB[0x4]A1[0xb9][0xcb]w-[wM[0x81]^[0xfd]6[0x9f]{[0x95]ozk&[0xe7]^[0xc5]pb:3[0xa1][0xe3]8@[0xc2][0x80][0x7]`_[0xea][0xdd][0x9a][0xc8][0x1d]i[0x88][0xa0]L"[0x83][0x17][0x2]+`[0x8d][0x88][0x83][0xd2]4[0xde][0xb8][0x5]%[0xb9][0xbf][0x12][0xce]=57[0xdf]C[0x87][0xa7]1[0x11][0xa6][0xe1][0x18]%[0x8a][0xda][0xba][0x9][0x89][0x94]es'[0xc6][0xc9]L[0xcc]O[0xc6][0xd6][0xfd][0x16][0xc7][0x1c][0x83][0xc6][0x80][0xe7]ycK[0x99][0xa6][0xb7]&IH[0xd7][0xd7]j[0xf4]zxs[0x93]][0x8d][0x8a][0xab][0xc3][0x9b][0x9b][0xc9]."[0x87]O[0x12][0xd1]SkX[0xb5][0xb5][0xdc]L[0xb6]=[0x12][0x99]b[0x93]J[0xf3][0x92][0xd0]=[0xcf]3[0x96]I[0x88]#[0x92][0xe0][0xd0][0xd8][0xdf][0xcf]`r}[0x9a][0x9b][0xd6][0x92])[0x1]v[0xc3][0x9a]-MMq[0xe8]0,O[0xe9][0xdc][0xd2]#@y[0xf9]u[0xa2][0x84][0xc8]'[0xe5][0xb6][0x9b]a[0xea]=[0x1e][0xc8][0xe0][0xbd]q.wF[0xa1][0xe9][0xed][0xc9]l[0xe2],[0x8e]Mk[0xb2][0xdd]n[0xed][0x88][0xc4][0xb8][0xe1][0xeb])[0x12][0xf3][0xe][0xe7]V1[0xd3]V[0x91][0xf1][0x7][0xbc]Z[0x12][0xf5][0xe4][0x87][0xbe][0xd5][0x1]X}[0xe6]>[0x15]a[0xe6][0xa9][0xcf][0x1f]q[0xc9][0x9d][0xee][0xf3]l[0x7][0xfc]K[0xfd]l[0x97]?[0x95][0xae]Cb\[0xf1]?[0xa5][0xbf][0x80]y![\r][0x96][0xb][0x9c][0x8]'`[0x18][0x9]|[0x11]cyg[0x1a]:[0xa3][0x18][0xd6][0x84][0x7][0xcc][0xe1],[0xd0][0x9a]$[0x91][0xa9][0xf5][0x98]m[0xbd][0x1c][0xd4][0x0][0xc5],w[0x0][0xad][0xda][\n]"
2020-12-29 02:30:50 DEBUG [main] wire:73 -  << "[0x8e][0x6]h[0x7][0xf][0x98]C[0x13][0xac]U[0xd4][0x88][0x13][0xda][0x86].>}jYQ[0xb6]<[0xad])Eg[0x97]16[0xec]-[0xe3][0xc7]0[\n]"
2020-12-29 02:30:50 DEBUG [main] wire:73 -  << "7\ [0x81][0x83]9Jf[0xd8][0xd3][0xe0]X[0xa6][0xa2]F[0x9a]SXj\M[0xfa],o'[0x8f][0x9a]8[0x89]LsOM{x8[0x90]$q[0xf8][0x10]d[0x1b]~[0xe0][0x8][0xcc][0x85][0xa9]F-[0xab][0xd8][0xa7]z|{[0xe6]Z[0xb6][0x93]b[0xb7]fXd[[0xc5][0xdf]n[0xae][0xd0]LF[0x9][0xd3][0x90]E[0x8a]a][0xf]o[0xa4][0xf7][0xe3]$|7'qh[0xf2][0x80][0xe9][0xd9][0xf9]B[0x1]I[0x88]0[0xad]{[0x1d]j[0x1c][0x14][0x86][0x17]+[0x9c][0x88][0xf][0x84][0xb][0x9c]`fB[0xb9][0x6]h[0xd7][0xac]KHC[0xa4]KQ-[\n]"
2020-12-29 02:30:50 DEBUG [main] wire:73 -  << "[0x1a][0x89][0xbf][0xb0]7[0xe3][0xea][0xfc][0xe2][0xc3][0xd9][0xbf][0x81][0xd2][0x97][0xd1][0xc][0x1][0xf6][0x8b][0xe1]p([0xbf][0x95]A[0xcb]`T[0xc8][0x85][0xc2][0xf0]=[0x89][0xf1][0xf][0x6][0x5];e[0x84]2"6z[0x1f]e[0xe4][0xf2][0x12][0xbc][0x96][0x15][0x86][0x13][0xfd]8Y[0xb5][0xbf]9[0xe9]bk[0xb2][0xfa]FGFO[0xf2][0xd2]1<n[0xc3]{[0xa4][0x1][0x99][0x4]s[0x1c]|[0xbb][0x8c][0xde]j[0xee][0xa6][0x84][0xd5][0xf4][0xc0][0xb1](*%[0x93]c![0xe8][0x94][0xd2][0xd8][0xba]/[0xcb][0xa7][0x2][0xd8][0xd0][0xde]2[0x9][0xca][0xf2][0xe9][0xf1][0xd2][0x9]-[0x5][0xbd]Tk~[0xa2][0x84][0xaa][0xe8]U[0xfa][0xbf][0x9e][0x96]+[0xa2][0x8][0xba]}[0xe8][0xc3][0xbe],[\r][0xfb][0xfd]I[[0xfd][0xdf]![0xd7][0xd3]%[0xdd]~CP[0x18]^[0x95][0xc6]^5[0xa5][0xa7]mM[0xd7][0xc3][0xd7]7[0xd9][0x85][0xfe]T2O[0xe4][0xb4]Z[0x8c]/\Hi[0xd4][0x0]2p[0x1b]}[0x3][0xbc][0xbf][0xfc]p[0xb1][0x7][0xb4][[0x19][0xd6][0xa4][0xbd][0xa6][0xc9][0x9f][[0xd2][0xae][0xed][0xe9]Z[0xdd][0xce][0xad],[0x16]*W[0xf1][0xdd]+[0xfc][0xf2][0xf1][0xdd][0xd5][0xe5][0xaf][0x1f][0xff][0xe2]Uv[0x8d]K+[0xce][0xcc].[0x7]eV[0xf4][0xf0]Pz[0x98][0xce][0xb7][0x16][0xc3]b[0xc9][0x12][0xbd][0x8e],[0x8e][0x99]5[0xe][\r]J[0x8a]xs[0xd1][0x9a][0xfa][0xfe]~#`[0xe6]<T[0xf2]S[0x93][0xb4]#[0x81][0xcc][0x19][0x80][0x7][0xae].[0xb9][0x0]J!{[0xd0][0x9a]ha[0x80][0xd2][0xa1][0xaa][0xe1][0xd4][0xa4][0xc2]u[0xda]g[0x90][0xfb][0x88]2Sm[0xa1]7[0x9c][0x90]7u[0xf4][0xac]B[0x9d][0x90]~_[0xef][0xf3]T[0x97]?5[0xa4]k[0xa2][0xea]>[0xa5]xg[0x8e][0xf8][0xaf][0xeb][0xe4]7FS[0xcc][0xc4][0xc6]TH[0xd6]s[0x96][0x1][0xfb][0x1a][0xb7][0xbe][0x82][0xbc]\([0x95][VC[0xb9][0xca][0xf4][0x8e][0xab][0xd9]7E[0x1][0x90][0xfb]|FMWF5r[0x95])[0x95][0xc2][0xf6][0x7][0xe5][0xdc]n{uN[0xe5][0xee]KR[0xb]>[0xd3][0xfa][0x9b]3[0x1c]e[0xf5][0xbb][0x13][0xd3][0x0]I[0xc]G[0x2]U@dx[0xa6][0x9c][0xe8][0x13][0x9e]][0xdc][0xa6][0xa6]q}[0xba][0x83][0xef][0xfe][0xf0][0xcc][0xeb][0xff][0xd9][0xff][0xdb][0xcd][0xcf][0x96]a[0x1b]$;[0xab]p[0xc1]H2[0xf3][0x18][0x9e]9[0xf8][0x16][0x7][0xa6][0xa4]aeD[0xb8][0xa7]GO[0xf5][0xd7][0xf5][0xe8][0xc6][0xcd]O5r[0xd0][0xf3][0xe0][0x8]Z[0x1]M8[0x8d][0xb1][0x13][0xe2][0xe9]R[0xb]X[0x15][0xba][0x9a][0x8f][0xef][0xd5][0xa9][0xbe][0xdf][0x97][0xf3][0xd5][0xe5][0xc9][0xe1]p[0x98][[0xbd][0xaa]zb,[0xc][0xe]f[0x14][0x16][0x89]\[0xb9][0xa5][0x99][0x5][0xdc][0x6]4[0xce][0xa1]m~[0x19][0x2][0xe1][0xa2]b[0x97][0x80]$@[0x83]H[0xa4][0xc6][0x9a]FFJ[0x3][0xb]h"H[0x92][0xf5][\r]TP[0x92][0x13]*[0x16]Z[0xdf]m[0xed][0xd1][\r][0xff]|x[0xc8][0x10][0xab][0x95]r[0x81][0xab][0x87][0xea]FV[0xd2][0xae][0xc3][0xeb]Vd[0xb8]@[0xd5][0xb4][0x86]U7[0xeb][0x96]D[0x1d][0x13][0xf3]Z[0x11][0xa0]X[0x95][0x9c]m[0x1a]ma;[0xc8][0x90][0x12][0xa9]BIg[0xc1]f[0xfc][0xda]n{[0xba][0x8][0xcc],[0xfd]>+[0xbd][0xdc][0xec][0xdb]FaXd;[0xb7][0x99][0xfe][0xec][0xac][0xd4]p[0xb3][0xef][0x12];[0x3][0xd6]2[0x8b][0xee][0x14][0xb9][0xea][0xd3].m[0xcf]-/[0xed]j[0xc1][0xe3]Vo[0xb6][0x93][0xad]Uix[0xc9]Z[0xb5][0xac][0xd7][0xb1]-[0xec][0xc4][0xba][0xc7][0xad][\n]"
2020-12-29 02:30:50 DEBUG [main] wire:87 -  << "[0xf6][0xb4][\r]2[0x85][0x9d][0xd8]{#[0xcb][0xc5][0xe][0x12][0x2][0x5]s5zZ[0xbb]3!M`_[0xd2]t[0xf1][0xb5][0xbe][0xbe][0xf1][0x12][0xd3][0xda][0xda][0x5][0x86][0x17]t[0x85];D[0xd0][0x3]M):[0xa0][0x15]AB\[0x15][0xa4]rW[0x11]$;[0x86][0x17][0xf2][0xd4][0x1a]~[\r]u[0xe8]($v[0x9d][0xe9][0xa0][0x9e][0x4][0xad][0x89]P':l[0x8b][0xec][0xf0][0xb6]7[0xb4][0x85]#6)[0xf6][0xa0][0xc0][0xb7][0xe2][0xe0]+Z[0xa1][0xc][0xd9]~[0xfc][0xc8][0x1][0xe5][0x91][0x3][0xb6][0x8e][0x1c][0xc2][0xda]V:[0x89]N^[0xd7][0x1b][0x7]![0x16][0x8c][0x12][0x11][0xcc]I[0x80]f[0xf4]`J[0x9][0xc7][0xce]Wn[0xd8]`[0xe7][0xd8][0xe9],[0x98]z[0xa3][0xd7][0xa3][0xc1][0xf1][0xbe][0xbc]0l[0x1d][0x85]mp}c[0xab][0x0]][0x0]*7[0x99][0xc9][0x84][0xb4]l[0x8a]>![0xca][0x2]/Ry[0xb6][0xee][0x16][0xa6][0x1c][0xad][0x8b]s[0xf8]][0xe2]<%[0x2]I[0x12][0x8c]R[0x1a][0xef][0x16][0xa3][0x86][0xf1]g4[0xb3][0xc2]i[0xab][0xc1][0x9b][0x92][[0x1c][0xab]>mz[0xfb][0xe5][0xd3][0x7][0xf]6[0xd9][0xcf][0x18]Jq[0xc4][0x96]D83[0x12][0xc1][0xf2]@y[0x16][0x86][0xbf][0xc9][0xc9][0xe6][0xea][0xf2][0xdc]Vd[0xce][0x91]@*v[0xe6][0xfb][0xe0][0x10]~[0xae][0xdb]U[0x12][0xc9][0xda][0xdf][0xaf][0xc][0xfc][0xb][0xc5]$4[0xcb]y[0xd6][0xbd][0x16][0xc5]I[0x97]|n[0xde]K[0xcb]t[0x8d][0x15][0x9]15l[0xf5][0xe5][0x93]E[0xca]0[0xe7][0x84]&>[0x9]][0xc9]5[0xa4][0xb]D[0xd4]]Ax[0x86][0xc5][0xf9][0xe5][0xb9]i[0xd9][0xc2][0xc7])[\r][0xe6][0xb5][0x91][0xb][0x9]1[0x87][0x96][0x1d]"[0x81][0xca][0x11]ywE?[0xb]V[0x11]g+[0x3]f[0x99][0xce]d[0xf1]f[0xaa][0xb5]e[\r][0xb9][0xc2]EV[0x84][0x93])[0x89][0x89][0xd0]][0x83]f[0x93]n[0x17][0x9e]L[0xda])[0xc3][0xc]'!f"
2020-12-29 02:30:50 DEBUG [main] wire:73 -  << "[\r][\n]"
2020-12-29 02:30:50 DEBUG [main] wire:73 -  << "800[\r][\n]"
2020-12-29 02:30:50 DEBUG [main] wire:73 -  << "0/kt[0x85][0xd7][0xa1]>[0xad][0x1b]k?SR[0xd6][0xc6][0x1c]Z[0xf7][0xeb][0xb9][0xb4][0xab][0x16]X[0xee][0xed]W[0xef][0x85][0xcc][0x92]_Oj[0xa3][0xd6][0xfd]W[0xaf][0x6][0x98]l{[0xca][0x12][0x96]|[0xfe][0x9b][0xb6][0x86]l[0x98][0xa7]1[0x9][0xb0]9[0xb4][0xbf]Z[0x13]S[0x96]1[0x97][0xb]4[0xc3][0xa6]e[0xa9]PRU[0xec][0x97]O[0x1f]Le?V[0x1f][0x9e]RFf[0x1e][0xec][0x9b][0x9d]O[0x1c]t&;[0x1d][0xb9]C[0xab][0xf][0xf7]W[0x1e][0xec]O[0x5]E[0xe6][0xff][0xfb][0xfc][0xeb]GGW7$[0xda][0x98][0xa5],[0x96][0xda][0x87][0xc2]J'yYv[0x16][0x86]nn[0x82][0xb6][0xdc][0x1e]W~d[0xb9][0xe3][0xcd][0x81][0xe]e'[0xdd]c[0x1a][0xb5][0x9a][0x14][0xc7][0xcf][0xf0][0xa0][0x94][0xb2]T[0x6]2[0x94][0x88][0x3][0xc4][0x16][0x9b][0xb6][0xe3][0x9c]%[0xa1][0x94]V[0xfb][0xf][\n]"
2020-12-29 02:30:50 DEBUG [main] wire:73 -  << "?[0xc7]TT][0xa8]p[0xad][0xe6][0x90]=[0xcc][0xff][0xb3]&[0xda]$[0xab]5WIX[0xaa][0xfa]O[0x10][0xcf][0xe]rm[0xe][0xc7][0xe2][0xdd][0x92]1[0x9c][0x8][0xbd];fQ[0x8f]k-4[0xa4][0xd9][0xc1][0x87][0xe1][0x15]N[0x96][0xd8][0xc6]\[0xf8][0xf9][0xf5][0x94][0x84]~[0x14]S[0xca][0xfc][0x88][0xc4]1[0xe]+[0x80][0x94][0xe1][0x95][0xcd][0x5][0x12]>[0xa7]K[0x16]`[0x9f][0x84][0xb6][0xb6]&[0xe5][0x90]{[0x1d][0xee][0xa2]YZ[0xf][0xf][0x95][0xb1][0xb3]dS[0x1f][0x96][0x86]+[0xbf][0xb3][0xc]w[0x19][0xda][0x19][0xbc][0x0]X[0xc5][0xf1][0xa1]pO[0xb9][0xe3]([0xf4]S[0xca][0x89][0xd0][0x91][0xc8]K[0x11][0xe3][0xf8]2[0x11]f[0xd5]#[0xae][0x10][0x9b]aA[0x92]Y[0xbe]|[0x3][0xa5][0x86][0xa5][0xb]z[0xb2]H/[0xc3][0x9a][0xff]H[0x8c][0xcb][0xcb][0xf3]\n[0x1b][0x85]_[0x12]"j(g[\n]"
2020-12-29 02:30:50 DEBUG [main] wire:73 -  << "[0x94]S[0xcb][0xd6]?[0xd1][0xcf][0xe8][0x14][0xbd][0xe7][0x89][0x1]%6[0x9]a&JL[0x12],k[0xf4][0xcb][0xd0][0x1b]jb[0xb2]| +\[0x0][0xf0][0x1d]Y[0xc8]][0xf3]d[0xfc][0xcc][0xae]s9'e<,[0xd0]<[0x83]N[0xbf][0xe2]@[0x18]jsr[0xb0][0x93][0xd3][0xf5]I[0xb8][0xe7]yE[0x84][0xb4][0xee]+[0xc][0xbb][0x90]uD,F[0xa4][0xbc][0xbe][0xac]*[t*+[0xe9][0xc4][0x96]a[0xa4];[0xb6][0xaa][0xed][0xc8]T[0xfe][0xfd]9[\n]"
2020-12-29 02:30:50 DEBUG [main] wire:73 -  << "[0x96]i[0x9][0xda][0xf5][0x14][0xa5][0x9]?[0x96][0xa4][0x96][0x9][0x11][0xae][0xe6][0xfc]x[0xc2][0xca][0xdc][0xc4][0xed]p[0x1d][0xb7][0xea]F[0x15][0xd3]t[0xeb]f*[0x87]8[0xb9][0xc3].[0x84]-gs[0x9f][0xf0]>[0xf7]Qgt[0x1b][0xbe][0xa9][0x8e][0x94]l[0xe3][0x7]4[0xc4][0xb5][0xd5][0xbc]{gZ[0xb6][0xc][0xad]+[0x82][0xd7]M[0x85][0xfc][0x96][0xc1]/C[0xd3][0xb2][0xa5][0x91]J[0x4]m[0xda]vu[0x1f][0xdd]r[0xa3][0xed][0x8a][0x9d][0xb8][0xa5][0x1d]=#[0xbb][0xdb][0x84][0xfb]2M[0xb9][0xda][0x8f][0xb2]8[0xd1][0xc8]Uv[0xa3][0x6][0xc8][0x3][0xda][0xdb][0xcd][0xa5]2[0x9a][0xf7][0xcb]8[0xbe][0xc]+q-[0xf]J[0xd2]mV([0xe6]^[0x81][0x94]?[0x98]<0[0x94][0xcf]t[0x1b][0xa1]F[0xb5][0xf6][0xf7][0xe5][0xdc][0xca][0xf3][0xc8]'LRG$[0x15]/[0xe4][0xc4][0xeb][0xe1][0x8d][0xad][0x3][0x8c][0xba];[0xbc][0x99][0xfc][0xb7]l[0xf6]Y;[0xfd][0x17][0xed][0xd5][0xb8]\[0xcb];[0x84][0xdf]Y[0xab][0xa9][0xad][0x8a][0xe3][0xac][0xca][0xba][0xce][0xc6]#[0x12][0xb][0xcc][0xca][0xb2]B[0x81][0xeb][0x89][0xd5][0xc9]t[0xb0][0xb5][0xec][0xe7]L[0xda]kL[0xba][0x99][0x14]\[0x9d][0x88][0xb2][0xb][0x14][0xcc][0x1b]3[0xf9][0xa3][0x85]dV[0xbb][0xe9]1y[0xee][0xcb](?<[0xe8][0xe6][0xd8]_]l[0x16]e[0x95][0xac][0xa7][0x9e][0xac]3;+K.[0xf8]sj[0xcb][0xd2]B[0xb2][0x1e][0x1e][0xe1]g[0x8b][0xb4]i[0x15][\n]"
2020-12-29 02:30:50 DEBUG [main] wire:73 -  << "[0xb8][0xbf]_[0xc7][0xf4][0xf1][0x1d][0xfa][0xa3][0x89][0xa9][0x80][0xcd]v[0x16],[0xdc][0x9][0xe6])[0xe4][0xcb][0xa7][0xf]}[0xf][0xee]K+[0x13][0xfe]rIB[0xf][0xf6][0xd5][0xdc]k[0xa3][0x84][0x19][0xb2][0xdc]m[0x17][0xde]9[0x81][0xc9]vk[0xd5]K[0xe3][0xc2][0xfe];ru[0xc5][0x19]|[0x99] [0xfd][0xd0][0xf3]`!:[0xac]7V[0xf3]:G:[0xb9]zK[0xa6]][0x89][0xfc][0x86][0xc4]<[0xa7]][0x9]oNJS[0xb3][0xaa][0xd7][0x82]YQ[0x18](-IXSO%?[0xab][0x10]'C[0xbd].[0xc7][0xd4]B[0xb3]V[0xa2][0x1c][0xfc]'[0xde][0x0]R [0x16]U[0xc7]?[0xf1][0xa6]%[0x96][0xe7]y[0x15][0x1e]M[0x16][0xd9][0xac][0x9b]I[0xbb][0xf7][0xdb]u[0xe6]([0xab]m[0xb7]Q[0xd1][0xdb][0xf5]B[0xdc][0xed][0xa8][0xcb]%[0x8a][0xcc]#n5[0xa9][0x94][0xc7][0x18][0xfb][0xef]8[0xab][0xb0][0xdd]f[0xc9]mW[0xdb]cO4[0x17][0x18][0x8a]1[0x99][0xcd]w4[0x16][0xca][0xd1][0xff][0xc3][0xfe][0x86]@[0x8b][0x14][0xed][0x10] [0x1f][0xfb][0xc1][0x9e]Fq[0xc8][0xeb]~[0x19][0xf]*4[0x8][0xba]{\[0xf5][0xc3]_[0x86][0xab][0xdf][0xc5][0x93]n[0x8]<p[0xf]Q[0xe8][0x7]([0x98]c?[0xc6]+[0x1c]Cwh+[0x90],o|[0x14]~]r!SE[0xe][0x8f][0xd1][0xdd]&[0xa6]([0xf4]W[0x98][0xa9][0xcc][0x9a][0xc3][0xb3][0xa7][0x2]>[0x9]9[0x94][0xd5][0x97][0x4][\n]"
2020-12-29 02:30:50 DEBUG [main] wire:73 -  << "[0x86][0x12][0x1e]Q[0xb6][0xa8][0xd1][0xbe][0xf5]s[0xfa][\n]"
2020-12-29 02:30:50 DEBUG [main] wire:87 -  << "0%a[0x88][0x99][0xbf][0xc0]bN[0xc3]*[0xa4][0xe0]0[0xb6]a@[0xc4][0x6][0xba][0xf0][0x9f]4[0xfe][0x86][0x4][0x82][0xb2][0xc0]W[0xe5][0x17]t[0xe1][0xe5]Gh[0xc3][0x10]m[0xb8][0xcf]I[0x12]`?F\[0xf8]*[0xbc]@w0[0xb2]aHx[0x1a][0xa3]M[0x9d]i[0x19][0xab][0xdc][0xd1]x|[0xfc][0xf2][0xc8][0x86]![0xf7]Q(kG[0x9f][0xa6]B[0x8d][0xc8][0xd9]8[0x99][0xa1][0x19][0xe]}A[0x16]8[0xa7]:[0xb4]![0xbe][0xab][0xe9]lTB[0xf8]7[0x92][0xaa][0xa2]P[0xe1][0xa9][0xc5]G([0x10][0x94]if6[0x8c][0x18]Z[0xe0]5e[0xdf]r[0xc0][0x1c]q[0x8a]B[0x9f][0xc8][0xf0][0xa7]f[0xe5][0x90]5eR[0x9b]C[0x1b][0x12]4[0xf5][0x3]$[0xf0][0x8c][0xaa]5C[0x1b][0x12][0xee]G[0x8c].|[0x86][0x3][0xba]X[0xc8][0x8c][0x1d][0xfa][0xea]@[0xf]]mF[0x12]C{[0xb4][0x96][0x9b][0xb2][0xea][0x8]'B[0x9f][0xfd][0x15]y[0xa5]39[0xdb]W/H([0x6][0x5],[0xab]n2[0xa8]hY[0xcb][0x2][0xc9][0x1d][0xd5]r.[0xa4][0xed][0x97][0xcb][0xa7][0xa9] [0xb]r[0xa7]-[0xa3]j1[0x8a]W[0xa5]t[0xcf]lF[0x81][0x15][0xbf]r[0xab]J[0x98][0x92][0xe1][0xf5][0xf8]h[0xf8]z[0xf8][0xf2][0xd5] |9z58:[0xc][0xc7][0x83][0xa3]Q4[0x1a][0xbc]xu[0x14]L[0xc7][0xe8][0x5]>~[0xf9]BR[0xca][0xcf][0x4][0x1c][0xc7]8[0xc8],S[0xd3][0xa3]\[0xa0]8[0x93][0x11][0xbe][0x1c][0xe][0x87]GC9a[0xe5][0xcb][0xd3][0x85][0xa8]pf[0x98][0xa7]4[0xe1]Xo[0xbe]L[0xc4][0xd0]=|5[0x1a][0xd9][0x90]c[0xb6][0xc2]L[0xc9]3[0x1a];[0xa3][0xc3]cg[0xf4][0xea][0xd8]y=rG[0x87]G[0xc3]#hC[0xf5]V[0xc]t[0xe1][0xef]o[0xe5]"
2020-12-29 02:30:50 DEBUG [main] wire:87 -  << "[0xcd]r[0xea][0xef]XpVZBwt<|=z[0xf5][0xfa][0xf0][0xe8][0xa5][\r][0xf3][0xaa]/[0x97]X[0xb3]O[0xd4][0x9e]Ulp[0xc9]b[0xe8][0xc2][0xb9][0x10][0xa9]{p[0x10].[0x17][0x8b][0x8d][0xc3]0[0x17](%[0xf8][0x16]-[0xd2][0x18];[0x1]][0x1c][0xa0][0x94][0x1c][0xac]F[0x7][0x92]$[0xdd]`|0[0x82]6\r[0xcc]r[0xe2][0xd2][0xc6]*k^S[0xc6]Ea|[0xc5].o'Y[0xd0][0x90]9[0x4]x@=[0x98][0xcb][0xe3][0x88]Pq[0xa4][0xc3][0xa5][0x9e]c[0xfd][0x85][0x85][0x85]Zc[0x87][0xc3][0xc3][0xe1]`t88|[0x5]+[0x83][0xdf][0xb3][0xf5]M[0xf5][0xfd][0xb8][0x9e][0xca]"[0x5][0xba]p[0xfc][0xea][0xf5]t<[0x1c][0xbf][0x1c]D[0xe1][0xe8]hp[0x84][0xc6]xp[0x1c][0x8e][0xf][0x7][0xe1]([0x8a]^O[0x83]W[0xe3]([0x8c][0xe0][0xf6]{[0x9a]r[0xed][0xfe][w[0xb3][0xae];[0xb6][0x9f]t%[0xa6])Jf[0x98][0xe5][0x99][0xa8][0xda][0xa2]+FN[0x8b]44]y[0xaf][0x8f][0xf6]W[0xde][0xf8]x_[0x9e]V>KQ<[0x1a]EF[0x9e][0x82]Z[0x99][0xa9][0x92][0xa0][0x9e][0x9d][0x99]:SP[0xb5][0xbd]H"[0x13][0xe6][0xb7]P[0x16][0xb8][0xb5][0x2][0xf4][0xdd][0x92][0xb][0xba]P[0xf][0x8f][0xb2][0x3][0xc9][0xde]h[0xd2][0x1e]+[0x1f][0x16][0x5]6[0xb2][0xee][0x91][0x87][0x1e][0x1e][0xee][0xa7][0xcb][0xe9]4[0xc6][0xdc][0xdd][0x1b][0xd9][0x1]J[0x2][0x1c][0xa3]i[0x8c][0xe5]][0x88][0x5]"[0xb1]z[0xbc][0xac]-{[0xda]z[0xb4][0xa4][0x9f]VU8@k2uHBD[0x5]&[0x99]9[0x19][0x17][0x1b]9%[0x13][0x1b]9[0x9a]G[0xf1][0xc0]}[0xba]}F[0xcf][0xf6]Q[0x9d]=[0xab][0x10]Y[0xc6]|g![0x92][0x8d][0xd5][0xb][0x91][0x17][0xdf]_[0x88][0x80][0xec]_q[0xa1]=[0xa0]^[0x98][0x82][0xd2]]S[0xca][0x4][0x4][0x1]M[0x84][0xdc][0x19][0xb8]&[0xa1][0x98]{!^[0x91][0x0][0xf][0xd4][0x8d][0x9d]?[0xd2][0x1d][0xf0][0x0][0xc5][0xd8][0x1b][0xc1][0x93]^IM[0x10][0x11][0xe3][0x93]+J[0xc1]/([0xd9][0x80]O[0xf8][0x8f]%[0xe6][0x82][0xbf]9[0xd0][0x3][0x15][0xcc][0xbd][0xc1][0x0][0xbc][0xa7][0x89][0xe0]`0([0xe5]z[0x13][0x93][0xe4][0x1b]`8[0xf6]`[0x98][0xf0]A[0xca]p[0x84]E0[0x87][0xfa]5[0x6]xp[0x10][0xc9])[0xce]L[0x6]i[0x12]H[0xef][0x87][0xcd][0xc9][0x1a]S[0xc6][0xc][0xee][0x16][0xf8][0x94][0xce]b[0x8c]R[0xc2]U[0xc0][0x8]8?[0x8d][0xd0][0x82][0xc4][0x1b][0xef][0xe3]2![0x82]B[0xcd][0x92][0x8b]M[0x8c][0xf9][0x1c]c[0x1][0x9b][0xa2]~VCuY[0x15]zy/[0xff][0xcd][0xc5]"[0xb6][0xc1][0x94][0x86][0x1b]p_[0x1b][0x90][0xff][0xa6]([0xf8]6ct[0x99][0x84][0x83][0x80][0xc6][0x94][0xb9][0xe0]oQ[0x14]MZx[0xf9][0xe0][0xf1][0xf8]xz[0xdc]1.[0xd7]4[0xd0][0xf2][0xbb][0xc0][0xd0]+0l[0xc0]Q[0xc2][0x7][0x1c]3[0xb2]k[0xca]ZV[0xd3][0xc2][0x5][0xa3][0xe1][0xb0][0x8d]1/[0x7]W[0xf3][0xf6][0xf0][0x2][0xb1][0x19]I\[0xd0][0x98][0xb9][0xed][0xd5]n[0x9d]h[0x19][0xc7][0x3]M"
2020-12-29 02:30:50 DEBUG [main] wire:73 -  << "[\r][\n]"
2020-12-29 02:30:50 DEBUG [main] wire:73 -  << "68e[\r][\n]"
2020-12-29 02:30:50 DEBUG [main] wire:73 -  << "[0xaa]C[0x1][0x8f][0xf0]h[0x11][0x8a][0xf1][0xed] [0xc0][0x89][0xc0][0xac][0x83][0x10][0x8a][0xc9],[0x19][0xe8]G[0xf8]@c[0xb5]E[0xce][0xaa]G[0x17]HZ[0xed]aY[0x1e][0x93]h3[0xc8]l[0xbd][0x9b]NS[0xac][0xbc][0x6][0x18]0[0x1c]u[0xc8]U[0xb4]6[0xa5]=[0xa9]n[0xdf][0xe3][0xe4]d%[0xd3]e([0x94][0x85][0x98][\r][0x98][0xd6][0xd6]az[0xb]8[0x8d]I[0xb8]c[U[0xd3][0x14][0x1c][0x1e][0xa7][0x1d][0x8b]LQ[0x18][0x92]d[0xe6][0x82]![0x18][0xbd]Ho[0xb3][0xaf]6[0x9e][0xcc]P[0x3][0xa5][0xd5][0xe7][0xe9]a[0x81]9G[0xb3].[0xd9]+"[0x8d]^[0xfd][0x18][0xab][0xfc][0xea][0xcd]A[0xc5][0xc3][0xbe]?S[0xed]J[0xbe]Y[0x6][0xd2]1[0xc1]G[0x9][0x8a]7[0x82][0x4][0xdc]_[0xa2] [0x90][0xf5][0x10][0xfc]r6[0x18][0x8d]G[0xa3][0xc3][0xd7]/_[0xbe][0x1c][0x8c][0x8e][0xe0][0x9f]I[0x97][0xbb][0x84]P[0xfd][0xb][0xa6][0xe]r[0xea][0xeb][0xe1][0x1]\[0xdf]Lz[0xf2]ZwB+i[0xb6][0xf7][0x93]?C[0xc2][0xf1]u~[0xbb]b([0xf8][0x86][0x99]i4[0xe4][0x94][0x89][0x3][0x1b][0xd6][0xa4][0xb7][0xb5][0xbe][0x9b][0xce][0xf8][0xd5]x[0xfc]z8|1[0x90][0x87][#jS[0xb9]6[0xb0][0xe3]s,[0xce]U[0xa9][0xf8][0x11]-[0xb0]Dl[0x17]c[0xc6]McZ[0xf4]c[0xd3]47[0x9d][0xaf][0xff][0x85][0x98]a[0x8f]l#[0xaf][0xe][\r][0xdb]H[0x97]S]S'[0x14][0x85][0xdc][0xb0][0xc7]O[0xce]?[0xb4][\r]a[0xd8][0xc6][0xe8][0xe8][0xe5]s[0xb0][0xc7][0xb6][0xc1]Hh[0xd8][0xc6][0xd0][0xb0][0xf][0x9f][0xc4]>[0xb2][0x8d])C[0x86]m,h[0xf8]r8[0x8]vr8[0x8b]c[0xba]>K[0x82]9e[0x86]z[0x86][0xd9][0x8d][0xf6][0x99][0x8]][0xd2]}V[\n]"
2020-12-29 02:30:50 DEBUG [main] wire:73 -  << "[0xfa][0xa4][0xd6][0xc]F[0xc3]n[0xdd][0xfe][0xb8][0x92]Z[0xf3][0xf]mC[0x9f][0x5][0xc][0xbb]k[0x93]vQ[0xe8][0x96][0xf7][0xb0]%/v|![0x8d].o[0xb0]w[0x19]K[0x1b][0xa1][0xd7][0xab][0xd8][0xb0][0x8c]8[0xd2]uf[0x8]x[0xe0][0xc9][0xdf][0x89][0x80][0x19]R[0xaf][0x10][0x1][0xf][0x18][\r][0x17]4[0xd4][0xa0][0xf2]U[0xe0][0xe9]w*{[0x12][0xc2][0x99][0xbc]7[\r]]@[0x18][0xc0][0xab][0xb0])[0xde][0x9f]L[0x19][0x15]4[0xa0]18[0x5]F^ip[0x1e][0x1b][0xc0][0xd5][0xf7][0xee][0xc1][0xc1]z[0xbd]6,[0xd0][0x7]F[0x16]h[0x6]E[0xa0]Q%[0xc8]L[0x95]z[0x13][0xbd][0x18]^]K[0xf7][0xaf]([0xf2]%][0xf]o&@[0xfd]p[\n]"
2020-12-29 02:30:50 DEBUG [main] wire:73 -  << "'[0xe2]#[\r][0xb1]C[0x12][0x8e][0x99]x[0x8b]#[0xca][0xb0]9C6[0xe0][0xca]yMk[0xd2]k[0xc7][0xad][0x1d][0xd1]H[0xb7]*[0xe9][0x92][0xa8][0xf7]MG[0x95][0x88][0xf7]f[0x8a]8[0xae][0xd4]T[0xdf]w[0xe];[0xa9][0xf1]mm[0x81][0x8e][0x82][0xf8][0x8e]^eF+[0xf7][0xa9]a[0xb5][0x93]^[0xf5][0x19][0xae][0x16][0xd1][0x3][0x95][0x9e][0xb6][0xd5][0xd3]I[0xa8][0xb6][0x6]#[0xa1][0x9]6&[0xbd]m[0xce][0xe1]=e[0xb]}[0x9c][0x95][0xa3]#c[0x92][0xf][0xf8]8S[0xb6]/[0xa8][0xaf][0xde][0xcc][0x6][0x9e]~Q[0xb9][0xa6]A][0x4]^[0x9d]}[0xba][0x2][0x17][0xff][0xff][0x1f][0x17]g[0xe7][0xaa][0x14]|[0xba][0xaf][0xb7]c[0xcd][0x9c][0x6]>JS_[0xb];[0xcc][0xc4][0x9][0xd5][0xad]>[0x82][0xe7][0x2]j[0x94]X[0x1d][0xe]Y[0xac][0x82][0x4][0x9f]1b[0xc1]\[0x1e]`$[0x89][0xda][0xde][0xef][\r][0x6][0xf7]_[0xff]Xb[0xb6][0xd9]*[0xa1][0xe5]R.>[0x9e]?[0xb9][0x90][0x1f]?[0xf1][0xb6]V[\r]T&[0xf7][0x8c][0xbc]&S[0xdb]s[0xd2][0xeb]:[0x17]IX[0xe4][0xe3];[0xca][0x97]d[0x86][0x13][0xcc][0x88]>[0x12][0x1d][0xcc][0x1c][0xb5]P'[0xc1][0xe2][0xa0]6[0xac][0xf]M[0x8f][0x9f]{[0xb3][0x93]P/[0xff]1s[0x9d][0xc1][0xc5]J&[0xfe]j[0x94][0x1][0x85][0xd5][0x99]5L[0xb][0xec][0xd5][0xad][0xef]^[0xad]aJ[0x84]Sv[0xd1][0xcd][0xec]II[0xb5][0xff]e[0xdc][0xd8][0xe0]Z=+[0x91][0x13][0xce][0xa9]P[0xcf]>[0x8c]eBV[0x98]q[0x14][0xfb]Yg[0xc7][0xb0]A[0x9d][0xa1]ucM[0xc0]v;i*k[0x99][0x4]ZY[0xad][0xa5]Hu[0xed][0x1a]P[0xbf][0xbd],N[0x8d][0xdd][0xca]~[0xf2][0x1d][0xc0][0xc7][0xde]S[0xbc][0xe9][0xd4]|[0xfb]([0xfa][0xdf][0xb1][0xb8]g[0x1a]\[0xf0][0x84][0xc5][0x5][0xf2],[0x9e][0xd0][0x19]N[0xd4][0xd3][0x80][0xcc][0xf4]Z[0xaf]&[0xe6]o[0x8b][0xc2][0xc7][0x8d][0xf2][0x89][0xf2][0xf2]G[0x94]rR[0xf9][0xb5][0x89][0xca][0x8d]r}q[0x1a][0x9b][0xe9][0xea][0xf2][0xdc][0x6]le[0x81]2j[0xaa][0xae] ^[0x83]s$[0xb0][0xc]z[0x12][0x1e]:[0xd9][0xcf][0xeb][0xcc]P[0xbd][0xa6]#[0xaf]d:3[0xc7][0xc7]/~><[0xfa][0xf9]x([0xff][0x1f][\r][0x87]C+[0x9b][0xa1]"[0xd1]mJ[0x18][0x96][0xe9][0xc]f[0x97][0x1e][0xec][0x87][0x8e][0xa0]_[0xae][0xde]}V[0xf]8s[0xfa][0xd9][0x9f][0x2][0x90]\[0xde]n[0xde]!aB|[0xb7][0xbc][0xf5][0xe3]4[0xf6]u[0xfc][0xf3] [0xe8]W[0xa4][0xaa][0x9][0x1][0x1f][0xe4][0xa0]\Jq[0xc3]V[0xf2]r[0x2][0xe4]u[0xc6][0xda][0x6]c[0x99][0x9]+[0xbf].RoU[0xef][0xd2][0x4][0x89][0x80]Y$[0xe1][0xf2]W[0x96][0xc0][0xf3]<[0x0][0xf3][0xb7][0xe1][0xa1]U9[0xf2][0xec][0xd0][0xac]^[0xe0]6#j[0xe6]?h,_[0xe9][0xae][0xd2]h[0x8f][0x9a]P[0xff][0x4][0x14][0xda]u[0x6]6hr[0x0][0xea][0x85][0xfc][0x92]V[0xc9]LS[0xb0][0x1a][0xc7]3[0xf5][0xfa][0xd4][0x92]1=[\n]"
2020-12-29 02:30:50 DEBUG [main] wire:87 -  << "<P[0xc3][0x9e][0xb4]p[0x13][0xbc].P[0xcb][0x17][0xba]W[0xa2]IW[0xe9][0xa2][0xa0][0xab]0:[0x9a][0x1a][0x8f])[0xab]8[0xfb][0xd5]ok[0xf2]i#m[0xca][0xda]RB[0xd7][0xbc][0x1a]ogJ[0x92]P[0xff][0x6][0xbd][0xa9][0xd1]r[0xdf][0xb6][0xbd]m[0xaf]+[0xe0][0xc2][0x9a][\r]A[0x1b][0xb4][0x0][0xd7][0xcf][0xec]u[0x83][0xac]L[0xb8][0xa9]D[0xe3][0x9d]o[0xa2]?[0x91][0xd4][0xca][0xa0]z[0xa0][0xfe]$[0x88][0xfe][0xeb] S[0x1a]n*[0xdd][0xaa][0x90][0xac]@[0x10]#[0xce]=Xm[0xae][0xd4]:[0x1a][0x95][0xf6][\r][0xac]7[0xb6][0xaa][0xd3][0xd5][0xf3][0x97][0x93][0xd6][0xe][0x1f][0x1d][0xbe][0xae][0xcd]8[0x8][0xc9][0xea][0xa4][0xb7][0x93]J[0xd6]B[0x80]Y[0xa0][0x86]E[0xab]b4Lo'[0x1d][0xf4][][0xc5][0xe]n[0x1d][0xb7][0x8f][0x97][0xbe]]ibb[0x14][0xf3][0xc4][0xf][0xc9]B[0x86][0xb3][0xfa][0x9][0xe4][0xa7][0x9f][0xf4]/[0xfd][0xc5];J[0xbf][0x11]\u[0xf][0xd5]J[0xb5][0xf3][0x6][0xaa][0xad]c[0xd1][0x6][0xe8]Y?e[\r][0xe5][0xf2][0xdc][0x92][0xcf][0xd7]?[0x97][0xf1][0x8c]~6[0xb1]o[0x9a]z[0xa6]ujL[0xf2]Pj[0xf4][0xcd]" [0xfe][0x82][0xc4][0xdc]Qo[0xbc][0x99]]A[0xb2][0xaf]gg[0x1][0xba][0x1e][0x80]-[0xd7]0[0xac][0xbe]1Q[0x8b][0xe0][0xc0][0x98][0xf4]~[0xfa]i;[0xc9][0xd6][0x14]E[0xba][0x4][0xcd][0xef][0xe9][0xbc][0xc][0x13]2[0x1b][0xe1][0xc4][0xd1][0xe6]Q [0xac][[0x8][0xaa]M[0x9c][0x8f][0xcb][0xf9][0x9a][0xa8][0xe7][0x81][0x11]8[0x95][0x14]]`[0xd2]98[0x1]tm[0xe5][0x0][0xba][0xce]'[0xac][[0x13][0xd6][0xcd][0x9][0x12]@[0xb][0xe][0xcb][0x8a][0x88][0xb2]Na[0xff][0xd0][0xed][0xc7][0x87][0x87]R[0xcf][0xf9]Ev[0xb0]r[0x82][0x98][0xe0]Dt v[0x1f][0xbe][0xa4]'[0xe9][0x9f][0xb0]W'[0x16][0x2][0xac][0x1b][0x2][0xfc].[0x15][0xf0][0xc][0xfe]m[0xbc][0xe7][0xb1][0xff]=Wpa[0x81][0xa6][0x81][0xef][0xe4][0x9][0x1f][0xe0]D:[0xe7][0x97]O[0x97][0xef][0xe8]"[0xa5][0x89]:[\r]KmzF_~[0xf5][\r]{[0xed][0x19][0xfd]u[0xdf][0xb0][0xe7][0x9e][0xd1][0x9f][60[0xc7][0xa3][0x17][0xe3]c<[0xfe][0xf9][0xa5]L[0xe4][\r][0x9a]t[0xbe][0xde]AT[0x92]Y[0xe6]t[0x96][0x1d][0x84][0xba][0x1f][0x99]<[0xbf]V[0x9b][0x18]@U4[0xdd][0x87][0x4][0x1c].h"[0xe4]I|[0x9e]v=0)[0xc6][0xd7]x[0x9a][0x9e]"[0xf][0xed][0x17][0xf]N[0xf8]<[0x98]z[0xe3][0xa3][0xb2]l{[0xaa][0xdc]}"[0xf8]v[0x89][0xf7][0x15][0xc7][0xf1]&"|^[0xc8]W}[0x9e]W[0x8e]>&[0xdd][0xae]';[0xbb]b[0xaf][0xf7][0x84][0x92];[0xeb][0xc4]J[0xea][0xd0][0xf9][0xe2][0xcd][0x81][0xfe][0x8b]S[0xff][0x1b][0x0][0x0][0xff][0xff][0xe]'V[0x9c][0x82]J[0x0][0x0]"
2020-12-29 02:30:50 DEBUG [main] wire:73 -  << "[\r][\n]"
2020-12-29 02:30:50 DEBUG [main] wire:73 -  << "0[\r][\n]"
2020-12-29 02:30:50 DEBUG [main] wire:73 -  << "[\r][\n]"
2020-12-29 02:30:50 DEBUG [main] RequestSpecificationImpl$RestAssuredHttpBuilder:548 - Parsed data to instance of: class org.apache.http.conn.EofSensorInputStream
2020-12-29 02:30:50 DEBUG [main] BasicClientConnectionManager:161 - Get connection for route {}->http://dummy.restapiexample.com:80
2020-12-29 02:30:50 DEBUG [main] DefaultClientConnectionOperator:177 - Connecting to dummy.restapiexample.com:80
2020-12-29 02:30:50 DEBUG [main] RequestAddCookies:123 - CookieSpec selected: ignoreCookies
2020-12-29 02:30:50 DEBUG [main] RequestAuthCache:77 - Auth cache not set in the context
2020-12-29 02:30:50 DEBUG [main] RequestTargetAuthentication:80 - Target auth state: UNCHALLENGED
2020-12-29 02:30:50 DEBUG [main] RequestProxyAuthentication:89 - Proxy auth state: UNCHALLENGED
2020-12-29 02:30:50 DEBUG [main] DefaultHttpClient:682 - Attempt 1 to execute request
2020-12-29 02:30:50 DEBUG [main] DefaultClientConnection:274 - Sending request: GET /api/v1/employee/2 HTTP/1.1
2020-12-29 02:30:50 DEBUG [main] wire:73 -  >> "GET /api/v1/employee/2 HTTP/1.1[\r][\n]"
2020-12-29 02:30:50 DEBUG [main] wire:73 -  >> "Content-Type: application/json; charset=UTF-8[\r][\n]"
2020-12-29 02:30:50 DEBUG [main] wire:73 -  >> "Accept: */*[\r][\n]"
2020-12-29 02:30:50 DEBUG [main] wire:73 -  >> "Host: dummy.restapiexample.com[\r][\n]"
2020-12-29 02:30:50 DEBUG [main] wire:73 -  >> "Connection: Keep-Alive[\r][\n]"
2020-12-29 02:30:50 DEBUG [main] wire:73 -  >> "User-Agent: Apache-HttpClient/4.5.3 (Java/1.8.0_251)[\r][\n]"
2020-12-29 02:30:50 DEBUG [main] wire:73 -  >> "Accept-Encoding: gzip,deflate[\r][\n]"
2020-12-29 02:30:50 DEBUG [main] wire:73 -  >> "[\r][\n]"
2020-12-29 02:30:50 DEBUG [main] headers:278 - >> GET /api/v1/employee/2 HTTP/1.1
2020-12-29 02:30:50 DEBUG [main] headers:281 - >> Content-Type: application/json; charset=UTF-8
2020-12-29 02:30:50 DEBUG [main] headers:281 - >> Accept: */*
2020-12-29 02:30:50 DEBUG [main] headers:281 - >> Host: dummy.restapiexample.com
2020-12-29 02:30:50 DEBUG [main] headers:281 - >> Connection: Keep-Alive
2020-12-29 02:30:50 DEBUG [main] headers:281 - >> User-Agent: Apache-HttpClient/4.5.3 (Java/1.8.0_251)
2020-12-29 02:30:50 DEBUG [main] headers:281 - >> Accept-Encoding: gzip,deflate
2020-12-29 02:30:54 DEBUG [main] wire:73 -  << "HTTP/1.1 200 OK[\r][\n]"
2020-12-29 02:30:54 DEBUG [main] wire:73 -  << "Cache-Control: no-cache, private, max-age=31536000[\r][\n]"
2020-12-29 02:30:54 DEBUG [main] wire:73 -  << "Content-Type: application/json[\r][\n]"
2020-12-29 02:30:54 DEBUG [main] wire:73 -  << "Date: Mon, 28 Dec 2020 21:00:54 GMT[\r][\n]"
2020-12-29 02:30:54 DEBUG [main] wire:73 -  << "Display: staticcontent_sol[\r][\n]"
2020-12-29 02:30:54 DEBUG [main] wire:73 -  << "Expires: Tue, 28 Dec 2021 21:00:51 GMT[\r][\n]"
2020-12-29 02:30:54 DEBUG [main] wire:73 -  << "Host-Header: c2hhcmVkLmJsdWVob3N0LmNvbQ==[\r][\n]"
2020-12-29 02:30:54 DEBUG [main] wire:73 -  << "Referrer-Policy: [\r][\n]"
2020-12-29 02:30:54 DEBUG [main] wire:73 -  << "Response: 200[\r][\n]"
2020-12-29 02:30:54 DEBUG [main] wire:73 -  << "Server: nginx/1.16.0[\r][\n]"
2020-12-29 02:30:54 DEBUG [main] wire:73 -  << "Vary: Accept-Encoding[\r][\n]"
2020-12-29 02:30:54 DEBUG [main] wire:73 -  << "Vary: Accept-Encoding,User-Agent,Origin[\r][\n]"
2020-12-29 02:30:54 DEBUG [main] wire:73 -  << "X-Ezoic-Cdn: Miss[\r][\n]"
2020-12-29 02:30:54 DEBUG [main] wire:73 -  << "X-Middleton-Display: staticcontent_sol[\r][\n]"
2020-12-29 02:30:54 DEBUG [main] wire:73 -  << "X-Middleton-Response: 200[\r][\n]"
2020-12-29 02:30:54 DEBUG [main] wire:73 -  << "X-Ratelimit-Limit: 60[\r][\n]"
2020-12-29 02:30:54 DEBUG [main] wire:73 -  << "X-Ratelimit-Remaining: 58[\r][\n]"
2020-12-29 02:30:54 DEBUG [main] wire:73 -  << "X-Sol: pub_site[\r][\n]"
2020-12-29 02:30:54 DEBUG [main] wire:73 -  << "Content-Length: 183[\r][\n]"
2020-12-29 02:30:54 DEBUG [main] wire:73 -  << "[\r][\n]"
2020-12-29 02:30:54 DEBUG [main] DefaultClientConnection:259 - Receiving response: HTTP/1.1 200 OK
2020-12-29 02:30:54 DEBUG [main] headers:262 - << HTTP/1.1 200 OK
2020-12-29 02:30:54 DEBUG [main] headers:265 - << Cache-Control: no-cache, private, max-age=31536000
2020-12-29 02:30:54 DEBUG [main] headers:265 - << Content-Type: application/json
2020-12-29 02:30:54 DEBUG [main] headers:265 - << Date: Mon, 28 Dec 2020 21:00:54 GMT
2020-12-29 02:30:54 DEBUG [main] headers:265 - << Display: staticcontent_sol
2020-12-29 02:30:54 DEBUG [main] headers:265 - << Expires: Tue, 28 Dec 2021 21:00:51 GMT
2020-12-29 02:30:54 DEBUG [main] headers:265 - << Host-Header: c2hhcmVkLmJsdWVob3N0LmNvbQ==
2020-12-29 02:30:54 DEBUG [main] headers:265 - << Referrer-Policy: 
2020-12-29 02:30:54 DEBUG [main] headers:265 - << Response: 200
2020-12-29 02:30:54 DEBUG [main] headers:265 - << Server: nginx/1.16.0
2020-12-29 02:30:54 DEBUG [main] headers:265 - << Vary: Accept-Encoding
2020-12-29 02:30:54 DEBUG [main] headers:265 - << Vary: Accept-Encoding,User-Agent,Origin
2020-12-29 02:30:54 DEBUG [main] headers:265 - << X-Ezoic-Cdn: Miss
2020-12-29 02:30:54 DEBUG [main] headers:265 - << X-Middleton-Display: staticcontent_sol
2020-12-29 02:30:54 DEBUG [main] headers:265 - << X-Middleton-Response: 200
2020-12-29 02:30:54 DEBUG [main] headers:265 - << X-Ratelimit-Limit: 60
2020-12-29 02:30:54 DEBUG [main] headers:265 - << X-Ratelimit-Remaining: 58
2020-12-29 02:30:54 DEBUG [main] headers:265 - << X-Sol: pub_site
2020-12-29 02:30:54 DEBUG [main] headers:265 - << Content-Length: 183
2020-12-29 02:30:54 DEBUG [main] DefaultHttpClient:509 - Connection can be kept alive indefinitely
2020-12-29 02:30:54 DEBUG [main] RequestSpecificationImpl$RestAssuredHttpBuilder:545 - Parsing response as: application/json
2020-12-29 02:30:54 DEBUG [main] RequestSpecificationImpl$RestAssuredHttpBuilder:548 - Parsed data to instance of: class org.apache.http.conn.EofSensorInputStream
2020-12-29 02:30:54  INFO [main] Usercheck:44 - request sent successfully
2020-12-29 02:30:54 DEBUG [main] wire:87 -  << "{"status":"success","data":{"id":2,"employee_name":"Garrett Winters","employee_salary":170750,"employee_age":63,"profile_image":""},"message":"Successfully! Record has been fetched."}"
2020-12-29 02:30:54 DEBUG [main] BasicClientConnectionManager:200 - Releasing connection org.apache.http.impl.conn.ManagedClientConnectionImpl@2c7d121c
2020-12-29 02:30:54 DEBUG [main] BasicClientConnectionManager:225 - Connection can be kept alive indefinitely
