2020-12-29 02:52:12,724  INFO [main] Usercheck:24 - Prechecks completed
2020-12-29 02:52:14,073 DEBUG [main] BasicClientConnectionManager:161 - Get connection for route {}->http://dummy.restapiexample.com:80
2020-12-29 02:52:14,198 DEBUG [main] DefaultClientConnectionOperator:177 - Connecting to dummy.restapiexample.com:80
2020-12-29 02:52:14,276 DEBUG [main] RequestAddCookies:123 - CookieSpec selected: ignoreCookies
2020-12-29 02:52:14,279 DEBUG [main] RequestAuthCache:77 - Auth cache not set in the context
2020-12-29 02:52:14,279 DEBUG [main] RequestTargetAuthentication:80 - Target auth state: UNCHALLENGED
2020-12-29 02:52:14,281 DEBUG [main] RequestProxyAuthentication:89 - Proxy auth state: UNCHALLENGED
2020-12-29 02:52:14,281 DEBUG [main] DefaultHttpClient:682 - Attempt 1 to execute request
2020-12-29 02:52:14,282 DEBUG [main] DefaultClientConnection:274 - Sending request: GET /api/v1/employee/1 HTTP/1.1
2020-12-29 02:52:14,282 DEBUG [main] wire:73 -  >> "GET /api/v1/employee/1 HTTP/1.1[\r][\n]"
2020-12-29 02:52:14,284 DEBUG [main] wire:73 -  >> "Content-Type: application/json; charset=UTF-8[\r][\n]"
2020-12-29 02:52:14,284 DEBUG [main] wire:73 -  >> "Accept: */*[\r][\n]"
2020-12-29 02:52:14,284 DEBUG [main] wire:73 -  >> "Host: dummy.restapiexample.com[\r][\n]"
2020-12-29 02:52:14,285 DEBUG [main] wire:73 -  >> "Connection: Keep-Alive[\r][\n]"
2020-12-29 02:52:14,285 DEBUG [main] wire:73 -  >> "User-Agent: Apache-HttpClient/4.5.3 (Java/1.8.0_251)[\r][\n]"
2020-12-29 02:52:14,285 DEBUG [main] wire:73 -  >> "Accept-Encoding: gzip,deflate[\r][\n]"
2020-12-29 02:52:14,287 DEBUG [main] wire:73 -  >> "[\r][\n]"
2020-12-29 02:52:14,287 DEBUG [main] headers:278 - >> GET /api/v1/employee/1 HTTP/1.1
2020-12-29 02:52:14,287 DEBUG [main] headers:281 - >> Content-Type: application/json; charset=UTF-8
2020-12-29 02:52:14,288 DEBUG [main] headers:281 - >> Accept: */*
2020-12-29 02:52:14,288 DEBUG [main] headers:281 - >> Host: dummy.restapiexample.com
2020-12-29 02:52:14,288 DEBUG [main] headers:281 - >> Connection: Keep-Alive
2020-12-29 02:52:14,288 DEBUG [main] headers:281 - >> User-Agent: Apache-HttpClient/4.5.3 (Java/1.8.0_251)
2020-12-29 02:52:14,288 DEBUG [main] headers:281 - >> Accept-Encoding: gzip,deflate
2020-12-29 02:52:15,271 DEBUG [main] wire:73 -  << "HTTP/1.1 200 OK[\r][\n]"
2020-12-29 02:52:15,277 DEBUG [main] wire:73 -  << "Cache-Control: no-cache, private, max-age=31536000[\r][\n]"
2020-12-29 02:52:15,279 DEBUG [main] wire:73 -  << "Content-Type: application/json[\r][\n]"
2020-12-29 02:52:15,279 DEBUG [main] wire:73 -  << "Date: Mon, 28 Dec 2020 21:22:15 GMT[\r][\n]"
2020-12-29 02:52:15,280 DEBUG [main] wire:73 -  << "Display: staticcontent_sol[\r][\n]"
2020-12-29 02:52:15,281 DEBUG [main] wire:73 -  << "Expires: Tue, 28 Dec 2021 21:22:14 GMT[\r][\n]"
2020-12-29 02:52:15,282 DEBUG [main] wire:73 -  << "Host-Header: c2hhcmVkLmJsdWVob3N0LmNvbQ==[\r][\n]"
2020-12-29 02:52:15,282 DEBUG [main] wire:73 -  << "Referrer-Policy: [\r][\n]"
2020-12-29 02:52:15,282 DEBUG [main] wire:73 -  << "Response: 200[\r][\n]"
2020-12-29 02:52:15,283 DEBUG [main] wire:73 -  << "Server: nginx/1.16.0[\r][\n]"
2020-12-29 02:52:15,283 DEBUG [main] wire:73 -  << "Vary: Accept-Encoding[\r][\n]"
2020-12-29 02:52:15,284 DEBUG [main] wire:73 -  << "Vary: Accept-Encoding,User-Agent,Origin[\r][\n]"
2020-12-29 02:52:15,284 DEBUG [main] wire:73 -  << "X-Ezoic-Cdn: Miss[\r][\n]"
2020-12-29 02:52:15,285 DEBUG [main] wire:73 -  << "X-Middleton-Display: staticcontent_sol[\r][\n]"
2020-12-29 02:52:15,285 DEBUG [main] wire:73 -  << "X-Middleton-Response: 200[\r][\n]"
2020-12-29 02:52:15,285 DEBUG [main] wire:73 -  << "X-Ratelimit-Limit: 60[\r][\n]"
2020-12-29 02:52:15,285 DEBUG [main] wire:73 -  << "X-Ratelimit-Remaining: 58[\r][\n]"
2020-12-29 02:52:15,286 DEBUG [main] wire:73 -  << "X-Sol: pub_site[\r][\n]"
2020-12-29 02:52:15,286 DEBUG [main] wire:73 -  << "Content-Length: 179[\r][\n]"
2020-12-29 02:52:15,286 DEBUG [main] wire:73 -  << "[\r][\n]"
2020-12-29 02:52:15,288 DEBUG [main] DefaultClientConnection:259 - Receiving response: HTTP/1.1 200 OK
2020-12-29 02:52:15,288 DEBUG [main] headers:262 - << HTTP/1.1 200 OK
2020-12-29 02:52:15,291 DEBUG [main] headers:265 - << Cache-Control: no-cache, private, max-age=31536000
2020-12-29 02:52:15,291 DEBUG [main] headers:265 - << Content-Type: application/json
2020-12-29 02:52:15,291 DEBUG [main] headers:265 - << Date: Mon, 28 Dec 2020 21:22:15 GMT
2020-12-29 02:52:15,292 DEBUG [main] headers:265 - << Display: staticcontent_sol
2020-12-29 02:52:15,292 DEBUG [main] headers:265 - << Expires: Tue, 28 Dec 2021 21:22:14 GMT
2020-12-29 02:52:15,292 DEBUG [main] headers:265 - << Host-Header: c2hhcmVkLmJsdWVob3N0LmNvbQ==
2020-12-29 02:52:15,293 DEBUG [main] headers:265 - << Referrer-Policy: 
2020-12-29 02:52:15,293 DEBUG [main] headers:265 - << Response: 200
2020-12-29 02:52:15,293 DEBUG [main] headers:265 - << Server: nginx/1.16.0
2020-12-29 02:52:15,293 DEBUG [main] headers:265 - << Vary: Accept-Encoding
2020-12-29 02:52:15,294 DEBUG [main] headers:265 - << Vary: Accept-Encoding,User-Agent,Origin
2020-12-29 02:52:15,294 DEBUG [main] headers:265 - << X-Ezoic-Cdn: Miss
2020-12-29 02:52:15,294 DEBUG [main] headers:265 - << X-Middleton-Display: staticcontent_sol
2020-12-29 02:52:15,294 DEBUG [main] headers:265 - << X-Middleton-Response: 200
2020-12-29 02:52:15,295 DEBUG [main] headers:265 - << X-Ratelimit-Limit: 60
2020-12-29 02:52:15,295 DEBUG [main] headers:265 - << X-Ratelimit-Remaining: 58
2020-12-29 02:52:15,295 DEBUG [main] headers:265 - << X-Sol: pub_site
2020-12-29 02:52:15,296 DEBUG [main] headers:265 - << Content-Length: 179
2020-12-29 02:52:15,300 DEBUG [main] DefaultHttpClient:509 - Connection can be kept alive indefinitely
2020-12-29 02:52:15,325 DEBUG [main] RequestSpecificationImpl$RestAssuredHttpBuilder:545 - Parsing response as: application/json
2020-12-29 02:52:15,325 DEBUG [main] RequestSpecificationImpl$RestAssuredHttpBuilder:548 - Parsed data to instance of: class org.apache.http.conn.EofSensorInputStream
2020-12-29 02:52:15,347  INFO [main] Usercheck:33 - request sent successfully
2020-12-29 02:52:15,355 DEBUG [main] wire:87 -  << "{"status":"success","data":{"id":1,"employee_name":"Tiger Nixon","employee_salary":320800,"employee_age":61,"profile_image":""},"message":"Successfully! Record has been fetched."}"
2020-12-29 02:52:15,356 DEBUG [main] BasicClientConnectionManager:200 - Releasing connection org.apache.http.impl.conn.ManagedClientConnectionImpl@3f1c5af9
2020-12-29 02:52:15,356 DEBUG [main] BasicClientConnectionManager:225 - Connection can be kept alive indefinitely
2020-12-29 02:52:15,386 DEBUG [main] BasicClientConnectionManager:161 - Get connection for route {}->http://dummy.restapiexample.com:80
2020-12-29 02:52:15,387 DEBUG [main] DefaultClientConnectionOperator:177 - Connecting to dummy.restapiexample.com:80
2020-12-29 02:52:15,427 DEBUG [main] RequestAddCookies:123 - CookieSpec selected: ignoreCookies
2020-12-29 02:52:15,427 DEBUG [main] RequestAuthCache:77 - Auth cache not set in the context
2020-12-29 02:52:15,428 DEBUG [main] RequestTargetAuthentication:80 - Target auth state: UNCHALLENGED
2020-12-29 02:52:15,428 DEBUG [main] RequestProxyAuthentication:89 - Proxy auth state: UNCHALLENGED
2020-12-29 02:52:15,428 DEBUG [main] DefaultHttpClient:682 - Attempt 1 to execute request
2020-12-29 02:52:15,429 DEBUG [main] DefaultClientConnection:274 - Sending request: GET /api/v1/employee/2 HTTP/1.1
2020-12-29 02:52:15,429 DEBUG [main] wire:73 -  >> "GET /api/v1/employee/2 HTTP/1.1[\r][\n]"
2020-12-29 02:52:15,429 DEBUG [main] wire:73 -  >> "Content-Type: application/json; charset=UTF-8[\r][\n]"
2020-12-29 02:52:15,429 DEBUG [main] wire:73 -  >> "Accept: */*[\r][\n]"
2020-12-29 02:52:15,430 DEBUG [main] wire:73 -  >> "Host: dummy.restapiexample.com[\r][\n]"
2020-12-29 02:52:15,430 DEBUG [main] wire:73 -  >> "Connection: Keep-Alive[\r][\n]"
2020-12-29 02:52:15,430 DEBUG [main] wire:73 -  >> "User-Agent: Apache-HttpClient/4.5.3 (Java/1.8.0_251)[\r][\n]"
2020-12-29 02:52:15,430 DEBUG [main] wire:73 -  >> "Accept-Encoding: gzip,deflate[\r][\n]"
2020-12-29 02:52:15,431 DEBUG [main] wire:73 -  >> "[\r][\n]"
2020-12-29 02:52:15,431 DEBUG [main] headers:278 - >> GET /api/v1/employee/2 HTTP/1.1
2020-12-29 02:52:15,432 DEBUG [main] headers:281 - >> Content-Type: application/json; charset=UTF-8
2020-12-29 02:52:15,432 DEBUG [main] headers:281 - >> Accept: */*
2020-12-29 02:52:15,432 DEBUG [main] headers:281 - >> Host: dummy.restapiexample.com
2020-12-29 02:52:15,432 DEBUG [main] headers:281 - >> Connection: Keep-Alive
2020-12-29 02:52:15,432 DEBUG [main] headers:281 - >> User-Agent: Apache-HttpClient/4.5.3 (Java/1.8.0_251)
2020-12-29 02:52:15,433 DEBUG [main] headers:281 - >> Accept-Encoding: gzip,deflate
2020-12-29 02:52:16,357 DEBUG [main] wire:73 -  << "HTTP/1.1 200 OK[\r][\n]"
2020-12-29 02:52:16,359 DEBUG [main] wire:73 -  << "Cache-Control: no-cache, private, max-age=31536000[\r][\n]"
2020-12-29 02:52:16,360 DEBUG [main] wire:73 -  << "Content-Type: application/json[\r][\n]"
2020-12-29 02:52:16,362 DEBUG [main] wire:73 -  << "Date: Mon, 28 Dec 2020 21:22:16 GMT[\r][\n]"
2020-12-29 02:52:16,363 DEBUG [main] wire:73 -  << "Display: staticcontent_sol[\r][\n]"
2020-12-29 02:52:16,364 DEBUG [main] wire:73 -  << "Expires: Tue, 28 Dec 2021 21:22:16 GMT[\r][\n]"
2020-12-29 02:52:16,365 DEBUG [main] wire:73 -  << "Host-Header: c2hhcmVkLmJsdWVob3N0LmNvbQ==[\r][\n]"
2020-12-29 02:52:16,366 DEBUG [main] wire:73 -  << "Referrer-Policy: [\r][\n]"
2020-12-29 02:52:16,368 DEBUG [main] wire:73 -  << "Response: 200[\r][\n]"
2020-12-29 02:52:16,369 DEBUG [main] wire:73 -  << "Server: nginx/1.16.0[\r][\n]"
2020-12-29 02:52:16,370 DEBUG [main] wire:73 -  << "Vary: Accept-Encoding[\r][\n]"
2020-12-29 02:52:16,371 DEBUG [main] wire:73 -  << "Vary: Accept-Encoding,User-Agent,Origin[\r][\n]"
2020-12-29 02:52:16,372 DEBUG [main] wire:73 -  << "X-Ezoic-Cdn: Miss[\r][\n]"
2020-12-29 02:52:16,373 DEBUG [main] wire:73 -  << "X-Middleton-Display: staticcontent_sol[\r][\n]"
2020-12-29 02:52:16,374 DEBUG [main] wire:73 -  << "X-Middleton-Response: 200[\r][\n]"
2020-12-29 02:52:16,375 DEBUG [main] wire:73 -  << "X-Ratelimit-Limit: 60[\r][\n]"
2020-12-29 02:52:16,375 DEBUG [main] wire:73 -  << "X-Ratelimit-Remaining: 58[\r][\n]"
2020-12-29 02:52:16,376 DEBUG [main] wire:73 -  << "X-Sol: pub_site[\r][\n]"
2020-12-29 02:52:16,377 DEBUG [main] wire:73 -  << "Content-Length: 183[\r][\n]"
2020-12-29 02:52:16,378 DEBUG [main] wire:73 -  << "[\r][\n]"
2020-12-29 02:52:16,378 DEBUG [main] DefaultClientConnection:259 - Receiving response: HTTP/1.1 200 OK
2020-12-29 02:52:16,379 DEBUG [main] headers:262 - << HTTP/1.1 200 OK
2020-12-29 02:52:16,380 DEBUG [main] headers:265 - << Cache-Control: no-cache, private, max-age=31536000
2020-12-29 02:52:16,380 DEBUG [main] headers:265 - << Content-Type: application/json
2020-12-29 02:52:16,381 DEBUG [main] headers:265 - << Date: Mon, 28 Dec 2020 21:22:16 GMT
2020-12-29 02:52:16,381 DEBUG [main] headers:265 - << Display: staticcontent_sol
2020-12-29 02:52:16,382 DEBUG [main] headers:265 - << Expires: Tue, 28 Dec 2021 21:22:16 GMT
2020-12-29 02:52:16,382 DEBUG [main] headers:265 - << Host-Header: c2hhcmVkLmJsdWVob3N0LmNvbQ==
2020-12-29 02:52:16,383 DEBUG [main] headers:265 - << Referrer-Policy: 
2020-12-29 02:52:16,383 DEBUG [main] headers:265 - << Response: 200
2020-12-29 02:52:16,383 DEBUG [main] headers:265 - << Server: nginx/1.16.0
2020-12-29 02:52:16,384 DEBUG [main] headers:265 - << Vary: Accept-Encoding
2020-12-29 02:52:16,384 DEBUG [main] headers:265 - << Vary: Accept-Encoding,User-Agent,Origin
2020-12-29 02:52:16,385 DEBUG [main] headers:265 - << X-Ezoic-Cdn: Miss
2020-12-29 02:52:16,386 DEBUG [main] headers:265 - << X-Middleton-Display: staticcontent_sol
2020-12-29 02:52:16,386 DEBUG [main] headers:265 - << X-Middleton-Response: 200
2020-12-29 02:52:16,387 DEBUG [main] headers:265 - << X-Ratelimit-Limit: 60
2020-12-29 02:52:16,388 DEBUG [main] headers:265 - << X-Ratelimit-Remaining: 58
2020-12-29 02:52:16,388 DEBUG [main] headers:265 - << X-Sol: pub_site
2020-12-29 02:52:16,389 DEBUG [main] headers:265 - << Content-Length: 183
2020-12-29 02:52:16,390 DEBUG [main] DefaultHttpClient:509 - Connection can be kept alive indefinitely
2020-12-29 02:52:16,391 DEBUG [main] RequestSpecificationImpl$RestAssuredHttpBuilder:545 - Parsing response as: application/json
2020-12-29 02:52:16,391 DEBUG [main] RequestSpecificationImpl$RestAssuredHttpBuilder:548 - Parsed data to instance of: class org.apache.http.conn.EofSensorInputStream
2020-12-29 02:52:16,392  INFO [main] Usercheck:44 - request sent successfully
2020-12-29 02:52:16,393 DEBUG [main] wire:87 -  << "{"status":"success","data":{"id":2,"employee_name":"Garrett Winters","employee_salary":170750,"employee_age":63,"profile_image":""},"message":"Successfully! Record has been fetched."}"
2020-12-29 02:52:16,393 DEBUG [main] BasicClientConnectionManager:200 - Releasing connection org.apache.http.impl.conn.ManagedClientConnectionImpl@2cb3d0f7
2020-12-29 02:52:16,393 DEBUG [main] BasicClientConnectionManager:225 - Connection can be kept alive indefinitely
