2020-12-29 03:01:51,802  INFO [main] Usercheck:24 - Prechecks completed
2020-12-29 03:01:53,230 DEBUG [main] BasicClientConnectionManager:161 - Get connection for route {}->http://dummy.restapiexample.com:80
2020-12-29 03:01:53,397 DEBUG [main] DefaultClientConnectionOperator:177 - Connecting to dummy.restapiexample.com:80
2020-12-29 03:01:53,480 DEBUG [main] RequestAddCookies:123 - CookieSpec selected: ignoreCookies
2020-12-29 03:01:53,482 DEBUG [main] RequestAuthCache:77 - Auth cache not set in the context
2020-12-29 03:01:53,482 DEBUG [main] RequestTargetAuthentication:80 - Target auth state: UNCHALLENGED
2020-12-29 03:01:53,484 DEBUG [main] RequestProxyAuthentication:89 - Proxy auth state: UNCHALLENGED
2020-12-29 03:01:53,485 DEBUG [main] DefaultHttpClient:682 - Attempt 1 to execute request
2020-12-29 03:01:53,485 DEBUG [main] DefaultClientConnection:274 - Sending request: GET /api/v1/employee/1 HTTP/1.1
2020-12-29 03:01:53,487 DEBUG [main] wire:73 -  >> "GET /api/v1/employee/1 HTTP/1.1[\r][\n]"
2020-12-29 03:01:53,488 DEBUG [main] wire:73 -  >> "Content-Type: application/json; charset=UTF-8[\r][\n]"
2020-12-29 03:01:53,489 DEBUG [main] wire:73 -  >> "Accept: */*[\r][\n]"
2020-12-29 03:01:53,489 DEBUG [main] wire:73 -  >> "Host: dummy.restapiexample.com[\r][\n]"
2020-12-29 03:01:53,489 DEBUG [main] wire:73 -  >> "Connection: Keep-Alive[\r][\n]"
2020-12-29 03:01:53,490 DEBUG [main] wire:73 -  >> "User-Agent: Apache-HttpClient/4.5.3 (Java/1.8.0_251)[\r][\n]"
2020-12-29 03:01:53,490 DEBUG [main] wire:73 -  >> "Accept-Encoding: gzip,deflate[\r][\n]"
2020-12-29 03:01:53,492 DEBUG [main] wire:73 -  >> "[\r][\n]"
2020-12-29 03:01:53,492 DEBUG [main] headers:278 - >> GET /api/v1/employee/1 HTTP/1.1
2020-12-29 03:01:53,493 DEBUG [main] headers:281 - >> Content-Type: application/json; charset=UTF-8
2020-12-29 03:01:53,493 DEBUG [main] headers:281 - >> Accept: */*
2020-12-29 03:01:53,494 DEBUG [main] headers:281 - >> Host: dummy.restapiexample.com
2020-12-29 03:01:53,495 DEBUG [main] headers:281 - >> Connection: Keep-Alive
2020-12-29 03:01:53,495 DEBUG [main] headers:281 - >> User-Agent: Apache-HttpClient/4.5.3 (Java/1.8.0_251)
2020-12-29 03:01:53,495 DEBUG [main] headers:281 - >> Accept-Encoding: gzip,deflate
2020-12-29 03:01:57,114 DEBUG [main] wire:73 -  << "HTTP/1.1 200 OK[\r][\n]"
2020-12-29 03:01:57,122 DEBUG [main] wire:73 -  << "Cache-Control: no-cache, private, max-age=31536000[\r][\n]"
2020-12-29 03:01:57,123 DEBUG [main] wire:73 -  << "Content-Type: application/json[\r][\n]"
2020-12-29 03:01:57,124 DEBUG [main] wire:73 -  << "Date: Mon, 28 Dec 2020 21:31:57 GMT[\r][\n]"
2020-12-29 03:01:57,124 DEBUG [main] wire:73 -  << "Display: staticcontent_sol[\r][\n]"
2020-12-29 03:01:57,125 DEBUG [main] wire:73 -  << "Expires: Tue, 28 Dec 2021 21:31:54 GMT[\r][\n]"
2020-12-29 03:01:57,126 DEBUG [main] wire:73 -  << "Host-Header: c2hhcmVkLmJsdWVob3N0LmNvbQ==[\r][\n]"
2020-12-29 03:01:57,126 DEBUG [main] wire:73 -  << "Referrer-Policy: [\r][\n]"
2020-12-29 03:01:57,127 DEBUG [main] wire:73 -  << "Response: 200[\r][\n]"
2020-12-29 03:01:57,128 DEBUG [main] wire:73 -  << "Server: nginx/1.16.0[\r][\n]"
2020-12-29 03:01:57,129 DEBUG [main] wire:73 -  << "Vary: Accept-Encoding[\r][\n]"
2020-12-29 03:01:57,129 DEBUG [main] wire:73 -  << "Vary: Accept-Encoding,User-Agent,Origin[\r][\n]"
2020-12-29 03:01:57,130 DEBUG [main] wire:73 -  << "X-Ezoic-Cdn: Miss[\r][\n]"
2020-12-29 03:01:57,131 DEBUG [main] wire:73 -  << "X-Middleton-Display: staticcontent_sol[\r][\n]"
2020-12-29 03:01:57,132 DEBUG [main] wire:73 -  << "X-Middleton-Response: 200[\r][\n]"
2020-12-29 03:01:57,133 DEBUG [main] wire:73 -  << "X-Ratelimit-Limit: 60[\r][\n]"
2020-12-29 03:01:57,134 DEBUG [main] wire:73 -  << "X-Ratelimit-Remaining: 58[\r][\n]"
2020-12-29 03:01:57,135 DEBUG [main] wire:73 -  << "X-Sol: pub_site[\r][\n]"
2020-12-29 03:01:57,138 DEBUG [main] wire:73 -  << "Content-Length: 179[\r][\n]"
2020-12-29 03:01:57,142 DEBUG [main] wire:73 -  << "[\r][\n]"
2020-12-29 03:01:57,146 DEBUG [main] DefaultClientConnection:259 - Receiving response: HTTP/1.1 200 OK
2020-12-29 03:01:57,148 DEBUG [main] headers:262 - << HTTP/1.1 200 OK
2020-12-29 03:01:57,149 DEBUG [main] headers:265 - << Cache-Control: no-cache, private, max-age=31536000
2020-12-29 03:01:57,150 DEBUG [main] headers:265 - << Content-Type: application/json
2020-12-29 03:01:57,151 DEBUG [main] headers:265 - << Date: Mon, 28 Dec 2020 21:31:57 GMT
2020-12-29 03:01:57,152 DEBUG [main] headers:265 - << Display: staticcontent_sol
2020-12-29 03:01:57,153 DEBUG [main] headers:265 - << Expires: Tue, 28 Dec 2021 21:31:54 GMT
2020-12-29 03:01:57,154 DEBUG [main] headers:265 - << Host-Header: c2hhcmVkLmJsdWVob3N0LmNvbQ==
2020-12-29 03:01:57,155 DEBUG [main] headers:265 - << Referrer-Policy: 
2020-12-29 03:01:57,156 DEBUG [main] headers:265 - << Response: 200
2020-12-29 03:01:57,157 DEBUG [main] headers:265 - << Server: nginx/1.16.0
2020-12-29 03:01:57,158 DEBUG [main] headers:265 - << Vary: Accept-Encoding
2020-12-29 03:01:57,159 DEBUG [main] headers:265 - << Vary: Accept-Encoding,User-Agent,Origin
2020-12-29 03:01:57,160 DEBUG [main] headers:265 - << X-Ezoic-Cdn: Miss
2020-12-29 03:01:57,161 DEBUG [main] headers:265 - << X-Middleton-Display: staticcontent_sol
2020-12-29 03:01:57,161 DEBUG [main] headers:265 - << X-Middleton-Response: 200
2020-12-29 03:01:57,162 DEBUG [main] headers:265 - << X-Ratelimit-Limit: 60
2020-12-29 03:01:57,162 DEBUG [main] headers:265 - << X-Ratelimit-Remaining: 58
2020-12-29 03:01:57,163 DEBUG [main] headers:265 - << X-Sol: pub_site
2020-12-29 03:01:57,163 DEBUG [main] headers:265 - << Content-Length: 179
2020-12-29 03:01:57,169 DEBUG [main] DefaultHttpClient:509 - Connection can be kept alive indefinitely
2020-12-29 03:01:57,194 DEBUG [main] RequestSpecificationImpl$RestAssuredHttpBuilder:545 - Parsing response as: application/json
2020-12-29 03:01:57,195 DEBUG [main] RequestSpecificationImpl$RestAssuredHttpBuilder:548 - Parsed data to instance of: class org.apache.http.conn.EofSensorInputStream
2020-12-29 03:01:57,216  INFO [main] Usercheck:33 - request sent successfully
2020-12-29 03:01:57,223 DEBUG [main] wire:87 -  << "{"status":"success","data":{"id":1,"employee_name":"Tiger Nixon","employee_salary":320800,"employee_age":61,"profile_image":""},"message":"Successfully! Record has been fetched."}"
2020-12-29 03:01:57,223 DEBUG [main] BasicClientConnectionManager:200 - Releasing connection org.apache.http.impl.conn.ManagedClientConnectionImpl@3f1c5af9
2020-12-29 03:01:57,223 DEBUG [main] BasicClientConnectionManager:225 - Connection can be kept alive indefinitely
2020-12-29 03:01:57,257 DEBUG [main] BasicClientConnectionManager:161 - Get connection for route {}->http://dummy.restapiexample.com:80
2020-12-29 03:01:57,257 DEBUG [main] DefaultClientConnectionOperator:177 - Connecting to dummy.restapiexample.com:80
2020-12-29 03:01:57,298 DEBUG [main] RequestAddCookies:123 - CookieSpec selected: ignoreCookies
2020-12-29 03:01:57,298 DEBUG [main] RequestAuthCache:77 - Auth cache not set in the context
2020-12-29 03:01:57,298 DEBUG [main] RequestTargetAuthentication:80 - Target auth state: UNCHALLENGED
2020-12-29 03:01:57,299 DEBUG [main] RequestProxyAuthentication:89 - Proxy auth state: UNCHALLENGED
2020-12-29 03:01:57,299 DEBUG [main] DefaultHttpClient:682 - Attempt 1 to execute request
2020-12-29 03:01:57,299 DEBUG [main] DefaultClientConnection:274 - Sending request: GET /api/v1/employee/2 HTTP/1.1
2020-12-29 03:01:57,299 DEBUG [main] wire:73 -  >> "GET /api/v1/employee/2 HTTP/1.1[\r][\n]"
2020-12-29 03:01:57,299 DEBUG [main] wire:73 -  >> "Content-Type: application/json; charset=UTF-8[\r][\n]"
2020-12-29 03:01:57,300 DEBUG [main] wire:73 -  >> "Accept: */*[\r][\n]"
2020-12-29 03:01:57,300 DEBUG [main] wire:73 -  >> "Host: dummy.restapiexample.com[\r][\n]"
2020-12-29 03:01:57,300 DEBUG [main] wire:73 -  >> "Connection: Keep-Alive[\r][\n]"
2020-12-29 03:01:57,300 DEBUG [main] wire:73 -  >> "User-Agent: Apache-HttpClient/4.5.3 (Java/1.8.0_251)[\r][\n]"
2020-12-29 03:01:57,300 DEBUG [main] wire:73 -  >> "Accept-Encoding: gzip,deflate[\r][\n]"
2020-12-29 03:01:57,300 DEBUG [main] wire:73 -  >> "[\r][\n]"
2020-12-29 03:01:57,301 DEBUG [main] headers:278 - >> GET /api/v1/employee/2 HTTP/1.1
2020-12-29 03:01:57,301 DEBUG [main] headers:281 - >> Content-Type: application/json; charset=UTF-8
2020-12-29 03:01:57,301 DEBUG [main] headers:281 - >> Accept: */*
2020-12-29 03:01:57,301 DEBUG [main] headers:281 - >> Host: dummy.restapiexample.com
2020-12-29 03:01:57,301 DEBUG [main] headers:281 - >> Connection: Keep-Alive
2020-12-29 03:01:57,302 DEBUG [main] headers:281 - >> User-Agent: Apache-HttpClient/4.5.3 (Java/1.8.0_251)
2020-12-29 03:01:57,302 DEBUG [main] headers:281 - >> Accept-Encoding: gzip,deflate
2020-12-29 03:02:02,045 DEBUG [main] wire:73 -  << "HTTP/1.1 200 OK[\r][\n]"
2020-12-29 03:02:02,047 DEBUG [main] wire:73 -  << "Cache-Control: no-cache, private, max-age=31536000[\r][\n]"
2020-12-29 03:02:02,048 DEBUG [main] wire:73 -  << "Content-Type: application/json[\r][\n]"
2020-12-29 03:02:02,049 DEBUG [main] wire:73 -  << "Date: Mon, 28 Dec 2020 21:32:02 GMT[\r][\n]"
2020-12-29 03:02:02,050 DEBUG [main] wire:73 -  << "Display: staticcontent_sol[\r][\n]"
2020-12-29 03:02:02,050 DEBUG [main] wire:73 -  << "Expires: Tue, 28 Dec 2021 21:31:57 GMT[\r][\n]"
2020-12-29 03:02:02,051 DEBUG [main] wire:73 -  << "Host-Header: c2hhcmVkLmJsdWVob3N0LmNvbQ==[\r][\n]"
2020-12-29 03:02:02,052 DEBUG [main] wire:73 -  << "Referrer-Policy: [\r][\n]"
2020-12-29 03:02:02,054 DEBUG [main] wire:73 -  << "Response: 200[\r][\n]"
2020-12-29 03:02:02,055 DEBUG [main] wire:73 -  << "Server: nginx/1.16.0[\r][\n]"
2020-12-29 03:02:02,056 DEBUG [main] wire:73 -  << "Vary: Accept-Encoding[\r][\n]"
2020-12-29 03:02:02,057 DEBUG [main] wire:73 -  << "Vary: Accept-Encoding,User-Agent,Origin[\r][\n]"
2020-12-29 03:02:02,059 DEBUG [main] wire:73 -  << "X-Ezoic-Cdn: Miss[\r][\n]"
2020-12-29 03:02:02,060 DEBUG [main] wire:73 -  << "X-Middleton-Display: staticcontent_sol[\r][\n]"
2020-12-29 03:02:02,061 DEBUG [main] wire:73 -  << "X-Middleton-Response: 200[\r][\n]"
2020-12-29 03:02:02,062 DEBUG [main] wire:73 -  << "X-Ratelimit-Limit: 60[\r][\n]"
2020-12-29 03:02:02,063 DEBUG [main] wire:73 -  << "X-Ratelimit-Remaining: 58[\r][\n]"
2020-12-29 03:02:02,064 DEBUG [main] wire:73 -  << "X-Sol: pub_site[\r][\n]"
2020-12-29 03:02:02,064 DEBUG [main] wire:73 -  << "Content-Length: 183[\r][\n]"
2020-12-29 03:02:02,065 DEBUG [main] wire:73 -  << "[\r][\n]"
2020-12-29 03:02:02,066 DEBUG [main] DefaultClientConnection:259 - Receiving response: HTTP/1.1 200 OK
2020-12-29 03:02:02,066 DEBUG [main] headers:262 - << HTTP/1.1 200 OK
2020-12-29 03:02:02,067 DEBUG [main] headers:265 - << Cache-Control: no-cache, private, max-age=31536000
2020-12-29 03:02:02,068 DEBUG [main] headers:265 - << Content-Type: application/json
2020-12-29 03:02:02,068 DEBUG [main] headers:265 - << Date: Mon, 28 Dec 2020 21:32:02 GMT
2020-12-29 03:02:02,069 DEBUG [main] headers:265 - << Display: staticcontent_sol
2020-12-29 03:02:02,070 DEBUG [main] headers:265 - << Expires: Tue, 28 Dec 2021 21:31:57 GMT
2020-12-29 03:02:02,071 DEBUG [main] headers:265 - << Host-Header: c2hhcmVkLmJsdWVob3N0LmNvbQ==
2020-12-29 03:02:02,071 DEBUG [main] headers:265 - << Referrer-Policy: 
2020-12-29 03:02:02,072 DEBUG [main] headers:265 - << Response: 200
2020-12-29 03:02:02,072 DEBUG [main] headers:265 - << Server: nginx/1.16.0
2020-12-29 03:02:02,073 DEBUG [main] headers:265 - << Vary: Accept-Encoding
2020-12-29 03:02:02,073 DEBUG [main] headers:265 - << Vary: Accept-Encoding,User-Agent,Origin
2020-12-29 03:02:02,074 DEBUG [main] headers:265 - << X-Ezoic-Cdn: Miss
2020-12-29 03:02:02,075 DEBUG [main] headers:265 - << X-Middleton-Display: staticcontent_sol
2020-12-29 03:02:02,076 DEBUG [main] headers:265 - << X-Middleton-Response: 200
2020-12-29 03:02:02,076 DEBUG [main] headers:265 - << X-Ratelimit-Limit: 60
2020-12-29 03:02:02,077 DEBUG [main] headers:265 - << X-Ratelimit-Remaining: 58
2020-12-29 03:02:02,078 DEBUG [main] headers:265 - << X-Sol: pub_site
2020-12-29 03:02:02,078 DEBUG [main] headers:265 - << Content-Length: 183
2020-12-29 03:02:02,079 DEBUG [main] DefaultHttpClient:509 - Connection can be kept alive indefinitely
2020-12-29 03:02:02,080 DEBUG [main] RequestSpecificationImpl$RestAssuredHttpBuilder:545 - Parsing response as: application/json
2020-12-29 03:02:02,081 DEBUG [main] RequestSpecificationImpl$RestAssuredHttpBuilder:548 - Parsed data to instance of: class org.apache.http.conn.EofSensorInputStream
2020-12-29 03:02:02,082  INFO [main] Usercheck:44 - request sent successfully
2020-12-29 03:02:02,083 DEBUG [main] wire:87 -  << "{"status":"success","data":{"id":2,"employee_name":"Garrett Winters","employee_salary":170750,"employee_age":63,"profile_image":""},"message":"Successfully! Record has been fetched."}"
2020-12-29 03:02:02,083 DEBUG [main] BasicClientConnectionManager:200 - Releasing connection org.apache.http.impl.conn.ManagedClientConnectionImpl@2cb3d0f7
2020-12-29 03:02:02,083 DEBUG [main] BasicClientConnectionManager:225 - Connection can be kept alive indefinitely
