2020-12-30 20:53:44,211  INFO [main] Usercheck:26 - Prechecks completed
2020-12-30 20:53:45,723 DEBUG [main] BasicClientConnectionManager:161 - Get connection for route {}->http://dummy.restapiexample.com:80
2020-12-30 20:53:45,843 DEBUG [main] DefaultClientConnectionOperator:177 - Connecting to dummy.restapiexample.com:80
2020-12-30 20:53:45,916 DEBUG [main] RequestAddCookies:123 - CookieSpec selected: ignoreCookies
2020-12-30 20:53:45,919 DEBUG [main] RequestAuthCache:77 - Auth cache not set in the context
2020-12-30 20:53:45,921 DEBUG [main] RequestTargetAuthentication:80 - Target auth state: UNCHALLENGED
2020-12-30 20:53:45,922 DEBUG [main] RequestProxyAuthentication:89 - Proxy auth state: UNCHALLENGED
2020-12-30 20:53:45,923 DEBUG [main] DefaultHttpClient:682 - Attempt 1 to execute request
2020-12-30 20:53:45,924 DEBUG [main] DefaultClientConnection:274 - Sending request: GET /api/v1/employee/1 HTTP/1.1
2020-12-30 20:53:45,926 DEBUG [main] wire:73 -  >> "GET /api/v1/employee/1 HTTP/1.1[\r][\n]"
2020-12-30 20:53:45,928 DEBUG [main] wire:73 -  >> "Content-Type: application/json; charset=UTF-8[\r][\n]"
2020-12-30 20:53:45,929 DEBUG [main] wire:73 -  >> "Accept: */*[\r][\n]"
2020-12-30 20:53:45,929 DEBUG [main] wire:73 -  >> "Host: dummy.restapiexample.com[\r][\n]"
2020-12-30 20:53:45,930 DEBUG [main] wire:73 -  >> "Connection: Keep-Alive[\r][\n]"
2020-12-30 20:53:45,930 DEBUG [main] wire:73 -  >> "User-Agent: Apache-HttpClient/4.5.3 (Java/1.8.0_251)[\r][\n]"
2020-12-30 20:53:45,931 DEBUG [main] wire:73 -  >> "Accept-Encoding: gzip,deflate[\r][\n]"
2020-12-30 20:53:45,933 DEBUG [main] wire:73 -  >> "[\r][\n]"
2020-12-30 20:53:45,933 DEBUG [main] headers:278 - >> GET /api/v1/employee/1 HTTP/1.1
2020-12-30 20:53:45,934 DEBUG [main] headers:281 - >> Content-Type: application/json; charset=UTF-8
2020-12-30 20:53:45,934 DEBUG [main] headers:281 - >> Accept: */*
2020-12-30 20:53:45,935 DEBUG [main] headers:281 - >> Host: dummy.restapiexample.com
2020-12-30 20:53:45,935 DEBUG [main] headers:281 - >> Connection: Keep-Alive
2020-12-30 20:53:45,936 DEBUG [main] headers:281 - >> User-Agent: Apache-HttpClient/4.5.3 (Java/1.8.0_251)
2020-12-30 20:53:45,936 DEBUG [main] headers:281 - >> Accept-Encoding: gzip,deflate
2020-12-30 20:53:47,530 DEBUG [main] wire:73 -  << "HTTP/1.1 200 OK[\r][\n]"
2020-12-30 20:53:47,535 DEBUG [main] wire:73 -  << "Cache-Control: no-cache, private, max-age=31536000[\r][\n]"
2020-12-30 20:53:47,536 DEBUG [main] wire:73 -  << "Content-Type: application/json[\r][\n]"
2020-12-30 20:53:47,537 DEBUG [main] wire:73 -  << "Date: Wed, 30 Dec 2020 15:23:47 GMT[\r][\n]"
2020-12-30 20:53:47,539 DEBUG [main] wire:73 -  << "Display: staticcontent_sol[\r][\n]"
2020-12-30 20:53:47,540 DEBUG [main] wire:73 -  << "Expires: Thu, 30 Dec 2021 15:23:46 GMT[\r][\n]"
2020-12-30 20:53:47,540 DEBUG [main] wire:73 -  << "Host-Header: c2hhcmVkLmJsdWVob3N0LmNvbQ==[\r][\n]"
2020-12-30 20:53:47,541 DEBUG [main] wire:73 -  << "Referrer-Policy: [\r][\n]"
2020-12-30 20:53:47,543 DEBUG [main] wire:73 -  << "Response: 200[\r][\n]"
2020-12-30 20:53:47,544 DEBUG [main] wire:73 -  << "Server: nginx/1.16.0[\r][\n]"
2020-12-30 20:53:47,544 DEBUG [main] wire:73 -  << "Vary: Accept-Encoding[\r][\n]"
2020-12-30 20:53:47,545 DEBUG [main] wire:73 -  << "Vary: Accept-Encoding,User-Agent,Origin[\r][\n]"
2020-12-30 20:53:47,546 DEBUG [main] wire:73 -  << "X-Ezoic-Cdn: Miss[\r][\n]"
2020-12-30 20:53:47,546 DEBUG [main] wire:73 -  << "X-Middleton-Display: staticcontent_sol[\r][\n]"
2020-12-30 20:53:47,547 DEBUG [main] wire:73 -  << "X-Middleton-Response: 200[\r][\n]"
2020-12-30 20:53:47,548 DEBUG [main] wire:73 -  << "X-Ratelimit-Limit: 60[\r][\n]"
2020-12-30 20:53:47,548 DEBUG [main] wire:73 -  << "X-Ratelimit-Remaining: 58[\r][\n]"
2020-12-30 20:53:47,549 DEBUG [main] wire:73 -  << "X-Sol: pub_site[\r][\n]"
2020-12-30 20:53:47,550 DEBUG [main] wire:73 -  << "Content-Length: 179[\r][\n]"
2020-12-30 20:53:47,551 DEBUG [main] wire:73 -  << "[\r][\n]"
2020-12-30 20:53:47,554 DEBUG [main] DefaultClientConnection:259 - Receiving response: HTTP/1.1 200 OK
2020-12-30 20:53:47,555 DEBUG [main] headers:262 - << HTTP/1.1 200 OK
2020-12-30 20:53:47,555 DEBUG [main] headers:265 - << Cache-Control: no-cache, private, max-age=31536000
2020-12-30 20:53:47,556 DEBUG [main] headers:265 - << Content-Type: application/json
2020-12-30 20:53:47,556 DEBUG [main] headers:265 - << Date: Wed, 30 Dec 2020 15:23:47 GMT
2020-12-30 20:53:47,557 DEBUG [main] headers:265 - << Display: staticcontent_sol
2020-12-30 20:53:47,558 DEBUG [main] headers:265 - << Expires: Thu, 30 Dec 2021 15:23:46 GMT
2020-12-30 20:53:47,558 DEBUG [main] headers:265 - << Host-Header: c2hhcmVkLmJsdWVob3N0LmNvbQ==
2020-12-30 20:53:47,559 DEBUG [main] headers:265 - << Referrer-Policy: 
2020-12-30 20:53:47,559 DEBUG [main] headers:265 - << Response: 200
2020-12-30 20:53:47,559 DEBUG [main] headers:265 - << Server: nginx/1.16.0
2020-12-30 20:53:47,560 DEBUG [main] headers:265 - << Vary: Accept-Encoding
2020-12-30 20:53:47,560 DEBUG [main] headers:265 - << Vary: Accept-Encoding,User-Agent,Origin
2020-12-30 20:53:47,561 DEBUG [main] headers:265 - << X-Ezoic-Cdn: Miss
2020-12-30 20:53:47,561 DEBUG [main] headers:265 - << X-Middleton-Display: staticcontent_sol
2020-12-30 20:53:47,562 DEBUG [main] headers:265 - << X-Middleton-Response: 200
2020-12-30 20:53:47,562 DEBUG [main] headers:265 - << X-Ratelimit-Limit: 60
2020-12-30 20:53:47,563 DEBUG [main] headers:265 - << X-Ratelimit-Remaining: 58
2020-12-30 20:53:47,563 DEBUG [main] headers:265 - << X-Sol: pub_site
2020-12-30 20:53:47,564 DEBUG [main] headers:265 - << Content-Length: 179
2020-12-30 20:53:47,575 DEBUG [main] DefaultHttpClient:509 - Connection can be kept alive indefinitely
2020-12-30 20:53:47,644 DEBUG [main] RequestSpecificationImpl$RestAssuredHttpBuilder:545 - Parsing response as: application/json
2020-12-30 20:53:47,645 DEBUG [main] RequestSpecificationImpl$RestAssuredHttpBuilder:548 - Parsed data to instance of: class org.apache.http.conn.EofSensorInputStream
2020-12-30 20:53:47,679  INFO [main] Usercheck:35 - request sent successfully
2020-12-30 20:53:47,690 DEBUG [main] wire:87 -  << "{"status":"success","data":{"id":1,"employee_name":"Tiger Nixon","employee_salary":320800,"employee_age":61,"profile_image":""},"message":"Successfully! Record has been fetched."}"
2020-12-30 20:53:47,691 DEBUG [main] BasicClientConnectionManager:200 - Releasing connection org.apache.http.impl.conn.ManagedClientConnectionImpl@94f6bfb
2020-12-30 20:53:47,691 DEBUG [main] BasicClientConnectionManager:225 - Connection can be kept alive indefinitely
2020-12-30 20:53:47,735 DEBUG [main] BasicClientConnectionManager:161 - Get connection for route {}->http://dummy.restapiexample.com:80
2020-12-30 20:53:47,736 DEBUG [main] DefaultClientConnectionOperator:177 - Connecting to dummy.restapiexample.com:80
2020-12-30 20:53:47,777 DEBUG [main] RequestAddCookies:123 - CookieSpec selected: ignoreCookies
2020-12-30 20:53:47,777 DEBUG [main] RequestAuthCache:77 - Auth cache not set in the context
2020-12-30 20:53:47,778 DEBUG [main] RequestTargetAuthentication:80 - Target auth state: UNCHALLENGED
2020-12-30 20:53:47,778 DEBUG [main] RequestProxyAuthentication:89 - Proxy auth state: UNCHALLENGED
2020-12-30 20:53:47,778 DEBUG [main] DefaultHttpClient:682 - Attempt 1 to execute request
2020-12-30 20:53:47,778 DEBUG [main] DefaultClientConnection:274 - Sending request: GET /api/v1/employee/2 HTTP/1.1
2020-12-30 20:53:47,779 DEBUG [main] wire:73 -  >> "GET /api/v1/employee/2 HTTP/1.1[\r][\n]"
2020-12-30 20:53:47,779 DEBUG [main] wire:73 -  >> "Content-Type: application/json; charset=UTF-8[\r][\n]"
2020-12-30 20:53:47,779 DEBUG [main] wire:73 -  >> "Accept: */*[\r][\n]"
2020-12-30 20:53:47,780 DEBUG [main] wire:73 -  >> "Host: dummy.restapiexample.com[\r][\n]"
2020-12-30 20:53:47,781 DEBUG [main] wire:73 -  >> "Connection: Keep-Alive[\r][\n]"
2020-12-30 20:53:47,781 DEBUG [main] wire:73 -  >> "User-Agent: Apache-HttpClient/4.5.3 (Java/1.8.0_251)[\r][\n]"
2020-12-30 20:53:47,781 DEBUG [main] wire:73 -  >> "Accept-Encoding: gzip,deflate[\r][\n]"
2020-12-30 20:53:47,781 DEBUG [main] wire:73 -  >> "[\r][\n]"
2020-12-30 20:53:47,781 DEBUG [main] headers:278 - >> GET /api/v1/employee/2 HTTP/1.1
2020-12-30 20:53:47,781 DEBUG [main] headers:281 - >> Content-Type: application/json; charset=UTF-8
2020-12-30 20:53:47,782 DEBUG [main] headers:281 - >> Accept: */*
2020-12-30 20:53:47,782 DEBUG [main] headers:281 - >> Host: dummy.restapiexample.com
2020-12-30 20:53:47,782 DEBUG [main] headers:281 - >> Connection: Keep-Alive
2020-12-30 20:53:47,782 DEBUG [main] headers:281 - >> User-Agent: Apache-HttpClient/4.5.3 (Java/1.8.0_251)
2020-12-30 20:53:47,782 DEBUG [main] headers:281 - >> Accept-Encoding: gzip,deflate
2020-12-30 20:53:48,927 DEBUG [main] wire:73 -  << "HTTP/1.1 200 OK[\r][\n]"
2020-12-30 20:53:48,928 DEBUG [main] wire:73 -  << "Cache-Control: no-cache, private, max-age=31536000[\r][\n]"
2020-12-30 20:53:48,929 DEBUG [main] wire:73 -  << "Content-Type: application/json[\r][\n]"
2020-12-30 20:53:48,930 DEBUG [main] wire:73 -  << "Date: Wed, 30 Dec 2020 15:23:48 GMT[\r][\n]"
2020-12-30 20:53:48,932 DEBUG [main] wire:73 -  << "Display: staticcontent_sol[\r][\n]"
2020-12-30 20:53:48,933 DEBUG [main] wire:73 -  << "Expires: Thu, 30 Dec 2021 15:23:48 GMT[\r][\n]"
2020-12-30 20:53:48,934 DEBUG [main] wire:73 -  << "Host-Header: c2hhcmVkLmJsdWVob3N0LmNvbQ==[\r][\n]"
2020-12-30 20:53:48,935 DEBUG [main] wire:73 -  << "Referrer-Policy: [\r][\n]"
2020-12-30 20:53:48,936 DEBUG [main] wire:73 -  << "Response: 200[\r][\n]"
2020-12-30 20:53:48,937 DEBUG [main] wire:73 -  << "Server: nginx/1.16.0[\r][\n]"
2020-12-30 20:53:48,938 DEBUG [main] wire:73 -  << "Vary: Accept-Encoding[\r][\n]"
2020-12-30 20:53:48,938 DEBUG [main] wire:73 -  << "Vary: Accept-Encoding,User-Agent,Origin[\r][\n]"
2020-12-30 20:53:48,939 DEBUG [main] wire:73 -  << "X-Ezoic-Cdn: Miss[\r][\n]"
2020-12-30 20:53:48,940 DEBUG [main] wire:73 -  << "X-Middleton-Display: staticcontent_sol[\r][\n]"
2020-12-30 20:53:48,941 DEBUG [main] wire:73 -  << "X-Middleton-Response: 200[\r][\n]"
2020-12-30 20:53:48,941 DEBUG [main] wire:73 -  << "X-Ratelimit-Limit: 60[\r][\n]"
2020-12-30 20:53:48,942 DEBUG [main] wire:73 -  << "X-Ratelimit-Remaining: 58[\r][\n]"
2020-12-30 20:53:48,943 DEBUG [main] wire:73 -  << "X-Sol: pub_site[\r][\n]"
2020-12-30 20:53:48,944 DEBUG [main] wire:73 -  << "Content-Length: 183[\r][\n]"
2020-12-30 20:53:48,944 DEBUG [main] wire:73 -  << "[\r][\n]"
2020-12-30 20:53:48,945 DEBUG [main] DefaultClientConnection:259 - Receiving response: HTTP/1.1 200 OK
2020-12-30 20:53:48,945 DEBUG [main] headers:262 - << HTTP/1.1 200 OK
2020-12-30 20:53:48,946 DEBUG [main] headers:265 - << Cache-Control: no-cache, private, max-age=31536000
2020-12-30 20:53:48,946 DEBUG [main] headers:265 - << Content-Type: application/json
2020-12-30 20:53:48,947 DEBUG [main] headers:265 - << Date: Wed, 30 Dec 2020 15:23:48 GMT
2020-12-30 20:53:48,948 DEBUG [main] headers:265 - << Display: staticcontent_sol
2020-12-30 20:53:48,948 DEBUG [main] headers:265 - << Expires: Thu, 30 Dec 2021 15:23:48 GMT
2020-12-30 20:53:48,949 DEBUG [main] headers:265 - << Host-Header: c2hhcmVkLmJsdWVob3N0LmNvbQ==
2020-12-30 20:53:48,949 DEBUG [main] headers:265 - << Referrer-Policy: 
2020-12-30 20:53:48,950 DEBUG [main] headers:265 - << Response: 200
2020-12-30 20:53:48,950 DEBUG [main] headers:265 - << Server: nginx/1.16.0
2020-12-30 20:53:48,951 DEBUG [main] headers:265 - << Vary: Accept-Encoding
2020-12-30 20:53:48,951 DEBUG [main] headers:265 - << Vary: Accept-Encoding,User-Agent,Origin
2020-12-30 20:53:48,952 DEBUG [main] headers:265 - << X-Ezoic-Cdn: Miss
2020-12-30 20:53:48,953 DEBUG [main] headers:265 - << X-Middleton-Display: staticcontent_sol
2020-12-30 20:53:48,954 DEBUG [main] headers:265 - << X-Middleton-Response: 200
2020-12-30 20:53:48,954 DEBUG [main] headers:265 - << X-Ratelimit-Limit: 60
2020-12-30 20:53:48,955 DEBUG [main] headers:265 - << X-Ratelimit-Remaining: 58
2020-12-30 20:53:48,955 DEBUG [main] headers:265 - << X-Sol: pub_site
2020-12-30 20:53:48,956 DEBUG [main] headers:265 - << Content-Length: 183
2020-12-30 20:53:48,957 DEBUG [main] DefaultHttpClient:509 - Connection can be kept alive indefinitely
2020-12-30 20:53:48,958 DEBUG [main] RequestSpecificationImpl$RestAssuredHttpBuilder:545 - Parsing response as: application/json
2020-12-30 20:53:48,959 DEBUG [main] RequestSpecificationImpl$RestAssuredHttpBuilder:548 - Parsed data to instance of: class org.apache.http.conn.EofSensorInputStream
2020-12-30 20:53:48,961  INFO [main] Usercheck:46 - request sent successfully
2020-12-30 20:53:48,962 DEBUG [main] wire:87 -  << "{"status":"success","data":{"id":2,"employee_name":"Garrett Winters","employee_salary":170750,"employee_age":63,"profile_image":""},"message":"Successfully! Record has been fetched."}"
2020-12-30 20:53:48,962 DEBUG [main] BasicClientConnectionManager:200 - Releasing connection org.apache.http.impl.conn.ManagedClientConnectionImpl@37f21974
2020-12-30 20:53:48,963 DEBUG [main] BasicClientConnectionManager:225 - Connection can be kept alive indefinitely
2020-12-30 20:53:49,083 DEBUG [main] cache:45 - Couldn't find template in cache for "v3html/v3-html-index.ftl"("en", UTF-8, parsed); will try to load it.
2020-12-30 20:53:49,086 DEBUG [main] cache:45 - TemplateLoader.findTemplateSource("v3html/v3-html-index_en.ftl"): Not found
2020-12-30 20:53:49,091 DEBUG [main] cache:45 - TemplateLoader.findTemplateSource("v3html/v3-html-index.ftl"): Found
2020-12-30 20:53:49,092 DEBUG [main] cache:45 - Loading template for "v3html/v3-html-index.ftl"("en", UTF-8, parsed) from "jar:file:/C:/Users/SRABANTI%20GHOSH/.m2/repository/com/aventstack/extentreports/4.0.0/extentreports-4.0.0.jar!/com/aventstack/extentreports/view/v3html/v3-html-index.ftl"
2020-12-30 20:53:49,443 DEBUG [main] cache:45 - Couldn't find template in cache for "v3html/v3-html-head.ftl"("en", UTF-8, parsed); will try to load it.
2020-12-30 20:53:49,443 DEBUG [main] cache:45 - TemplateLoader.findTemplateSource("v3html/v3-html-head_en.ftl"): Not found
2020-12-30 20:53:49,444 DEBUG [main] cache:45 - TemplateLoader.findTemplateSource("v3html/v3-html-head.ftl"): Found
2020-12-30 20:53:49,444 DEBUG [main] cache:45 - Loading template for "v3html/v3-html-head.ftl"("en", UTF-8, parsed) from "jar:file:/C:/Users/SRABANTI%20GHOSH/.m2/repository/com/aventstack/extentreports/4.0.0/extentreports-4.0.0.jar!/com/aventstack/extentreports/view/v3html/v3-html-head.ftl"
2020-12-30 20:53:49,449 DEBUG [main] cache:45 - Couldn't find template in cache for "v3html/v3-html-nav.ftl"("en", UTF-8, parsed); will try to load it.
2020-12-30 20:53:49,450 DEBUG [main] cache:45 - TemplateLoader.findTemplateSource("v3html/v3-html-nav_en.ftl"): Not found
2020-12-30 20:53:49,451 DEBUG [main] cache:45 - TemplateLoader.findTemplateSource("v3html/v3-html-nav.ftl"): Found
2020-12-30 20:53:49,451 DEBUG [main] cache:45 - Loading template for "v3html/v3-html-nav.ftl"("en", UTF-8, parsed) from "jar:file:/C:/Users/SRABANTI%20GHOSH/.m2/repository/com/aventstack/extentreports/4.0.0/extentreports-4.0.0.jar!/com/aventstack/extentreports/view/v3html/v3-html-nav.ftl"
2020-12-30 20:53:49,460 DEBUG [main] cache:45 - Couldn't find template in cache for "v3html/test-view/v3-html-test-view.ftl"("en", UTF-8, parsed); will try to load it.
2020-12-30 20:53:49,461 DEBUG [main] cache:45 - TemplateLoader.findTemplateSource("v3html/test-view/v3-html-test-view_en.ftl"): Not found
2020-12-30 20:53:49,462 DEBUG [main] cache:45 - TemplateLoader.findTemplateSource("v3html/test-view/v3-html-test-view.ftl"): Found
2020-12-30 20:53:49,462 DEBUG [main] cache:45 - Loading template for "v3html/test-view/v3-html-test-view.ftl"("en", UTF-8, parsed) from "jar:file:/C:/Users/SRABANTI%20GHOSH/.m2/repository/com/aventstack/extentreports/4.0.0/extentreports-4.0.0.jar!/com/aventstack/extentreports/view/v3html/test-view/v3-html-test-view.ftl"
2020-12-30 20:53:49,476 DEBUG [main] cache:45 - Couldn't find template in cache for "v3html/test-view/v3-html-test-view-charts.ftl"("en", UTF-8, parsed); will try to load it.
2020-12-30 20:53:49,477 DEBUG [main] cache:45 - TemplateLoader.findTemplateSource("v3html/test-view/v3-html-test-view-charts_en.ftl"): Not found
2020-12-30 20:53:49,477 DEBUG [main] cache:45 - TemplateLoader.findTemplateSource("v3html/test-view/v3-html-test-view-charts.ftl"): Found
2020-12-30 20:53:49,478 DEBUG [main] cache:45 - Loading template for "v3html/test-view/v3-html-test-view-charts.ftl"("en", UTF-8, parsed) from "jar:file:/C:/Users/SRABANTI%20GHOSH/.m2/repository/com/aventstack/extentreports/4.0.0/extentreports-4.0.0.jar!/com/aventstack/extentreports/view/v3html/test-view/v3-html-test-view-charts.ftl"
2020-12-30 20:53:49,493 DEBUG [main] cache:45 - Couldn't find template in cache for "v3html/test-view/v3-html-standard.ftl"("en", UTF-8, parsed); will try to load it.
2020-12-30 20:53:49,494 DEBUG [main] cache:45 - TemplateLoader.findTemplateSource("v3html/test-view/v3-html-standard_en.ftl"): Not found
2020-12-30 20:53:49,494 DEBUG [main] cache:45 - TemplateLoader.findTemplateSource("v3html/test-view/v3-html-standard.ftl"): Found
2020-12-30 20:53:49,495 DEBUG [main] cache:45 - Loading template for "v3html/test-view/v3-html-standard.ftl"("en", UTF-8, parsed) from "jar:file:/C:/Users/SRABANTI%20GHOSH/.m2/repository/com/aventstack/extentreports/4.0.0/extentreports-4.0.0.jar!/com/aventstack/extentreports/view/v3html/test-view/v3-html-standard.ftl"
2020-12-30 20:53:49,510 DEBUG [main] cache:45 - "v3html/test-view/v3-html-standard.ftl"("en", UTF-8, parsed) cached copy not yet stale; using cached.
2020-12-30 20:53:49,513 DEBUG [main] cache:45 - Couldn't find template in cache for "v3html/category-view/v3-html-category-view.ftl"("en", UTF-8, parsed); will try to load it.
2020-12-30 20:53:49,514 DEBUG [main] cache:45 - TemplateLoader.findTemplateSource("v3html/category-view/v3-html-category-view_en.ftl"): Not found
2020-12-30 20:53:49,514 DEBUG [main] cache:45 - TemplateLoader.findTemplateSource("v3html/category-view/v3-html-category-view.ftl"): Found
2020-12-30 20:53:49,514 DEBUG [main] cache:45 - Loading template for "v3html/category-view/v3-html-category-view.ftl"("en", UTF-8, parsed) from "jar:file:/C:/Users/SRABANTI%20GHOSH/.m2/repository/com/aventstack/extentreports/4.0.0/extentreports-4.0.0.jar!/com/aventstack/extentreports/view/v3html/category-view/v3-html-category-view.ftl"
2020-12-30 20:53:49,519 DEBUG [main] cache:45 - Couldn't find template in cache for "v3html/exception-view/v3-html-exception-view.ftl"("en", UTF-8, parsed); will try to load it.
2020-12-30 20:53:49,519 DEBUG [main] cache:45 - TemplateLoader.findTemplateSource("v3html/exception-view/v3-html-exception-view_en.ftl"): Not found
2020-12-30 20:53:49,520 DEBUG [main] cache:45 - TemplateLoader.findTemplateSource("v3html/exception-view/v3-html-exception-view.ftl"): Found
2020-12-30 20:53:49,520 DEBUG [main] cache:45 - Loading template for "v3html/exception-view/v3-html-exception-view.ftl"("en", UTF-8, parsed) from "jar:file:/C:/Users/SRABANTI%20GHOSH/.m2/repository/com/aventstack/extentreports/4.0.0/extentreports-4.0.0.jar!/com/aventstack/extentreports/view/v3html/exception-view/v3-html-exception-view.ftl"
2020-12-30 20:53:49,523 DEBUG [main] cache:45 - Couldn't find template in cache for "v3html/author-view/v3-html-author-view.ftl"("en", UTF-8, parsed); will try to load it.
2020-12-30 20:53:49,524 DEBUG [main] cache:45 - TemplateLoader.findTemplateSource("v3html/author-view/v3-html-author-view_en.ftl"): Not found
2020-12-30 20:53:49,524 DEBUG [main] cache:45 - TemplateLoader.findTemplateSource("v3html/author-view/v3-html-author-view.ftl"): Found
2020-12-30 20:53:49,525 DEBUG [main] cache:45 - Loading template for "v3html/author-view/v3-html-author-view.ftl"("en", UTF-8, parsed) from "jar:file:/C:/Users/SRABANTI%20GHOSH/.m2/repository/com/aventstack/extentreports/4.0.0/extentreports-4.0.0.jar!/com/aventstack/extentreports/view/v3html/author-view/v3-html-author-view.ftl"
2020-12-30 20:53:49,527 DEBUG [main] cache:45 - Couldn't find template in cache for "v3html/dashboard-view/v3-html-dashboard-view.ftl"("en", UTF-8, parsed); will try to load it.
2020-12-30 20:53:49,528 DEBUG [main] cache:45 - TemplateLoader.findTemplateSource("v3html/dashboard-view/v3-html-dashboard-view_en.ftl"): Not found
2020-12-30 20:53:49,529 DEBUG [main] cache:45 - TemplateLoader.findTemplateSource("v3html/dashboard-view/v3-html-dashboard-view.ftl"): Found
2020-12-30 20:53:49,529 DEBUG [main] cache:45 - Loading template for "v3html/dashboard-view/v3-html-dashboard-view.ftl"("en", UTF-8, parsed) from "jar:file:/C:/Users/SRABANTI%20GHOSH/.m2/repository/com/aventstack/extentreports/4.0.0/extentreports-4.0.0.jar!/com/aventstack/extentreports/view/v3html/dashboard-view/v3-html-dashboard-view.ftl"
2020-12-30 20:53:49,537 DEBUG [main] cache:45 - Couldn't find template in cache for "v3html/logs-view/v3-html-testrunner-logs-view.ftl"("en", UTF-8, parsed); will try to load it.
2020-12-30 20:53:49,537 DEBUG [main] cache:45 - TemplateLoader.findTemplateSource("v3html/logs-view/v3-html-testrunner-logs-view_en.ftl"): Not found
2020-12-30 20:53:49,538 DEBUG [main] cache:45 - TemplateLoader.findTemplateSource("v3html/logs-view/v3-html-testrunner-logs-view.ftl"): Found
2020-12-30 20:53:49,538 DEBUG [main] cache:45 - Loading template for "v3html/logs-view/v3-html-testrunner-logs-view.ftl"("en", UTF-8, parsed) from "jar:file:/C:/Users/SRABANTI%20GHOSH/.m2/repository/com/aventstack/extentreports/4.0.0/extentreports-4.0.0.jar!/com/aventstack/extentreports/view/v3html/logs-view/v3-html-testrunner-logs-view.ftl"
