2020-12-30 20:35:50,120  INFO [main] Usercheck:26 - Prechecks completed
2020-12-30 20:35:51,622 DEBUG [main] BasicClientConnectionManager:161 - Get connection for route {}->http://dummy.restapiexample.com:80
2020-12-30 20:35:51,734 DEBUG [main] DefaultClientConnectionOperator:177 - Connecting to dummy.restapiexample.com:80
2020-12-30 20:35:51,818 DEBUG [main] RequestAddCookies:123 - CookieSpec selected: ignoreCookies
2020-12-30 20:35:51,820 DEBUG [main] RequestAuthCache:77 - Auth cache not set in the context
2020-12-30 20:35:51,821 DEBUG [main] RequestTargetAuthentication:80 - Target auth state: UNCHALLENGED
2020-12-30 20:35:51,822 DEBUG [main] RequestProxyAuthentication:89 - Proxy auth state: UNCHALLENGED
2020-12-30 20:35:51,823 DEBUG [main] DefaultHttpClient:682 - Attempt 1 to execute request
2020-12-30 20:35:51,824 DEBUG [main] DefaultClientConnection:274 - Sending request: GET /api/v1/employee/1 HTTP/1.1
2020-12-30 20:35:51,825 DEBUG [main] wire:73 -  >> "GET /api/v1/employee/1 HTTP/1.1[\r][\n]"
2020-12-30 20:35:51,826 DEBUG [main] wire:73 -  >> "Content-Type: application/json; charset=UTF-8[\r][\n]"
2020-12-30 20:35:51,826 DEBUG [main] wire:73 -  >> "Accept: */*[\r][\n]"
2020-12-30 20:35:51,827 DEBUG [main] wire:73 -  >> "Host: dummy.restapiexample.com[\r][\n]"
2020-12-30 20:35:51,827 DEBUG [main] wire:73 -  >> "Connection: Keep-Alive[\r][\n]"
2020-12-30 20:35:51,827 DEBUG [main] wire:73 -  >> "User-Agent: Apache-HttpClient/4.5.3 (Java/1.8.0_251)[\r][\n]"
2020-12-30 20:35:51,828 DEBUG [main] wire:73 -  >> "Accept-Encoding: gzip,deflate[\r][\n]"
2020-12-30 20:35:51,829 DEBUG [main] wire:73 -  >> "[\r][\n]"
2020-12-30 20:35:51,829 DEBUG [main] headers:278 - >> GET /api/v1/employee/1 HTTP/1.1
2020-12-30 20:35:51,830 DEBUG [main] headers:281 - >> Content-Type: application/json; charset=UTF-8
2020-12-30 20:35:51,830 DEBUG [main] headers:281 - >> Accept: */*
2020-12-30 20:35:51,831 DEBUG [main] headers:281 - >> Host: dummy.restapiexample.com
2020-12-30 20:35:51,831 DEBUG [main] headers:281 - >> Connection: Keep-Alive
2020-12-30 20:35:51,832 DEBUG [main] headers:281 - >> User-Agent: Apache-HttpClient/4.5.3 (Java/1.8.0_251)
2020-12-30 20:35:51,832 DEBUG [main] headers:281 - >> Accept-Encoding: gzip,deflate
2020-12-30 20:35:53,246 DEBUG [main] wire:73 -  << "HTTP/1.1 200 OK[\r][\n]"
2020-12-30 20:35:53,254 DEBUG [main] wire:73 -  << "Cache-Control: no-cache, private, max-age=31536000[\r][\n]"
2020-12-30 20:35:53,255 DEBUG [main] wire:73 -  << "Content-Type: application/json[\r][\n]"
2020-12-30 20:35:53,256 DEBUG [main] wire:73 -  << "Date: Wed, 30 Dec 2020 15:05:53 GMT[\r][\n]"
2020-12-30 20:35:53,258 DEBUG [main] wire:73 -  << "Display: staticcontent_sol[\r][\n]"
2020-12-30 20:35:53,259 DEBUG [main] wire:73 -  << "Expires: Thu, 30 Dec 2021 15:05:52 GMT[\r][\n]"
2020-12-30 20:35:53,260 DEBUG [main] wire:73 -  << "Host-Header: c2hhcmVkLmJsdWVob3N0LmNvbQ==[\r][\n]"
2020-12-30 20:35:53,261 DEBUG [main] wire:73 -  << "Referrer-Policy: [\r][\n]"
2020-12-30 20:35:53,262 DEBUG [main] wire:73 -  << "Response: 200[\r][\n]"
2020-12-30 20:35:53,263 DEBUG [main] wire:73 -  << "Server: nginx/1.16.0[\r][\n]"
2020-12-30 20:35:53,264 DEBUG [main] wire:73 -  << "Vary: Accept-Encoding[\r][\n]"
2020-12-30 20:35:53,264 DEBUG [main] wire:73 -  << "Vary: Accept-Encoding,User-Agent,Origin[\r][\n]"
2020-12-30 20:35:53,265 DEBUG [main] wire:73 -  << "X-Ezoic-Cdn: Miss[\r][\n]"
2020-12-30 20:35:53,265 DEBUG [main] wire:73 -  << "X-Middleton-Display: staticcontent_sol[\r][\n]"
2020-12-30 20:35:53,266 DEBUG [main] wire:73 -  << "X-Middleton-Response: 200[\r][\n]"
2020-12-30 20:35:53,267 DEBUG [main] wire:73 -  << "X-Ratelimit-Limit: 60[\r][\n]"
2020-12-30 20:35:53,268 DEBUG [main] wire:73 -  << "X-Ratelimit-Remaining: 58[\r][\n]"
2020-12-30 20:35:53,269 DEBUG [main] wire:73 -  << "X-Sol: pub_site[\r][\n]"
2020-12-30 20:35:53,269 DEBUG [main] wire:73 -  << "Content-Length: 179[\r][\n]"
2020-12-30 20:35:53,270 DEBUG [main] wire:73 -  << "[\r][\n]"
2020-12-30 20:35:53,273 DEBUG [main] DefaultClientConnection:259 - Receiving response: HTTP/1.1 200 OK
2020-12-30 20:35:53,275 DEBUG [main] headers:262 - << HTTP/1.1 200 OK
2020-12-30 20:35:53,275 DEBUG [main] headers:265 - << Cache-Control: no-cache, private, max-age=31536000
2020-12-30 20:35:53,276 DEBUG [main] headers:265 - << Content-Type: application/json
2020-12-30 20:35:53,276 DEBUG [main] headers:265 - << Date: Wed, 30 Dec 2020 15:05:53 GMT
2020-12-30 20:35:53,277 DEBUG [main] headers:265 - << Display: staticcontent_sol
2020-12-30 20:35:53,277 DEBUG [main] headers:265 - << Expires: Thu, 30 Dec 2021 15:05:52 GMT
2020-12-30 20:35:53,278 DEBUG [main] headers:265 - << Host-Header: c2hhcmVkLmJsdWVob3N0LmNvbQ==
2020-12-30 20:35:53,279 DEBUG [main] headers:265 - << Referrer-Policy: 
2020-12-30 20:35:53,279 DEBUG [main] headers:265 - << Response: 200
2020-12-30 20:35:53,280 DEBUG [main] headers:265 - << Server: nginx/1.16.0
2020-12-30 20:35:53,280 DEBUG [main] headers:265 - << Vary: Accept-Encoding
2020-12-30 20:35:53,280 DEBUG [main] headers:265 - << Vary: Accept-Encoding,User-Agent,Origin
2020-12-30 20:35:53,281 DEBUG [main] headers:265 - << X-Ezoic-Cdn: Miss
2020-12-30 20:35:53,281 DEBUG [main] headers:265 - << X-Middleton-Display: staticcontent_sol
2020-12-30 20:35:53,281 DEBUG [main] headers:265 - << X-Middleton-Response: 200
2020-12-30 20:35:53,282 DEBUG [main] headers:265 - << X-Ratelimit-Limit: 60
2020-12-30 20:35:53,282 DEBUG [main] headers:265 - << X-Ratelimit-Remaining: 58
2020-12-30 20:35:53,282 DEBUG [main] headers:265 - << X-Sol: pub_site
2020-12-30 20:35:53,282 DEBUG [main] headers:265 - << Content-Length: 179
2020-12-30 20:35:53,301 DEBUG [main] DefaultHttpClient:509 - Connection can be kept alive indefinitely
2020-12-30 20:35:53,362 DEBUG [main] RequestSpecificationImpl$RestAssuredHttpBuilder:545 - Parsing response as: application/json
2020-12-30 20:35:53,363 DEBUG [main] RequestSpecificationImpl$RestAssuredHttpBuilder:548 - Parsed data to instance of: class org.apache.http.conn.EofSensorInputStream
2020-12-30 20:35:53,380  INFO [main] Usercheck:35 - request sent successfully
2020-12-30 20:35:53,387 DEBUG [main] wire:87 -  << "{"status":"success","data":{"id":1,"employee_name":"Tiger Nixon","employee_salary":320800,"employee_age":61,"profile_image":""},"message":"Successfully! Record has been fetched."}"
2020-12-30 20:35:53,388 DEBUG [main] BasicClientConnectionManager:200 - Releasing connection org.apache.http.impl.conn.ManagedClientConnectionImpl@94f6bfb
2020-12-30 20:35:53,388 DEBUG [main] BasicClientConnectionManager:225 - Connection can be kept alive indefinitely
2020-12-30 20:35:53,420 DEBUG [main] BasicClientConnectionManager:161 - Get connection for route {}->http://dummy.restapiexample.com:80
2020-12-30 20:35:53,420 DEBUG [main] DefaultClientConnectionOperator:177 - Connecting to dummy.restapiexample.com:80
2020-12-30 20:35:53,453 DEBUG [main] RequestAddCookies:123 - CookieSpec selected: ignoreCookies
2020-12-30 20:35:53,454 DEBUG [main] RequestAuthCache:77 - Auth cache not set in the context
2020-12-30 20:35:53,454 DEBUG [main] RequestTargetAuthentication:80 - Target auth state: UNCHALLENGED
2020-12-30 20:35:53,454 DEBUG [main] RequestProxyAuthentication:89 - Proxy auth state: UNCHALLENGED
2020-12-30 20:35:53,454 DEBUG [main] DefaultHttpClient:682 - Attempt 1 to execute request
2020-12-30 20:35:53,455 DEBUG [main] DefaultClientConnection:274 - Sending request: GET /api/v1/employee/2 HTTP/1.1
2020-12-30 20:35:53,455 DEBUG [main] wire:73 -  >> "GET /api/v1/employee/2 HTTP/1.1[\r][\n]"
2020-12-30 20:35:53,456 DEBUG [main] wire:73 -  >> "Content-Type: application/json; charset=UTF-8[\r][\n]"
2020-12-30 20:35:53,456 DEBUG [main] wire:73 -  >> "Accept: */*[\r][\n]"
2020-12-30 20:35:53,457 DEBUG [main] wire:73 -  >> "Host: dummy.restapiexample.com[\r][\n]"
2020-12-30 20:35:53,457 DEBUG [main] wire:73 -  >> "Connection: Keep-Alive[\r][\n]"
2020-12-30 20:35:53,458 DEBUG [main] wire:73 -  >> "User-Agent: Apache-HttpClient/4.5.3 (Java/1.8.0_251)[\r][\n]"
2020-12-30 20:35:53,458 DEBUG [main] wire:73 -  >> "Accept-Encoding: gzip,deflate[\r][\n]"
2020-12-30 20:35:53,458 DEBUG [main] wire:73 -  >> "[\r][\n]"
2020-12-30 20:35:53,459 DEBUG [main] headers:278 - >> GET /api/v1/employee/2 HTTP/1.1
2020-12-30 20:35:53,459 DEBUG [main] headers:281 - >> Content-Type: application/json; charset=UTF-8
2020-12-30 20:35:53,459 DEBUG [main] headers:281 - >> Accept: */*
2020-12-30 20:35:53,460 DEBUG [main] headers:281 - >> Host: dummy.restapiexample.com
2020-12-30 20:35:53,460 DEBUG [main] headers:281 - >> Connection: Keep-Alive
2020-12-30 20:35:53,460 DEBUG [main] headers:281 - >> User-Agent: Apache-HttpClient/4.5.3 (Java/1.8.0_251)
2020-12-30 20:35:53,460 DEBUG [main] headers:281 - >> Accept-Encoding: gzip,deflate
2020-12-30 20:35:54,410 DEBUG [main] wire:73 -  << "HTTP/1.1 429 Too Many Requests[\r][\n]"
2020-12-30 20:35:54,412 DEBUG [main] wire:73 -  << "Content-Encoding: gzip[\r][\n]"
2020-12-30 20:35:54,413 DEBUG [main] wire:73 -  << "Content-Type: text/html; charset=UTF-8[\r][\n]"
2020-12-30 20:35:54,414 DEBUG [main] wire:73 -  << "Date: Wed, 30 Dec 2020 15:05:54 GMT[\r][\n]"
2020-12-30 20:35:54,415 DEBUG [main] wire:73 -  << "Display: staticcontent_sol[\r][\n]"
2020-12-30 20:35:54,416 DEBUG [main] wire:73 -  << "Expires: Tue, 29 Dec 2020 15:05:54 GMT[\r][\n]"
2020-12-30 20:35:54,416 DEBUG [main] wire:73 -  << "Host-Header: c2hhcmVkLmJsdWVob3N0LmNvbQ==[\r][\n]"
2020-12-30 20:35:54,417 DEBUG [main] wire:73 -  << "Pagespeed: off[\r][\n]"
2020-12-30 20:35:54,418 DEBUG [main] wire:73 -  << "Referrer-Policy: [\r][\n]"
2020-12-30 20:35:54,419 DEBUG [main] wire:73 -  << "Response: 429[\r][\n]"
2020-12-30 20:35:54,420 DEBUG [main] wire:73 -  << "Retry-After: 59[\r][\n]"
2020-12-30 20:35:54,421 DEBUG [main] wire:73 -  << "Server: nginx/1.16.0[\r][\n]"
2020-12-30 20:35:54,422 DEBUG [main] wire:73 -  << "Vary: Accept-Encoding[\r][\n]"
2020-12-30 20:35:54,423 DEBUG [main] wire:73 -  << "Vary: Accept-Encoding,User-Agent,Origin[\r][\n]"
2020-12-30 20:35:54,424 DEBUG [main] wire:73 -  << "X-Ezoic-Cdn: Miss[\r][\n]"
2020-12-30 20:35:54,425 DEBUG [main] wire:73 -  << "X-Middleton-Display: staticcontent_sol[\r][\n]"
2020-12-30 20:35:54,425 DEBUG [main] wire:73 -  << "X-Middleton-Response: 429[\r][\n]"
2020-12-30 20:35:54,426 DEBUG [main] wire:73 -  << "X-Ratelimit-Limit: 60[\r][\n]"
2020-12-30 20:35:54,426 DEBUG [main] wire:73 -  << "X-Ratelimit-Remaining: 57[\r][\n]"
2020-12-30 20:35:54,427 DEBUG [main] wire:73 -  << "X-Ratelimit-Reset: 1609340813[\r][\n]"
2020-12-30 20:35:54,428 DEBUG [main] wire:73 -  << "X-Sol: pub_site[\r][\n]"
2020-12-30 20:35:54,429 DEBUG [main] wire:73 -  << "Transfer-Encoding: chunked[\r][\n]"
2020-12-30 20:35:54,430 DEBUG [main] wire:73 -  << "[\r][\n]"
2020-12-30 20:35:54,431 DEBUG [main] DefaultClientConnection:259 - Receiving response: HTTP/1.1 429 Too Many Requests
2020-12-30 20:35:54,431 DEBUG [main] headers:262 - << HTTP/1.1 429 Too Many Requests
2020-12-30 20:35:54,432 DEBUG [main] headers:265 - << Content-Encoding: gzip
2020-12-30 20:35:54,433 DEBUG [main] headers:265 - << Content-Type: text/html; charset=UTF-8
2020-12-30 20:35:54,434 DEBUG [main] headers:265 - << Date: Wed, 30 Dec 2020 15:05:54 GMT
2020-12-30 20:35:54,435 DEBUG [main] headers:265 - << Display: staticcontent_sol
2020-12-30 20:35:54,435 DEBUG [main] headers:265 - << Expires: Tue, 29 Dec 2020 15:05:54 GMT
2020-12-30 20:35:54,435 DEBUG [main] headers:265 - << Host-Header: c2hhcmVkLmJsdWVob3N0LmNvbQ==
2020-12-30 20:35:54,436 DEBUG [main] headers:265 - << Pagespeed: off
2020-12-30 20:35:54,436 DEBUG [main] headers:265 - << Referrer-Policy: 
2020-12-30 20:35:54,437 DEBUG [main] headers:265 - << Response: 429
2020-12-30 20:35:54,437 DEBUG [main] headers:265 - << Retry-After: 59
2020-12-30 20:35:54,438 DEBUG [main] headers:265 - << Server: nginx/1.16.0
2020-12-30 20:35:54,438 DEBUG [main] headers:265 - << Vary: Accept-Encoding
2020-12-30 20:35:54,439 DEBUG [main] headers:265 - << Vary: Accept-Encoding,User-Agent,Origin
2020-12-30 20:35:54,439 DEBUG [main] headers:265 - << X-Ezoic-Cdn: Miss
2020-12-30 20:35:54,440 DEBUG [main] headers:265 - << X-Middleton-Display: staticcontent_sol
2020-12-30 20:35:54,440 DEBUG [main] headers:265 - << X-Middleton-Response: 429
2020-12-30 20:35:54,440 DEBUG [main] headers:265 - << X-Ratelimit-Limit: 60
2020-12-30 20:35:54,441 DEBUG [main] headers:265 - << X-Ratelimit-Remaining: 57
2020-12-30 20:35:54,441 DEBUG [main] headers:265 - << X-Ratelimit-Reset: 1609340813
2020-12-30 20:35:54,442 DEBUG [main] headers:265 - << X-Sol: pub_site
2020-12-30 20:35:54,442 DEBUG [main] headers:265 - << Transfer-Encoding: chunked
2020-12-30 20:35:54,450 DEBUG [main] DefaultHttpClient:509 - Connection can be kept alive indefinitely
2020-12-30 20:35:54,451 DEBUG [main] RequestSpecificationImpl$RestAssuredHttpBuilder:545 - Parsing response as: text/html; charset=UTF-8
2020-12-30 20:35:54,452 DEBUG [main] wire:73 -  << "800[\r][\n]"
2020-12-30 20:35:54,453 DEBUG [main] wire:73 -  << "[0x1f][0x8b][0x8][0x0][0x0][0x0][0x0][0x0][0x0][0xff][0xc4]|}s[0xdb]6[0xf2][0xf0][0xdf][0xf5][0xa7][0xa0][0xf1][0x9b]1[0xc9][0x8a][0xa2]%[0xbf][0xa5][0xa1]B{[0x92][0xd8][0xbd][0xf3]s[0xbd][0xb4][0x93]8[0xd7][0xb9][0xc7][0xe3][0x87][0x3][0x91]K[0x9][0x9]E[0xb0][0x0]$E[0xb1][0xf5][0xdd][0x9f][0x1][0xc0]wR[0xb6][0x93][0xf6]w[0x97]v$r[0xb1][0xd8]],[0xf6][\r]K[0xca][0xaf][0xf6]/}{[0xf3][0xef][0xdf][0xae][0x8c][0xb9]X$[0xe7]{[0xaf][0xe4][0x97][0x91][0xe0]t[0xe6]#H[0xd1][0xf9][0x9e]a[0x18][0xc6][0xab]9[0xe0][0xe8][0xfc][0xd5][0x2][0x4]6[0xc2]9f[0x1c][0x84][0x8f][0x96]"[0x1e][0xfe][0x84][0xce][0xf7]^[0xf1][0x90][0x91]L[0x18][0x11][0x16]x[0x8]_y[0xc8][0xe0][0x8b]o[0xc6]8[0xe1]`j`[0x18]c[0xbe]I[0xc3]&0[0xc3]3[0xe0][0x19]@4L[0xe9]0[0x82][0x18][0xd8][0xf9][\n]"
2020-12-30 20:35:54,454 DEBUG [main] wire:73 -  << "3#[0x8][0xe0][0xab]/?[0x1e][0x1e][0xee][0xb7][0x13]y[0xe1]r[0xb1][0xe0][0xfe]%[0x16][0xe0][0xa6]tm[0xd9][0x1a][0x8]+[0xe1][0x97][0x8]J[0x80][0xf2]6[0xfc][0xec][0xe7][0xdf][0x15][\r][0x1][0x8b],[0xc1][0x2][0xfc]6[0xc0]%[0xfc]WFf[0xbe][0x12]M[0xf][0xfd][0xb1][0x84]%[0xf8]V[0xbc]LCAhj[0xd9][0xf7]R[0xb0][0x90].S[0xe1][0x8f][0x1c][0x92][0x86]L~[0x9]Xp[0xff][0xf6][0xce][0x11]d[0x1][0x97][0x90][0xe0][0xcd][0xcf][0x84]A[0xa4][0xe9]8[0xf3][0xec][0xba][0x18]O[0xaa]K[0x9c]$t[0xfd][0xb][0xc5][0x91]/[0xd8][0x12]&[0x92]*[0x9d]~[0xf2][0xef]%'[0xaf]d[0x97][0xe2][0x5]8[0xf2][0xee][0x9d][0xbc][0xc8]0[0xc3][0xb][0x10][0xc0][0xb8]C[0xf8][0x9b][0x84][0x86][0x9f][0x9d][0xa9][0xfc][0x84][0xe8][0xcd][0xc6][0x89] [0x1][0x1][0xbf][0xcf]!}K[0x17][0x99][0xbc]v2FC[0x80][0xe8]:[0xbe]b[0x8c]2-:[0x87]$[0xf6][0xc5][0x9c][0xf0][0x89][0xfc]p%[0x3]_~[0xe8][0xdb][0x82][0x95]_\hp[0xc5][0xd8][0xaf]][0xfa]~[0xba]L[0x92][0xb][0xf9][0xe1]Y[0x15][0xdc] )[0x17]8[\r][0x81][0xc6][0xc6]k[0xc6][0xf0][0xc6][0xbe][0xa8][0x6][0xbd][0xdb][0xea][0xfa]N[0x13][0xcf][0x97][0xe2][0xe7][0xdf][0x1a]X[0xae][0xcb]/[0xaf][0xf4]@w[0x99]~[0x17]T[0x10]V[0xeb][0xce][0xb7]3[0x7][0x95][0xb3][0x1a][0xd0][0xeb][0x94][0x8][0x82][0x13][0xf2][0xb5][0xd8][0xb5]|[0xdd][\r][0x5][0xfa][0xcd][0xdb]b[0xee]M[0xb1][0xe9][0x9d][0x99][0x9c][0xfb]5[0xc3]I[0xe8][0xcc]B[0xae][0xeb][0x1a][0x12]f[0xf8][0x6][0x1a]H[0xbd][0xdb][0x13][0xb9]#-[0x11][0x94]I[0xe4][0xf0]R`[0x5]l[0x10]qq[0x96]%[0x1b][0xaf][0xa4]$[0xf7]W[0xc2][0xb9][0xaf][0xe6][0x16]{[0xe8][0xf2],![0xc2]2][0xb3]BQ[7![0xb1][0xb2]l[0xee]&[0x90][0xce][0xc4][0xfc][0xfc][0xd8][0xbe][0xdf]B[0xc2][0xc1]h[\r][0xf8][0xbe]l+[0xd3][0xf4][0xd7]$[0x8d][0xe8][0xfa]V[0x8d][0xde][0x8e][0xee][0xee][0xf2][0xab]qyutw7[0xd9]E[0xe4][0xe8]I"zj[0x3][0xab][0xb1][0x96][0xbb][0xc9]v[0x8f][0xc4][0x96][0xd8]d[0xd2][0xbc]$t[0xdf][0xf7][0xcd]e[0x1a]ALR[0x88][0xcc][0x83][0x83][0x1c]&[0xd7][0xa7][0xb9]i-Y[0x12][0xe0][0xb4][0xac][0xd9][0xd6][0xd4][0x14][0x87][0x1e][0xc3][0xf2][0x95][0xce]m=b(/[0xbf]M[0x95][0x10][0xc5][0xa4][0xc2]vsL[0xbd][0xc7]C[0xf9][0xcf][0xf8][0xd9][0xbc][0x94];[0xa3][0xd0][0xf4][0xf6][0xe4]6[0xf1]:I,{[0xb2][0xdd]n[0x9d][0x98]$[0xd0][0xf2][0xf5][0xc][0x8b]y[0x8f]s[0xab][0x98][0xe9][0xa8][0xc8][0xf8][0x1d]^-[0x89][0xfa][0xf2]C[0xdf][0xea][0x0][0xac]>[0xb][0x9f][0x8a][0x81][0xf9][0xea][0xf3]{\r[0xa7][0xfb]<[0xdb][0x1][0xff]R?[0xdb][0xe5]O[0x95][0xeb][0x90][0x4]j[0xfe][0xa7][0xf4][0x17]2?[0xa2][0xe1]r[0x1][0xa9]pC[0x6]X[0xc0]U[0x2][0xf2][0xce]2uF1[0xed][0x9][0xf][0x99][0xcb]Y[0xa8]5IbK[0xeb]1[0xdf]z9[0xa8][0x1][0x8a]Y[0xe1][0x0]Z[0xb5]5[0x1c][\r][0xd0][0xe][0x1e]2[0x97][0xa6][0xa0]U[0xd4][0x8a][0x13][0xda][0x86][0xae][0xde][0xbf][0xef]XQ[0xbe]<[0xad])Eg[0x97]1[0xb6][0xec]-[0xe7][0xc7][0x0]G[0x1b].[0xb0][0x80]p[0x8e][0xd3][0x19][0xf8][0x1a][0x9c][0xc8]T[0xd4]Js[\n]"
2020-12-30 20:35:54,455 DEBUG [main] wire:73 -  << "K[0x8d][0xab]I[0x1f][0xe4][0xed][0xe4]Q[0x13]'[0xb1]e[0xed][0xab]i[0xf][0xf][0x87][0x92]$D[0xf]a[0xbe][0xe1][0x87][0xae][0x0].,5j[0xdb][0xe5]>5[0xe3][0xdb]3[0xd7][0xb2][0x9d][0x94][0xbb]5[0x3][0x91]o[0x15][0xb3][0xb9][0xc1]3[0x19]%,S[0x16])[0xa6]};[0xba][0x93][0xde][0xf]i[0xf4]vN[0x92][0xc8][0xe2]![0xd3][0xb3][0x8b][0x85][0x1a]$%[0xc2][0xb2][0xef]u[0xa8]qq[0x14]][0xad] [0x15][0xbf][0x10]. [0x5]f![0xb9][0x6][0xe4]4[0xac]KHC[0xa4]KQ/[\n]"
2020-12-30 20:35:54,455 DEBUG [main] wire:73 -  << "Z[0x89][0xbf][0xb4]7[0xf3][0xe6][0xf2][0xea][0x97][0xd7][0xff]6[0x94][0xbe][0xcc]v[0x8]pNG[0xa3][0x91][0xfc]V[0x6]-[0x83]Q)[0x17][0x8e][0xa2][0x9f]I[0x2][0xdf][0x19][0x14][0x9c][0x8c][0x11][0xca][0x88][0xd8][0xe8]}[0x94][0x91][0xcb]Oa-+[0xc]7[0xfe]~[0xb2]j[0xb][0xd2][0xe5][0xd6][0xe4][0xf5][0x8d][0x8e][0x8c][0xbe][0xe4][0xa5]cx[0xd2][0x85][0xef][0x91][0x16]d[0x12][0xce]![0xfc]|[0x1d][0xbf][0xd1][0xdc]-[0x9]k[0xe8][0x81][0x83](+%[0x8b][0x83][0x10]tJib[0xdf]W[0xe5]S[0x9]lio[0x99][0x86]U[0xf9][0xf4]x[0xe9][0x84][0x97][0x82]^[0xab]5?QB[0xd5][0xf4]*[0xfd]_O+[0x14]Q[0x6][0xdd][0x1][\n]"
2020-12-30 20:35:54,455 DEBUG [main] wire:73 -  << "[0xd0]@[0x96][0x86][0x83][0xc1][0xa4][0xab][0xfe]o[0x90][0xeb][0xe9][0x92][0xee]?[0xbf]!8[0x8a]n*c[0xaf][0x9b][0xd2][0xd3][0xb6][0xa6][0xeb][0xe1][0xdb][0xbb][0xfc]B*[0x99]'rZ#[0xc6][0x97].[0xa4]4j[0x1a]2p[0x9b][0x3][0xd3][0xf8][0xf9][0xfa][0x97][0xab]}C[0xbb][0x95]iO[0xba]k[0x9a][0xfc][0xb9]%[0xed][0xda][0x9e][0xbe][0xd5][0xed][0xdc][0xca]r[0xa1]r[0x15][0xdf][0xbc][0xc2][0x8f][0xef][0xde][0xde]\[0xff][0xfa][0xee]/^e[0xdf][0xb8][0xb4][0xe2][0xdc][0xec][\n]"
2020-12-30 20:35:54,456 DEBUG [main] wire:73 -  << "PnE[0xf][0xf][0x95][0x87][0xe9]|k3[0x10]K[0x96][0xea]u[0xe4]q[0xcc]jphQR[0xc4][0xdb][0x8b][0xd6][0xd4][0xf][0xe]Z[0x1][0xb3][0xe0][0xa1][0x92][0x9f][0x9a][0xa4][0x1d][0xc9][0xc8][0x9d][0xc1][0xf0][0x8d][0x9b][0xeb]^[0x19]J![0xfb][0xc8][0x9e]ha[0xc][0xa5]CU[0xc3][0xa9]I[0xa5][0xeb]t[0xcf] [0xf7]1e[0x96][0xda]B4![0xaf][0x9a][0xe8]y[0x85]:![0x83][0x81][0xde][0xe7][0xa9].[0x1a]H[0xb7]D[0xd5]}J[0xf1][0xee][0x1c][0xf3]_[0xd7][0xe9]o[0x8c]f[0xc0][0xc4][0xc6]RH[0xf6]s[0x96][0x81][0x6][0x1a][0xb7][0xb9][0x82][0xa2]\[0xa8][0x94][UC[0x85][0xca][0xf4][0x8e][0xab][0xd9]we[0x1]P[0xf8]|NMWF[\r]r[0xb5])[0xb5][0xc2][0xf6];[0xe5][0xdc]n[0xf7][0x9a][0x9c][0xaa][0xdd][0x97][0xa4][0x16]|[0xa6][0xf5]7g[0x10][0xe7][0xf5][0xbb][0x9b][0xd0][0x10]K[0xc]W[0x2]U@d0SN[0xf4][0x1e]fW_2[0xcb][0xbc][0xbd]8[0xb8][0x83][0xaf][0xf8][0xd6][0xed][0xff];[0xf8][0x9f][0xbb][0x1f]m[0xd3]1I~V[0xe1][0x82][0x91]t[0xe6]3[0x98][0xb9][0xf0][0x5]BK[0xd2][0xb0]s"[0xdc][0xd7][0xa3][0x17][0xfa][0xeb]v|[0xe7][0x15][0xa7][0x1a]9[0xe8][0xfb]h[0x8c][0xec][0x90][0xa6][0x9c]&[0xe0]F0]j[0x1][0xeb]B[0xd7][0xf3][0xf1][0xbd]:[0xd5][0xf][0x6]r[0xbe][0xba]<?[0x1a][0x8d][\n]"
2020-12-30 20:35:54,456 DEBUG [main] wire:73 -  << "[0xab]WUO[0x2][0xc2][0xe4][0xc6][0x8c][0xa2]2[0x91]+[0xb7][0xb4][0xf2][0x80][0xdb][0x82]&[0x5][0xb4][0xcb]/G \[0xd4][0xec][0xd2] [0xa9][0xa1]A$Vcm##[0x95][0x81][0x85]4[0x15]$[0xcd][0xfb][0x6]*([0xc9][0x9]5[0xb]m[0xee][0xb6][0xf6][0xe8][0x96]><[0xe4][0x88][0xf5]J[0xb9][0xc4][0xd5]CM#[0xab]h7[0xe1]M+2=C[0xd5][0xb4][0xa6][0xdd]4[0xeb][0x8e]D=[0x13][0x8b]Z[0xd1][0xc0][0x89]*9[0xbb]4[0xba][0xc2][0xf6][0x90]![0x15]R[0x8d][0x92][0xce][0x82][0xed][0xf8][0xb5][0xdd][0xee][0xe9]"0[0xb7][0xf4][0xfb][0xbc][0xf4][0xf2][0xf2]o[0x7]GQ[0x99][0xed][0xbc]v[0xfa]s[0xf2]R[0xc3][0xcb][0xbf]+[0xec][0x1c][0xd8][0xc8],[0xba]S[0xe4][0xa9]O[0xa7][0xb2]=[0xaf][0xba]t[0xea][0x5][0x8f]W[0xbf][0xd9]N[0xb6]v[0xad][0xe1]%k[0xd5][0xaa]^[0x7]G8[0xa9]}[0xf][0x9d][\n]"
2020-12-30 20:35:54,457 DEBUG [main] wire:73 -  << "[0xf6][0xa2][0xb][0xb2][0x84][0x93]:[0xfb]c[0xdb][0x3][0x17][0xb][0x81][0xc3][0xb9][0x1a][0xbd]h[0xdc]Y[0x88][0xa6]h izp[0xab][0xaf][0xef][0xfc][0xd4][0xb2][0xb7]N[0xc9][0x9f][0xc1][0x82][0xae][0xa0]G[0x4]=[0xd0][0x96][0xa2][0x7]Z[0x13]$[0x82][0xba] [0xb5][0xbb][0x9a] [0xf9]1[0xbc][0x94][0xa7][0xd1][0xf0]k[0xa9]CG![0xb1][0xeb]L[0x87][0xf4]$dO[0x84]:[0xd1][0x81]#[0xf2][0xc3][0xdb][0xfe][0xc8][0x11][0xae][0xd8]d[0xe0]#[0x1]_[0xc4][0xe1]'[0xbc][0xc2]9[0xb2][0xf3][0xf8][0x91][0x3][0xc9]#[0x7][0xea][0x1c]9[0x84][0xbd][0xad]u[0x12][0xdd][0xa2][0xae]7[0xf]#[0x10][0x8c][0x12][0x11][0xce]I[0x88]g[0xf4]pJ[0x9][0x7][0xf7][0x13]7[0x1d]c[0xe7][0xd8][0xc5],[0x9c][0xfa][0xe3][0x97][0xe3][0xe1][0xd9][0x81][0xbc]0[0x1d][0x1d][0x85][0x1d][0xe3][0xf6][0xce]Q[0x1][0xba][0x4][0xd4]nr[0x93][0x89]h[0xd5][0x14]}B[0x94][0x5],2y[0xb6][0xee][0x17][0xa6][0x1a]m[0x8a]s[0xf4]M[0xe2]<%[0x2]IS[0xc0][0x19]Mv[0x8b][0xd1][0xc0][0xf8]3[0x9a]YA[0xd6]i[0xf0]f[0xe4][0xb]$[0xaa]O[0x9b]}[0xf9][0xf8][0xfe][0x17][0x1f][0xb5][0xd9][0xcf][0x18][0xce] fK"[0xdc][0x19][0x89]Qu[0xa0]|[0x1d]E[0xbf][0xc9][0xc9][0xd6][0xea][0xfa][0xd2]Qd.[0xb1][0xc0]*v[0x16][0xfb][0xe0][0x12]~[0xa9][0xdb]U[0x12][0xc9]>8[0xa8][\r][0xfc][0xb]'$[0xb2][0xaa]y[0xf6][0xbd][0x16][0xc5][0xcd][0x96]|n[0xdd]K[0xcb][0xf4][0xcc][0x15][0x89][0x80][0x9a][0x8e][0xfa][\n]"
2020-12-30 20:35:54,457 DEBUG [main] wire:87 -  << "[0xc8]"c[0xc0]9[0xa1]i@"Or[0x8d][0xe8][0x2][0x13]uW[0x12][0x9e][0x81][0xb8][0xbc][0xbe][0xb4]lG[0x4][0x90][0xd1]p[0xde][0x18][0xb9][0x92][0x10]kd;[0x11][0x16][0xb8][0x1a][0x91]w7[0xf4][0x83]`5q[0xb6]2`V[0xe9]L[0x16]o[0x96]Z[[0xde][0x90]+]dE8[0x99][0x92][0x84][0x8][0xdd]5h7[0xe9]v[0xe1][0xc9][0xa4][0x9d]1`[0x90]F[0xc0]PQ[0xd6][0xe8]"
2020-12-30 20:35:54,458 DEBUG [main] wire:73 -  << "[\r][\n]"
2020-12-30 20:35:54,458 DEBUG [main] wire:73 -  << "800[\r][\n]"
2020-12-30 20:35:54,458 DEBUG [main] wire:73 -  << "[\n]"
2020-12-30 20:35:54,459 DEBUG [main] wire:73 -  << "[0xaf]G}Z7[0xf6][0xc1]A[0xae][0xa4][0xbc][0x8d]9[0xb2][0xef][0xd7]siW[0x1d][0xb0][0xdc][0xdb]O[0xfe][0xa9][0xcc][0x92][0x9f][0xce][0x1b][0xa3][0xf6][0xfd]'[0xbf][0x1][0x98]l[0xf7][0x94]%,[0xf9][0xfc]7m[\r][0xf9]0[0xcf][0x12][0x12][0x82]5r>[0xd9][0x13]K[0x96]1[0xd7][0xb]<[0x3][0xcb][0xb6]U([0xa9]+[0xf6][0xe3][0xfb]_,e?[0xf6][0x0]]PFf>[0x1a]X[0xbd]O[0x1c]t&[0xbb][0x18]{#{[0x80][0xe]V>[0x1a]L[0x5][0xc5][0xd6][0xff][0xf9][0xf0][0xeb];WW7$[0xde]X[0x95],[0xb6][0xda][0x87][0xd2]J'EYv[0xff]:[0x8a][0xbc][0xc2][0x4][0x1d][0xb9]=[0x9e][0xfc][0xc8]s[0xc7][0xab]C[0x1d][0xca][0xce][0xff][0xba][0xc7]4j5[0x19]$[0xcf][0xf0][0xa0][0x8c][0xb2]L[0x6]2[0x9c][0x8a]C[0xcc][0x16][0x9b][0xae][0xe3][0xbc]N#)[0xad][0xf6][0x1f][0x1c]}H[0xa8][0xa8][0xbb]P[0xe9]Z[0xed]!gT[0xfc]gO[0xb4]I[0xd6]k[0xae][0x8a][0xb0]T[0xf5][0x9f] [0x9e][0x1f][0xe4][0xba][0x1c][0xfe][0x6][0xe2][0xed][0x92]1H[0x85][0xde][0x1d][0xab][0xac][0xc7][0xb5][0x16]Z[0xd2][0xec][0xe0][0xc3]`[0x5][0xe9][0x12][0x1c][0xe0]"([0xae][0xa7]$[\n]"
2020-12-30 20:35:54,459 DEBUG [main] wire:73 -  << "[0xe2][0x84]R[0x16][0xc4]$I [0xaa][0x1]2[0x6]+[0x87][0xb],[0x2]N[0x97],[0x84][0x80]D[0x8e][0xb6]&[0xe5][0x90][0xfb]=[0xee][0xa2]Y[0xda][0xf][0xf][0xb5][0xb1][0xd7][0xe9][0xa6]9,[\r]W~[0xe7][0x19][0xee]:rrx[0x9][0xb0][0xcb][0xe3]C[0xe9][0x9e]r[0xc7]q[0x14]d[0x94][0x13][0xa1]#[0x91][0x9f]a[0xc6][0xe1]:[0x15]V[0xdd]#n0[0x9b][0x81] [0xe9][0xac]X[0xbe][0x89]3[0xd3][0xd6][0x5]=Yd[0xd7]Q[0xc3]$[0xc6][0xf5][0xf5]e![0xb7][0x83][0xa3][0x8f])[0x11][\r][0x94][0xd7][\n]"
2020-12-30 20:35:54,459 DEBUG [main] wire:73 -  << "TP[0xcb][0xd7]?[0xd1][0xcf][0xe8][0x14][0xbd][0xe7][0x89][0x81]$6[0x89]P.JBR[0x90]5[0xfa]u[0xe4][0x8f]41Y>[0x90][0x15][0x94][0x0][0xf8]J[0x16]r[0xd7]|[0x19]?[0xf3][0xeb]B[0xce]I[0x15][0xf]K4[0xdf][0xa4][0xd3]O[0x10][\n]"
2020-12-30 20:35:54,459 DEBUG [main] wire:73 -  << "SmN[0x1]v[0xb][0xba][0x1][0x89][0xf6]}[0xbf][0x8c][0x90][0xf6]}[0x8d]a[0x1f][0xb2][0x8e][0x88][0xe5][0x88][0x94]7[0x90]Ue[0x87]Nm%[0xbd][0xd8]2[0x8c][0xf4][0xc7]V[0xb5][0x1d][0xb9][0xca][0xbf]=G[0xa1]*-![0xa7][0x99][0xa2]4[0xe1][0xc7][0x92][0xd4]2%[0xc2][0xd3][0x9c][0x1f]OX[0xb9][0x9b]x=[0xae][0xe3][0xd5][0xdd][0xa8]f[0x9a]^[0xd3]L[0xe5][0x10]'_[0xc1]C[0xa8][0xe3]l[0xde][0x13][0xde][0xe7]=[0xea][0x8c]^[0xcb]7[0xd5][0x91][0x92]m[0x82][0x90]F[0xd0]X[0xcd][0xdb][0xb7][0x96][0xed][0xc8][0xd0][0xba]"[0xb0]n+[0xe4][0xb7][0x1c]~[0x1d]Y[0xb6]#[0x8d]T"h[0xd3]v[0xea][0xfb][0xe8]U[0x1b][0xed][0xd4][0xec][0xc4][0xab][0xec][0xe8][0x19][0xd9][0xdd]!<[0x90]i[0xca][0xd3]~[0x94][0xc7][0x89]V[0xae]rZ5@[0x11][0xd0][0xde]l[0xae][0x95][0xd1][0xfc][0xbc]L[0x92][0xeb][0xa8][0x16][0xd7][0x8a][0xa0]$[0xdd]f[0x85][0x13][0xee][0x97]H[0xc5][0x83][0xc9]CS[0xf9]L[0xbf][0x11]jT[0xfb][0xe0]@[0xce][0xad]=[0x8f]|[0xc2]$uDR[0xf1]BN[0xbc][0x1d][0xdd]9:[0xc0][0xa8][0xbb][0xa3][0xbb][0xc9][0xcb]f[0x9f][0xb5][0xd3][0xd1]^[0xfd][0x87][0xcb][0xb5][0xa2]C[0xf8][0x8d][0xb5][0x9a][0xda][0xaa]$[0xc9][0xab][0xac][0xdb]|<&[0x89][0x0]V[0x95][0x15][\n]"
2020-12-30 20:35:54,460 DEBUG [main] wire:73 -  << "[0xdc]L[0xac]n[0xae][0x83][0xad][0xed]<g[0xd2]~k[0xd2][0xdd][0xa4][0xe4][0xea][0xc6][0x94]][0xe1]p[0xde][0x9a][0xc9][0x1f]-$[0xf3][0xda]M[0x8f][0xc9]s_N[0xf9][0xe1]A7[0xc7][0xfe][0xea]b[0xb3],[0xab]d=[0xf5]d[0x9d][0xd9][Yr[0xc1][0x9f]S[V[0x16][0x92][0xf7][0xf0][0x8][0xbd][0xc8][0xda]V[0xa1][0x80][0x7][0x7]M[0xcc][0x0][0xbe][0xe2]?[0xda][0x98][\n]"
2020-12-30 20:35:54,461 DEBUG [main] wire:73 -  << "[0xd8]ng[0xa1][0xd2][0x9d]P[0x91]B>[0xbe][0xff]e[0xe0][0xa3][0x3]ie"X.I[0xe4][0xa3][0x81][0x9a]{kV0S[0x96][0xbb][0xdd][0xc2][0xbb] 0[0xd9]n[0xed]fi\[0xda]O[0xae][0xae]9C [0x13]d[0x10][0xf9]>*EG[0xcd][0xc6]jQ[0xe7]H'Wo[0xc9]t+[0x91][0xdf][0xb0][0x98][0x17][0xb4]k[0xe1][0xcd][0xcd]hf[0xd5][0xf5]Z2+[0xb][0x3][0xa5]%[0x9]k[0xeb][0xa9][0xe2]g[0x97][0xe2][0xe4][0xa8][0xb7][0xd5][0x98]Zh[0xde]J[0x94][0x83][0xff][0x80][0x8d]AJ[0xc4][0xb2][0xea][0xf8][0x7]l:b[0xf9][0xbe]_[0xe3][0xd1]f[0x91][0xcf][0xba][0x9b]t{[0xbf]}g[0x8e][0xaa][0xda][0xf6]Z[0x15][0xbd][0xd3],[0xc4][0xbd][0x9e][0xba]\[0xa2][0xc8]<[0xe2][0xd5][0x93]Ju[0x8c]q[0xfe][0x6]y[0x85][0xed][0xb5]Kn[0xa7][0xde][0x1e]{[0xa2][0xb9][0xc0]p[0x2]d6[0xdf][0xd1]X[0xa8]F[0xff][0x17][0xfb][0x1b][0x2]/2[0xbc]C[0x80]b[0xec];{[0x1a][0xe5]![0xaf][0xff]e<[0xa4][0xd0][0x90][0xd1][0xdf][0xe3]j[0x1e][0xfe]r\[0xfd].[0x9e]tC[0xc3]7[0xee][0x11][0x8e][0x82][0x10][0x87]s[0x8][0x12]XA[0x82][0xbc][0x91][0xa3]@[0xb2][0xbc][0x9]p[0xf4]i[0xc9][0x85]L[0x15][0x5]<[0xc1]_7[0x9][0xc5]Q[0xb0][0x2][0xa6]2k[0x1][0xcf][0x9f][\n]"
2020-12-30 20:35:54,461 DEBUG [main] wire:73 -  << "[0x4]$[0xe2]HV_[0x12]([0x18]NyL[0xd9][0xa2]A[0xfb]KP[0xd0]W[0x80])[0x89]"`[0xc1][0x2][0xc4][0x9c]F[0xc8][0x1b][0x97][0x90][0x92][0xc3][0xb1][0x83]B"6[0xc8]C[0xff][0xa0][0xc9]g,0[0x92][0x5][0xbe]*[0xbf][0x90][0x87][0xae][0xdf]![0x7]Ex[0xc3][0x3]N[0xd2][0x10][0x82][0x4]s[0x11][0xa8][0xf0][0x82][0xbc][0xe1][0xd8]A[0x11][0xe1]Y[0x82]7M[0xa6]U[0xac][0xf2][0xc6][0xc7][0xc7]g/N[0x1c][0x14][0xf1][0x0]G[0xb2]v[0xc]h&[0xd4][0x88][0x9c][\r][0xe9][0xc][0xcf] [\n]"
2020-12-30 20:35:54,461 DEBUG [main] wire:73 -  << "[0x4]Y@Au[0xe4] [0xf8][0xda][0xd0][0xd9][0xb8][0x82][0xf0][0xcf]$SE[0xa1][0xc2]S[0x8b][0x8f]q(([0xd3][0xcc][0x1c][0x14]3[0xbc][0x80]5e[0x9f][0xb][0xc0][0x1c][0xf3]`[0x8a][0xa3][0x80][0xc8][0xf0][0xa7]f[0x15][0x90]5eR[0x9b]#[0x7][0x11]<[\r]B,`F[0xd5][0x9a][0x91][0x83][0x8][0xf]bF[0x17][0x1][0x83][0x90].[0x16]2cG[0x81]:[0xd0]#O[0x9b][0x91][0xc4][0xd0][0x1e][0xad][0xe5][0xa6][0xac]>[0xc2][0x89][0xd0]gE^[0xe9]L[0xce][0xe][0xd4][0xb][0x12][0x8a]A[0x9][0xcb][0xab][0x9b][0x1c]*:[0xd6][0xb2][0xc0]rG[0xb5][0x9c][0xb]i[0xfb][0xd5][0xf2]i&[0xc8][0x82]|[0xd5][0x96]Q[0xee][0xe7][0xd8]A[0x8a]W[0xad]t[0xcf]mF[0x81][0x15][0xbf]j[0xab]*[0x98][0x92]![0x8e][0xa6]8[0xc]O~[0x1a][0xc6]G/[0xe2][0xe1][0xc9][0xd9][0xc9][0xd9][0xf0][0xc5][0xe9][0x8][0xf]#x[0x19]b|z[0x1a][0x8f][0xa2][0xb1][0xa4]T[0x9c][0x9]8$[0x10][0xe6][0x96][0xa9][0xe9]Q.p[0x92][0xcb][0x88]^[0x8c]F[0xa3][0x93][0x91][0x9c][0xb0][\n]"
2020-12-30 20:35:54,461 DEBUG [main] wire:73 -  << "[0xe4][0xe9]B[0xd4]83[0xe0][0x19]M9[0xe8][0xcd][0x97][0x89][0x18]y?[0xbd]<r[0x10][0x7][0xb6][0x2][0xa6][0xc4][0x19][0x9f][0xba]G[0xa3][0x17][0xee][0xe9][0xa9];[0x1e][0x9f]x[0xe3][0xb3][0x17]c[0xc9]][0xbd][0x14][0x83]<[0xf4][0xfb][0x1b]y[0xb3][0x9c][0x6];[0xd6][0x9b]W[0x96][0xc8][0x1b][0x9f][0x8d]^[0x1e][0x9f][0x8c]^[0x9c][0x1e];[0xa8]([0xfa][\n]"
2020-12-30 20:35:54,462 DEBUG [main] wire:73 -  << "[0x81]5[0xf7]TmY[0xcd][0x4][0x97],A[0x1e][0x9a][0xb][0x91]y[0x87][0x87][0xd1]r[0xb1][0xd8][0xb8][0xc][0xb8][0xc0][0x19][0x81]/x[0x91]%[0xe0][0x86]tq[0x88]3r[0xb8][0x1a][0x1f]J[0x92]t[0x3]px[0x84][0x1c][0xb4][0xe4][0xc0][\n]"
2020-12-30 20:35:54,462 DEBUG [main] wire:87 -  << "[0xe2][0xd2][0xc4]jK^S[0xc6]Ei{[0xe5]&o'y[0xcc][0x90])[0xc4][0xf0][\r][0xf5]\[0xae][0x8]#B[0x85][0x91][0x1e][0x8f]z[0x8e][0xf1][0x97][0x6][0x16]i[0x8d][0x1d][0x8d][0x8e]F[0xc3][0xf1][0xd1][0xf0]x[0x84]j[0x83][0xdf][0xb2][0xf3]m[0xf5]}[0xbf][0x9e][0xaa][0x1a][0x5]y[0x8][0x87][0xd3][0xf8][0xe4][0xa7][0xf0]t8[0x86][0xa3][0x97][0xc3][0x93][0xe9][0xd9][0x8b][0xe1][0xe9][0x9][0x86]![0xe0][0xb3]S8=[0xb][0x8f][0xc2]x[0x8c][0xb6][0xdf][0xd2][0x93][0xeb][0xb6][0xdf][0xfa]{u[0xfd][0xa1][0xfd][0xbc]//Mq:[0x3]V$[0xa2]z[0x87][0xae][0x1c][0xb9]([0xb3][0xd0]t[0xe5][0xbf]<9X[0xf9][0xc7]g[0x7][0xf2][0xb0][0xf2]A[0x8a][0xe2][0xd3]86[0x8b][0xc][0xd4]IL[0xb5][0xfc][0xf4][0xec][0xc4][0xd4][0x9b][0x81][0xea][0xdd]E[0x12][[0xa8][0xb8]E[0xb2][0xbe]m[0xd4][0x9f]o[0x97]\[0xd0][0x85]zv[0x94][0x9f]G[0xf6][0xc7][0x93][0xee]X[0xf5][0xac](t[0xb0]}[0x8f]}[0xfc][0xf0]p?]N[0xa7][0x9]po[0xec][0x84]8[\r]![0xc1][0xd3][0x4][0xe4]][0x4][0x2][0x93]D=][0xd6][0x96]=[0xed]<Y[0xd2][0xf][0xab]j[0x1c][0x90]=[0x99][0xba]$%[0xa2][0x6][0x93][0xcc][0xdc][0x9c][0x8b][0x83][0xdd][0x8a][0x89][0x83]][0xcd][0xa3]|[0xde]>[0xdd]>[0xa3]e[0xfb][0xa8][0xce][0x9e]U[0x87],[0x13][0xbe][0xb3][0xe][0xc9][0xc7][0x9a]u[0xc8][0xe9][0xb7][0xd7]!F[0xfe][0xaf][0xbc][0xd0]?[0x1e]P[0xef]K![0xe9][0xae][0x19]e[0x2][0x19]!M[0x85][0xdc][0x19][0xb4]&[0x91][0x98][0xfb][0x11][0xac]H[0x8]Cu[0xe3][0x14]Ot[0x87]<[0xc4][0x9][0xf8]ct[0xbe]WQ[0x13]D$p~C[0xa9][0xf1]O[0x9c]n[0x8c][0xf7][0xf0][0xc7][0x12][0xb8][0xe0][0xaf][0xe][0xf5]@[\r]s84~[0xa6][0xa9][0xe0][0xc6]pX[0xc9][0xf5]*![0xe9]g[0x83]A[0xe2][0xa3]([0xe5][0xc3][0x8c]A[0xc]"[0x9c]#[0xfd][0x16][0x3]:<[0x8c][0xe5][0x14]w&[0x83]4[0x9][0xa5][0xf7][0xa3][0xf6]d[0x8d])c[0x6][0xf7]J|Jg[0x9][0xe0][0x8c]p[0x15]0B[0xce]/b[0xbc] [0xc9][0xc6][0xb7]L[0x89][0xa0]H[0xb3][0xe4]b[0x93][0x0][0x9f][0x3][0x8][0xd4][0x16][0xf5][0x83][0x1a]j[0xca][0xaa][0xd0][0xab]{[0xf9]o.[0x16][0x89]cLi[0xb4]1[0xee][0x1b][0x3][0xf2][0xdf][0x14][0x87][0x9f]g[0x8c].[0xd3]h[0x18][0xd2][0x84]2[0xcf][0xf8][0x9f]8[0x8e]'[0x1d][0xbc]b[0xf0][0xec][0xf8]lz[0xd6]3.[0xd7]4[0xd4][0xf2]{[0x86][0xa9]W`:[0x6][0xc7])[0x1f]r`d[0xd7][0x94][0xb5],[0xa6][0x85]g[0x8c]G[0xa3].[0xc6][0xbc][0x1a]\[0xcd][0xbb][0xc3][0xb][0xcc]f$[0xf5][0x8c][0xd6][0xcc][0xed]^[0xe3][0xd6][0x8d][0x97]I2[0xd4][0xa4]z[0x14][0xf0][0x8][0x8f][0xe][0xa1][0x4]"
2020-12-30 20:35:54,462 DEBUG [main] wire:73 -  << "[\r][\n]"
2020-12-30 20:35:54,463 DEBUG [main] wire:73 -  << "68a[\r][\n]"
2020-12-30 20:35:54,463 DEBUG [main] wire:73 -  << "[0xbe][0xc]CH[0x5][0xb0][0x1e]B8![0xb3]t[0xa8][0x9f][0xe0][0x1b][0x1a][0xab]+r^<z[0x86][0xa4][0xd5][0x1d][0x96][0xd5]1[0x89]7[0xc3][0xdc][0xd6][0xfb][0xe9][0xb4][0xc5]*j[0x80]![0x83][0xb8]G[0xae][0xb2][0xb3])[0xed]I5[0xfb][0x1e]''[0xb][0x99]>C[0xa1],[0x2]6dZ[G[0xd9][0x17][0x83][0xd3][0x84]D;[0xb6]U[0xf5]L[0x8d][0xa3][0xb3][0xac]g[0x91][0x19][0x8e]"[0x92][0xce]<cd[0x8c]O[0xb3]/[0xf9]W[0x17]Of[0xa8][0xa1][0xd2][0xea][0xf3][0xf4][0xb0][0x0][0xce][0xf1][0xac]O[0xf6][0x9a]H[0xe3][0x9f][0xbe][0x8f]Uq[0xf5][0xea][0xb0][0xe6]a[0xdf][0x9e][0xa9]v%[0xdf]<[0x3][0xe9][0x98][0x10][0xe0][0x14]'[0x1b]AB[0x1e],q[0x18][0xca]z[0x8]}|=[0x1c][0x1f][0x8f][0xc7]G/_[0xbc]x1[0x1c][0x9f][0xa0]?[0x93].w[0x9][0xa1][0xda][0x17][0xc1]L[0x9d][0xe3][0xd4][0xd7][0xc3][0x83]q{7[0xd9][0x93][0xd7][0xba][0x11]ZK[0xb3]{?[0x4]3,[0xdc]@[0xe7][0xb7][0x1b][0x86][0xc3][0xcf][0xc0],[0xb3]%[0xa7]L[0x1c]`[0xda][0x93][0xbd][0xad][0xfd][0xcd]t[0x8e]:>~9[0x1a][0x9d][0xe][0xe5][0xd9][0xd6][0x8c][0xbb]TnMp[0x3][0xe][0xe2]R[0x95][0x8a][0xef][0xf0][0x2]$b[0xb7][0x18]3[0xef]Z[0xd3][0xe2][0xef][0x9b][0xa6][0xb9][0xe9]|[0xfd]/[0xcc]Lg[0xec][0x98]Euh:f[0xb6][0x9c][0xea][0x9a]:[0xa5]8[0xe2][0xa6]s[0xfc][0xe4][0xfc]#[0xc7][0x14][0xa6]c[0x8e]O^<[0x7][0xfb][0xd8]1[0x19][0x89]L[0xc7][0x1c][0x99][0xce][0xd1][0x93][0xd8]'[0x8e]9e[0xd8]t[0xcc][0x5][0x8d][0xc6];[0xc9][0xbf]N[0x12][0xba]~[0x9d][0x86]s[0xca]L[0xf5][0xfc][0xb2][0x1f][0xed][0x3][0x11][0xba][0x9e][0xfb][0xa0][0xb4][0xf3]^-[0xd8][0x18][0x8f][0xfa][0x15][0xfb][0xfd][0x1a][0xea][0xcc]?rL}[0x10]0[0x9d][0xbe][0x1d][0xda]E[0xa1]_[0xde][0xa3][0x8e][0xbc][0xe0][0x6]BZ\[0xd1]\[0xef][0xb3][0x94].[0xc2][0xde]^[0xcd][0x80]e[0xb8][0x91]~3[0xc3][0x86]o<[0xf9][0x1b][0x11]c[0x86][0xd5][0xeb]C[0x86]o[0x98]-[0xff]3[0xd5][0xa0]rT[0xc3][0xd7][0xef]S[0xee]I[0x8]g[0xf2][0xde]2u[0xf5]`[0x1a]~[0x8d]M[0xf9][0xee]d[0xc6][0xa8][0xa0]!M[0x8c][0xb][0xc3],[0xca][0xc][0xce][0x13][0xd3][0xf0][0xf4][0xbd]wx[0xb8]^[0xaf]M[0xdb][0x18][0x18]f[0x1e]e[0x86]e[0x94]Q[0xf5][0xc7]L[0xd5]y[0x13][0xbd][0x18]^_K[0xff]/([0x8a]%[0xdd][0x8e][0xee]&[0x86][0xfa][0xd1][0x14][0xa4][0xe2][0x1d][0x8d][0xc0]%)[0x7]&[0xde]@L[0x19]X3[0xec][0x18]\y[0xae]eO[0xf6][0xba]AkG([0xd2]mJ[0xba]$[0xea]][0xd3]q-[0xdc][0xbd][0x9a]b[0xe][0xb5][0x82][0xea][0xdb][0xe]a[0xe7][\r][0xbe][0x9d]-[0xd0]![0x10][0xbe][0xd2][0x9b][0xdc]h[0xe5]>[0xb5][0xac]v[0xb2]W~[0xab]E[0xf4][0x8d]Z?[0xdb][0xde][0xd3][0x19][0xa8][0xb1][0x6]3[0xa5])[0x98][0x93][0xbd]m[0xc1][0xe1]g[0xca][0x16][0xfa],+G[0xc7][0xe6][0xa4][0x18][0x8] Wv h[0xa0][0xde][0xca]6|[0xfd][0x92]rC[0x83][0xba][0x2][0xbc]y[0xfd][0xfe][0xc6][0xb8][0xfa][0xbf][0xbf]z}[0xa9][0xea][0xc0][0xa7]{z;[0xd6][0xcc]i[0x18][0xe0],[0xb][0xb4][0xb0][0xa3]\[0x9c]H[0xdd][0xea][0xf3]w![0xa0][0xf6]G[0x89][0xd5][0xe3][0x90][0xe5]*H[0xf8][0x1]0[0xb][0xe7][0xf2][0xf4]"I4[0xf6]~8[0xbc][0xff][0xf4][0xc7][0x12][0xd8]f[0xab][0x84][0x96]K[0xb9]zw[0xf9][0xe4]B[0xbe][0xff][0xb8][0xdb]Y[0xb5][0xa1][0xd2][0xb8]o[0x16][0x5][0x99][0xda][0x9e][0xf3][0xbd][0xbe]C[0x91][0x84][0xc5][0x1]|[0xa5]|If[0x90][0x2]#[0xfa]<t8s[0xd5]B[0xdd][0x14][0xc4]acX[0x9f][0x98][0x1e]?[0xf4][0xe6][0xc7][0xa0][0xbd][0xe2][0x87][0xcc]M[0x6]W+[0x99][0xf5][0xeb]Q[0xc6]([0xad][0xce]j`[0xda][0xc6]~[0xd3][0xfa][0xee][0xd5][0x1a][0xa6]D[0xb8]U[0x7][0xdd][0xca][0x9f][0x92][0xd4]{_[0xe6][0x9d]c[0xdc][0xaa][0xe7]$r[0xc2]%[0x15][0xea][0xb9][0x87][0xb9]L[0xc9][\n]"
2020-12-30 20:35:54,464 DEBUG [main] wire:73 -  << "[0x18][0xc7]I[0x90][0xb7]uL[0xc7]h2[0xb4][0xef][0xec][0x89][0xb1][0xdd]N[0xda][0xca]Z[0xa6][0xa1]VVg)R][0xbb][0x6][0xd4][0xef].[0xcb]#c[0xbf][0xb2][0x9f]|[0xff][0xef][0xb1]w[0x14][0xef]z5[0xdf]=[0x87][0xfe]w,[0xee][0x99][0x6][0x17]>aq[0xa1]<[0x88][0xa7]t[0x6][0xa9]z[0x12][0x90][0x9b]^[0xe7][0xb5][0xc4][0xe2]MQ[0xf4][0xb8]Q>Q[~[0x8f]R[0xce]k[0xbf]4Q[0xb9]Q[0xae]/[0xc9][0x12]+[]_:[0x6][[0xd9]F[0x15]5UK[0x10][0xd6][0xc6]%[0x16] [0x83][0x9e][0x84]Gn[0xfe][0xd3]:+R[0xaf][0xe8][0xc8]+[0x99][0xce][0xac][0xe3][0xb3][0xd3][0x1f][0x8f]N~<[0x1b][0xc9][0xff][0xc7][0xa3][0xd1][0xc8][0xce]g[0xa8]H[0xf4]%#[0xc]d:C[0xf9][0xa5][0x8f][0x6][0x91]+[0xe8][0xc7][0x9b][0xb7][0x1f][0xd4][0xc3][0xcd][0x82]~[0xfe]g[0x0]$[0x97]7[0x9b][0xb7]XX[0x8][0xbe].[0xbf][0x4]I[0x96][0x4]:[0xfe][0xf9][0xc8][0x18][0xd4][0xa4]j[0x8][0x81][0x1e][0xe4][0xa0]\Jy[0xc3]V[0xf2]rb[0xc8][0xeb][0x9c][0xb5]c[0x1c][0xcb]LX[0xfb]e[0x91]z[0xa3]z[0x97]&HlXe[0x12][0xae]~ai[0xf8][0xbe]o[0xa0][0xe2]Mxd[0xd7][0xce];;4[0xab][0x17][0xb8][0xcd][0x89]Z[0xc5][0x8f][0x19][0xab][0xd7][0xb9][0xeb]4[0xba][0xa3][0x16][0xd2]?[0xff]DN[0x93][0x81]c[0xb4]9[0x18][0xea]e[0xfc][0x8a]V[0xc5]LS[0xb0][g3[0xf5][0xea][0xd4][0x92]1=j[0xf8]F[0x3]{[0xd2][0xc1]Ma][0xa2]V/s[0xaf]D[0x9b][0xae][0xd2]EIWa[0xf4]t4[0x1e]SVy[0xf0]k[0xde]6[0xe4][0xd3]F[0xda][0x96][0xb5][0xa3][0x84][0xbe]y[\r][0xde][0xee][0x94][0xa4][0x91][0xfe][0xfd]y[[0xa3][0xd5][0xbe]m[0xf7][0xb6]{}[0x1][0x17]5l[0x8]9F[0x7]p[0xfb][0xcc]F[0xb7][0x91][0x97][0x9]w[0xb5]h[0xbc][0xf3]-[0xf4]'[0x92]Z[0x15]T[0xf][0xd5][0x9f][0x3][0xd1][0x19]dJ[0xa3]M[0xad]U[0x15][0x91][0x95][0x11]&[0x98]s[0x1f][0xd5];+[0x8d]vF[0xad]w[0x83][0x9a]][0xad][0xfa]t[0xf5][0xec][0xe5][0xbc][0xb3][0xc3]'G/[0x1b]3[0xe]#[0xb2]:[0xdf][0xdb]I%[0xef][0x1f][0xa0]<P[0xa3][0xb2]O1[0x1e]e_&=[0xf4];-[0xc5][0x1e]n=[0xb7][0x8f][0x97][0xbe]}ibb[0x96][0xef]$[0x88][0xc8]B[0x86][0xb3][0xe6][0x9][0xe4][0x87][0x1f][0xf4][0xaf][0xfc][0xc5][J?[0x13][0xa8][0xbb][0x87][0xea][0xa3]:E[0xf7][0xd4][0xd1][0xb1]hc[0xe8]Y?[0xe4][0xdd][0xe4][0xea][0xdc]R[0xcc][0xd7]?[0x95][0xf1][0xcd]A>q`Yz[0xa6]}aN[0x8a]Pj[0xe][0xac]2 [0xfe][0x13][0x8b][0xb9][0xab][0xde]v[0xb3][0xfa][0x82][0xe4]@[0xcf][0xce][0x3]t3[0x0][0xdb][0x9e]i[0xda][0x3]s[0xa2][0xfe][0xe][0xc1][0xa1]9[0xd9][0xfb][0xe1][0x87][0xed]$_S[0x1c][0xeb][0x12][0xb4][0xb8][0xa7][0xf3]*L[0xc8]l[0x4][0xa9][0xab][0xcd][0xa3]DXw[0x10]T[0x8f][0xb8][0x18][0x97][0xf3]5Q[0xdf]7[0xc6][0xc6][0x85][0xa4][0xe8][0x19][0x16][0x9d][0x1b][0xe7][0x6]][0xdb][0x5][0x80][0xae][0x8b][0x9][0xeb][0xce][0x84]u{[0x82][0x4][0xd0][0x92][0xc3][0xb2]&[0xa2][0xac]S[0xd8][0xdf]u[0xef][0xf1][0xe1][0xa1][0xd2]sq[0x91][0x1f][0xac][0xdc]0![0x90][0x8a][0x1e][0xc4][0xfe][0xc3][0x97][0xf4]$[0xfd][0xf3][0xf5][0xfa][0xc4]R[0x80]uK[0x80][0xdf][0xa5][0x2][0x9e][0xc1][0xbf][0x8b][0xf7]<[0xf6][0xbf][0x17][\n]"
2020-12-30 20:35:54,464 DEBUG [main] wire:87 -  << ".-[0xd0]2[0xe1][0xab]<[0xe1][0x1b][0x90]J[0xe7][0xfc][0xf8][0xfe][0xfa]-]d4U[0xa7]a[0xa9]M[0xdf][0x1c][0xc8][0xaf][0x81][0xe9][0xac]}s[0xb0][0x1e][0x98][0xce][0xdc]7[0x7]s[0xdb]1[0xac][0xe3][0xf1][0xe9][0xf1][0x19][0x1c][0xff][0xf8]B&[0xf2][0x16]M:_[0xef] *[0xc9],[0xb]:[0xcb][0x1e]B[0xfd][0xcf]K[0x9e]_[0xab]MLCU4[0xfd][0x87][0x4][0x88][0x16]4[0x15][0xf2]$>[0xcf][0xfa][0x9e][0x96][0x94][0xe3]k[0x98]f[0x17][0xd8][0xc7][0x7][0xe5]S[0x13]>[0xf][0xa7][0xfe][0xf1]IU[0xb6]=U[0xee]>[0x11]|[0xfb][0xc4][0xfb][0x4]I[0xb2][0x89][0x9][0x9f][0x97][0xf2][0xd5][0x1f][0xe6]U[0xa3][0x8f]I[0xb7][0xeb][0xb1][0xce][0xae][0xd8][0xbf][0xb7][0xf7][0x84][0x92]{[0xeb][0xc4]Z[0xea][0xd0][0xf9][0xe2][0xd5][0xa1][0xfe]kS[0xff]?[0x0][0x0][0xff][0xff][0x95]![0xd5]`~J[0x0][0x0]"
2020-12-30 20:35:54,464 DEBUG [main] wire:73 -  << "[\r][\n]"
2020-12-30 20:35:54,465 DEBUG [main] wire:73 -  << "0[\r][\n]"
2020-12-30 20:35:54,465 DEBUG [main] wire:73 -  << "[\r][\n]"
2020-12-30 20:35:54,466 DEBUG [main] RequestSpecificationImpl$RestAssuredHttpBuilder:548 - Parsed data to instance of: class org.apache.http.conn.EofSensorInputStream
2020-12-30 20:35:54,537 DEBUG [main] cache:45 - Couldn't find template in cache for "v3html/v3-html-index.ftl"("en", UTF-8, parsed); will try to load it.
2020-12-30 20:35:54,538 DEBUG [main] cache:45 - TemplateLoader.findTemplateSource("v3html/v3-html-index_en.ftl"): Not found
2020-12-30 20:35:54,541 DEBUG [main] cache:45 - TemplateLoader.findTemplateSource("v3html/v3-html-index.ftl"): Found
2020-12-30 20:35:54,541 DEBUG [main] cache:45 - Loading template for "v3html/v3-html-index.ftl"("en", UTF-8, parsed) from "jar:file:/C:/Users/SRABANTI%20GHOSH/.m2/repository/com/aventstack/extentreports/4.0.0/extentreports-4.0.0.jar!/com/aventstack/extentreports/view/v3html/v3-html-index.ftl"
2020-12-30 20:35:54,838 DEBUG [main] cache:45 - Couldn't find template in cache for "v3html/v3-html-head.ftl"("en", UTF-8, parsed); will try to load it.
2020-12-30 20:35:54,838 DEBUG [main] cache:45 - TemplateLoader.findTemplateSource("v3html/v3-html-head_en.ftl"): Not found
2020-12-30 20:35:54,840 DEBUG [main] cache:45 - TemplateLoader.findTemplateSource("v3html/v3-html-head.ftl"): Found
2020-12-30 20:35:54,840 DEBUG [main] cache:45 - Loading template for "v3html/v3-html-head.ftl"("en", UTF-8, parsed) from "jar:file:/C:/Users/SRABANTI%20GHOSH/.m2/repository/com/aventstack/extentreports/4.0.0/extentreports-4.0.0.jar!/com/aventstack/extentreports/view/v3html/v3-html-head.ftl"
2020-12-30 20:35:54,845 DEBUG [main] cache:45 - Couldn't find template in cache for "v3html/v3-html-nav.ftl"("en", UTF-8, parsed); will try to load it.
2020-12-30 20:35:54,846 DEBUG [main] cache:45 - TemplateLoader.findTemplateSource("v3html/v3-html-nav_en.ftl"): Not found
2020-12-30 20:35:54,846 DEBUG [main] cache:45 - TemplateLoader.findTemplateSource("v3html/v3-html-nav.ftl"): Found
2020-12-30 20:35:54,847 DEBUG [main] cache:45 - Loading template for "v3html/v3-html-nav.ftl"("en", UTF-8, parsed) from "jar:file:/C:/Users/SRABANTI%20GHOSH/.m2/repository/com/aventstack/extentreports/4.0.0/extentreports-4.0.0.jar!/com/aventstack/extentreports/view/v3html/v3-html-nav.ftl"
2020-12-30 20:35:54,856 DEBUG [main] cache:45 - Couldn't find template in cache for "v3html/test-view/v3-html-test-view.ftl"("en", UTF-8, parsed); will try to load it.
2020-12-30 20:35:54,856 DEBUG [main] cache:45 - TemplateLoader.findTemplateSource("v3html/test-view/v3-html-test-view_en.ftl"): Not found
2020-12-30 20:35:54,857 DEBUG [main] cache:45 - TemplateLoader.findTemplateSource("v3html/test-view/v3-html-test-view.ftl"): Found
2020-12-30 20:35:54,857 DEBUG [main] cache:45 - Loading template for "v3html/test-view/v3-html-test-view.ftl"("en", UTF-8, parsed) from "jar:file:/C:/Users/SRABANTI%20GHOSH/.m2/repository/com/aventstack/extentreports/4.0.0/extentreports-4.0.0.jar!/com/aventstack/extentreports/view/v3html/test-view/v3-html-test-view.ftl"
2020-12-30 20:35:54,870 DEBUG [main] cache:45 - Couldn't find template in cache for "v3html/test-view/v3-html-test-view-charts.ftl"("en", UTF-8, parsed); will try to load it.
2020-12-30 20:35:54,870 DEBUG [main] cache:45 - TemplateLoader.findTemplateSource("v3html/test-view/v3-html-test-view-charts_en.ftl"): Not found
2020-12-30 20:35:54,871 DEBUG [main] cache:45 - TemplateLoader.findTemplateSource("v3html/test-view/v3-html-test-view-charts.ftl"): Found
2020-12-30 20:35:54,871 DEBUG [main] cache:45 - Loading template for "v3html/test-view/v3-html-test-view-charts.ftl"("en", UTF-8, parsed) from "jar:file:/C:/Users/SRABANTI%20GHOSH/.m2/repository/com/aventstack/extentreports/4.0.0/extentreports-4.0.0.jar!/com/aventstack/extentreports/view/v3html/test-view/v3-html-test-view-charts.ftl"
2020-12-30 20:35:54,886 DEBUG [main] cache:45 - Couldn't find template in cache for "v3html/test-view/v3-html-standard.ftl"("en", UTF-8, parsed); will try to load it.
2020-12-30 20:35:54,887 DEBUG [main] cache:45 - TemplateLoader.findTemplateSource("v3html/test-view/v3-html-standard_en.ftl"): Not found
2020-12-30 20:35:54,887 DEBUG [main] cache:45 - TemplateLoader.findTemplateSource("v3html/test-view/v3-html-standard.ftl"): Found
2020-12-30 20:35:54,888 DEBUG [main] cache:45 - Loading template for "v3html/test-view/v3-html-standard.ftl"("en", UTF-8, parsed) from "jar:file:/C:/Users/SRABANTI%20GHOSH/.m2/repository/com/aventstack/extentreports/4.0.0/extentreports-4.0.0.jar!/com/aventstack/extentreports/view/v3html/test-view/v3-html-standard.ftl"
2020-12-30 20:35:54,904 DEBUG [main] cache:45 - "v3html/test-view/v3-html-standard.ftl"("en", UTF-8, parsed) cached copy not yet stale; using cached.
2020-12-30 20:35:54,905 DEBUG [main] cache:45 - Couldn't find template in cache for "v3html/category-view/v3-html-category-view.ftl"("en", UTF-8, parsed); will try to load it.
2020-12-30 20:35:54,906 DEBUG [main] cache:45 - TemplateLoader.findTemplateSource("v3html/category-view/v3-html-category-view_en.ftl"): Not found
2020-12-30 20:35:54,907 DEBUG [main] cache:45 - TemplateLoader.findTemplateSource("v3html/category-view/v3-html-category-view.ftl"): Found
2020-12-30 20:35:54,907 DEBUG [main] cache:45 - Loading template for "v3html/category-view/v3-html-category-view.ftl"("en", UTF-8, parsed) from "jar:file:/C:/Users/SRABANTI%20GHOSH/.m2/repository/com/aventstack/extentreports/4.0.0/extentreports-4.0.0.jar!/com/aventstack/extentreports/view/v3html/category-view/v3-html-category-view.ftl"
2020-12-30 20:35:54,911 DEBUG [main] cache:45 - Couldn't find template in cache for "v3html/exception-view/v3-html-exception-view.ftl"("en", UTF-8, parsed); will try to load it.
2020-12-30 20:35:54,911 DEBUG [main] cache:45 - TemplateLoader.findTemplateSource("v3html/exception-view/v3-html-exception-view_en.ftl"): Not found
2020-12-30 20:35:54,912 DEBUG [main] cache:45 - TemplateLoader.findTemplateSource("v3html/exception-view/v3-html-exception-view.ftl"): Found
2020-12-30 20:35:54,912 DEBUG [main] cache:45 - Loading template for "v3html/exception-view/v3-html-exception-view.ftl"("en", UTF-8, parsed) from "jar:file:/C:/Users/SRABANTI%20GHOSH/.m2/repository/com/aventstack/extentreports/4.0.0/extentreports-4.0.0.jar!/com/aventstack/extentreports/view/v3html/exception-view/v3-html-exception-view.ftl"
2020-12-30 20:35:54,915 DEBUG [main] cache:45 - Couldn't find template in cache for "v3html/author-view/v3-html-author-view.ftl"("en", UTF-8, parsed); will try to load it.
2020-12-30 20:35:54,916 DEBUG [main] cache:45 - TemplateLoader.findTemplateSource("v3html/author-view/v3-html-author-view_en.ftl"): Not found
2020-12-30 20:35:54,917 DEBUG [main] cache:45 - TemplateLoader.findTemplateSource("v3html/author-view/v3-html-author-view.ftl"): Found
2020-12-30 20:35:54,917 DEBUG [main] cache:45 - Loading template for "v3html/author-view/v3-html-author-view.ftl"("en", UTF-8, parsed) from "jar:file:/C:/Users/SRABANTI%20GHOSH/.m2/repository/com/aventstack/extentreports/4.0.0/extentreports-4.0.0.jar!/com/aventstack/extentreports/view/v3html/author-view/v3-html-author-view.ftl"
2020-12-30 20:35:54,920 DEBUG [main] cache:45 - Couldn't find template in cache for "v3html/dashboard-view/v3-html-dashboard-view.ftl"("en", UTF-8, parsed); will try to load it.
2020-12-30 20:35:54,921 DEBUG [main] cache:45 - TemplateLoader.findTemplateSource("v3html/dashboard-view/v3-html-dashboard-view_en.ftl"): Not found
2020-12-30 20:35:54,921 DEBUG [main] cache:45 - TemplateLoader.findTemplateSource("v3html/dashboard-view/v3-html-dashboard-view.ftl"): Found
2020-12-30 20:35:54,922 DEBUG [main] cache:45 - Loading template for "v3html/dashboard-view/v3-html-dashboard-view.ftl"("en", UTF-8, parsed) from "jar:file:/C:/Users/SRABANTI%20GHOSH/.m2/repository/com/aventstack/extentreports/4.0.0/extentreports-4.0.0.jar!/com/aventstack/extentreports/view/v3html/dashboard-view/v3-html-dashboard-view.ftl"
2020-12-30 20:35:54,931 DEBUG [main] cache:45 - Couldn't find template in cache for "v3html/logs-view/v3-html-testrunner-logs-view.ftl"("en", UTF-8, parsed); will try to load it.
2020-12-30 20:35:54,932 DEBUG [main] cache:45 - TemplateLoader.findTemplateSource("v3html/logs-view/v3-html-testrunner-logs-view_en.ftl"): Not found
2020-12-30 20:35:54,946 DEBUG [main] cache:45 - TemplateLoader.findTemplateSource("v3html/logs-view/v3-html-testrunner-logs-view.ftl"): Found
2020-12-30 20:35:54,947 DEBUG [main] cache:45 - Loading template for "v3html/logs-view/v3-html-testrunner-logs-view.ftl"("en", UTF-8, parsed) from "jar:file:/C:/Users/SRABANTI%20GHOSH/.m2/repository/com/aventstack/extentreports/4.0.0/extentreports-4.0.0.jar!/com/aventstack/extentreports/view/v3html/logs-view/v3-html-testrunner-logs-view.ftl"
