2020-12-30 20:56:44,186  INFO [main] Usercheck:26 - Prechecks completed
2020-12-30 20:56:45,656 DEBUG [main] BasicClientConnectionManager:161 - Get connection for route {}->http://dummy.restapiexample.com:80
2020-12-30 20:56:45,773 DEBUG [main] DefaultClientConnectionOperator:177 - Connecting to dummy.restapiexample.com:80
2020-12-30 20:56:45,834 DEBUG [main] RequestAddCookies:123 - CookieSpec selected: ignoreCookies
2020-12-30 20:56:45,837 DEBUG [main] RequestAuthCache:77 - Auth cache not set in the context
2020-12-30 20:56:45,837 DEBUG [main] RequestTargetAuthentication:80 - Target auth state: UNCHALLENGED
2020-12-30 20:56:45,839 DEBUG [main] RequestProxyAuthentication:89 - Proxy auth state: UNCHALLENGED
2020-12-30 20:56:45,839 DEBUG [main] DefaultHttpClient:682 - Attempt 1 to execute request
2020-12-30 20:56:45,840 DEBUG [main] DefaultClientConnection:274 - Sending request: GET /api/v1/employee/1 HTTP/1.1
2020-12-30 20:56:45,841 DEBUG [main] wire:73 -  >> "GET /api/v1/employee/1 HTTP/1.1[\r][\n]"
2020-12-30 20:56:45,842 DEBUG [main] wire:73 -  >> "Content-Type: application/json; charset=UTF-8[\r][\n]"
2020-12-30 20:56:45,843 DEBUG [main] wire:73 -  >> "Accept: */*[\r][\n]"
2020-12-30 20:56:45,843 DEBUG [main] wire:73 -  >> "Host: dummy.restapiexample.com[\r][\n]"
2020-12-30 20:56:45,844 DEBUG [main] wire:73 -  >> "Connection: Keep-Alive[\r][\n]"
2020-12-30 20:56:45,845 DEBUG [main] wire:73 -  >> "User-Agent: Apache-HttpClient/4.5.3 (Java/1.8.0_251)[\r][\n]"
2020-12-30 20:56:45,845 DEBUG [main] wire:73 -  >> "Accept-Encoding: gzip,deflate[\r][\n]"
2020-12-30 20:56:45,846 DEBUG [main] wire:73 -  >> "[\r][\n]"
2020-12-30 20:56:45,847 DEBUG [main] headers:278 - >> GET /api/v1/employee/1 HTTP/1.1
2020-12-30 20:56:45,847 DEBUG [main] headers:281 - >> Content-Type: application/json; charset=UTF-8
2020-12-30 20:56:45,847 DEBUG [main] headers:281 - >> Accept: */*
2020-12-30 20:56:45,848 DEBUG [main] headers:281 - >> Host: dummy.restapiexample.com
2020-12-30 20:56:45,848 DEBUG [main] headers:281 - >> Connection: Keep-Alive
2020-12-30 20:56:45,848 DEBUG [main] headers:281 - >> User-Agent: Apache-HttpClient/4.5.3 (Java/1.8.0_251)
2020-12-30 20:56:45,849 DEBUG [main] headers:281 - >> Accept-Encoding: gzip,deflate
2020-12-30 20:56:47,165 DEBUG [main] wire:73 -  << "HTTP/1.1 429 Too Many Requests[\r][\n]"
2020-12-30 20:56:47,173 DEBUG [main] wire:73 -  << "Content-Encoding: gzip[\r][\n]"
2020-12-30 20:56:47,174 DEBUG [main] wire:73 -  << "Content-Type: text/html; charset=UTF-8[\r][\n]"
2020-12-30 20:56:47,174 DEBUG [main] wire:73 -  << "Date: Wed, 30 Dec 2020 15:26:47 GMT[\r][\n]"
2020-12-30 20:56:47,175 DEBUG [main] wire:73 -  << "Display: staticcontent_sol[\r][\n]"
2020-12-30 20:56:47,176 DEBUG [main] wire:73 -  << "Expires: Tue, 29 Dec 2020 15:26:47 GMT[\r][\n]"
2020-12-30 20:56:47,177 DEBUG [main] wire:73 -  << "Host-Header: c2hhcmVkLmJsdWVob3N0LmNvbQ==[\r][\n]"
2020-12-30 20:56:47,177 DEBUG [main] wire:73 -  << "Pagespeed: off[\r][\n]"
2020-12-30 20:56:47,178 DEBUG [main] wire:73 -  << "Referrer-Policy: [\r][\n]"
2020-12-30 20:56:47,178 DEBUG [main] wire:73 -  << "Response: 429[\r][\n]"
2020-12-30 20:56:47,179 DEBUG [main] wire:73 -  << "Retry-After: 55[\r][\n]"
2020-12-30 20:56:47,180 DEBUG [main] wire:73 -  << "Server: nginx/1.16.0[\r][\n]"
2020-12-30 20:56:47,181 DEBUG [main] wire:73 -  << "Vary: Accept-Encoding[\r][\n]"
2020-12-30 20:56:47,181 DEBUG [main] wire:73 -  << "Vary: Accept-Encoding,User-Agent,Origin[\r][\n]"
2020-12-30 20:56:47,183 DEBUG [main] wire:73 -  << "X-Ezoic-Cdn: Miss[\r][\n]"
2020-12-30 20:56:47,183 DEBUG [main] wire:73 -  << "X-Middleton-Display: staticcontent_sol[\r][\n]"
2020-12-30 20:56:47,184 DEBUG [main] wire:73 -  << "X-Middleton-Response: 429[\r][\n]"
2020-12-30 20:56:47,186 DEBUG [main] wire:73 -  << "X-Ratelimit-Limit: 60[\r][\n]"
2020-12-30 20:56:47,186 DEBUG [main] wire:73 -  << "X-Ratelimit-Remaining: 57[\r][\n]"
2020-12-30 20:56:47,188 DEBUG [main] wire:73 -  << "X-Ratelimit-Reset: 1609342062[\r][\n]"
2020-12-30 20:56:47,189 DEBUG [main] wire:73 -  << "X-Sol: pub_site[\r][\n]"
2020-12-30 20:56:47,190 DEBUG [main] wire:73 -  << "Transfer-Encoding: chunked[\r][\n]"
2020-12-30 20:56:47,191 DEBUG [main] wire:73 -  << "[\r][\n]"
2020-12-30 20:56:47,193 DEBUG [main] DefaultClientConnection:259 - Receiving response: HTTP/1.1 429 Too Many Requests
2020-12-30 20:56:47,194 DEBUG [main] headers:262 - << HTTP/1.1 429 Too Many Requests
2020-12-30 20:56:47,195 DEBUG [main] headers:265 - << Content-Encoding: gzip
2020-12-30 20:56:47,195 DEBUG [main] headers:265 - << Content-Type: text/html; charset=UTF-8
2020-12-30 20:56:47,196 DEBUG [main] headers:265 - << Date: Wed, 30 Dec 2020 15:26:47 GMT
2020-12-30 20:56:47,196 DEBUG [main] headers:265 - << Display: staticcontent_sol
2020-12-30 20:56:47,197 DEBUG [main] headers:265 - << Expires: Tue, 29 Dec 2020 15:26:47 GMT
2020-12-30 20:56:47,197 DEBUG [main] headers:265 - << Host-Header: c2hhcmVkLmJsdWVob3N0LmNvbQ==
2020-12-30 20:56:47,198 DEBUG [main] headers:265 - << Pagespeed: off
2020-12-30 20:56:47,198 DEBUG [main] headers:265 - << Referrer-Policy: 
2020-12-30 20:56:47,199 DEBUG [main] headers:265 - << Response: 429
2020-12-30 20:56:47,199 DEBUG [main] headers:265 - << Retry-After: 55
2020-12-30 20:56:47,200 DEBUG [main] headers:265 - << Server: nginx/1.16.0
2020-12-30 20:56:47,201 DEBUG [main] headers:265 - << Vary: Accept-Encoding
2020-12-30 20:56:47,201 DEBUG [main] headers:265 - << Vary: Accept-Encoding,User-Agent,Origin
2020-12-30 20:56:47,201 DEBUG [main] headers:265 - << X-Ezoic-Cdn: Miss
2020-12-30 20:56:47,202 DEBUG [main] headers:265 - << X-Middleton-Display: staticcontent_sol
2020-12-30 20:56:47,202 DEBUG [main] headers:265 - << X-Middleton-Response: 429
2020-12-30 20:56:47,203 DEBUG [main] headers:265 - << X-Ratelimit-Limit: 60
2020-12-30 20:56:47,203 DEBUG [main] headers:265 - << X-Ratelimit-Remaining: 57
2020-12-30 20:56:47,204 DEBUG [main] headers:265 - << X-Ratelimit-Reset: 1609342062
2020-12-30 20:56:47,204 DEBUG [main] headers:265 - << X-Sol: pub_site
2020-12-30 20:56:47,205 DEBUG [main] headers:265 - << Transfer-Encoding: chunked
2020-12-30 20:56:47,232 DEBUG [main] DefaultHttpClient:509 - Connection can be kept alive indefinitely
2020-12-30 20:56:47,316 DEBUG [main] RequestSpecificationImpl$RestAssuredHttpBuilder:545 - Parsing response as: text/html; charset=UTF-8
2020-12-30 20:56:47,318 DEBUG [main] wire:73 -  << "800[\r][\n]"
2020-12-30 20:56:47,320 DEBUG [main] wire:73 -  << "[0x1f][0x8b][0x8][0x0][0x0][0x0][0x0][0x0][0x0][0xff][0xc4]|[0xff]s[0xdb]6[0xf2][0xe8][0xcf][0xd5]_[0x1][0xe3]3c[0x92][0x15]EK[0xb6]c'dhO[0x12][0xbb]w~[0x97]K;[0x89]s[0x9d]{[0x1e]?[0xe]D[0x82][0x12][0x12][0x8a]`[0x1]H[0x8a]l[0xeb][0x3][0x80][0xdf]I[0xd9]N[0xda][0xcf]][0xda][0x91][0xc8][0xc5]bw[0xb1][0xd8]oXR~[0xbd]w[0xf1][0xeb][0xbb][0xeb][0xff]v[0x9][0xe6]b[0x91][0x9c][\r]^[0xcb]/[0x90][0xa0]t[0xe6]C[0x9c][0xc2][0xb3][0x1][0x0][0x0][0xbc][0x9e]c[0x14][0x9d][0xbd]^`[0x81]@8G[0x8c]c[0xe1][0xc3][0xa5][0x88]G/[0xe1][0xd9][0xe0]5[0xf][0x19][0xc9][0x4][0x88][0x90]@#|[0xc7]C[0x86][0xbf][0xf9]F[0x8c][0x12][0x8e][\r][\r][0xc]c[0xc4]7i[0xd8][0x4]fh[0x86]y[0x86]q4J[0xe9]([0xc2]1fg+[0xc4]@[0x10][0xe0];_~<<[0xdc]o=y[0xe1]p[0xb1][0xe0][0xfe][0x5][0x12][0xd8]I[0xe9][0xda][0xb4]4[0x10][0xaf][0x84]_"([0x1][0xca][0xdb][0xf0][0xab][0x9f]W4[0x4]^d[0x9][0x12][0xd8]o[0x3][0x1c][0xc2]ed[0xe6]+[0xd1][0xf4][0xd0][0x1f]K[0xbc][0xc4][0xbe][0x19]/[0xd3]P[0x10][0x9a][0x9a][0xd6][0xbd][0x14],[0xa4][0xcb]T[0xf8]c[0x9b][0xa4]![0x93]_[0x2]/[0xb8]sk[0xb][0xb2][0xc0][0x17]8A[0x9b]_[0x8][0xc3][0x91][0xa6]c[0xcf][0xb3][0xab]b<[0xa9].Q[0x92][0xd0][0xf5]{[0x8a]"_[0xb0]%[0xf6]$U:[0xfd][0xe2][0xdf]KNn[0xc9].E[0xb]l[0xcb][0xbb][0xf][0xf2]"C[0xc]-[0xb0][0xc0][0x8c][0xdb][0x84][0xbf]Mh[0xf8][0xd5][0x9e][0xca]O[0x1c][0xbd][0xdd][0xd8][0x11]N[0xb0][0xc0][0xbf][0xcf]q[0xfa][0x8e].2ymg[0x8c][0x86][0x18]GW[0xf1]%c[0x94]i[0xd1]9Nb_[0xcc][0x9][0xf7][0xe4][0x87]#[0x19][0xf8][0xf2]C[0xdf][0x16][0xac][0xfc][0xe2]B[0x83]+[0xc6]~[0xed][0xd2][0xf7][0xd3]e[0x92][0x9c][0xcb][0xf][0xd7][0xac][0xe0][0x80][0xa4]\[0xa0]4[0xc4]4[0x6]o[0x18]C[0x1b][0xeb][0xbc][0x1a]to[0xaa][0xeb][M<_[0x8a][0x9f]k`[0xb9].[0xbf][0xbc][0xd2][0x3][0xdd]e[0xfa]]PAX[0xad];[0xdf][0xce][0x1c]T[0xce]j@[0xaf]R"[0x8]J[0xc8]][0xb1]k[0xf9][0xba][0x1b][\n]"
2020-12-30 20:56:47,321 DEBUG [main] wire:73 -  << "[0xf4][0x9b][0xb7][0xc5][0xdc][0xeb]b[0xd3];39[0xf7]k[0x86][0x93][0xd0][0x99][0x9][0x1d][0xc7][0x1][0x12][0x6]|[0x0][0x87]R[0xef][0x96]'w[0xa4]%[0x82]2[0x89][0x1c]^[\n]"
2020-12-30 20:56:47,322 DEBUG [main] wire:73 -  << "[0xac][0x80][\r]"[0xe][0xca][0xb2]d[0xe3][0x96][0x94][0xe4][0xfe]J8[0xf7][0xd5][0xdc]b[0xf][0x1d][0x9e]%D[0x98][0x86]cT(j[0xeb]<[0x12]+[0xcb][0xe6]N[0x82][0xd3][0x99][0x98][0x9f][0x1d]Y[0xf7][[0x9c]p[0xc]Z[0x3][0xbe][0xef][0x1f]Y[0xca]4[0xfd]5I#[0xba][0xbe]Q[0xa3]7[0xe3][0xdb][0xdb][0xfc]jR^[0x1d][0xde][0xde]z[0xbb][0x88][0x1c]>IDOm`5[0xd6]r[0xeb]m[0x7]$6[0xc5]&[0x93][0xe6]%[0xa1]{[0xbe]o,[0xd3][0x8][0xc7]$[0xc5][0x91][0xb1][0xbf][0x9f][0xc3][0xe4][0xfa]47[0xad]%S[0x2][0xec][0x96]5[[0x9a][0x9a][0xe2][0xd0]cX[0xbe][0xd2][0xb9][0xa5]G[0x80][0xf2][0xf2][0x9b]T[0x9]QL*l7[0xc7][0xd4]{<[0x92][0xff][0xc0]/[0xc6][0x85][0xdc][0x19][0x85][0xa6][0xb7]'[0xb7][0x89]7IbZ[0xde]v[0xbb][0xb5]c[0x92][0xe0][0x96][0xaf]gH[0xcc]{[0x9c][[0xc5]L[E[0xc6][0x1f][0xf0]jI[0xd4][0x97][0x1f][0xfa]V[0x7]`[0xf5]Y[0xf8]T[0x8c][0x99][0xaf]>[0xc4]%w[0xba][0xcf][0xb3][0x1d][0xf0]/[0xf5][0xb3]][0xfe]T[0xb9][0xe]Ip[0xcd][0xff][0x94][0xfe]B[0xe6]G4\.p*[0x9c][0x90]a$[0xf0]e[0x82][0xe5][0x9d]i[0xe8][0x8c]bX[0x1e][0xf][0x99][0xc3]Y[0xa8]5IbS[0xeb]1[0xdf]z9[0xa8][0x1][0x8a]Y[0xe1][0x0]Z[0xb5]5[0x1c][\r][0xd0][0xe][0x1e]2[0x87][0xa6]X[0xab][0xa8][0x15]'[0xb4][\r]]~[0xfc][0xd8][0xb1][0xa2]|yZS[0x8a][0xce].cl[0xd9][[0xce][0x8f]a[0x14]m[0xb8]@[0x2][0x87]s[0x94][0xce][0xb0][0xaf][0xc1][0x89]LE[0xad]4[0xa7][0xb0][0xd4][0xb8][0x9a][0xf4]I[0xde]z[0x8f][0x9a]8[0x89]MsOM{x8[0x90]$q[0xf4][0x10][0xe6][0x1b]~[0xe0][0x8][0xcc][0x85][0xa9]F-[0xab][0xdc][0xa7]f|{[0xe6]Z[0xb6]^[0xb9][3,[0xf2][0xad][0xe2]o7[0xd7]h&[0xa3][0x84]i[0xc8]"[0xc5][0xb0]n[0xc6][0xb7][0xd2][0xfb]q[0x1a][0xbd][0x9b][0x93]$2y[0xc8][0xf4][0xec]b[0xa1][0x80][0xa4]D[0x98][0xd6][0xbd][0xe]5[0xe][0x8a][0xa2][0xcb][0x15]N[0xc5]{[0xc2][0x5]N13[0xa1]\[0x3][0xb4][0x1b][0xd6]%[0xa4]![0xd2][0xa5][0xa8][0x17][0x5][0xad][0xc4]_[0xda][0x9b]q}q[0xf9][0xfe][0xcd][0xbf][0x81][0xd2][0x97][0xd1][0xe][0x1][0xf6][0x8b][0xf1]x,[0xbf][0x95]A[0xcb]`T[0xca][0x85][0xa2][0xe8][0x17][0x92][0xe0][0x1f][0xc][\n]"
2020-12-30 20:56:47,323 DEBUG [main] wire:73 -  << "v[0xc6][0x8]eDl[0xf4]>[0xca][0xc8][0xe5][0xa7]x-+[0xc]'[0xfe]q[0xb2]j[0xb][0xd2][0xe5][0xd6][0xe4][0xf5][0x8d][0x8e][0x8c][0xbe][0xe4][0xa5]cx[0xd2][0x85][0xf]H[0xb][0xe2][0x85]s[0x1c]~[0xbd][0x8a][0xdf]j[0xee][0xa6][0x84]5[0xf4][0xc0][0xb1](+%[0x93]c![0xe8][0x94][0xd2][0xc4][0xba][0xaf][0xca][0xa7][0x12][0xd8][0xd2][0xde]2[\r][0xab][0xf2][0xe9][0xf1][0xd2][0x9]-[0x5][0xbd]Rk~[0xa2][0x84][0xaa][0xe9]U[0xfa][0xbf][0x9e]V([0xa2][0xc][0xba]C[0x18][0xc0][0xa1],[\r][0x87]C[0xaf][0xab][0xfe][0xef][0x90][0xeb][0xe9][0x92][0xee]?[0xbf]!([0x8a][0xae]+c[0xaf][0x9b][0xd2][0xd3][0xb6][0xa6][0xeb][0xe1][0x9b][0xdb][0xfc]B*[0x99]=9[0xad][0x11][0xe3]K[0x17]R[0x1a]5[0x80][0xc][0xdc][0xc6][0xd0][0x0][0xbf]\[0xbd][0xbf][0xdc][0x3][0xda][0xad][0xc][0xcb][0xeb][0xae][0xc9][0xfb]sK[0xda][0xb5]=}[0xab][0xdb][0xb9][0x95][0xe5]B[0xe5]*[0xbe]{[0x85][0x9f]?[0xbc][0xbb][0xbe][0xfa][0xf5][0xc3]_[0xbc][0xca][0xbe]qi[0xc5][0xb9][0xd9][0x15][0xa0][0xdc][0x8a][0x1e][0x1e]*[0xf][0xd3][0xf9][0xd6]bX,Y[0xaa][0xd7][0x91][0xc7]1[0xb3][0xc1][0xa1]EI[0x11]o/ZS[0xdf][0xdf]o[0x5][0xcc][0x82][0x87]J~j[0x92]v$[0x90];[0x3][0xf0][0xc1][0xf5][0xd5]?/[0x81]R[0xc8][0x1e][0xb4]<-[0xc]P:T5[0x9c][0x9a]T[0xba]N[0xf7][0xc]r[0x1f]Sf[0xaa]-[0xf4][0xc7][0x1e]y[0xdd]D[0xcf]+T[0x8f][0xc][0x87]z[0x9f][0xa7][0xba][0xfc]i [0xdd][0x10]U[0xf7])[0xc5];s[0xc4]][0xa7][0xbf]1[0x9a]a&6[0xa6]B[0xb2][0x9e][0xb3][0xc]8[0xd4][0xb8][0xcd][0x15][0x14][0xe5]B[0xa5][0xdc][0xaa][0x1a]*T[0xa6]w\[0xcd][0xbe]-[0xb][0x80][0xc2][0xe7]sj[0xba]2j[0x90][0xab]M[0xa9][0x15][0xb6]?([0xe7]v;hr[0xaa]v_[0x92]Z[0xf0][0x99][0xd6][0xdf][0x9c][0xe1]8[0xaf][0xdf][0x9d][0x84][0x86]Hb8[0x12][0xa8][0x2]"[0xc3]3[0xe5]D[0x1f][0xf1][0xec][0xf2][f[0x1a]7[0xe7][0xfb][0xb7][0xf8][0xee][0xf][0xdf][0xbc][0xf9][0xfb][0xff]s[0xfb][0xb3]e[0xd8][0x6][0xc9][0xcf]*\0[0x92][0xce]|[0x86]g[0xe][0xfe][0x86]CS[0xd2][0xb0]r"[0xdc][0xd7][0xa3][0xe7][0xfa][0xeb]fr[0xeb][0x16][0xa7][0x1a]9[0xe8][0xfb]p[0x2][0xad][0x90][0xa6][0x9c]&[0xd8][0x89][0xf0]t[0xa9][0x5][0xac][0xb]][0xcf][0xc7][0xf7][0xea]T?[0x1c][0xca][0xf9][0xea][0xf2][0xec]p<.[0xac]^U=[0x9][0x16][0x6][0x7]3[\n]"
2020-12-30 20:56:47,323 DEBUG [main] wire:73 -  << "[0xcb]D[0xae][0xdc][0xd2][0xcc][0x3]n[0xb][0x9a][0x14][0xd0].[0xbf][0x1c][0x81]pQ[0xb3]K@R[0xa0]A$Vcm##[0x95][0x81][0x85]4[0x15]$[0xcd][0xfb][0x6]*([0xc9][0x9]5[0xb]m[0xee][0xb6][0xf6][0xe8][0x96]><[0xe4][0x88][0xf5]J[0xb9][0xc4][0xd5]CM#[0xab]h7[0xe1]M+2\[0xa0]jZ[0xc3]j[0x9a]uG[0xa2][0x9e][0x89]E[0xad][0x8]P[0xa2]J[0xce].[0x8d][0xae][0xb0]=dH[0x85]T[0xa3][0xa4][0xb3]`;~m[0xb7][0x3]][0x4][0xe6][0x96]~[0x9f][0x97]^n[0xfe]m[0xa3](*[0xb3][0x9d][0xdb]Nv^j[0xb8][0xf9]w[0x85][0x9d][0x3][0x1b][0x99]Ew[0x8a]\[0xf5]iW[0xb6][0xe7]V[0x97]v[0xbd][0xe0]q[0xeb]7[ok[0xd5][0x1a]^[0xb2]V[0xad][0xea]ul[0xb];[0xb5][0xee]q[0xa7][0x82]=[0xef][0x82]La[0xa7][0xf6][0xde][0xc4]r[0xb1][0x83][0x84]@[0xe1]\[0x8d][0x9e]7[0xee]LHS8[0x94]4]|[0xa3][0xaf]o[0xfd][0xd4][0xb4][0xb6]v[0xc9][0x9f][0xe1][0x5]][0xe1][0x1e][0x11][0xf4]@[[0x8a][0x1e]hM[0x90][0x8][0xd7][0x5][0xa9][0xdd][0xd5][0x4][0xc9][0x8f][0xe1][0xa5]<[0x8d][0x86]_K[0x1d]:[\n]"
2020-12-30 20:56:47,324 DEBUG [main] wire:87 -  << "[0x89]]g:[0xa8]'A[0xcb][0x13][0xea]D[0x87]m[0x91][0x1f][0xde][0xf6][0xc6][0xb6]p[0xc4]&[0xc3]>[0x14][0xf8][0x9b]8[0xf8][0x82]V(G[0xb6][0x1f]?r@y[0xe4][0x80][0x9d]#[0x87][0xb0][0xb6][0xb5]N[0xa2]S[0xd4][0xf5][0xc6]A[0x84][0x5][0xa3]D[0x84]s[0x12][0xa2][0x19]=[0x98]R[0xc2][0xb1][0xf3][0x85][0x1b]6[0xd8]9v>[0xb][0xa7][0xfe][0xe4][0xd5]dt[0xb2]//[0xc][Ga[0x1b][0xdc][0xdc][0xda]*@[0x97][0x80][0xda]Mn2[0x11][0xad][0x9a][0xa2]O[0x88][0xb2][0xc0][0x8b]L[0x9e][0xad][0xfb][0x85][0xa9]F[0x9b][0xe2][0x1c]~[0x97]8O[0x89]@[0xd2][0x14][0xa3][0x8c]&[0xbb][0xc5]h`[0xfc][0x19][0xcd][0xac]p[0xd6]i[0xf0]f[0xe4][0x1b]NT[0x9f]6[0xfb][0xf6][0xf9][0xe3]{[0x1f][0xb6][0xd9][0xcf][0x18][0xca]p[0xcc][0x96]D83[0x12][0xc3][0xea]@[0xf9]&[0x8a]~[0x93][0x93][0xcd][0xd5][0xd5][0x85][0xad][0xc8]\ [0x81]T[0xec],[0xf6][0xc1]![0xfc]B[0xb7][0xab]$[0x92][0xb5][0xbf]_[0x1b][0xf8][0x17]JHdV[0xf3][0xac]{-[0x8a][0x93]-[0xf9][0xdc][0xbc][0x97][0x96][0xe9][0x1a]+[0x12]aj[0xd8][0xea]+ [0x8b][0x8c]a[0xce][0x9]M[0x3][0x12][0xb9][0x92]kD[0x17][0x88][0xa8][0xbb][0x92][0xf0][0xc][0x8b][0x8b][0xab][0xb][0xd3][0xb2]E[0x80]3[0x1a][0xce][0x1b]#[0x97][0x12]b[0x8e]-;B[0x2]U#[0xf2][0xee][0x9a]~[0x12][0xac]&[0xce]V[0x6][0xcc]*[0x9d][0xc9][0xe2][0xcd]Tk[0xcb][0x1b]r[0xa5][0x8b][0xac][0x8]'S[0x92][0x10][0xa1][0xbb][0x6][0xed]&[0xdd].<[0x99][0xb4]3[0x86][0x19]N#[0xcc]"
2020-12-30 20:56:47,325 DEBUG [main] wire:73 -  << "[\r][\n]"
2020-12-30 20:56:47,326 DEBUG [main] wire:73 -  << "800[\r][\n]"
2020-12-30 20:56:47,326 DEBUG [main] wire:73 -  << "`Q[0xd6][0xe8][\n]"
2020-12-30 20:56:47,326 DEBUG [main] wire:73 -  << "[0xaf]G}Z7[0xd6][0xfe]~[0xae][0xa4][0xbc][0x8d]9[0xb6][0xee][0xd7]siW[0x1d][0xb0][0xdc][0xdb]/[0xfe][0xb][0x99]%[0xbf][0x9c]5F[0xad][0xfb]/~[0x3][0xe0]m[0x7][0xca][0x12][0x96]|[0xfe][0x9b][0xb6][0x86]|[0x98]g[0x9][0x9][0xb1]9[0xb6][0xbf]X[0x9e])[0xcb][0x98][0xab][0x5][0x9a]a[0xd3][0xb2]T([0xa9]+[0xf6][0xf3][0xc7][0xf7][0xa6][0xb2][0x1f]k[0x8][0xcf])#3[0x1f][0xe][0xcd][0xde]'[0xe]:[0x93][0x9d]O[0xdc][0xb1]5[0x84][0xfb]+[0x1f][0xe][0xa7][0x82]"[0xf3][0xff]|[0xfa][0xf5][0x83][0xa3][0xab][0x1b][0x12]o[0xcc]J[0x16]K[0xed]Ci[0xa5]^Q[0x96][0xdd][0xbf][0x89]"[0xb7]0A[n[0x8f]+?[0xf2][0xdc][0xf1][0xfa]@[0x87][0xb2][0xb3][0xbf][0xee]1[0x8d]ZM[0x86][0x93]gxPFY&[0x3][0x19]J[0xc5][0x1]b[0x8b]M[0xd7]q[0xde][0xa4][0x91][0x94]V[0xfb][0xf][0x8a]>%T[0xd4]][0xa8]t[0xad][0xf6][0x90]=.[0xfe][0xb3]<m[0x92][0xf5][0x9a][0xab]",U[0xfd]'[0x88][0xe7][0x7][0xb9].[0x87][0xbf]a[0xf1]n[0xc9][0x18]N[0x85][0xde][0x1d][0xb3][0xac][0xc7][0xb5][0x16]Z[0xd2][0xec][0xe0][0xc3][0xf0][\n]"
2020-12-30 20:56:47,327 DEBUG [main] wire:73 -  << "[0xa7]Klc.[0x82][0xe2]zJ[0xa2] N(eAL[0x92][0x4]G5@[0xc6][0xf0][0xca][0xe6][0x2][0x89][0x80][0xd3]%[0xb]q@"[[[0x93]r[0xc8][0xbd][0x1e]w[0xd1],[0xad][0x87][0x87][0xda][0xd8][0x9b]t[0xd3][0x1c][0x96][0x86]+[0xbf][0xf3][0xc]w[0x15][0xd9]9[0xbc][0x4]X[0xe5][0xf1][0xa1]tO[0xb9][0xe3]([\n]"
2020-12-30 20:56:47,329 DEBUG [main] wire:73 -  << "2[0xca][0x89][0xd0][0x91][0xc8][0xcf][0x10][0xe3][0xf8]*[0x15]f[0xdd]#[0xae][0x11][0x9b]aA[0xd2]Y[0xb1]|[0x3]e[0x86][0xa5][0xb]z[0xb2][0xc8][0xae][0xa2][0x86][0xff]H[0x8c][0xab][0xab][0x8b]Bn[0x1b]E[0x9f]S"[0x1a](o[0x14][0xa8][0xa0][0x96][0xaf][0xdf][0xd3][0xcf][0xe8][0x14][0xbd][0xe7][0x89][0x1]%6[0x89]`.JBR,k[0xf4][0xab][0xc8][0x1f]kb[0xb2]| +\[0x2][0xf0][0x1d]Y[0xc8]][0xf3]e[0xfc][0xcc][0xaf][0xb]9[0xbd]*[0x1e][0x96]h[0xbe]A[0xa7]_p([0xc][0xb5]9[0x5][0xd8])[0xe8][0x6]$[0xda][0xf3][0xfd]2BZ[0xf7]5[0x86]}[0xc8]:"[0x96]#R[0xde]@V[0x95][0x1d]:[0xb5][0x95][0xf4]b[0xcb]0[0xd2][0x1f][[0xd5]v[0xe4]*[0xff][0xfe][0x1c][0x5][0xab][0xb4][0x4][0xed]f[0x8a][0xd2][0x84][0x1f]KR[0xcb][0x94][0x8]Ws~<a[0xe5]n[0xe2][0xf6][0xb8][0x8e][w[0xa3][0x9a]i[0xba]M3[0x95]C[0x9c][0xdc]a[0x17][0xc2][0x8e][0xb3][0xb9]Ox[0x9f][0xfb][0xa8]3[0xba]-[0xdf]TGJ[0xb6][0x9]B[0x1a][0xe1][0xc6]j[0xde][0xbd]3-[[0x86][0xd6][0x15][0xc1][0xeb][0xb6]B~[0xcb][0xe1]W[0x91]i[0xd9][0xd2]H%[0x82]6m[0xbb][0xbe][0x8f]n[0xb5][0xd1]v[0xcd]N[0xdc][0xca][0x8e][0x9e][0x91][0xdd]m[0xc2][0x3][0x99][0xa6]\[0xed]Gy[0x9c]h[0xe5]*[0xbb]U[0x3][0x14][0x1][0xed][0xed][0xe6]J[0x19][0xcd]/[0xcb]$[0xb9][0x8a]jq[0xad][0x8]J[0xd2]mV([0xe1]~[0x89]T<[0x98]<0[0x94][0xcf][0xf4][0x1b][0xa1]F[0xb5][0xf6][0xf7][0xe5][0xdc][0xda][0xf3][0xc8]'LRG$[0x15]/[0xe4][0xc4][0x9b][0xf1][0xad][0xad][0x3][0x8c][0xba];[0xbc][0xf5][0xfe][6[0xfb][0xac][0x9d][0xfe][0x8b][0xf6][0xea]?\[0xae][0x15][0x1d][0xc2][0xef][0xac][0xd5][0xd4]V%I^e[0xdd][0xe4][0xe3]1I[0x4]fUY[0xa1][0xc0][0xcd][0xc4][0xea][0xe4]:[0xd8]Z[0xf6]s&[0xed][0xb5]&[0xdd]z%W'[0xa6][0xec][0x12][0x85][0xf3][0xd6]L[0xfe]h![0x99][0xd7]nzL[0x9e][0xfb]r[0xca][0xf][0xf][0xba]9[0xf6]W[0x17][0x9b]eY%[0xeb][0xa9]'[0xeb][0xcc][0xde][0xca][0x92][0xb][0xfe][0x9c][0xda][0xb2][0xb2][0x90][0xbc][0x87]G[0xf8][0x9b]E[0xd6][0xb6][\n]"
2020-12-30 20:56:47,329 DEBUG [main] wire:73 -  << "[0x5][0xdc][0xdf]ob[0x6][0xf8][0xe][0xfd][0xd1][0xc6]T[0xc0]v;[0xb][0x96][0xee][0x4][0x8b][0x14][0xf2][0xf9][0xe3][0xfb][0xa1][0xf][0xf7][0xa5][0x95][0x89]`[0xb9]$[0x91][0xf][0x87]j[0xee][0x8d]Q[0xc1][0xc]Y[0xee]v[0xb][0xef][0x82][0x80][0xb7][0xdd]Z[0xcd][0xd2][0xb8][0xb4][0xff][0x9e]\]s[0x86]@&[0xc8] [0xf2]}X[0x8a][0xe][0x9b][0x8d][0xd5][0xa2][0xce][0x91]N[0xae][0xde][0x92][0xe9]V"[0xbf]!1/h[0xd7][0xc2][0x9b][0x93][0xd1][0xcc][0xac][0xeb][0xb5]dV[0x16][0x6]JK[0x12][0xd6][0xd6]S[0xc5][0xcf]*[0xc5][0xc9]Qo[0xaa]1[0xb5][0xd0][0xbc][0x95]([0x7][0xff][0x81]7[0x80][0x94][0x88]e[0xd5][0xf1][0xf][0xbc][0xe9][0x88][0xe5][0xfb]~[0x8d]G[0x9b]E>[0xeb][0xd6][0xeb][0xf6]~[0xfb][0xce][0x1c]U[0xb5][0xed][0xb6]*z[0xbb]Y[0x88][0xbb]=u[0xb9]D[0x91]y[0xc4][0xad]'[0x95][0xea][0x18]c[0xff][\r][0xe7][0x15][0xb6][0xdb].[0xb9][0xed]z{[0xec][0x89][0xe6][0x2]C[0x9]&[0xb3][0xf9][0x8e][0xc6]B5[0xfa][0xbf][0xd8][0xdf][0x10]h[0x91][0xa1][0x1d][0x2][0x14]c?[0xd8][0xd3]([0xf]y[0xfd]/[0xe3]A[0x85][0x6]A[0x8f][0xab]y[0xf8][0xcb]q[0xf5][0xbb]x[0xd2][\r][0x81][0xf][0xee]![0x8a][0x82][0x10][0x85]s[0x1c]$x[0x85][0x13][0xe8][0x8e]m[0x5][0x92][0xe5]M[0x80][0xa2]/K.d[0xaa]([0xe0][0x9][0xba][0xdb]$[0x14]E[0xc1][\n]"
2020-12-30 20:56:47,329 DEBUG [main] wire:73 -  << "3[0x95]Y[0xb]x[0xfe]T  [0x11][0x87][0xb2][0xfa][0x92]@[0xc1]P[0xca]c[0xca][0x16][\r][0xda][0xdf][0x82][0x82][0xbe][0x2]LI[0x14]a[0x16],[0xb0][0x98][0xd3][0x8][0xba][0x93][0x12]Rr8[0xb2]aH[0xc4][0x6][0xba][0xf0][0x1f]4[0xf9][0x8a][0x4][0x82][0xb2][0xc0]W[0xe5][0x17]t[0xe1][0xd5][0x7]h[0xc3][0x8]mx[0xc0]I[0x1a][0xe2] A\[0x4]*[0xbc]@w4[0xb1]aDx[0x96][0xa0]M[0x93]i[0x15][0xab][0xdc][0xc9][0xd1][0xd1][0xc9][0xe9][0xb1][\r]#[0x1e][0xa0]H[0xd6][0x8e][0x1][0xcd][0x84][0x1a][0x91][0xb3]q:C3[0x1c][0x5][0x82],pAulC|[0xd7][0xd0][0xd9][0xa4][0x82][0xf0][0xaf]$SE[0xa1][0xc2]S[0x8b][0x8f]Q(([0xd3][0xcc]l[0x18]3[0xb4][0xc0]k[0xca][0xbe][0x16][0x80]9[0xe2][0xc1][0x14]E[0x1][0x91][0xe1]O[0xcd]* k[0xca][0xa4]6[0xc7]6$h[0x1a][0x84]H[0xe0][0x19]Uk[0x86]6$<[0x88][0x19]][0x4][0xc][0x87]t[0xb1][0x90][0x19];[\n]"
2020-12-30 20:56:47,330 DEBUG [main] wire:73 -  << "[0xd4][0x81][0x1e][0xba][0xda][0x8c]$[0x86][0xf6]h-7e[0xf5][0x11]N[0x84]>[0xfb]+[0xf2]Jgrv[0xa0]^[0x90]P[0xc]JX^[0xdd][0xe4]P[0xd1][0xb1][0x96][0x5][0x92];[0xaa][0xe5]\H[0xdb][0xaf][0x96]O3A[0x16][0xe4]N[F[0xb9][0x9f][0x13][0x1b]*^[0xb5][0xd2]=[0xb7][0x19][0x5]V[0xfc][0xaa][0xad][0xaa]`J[0x6]|[0xf8]2<=>[0x1d][0x8f]N^[0x9d][0xc6][0xa3][0xe3]W'[0xa7][0xa3][0xe3][0xc3][0x18][0x8f]N[0x8e][0x8f][0xa2]x[0x12][0xe3]8[0x8e][0x8f]%[0xa5][0xe2]L[0xc0]q[0x82][0xc3][0xdc]25=[0xca][0x5]Jr[0x19][0xe1][0xe9]x<>[0x1e][0xcb][0x9][0xab]@[0x9e].D[0x8d]3[0xc3]<[0xa3])[0xc7]z[0xf3]e"[0x86][0xee][0xcb][0x97]'6[0xe4][0x98][0xad]0S[0xe2]L^8[0x87][0xe3]S[0xe7][0xe5][0xa9]s8>q[0xf]_[0x1d][0x9f][0x9e]B[0x1b][0xaa][0x97]b[0xa0][0xb]+o[0x96][0xd3]`[0xc7]z[0xf3][0xca][0x12][0xba][0x93][0x93][0xf1][0xab][0xa3][0xe3][0xc3][0xf1][0xf8][0x85][\r][0x8b][0xa2][0xaf][0x10]XsO[0xd5][0x96][0xd5]Lp[0xc9][0x12][0xe8][0xc2][0xb9][0x10][0x99]{p[0x10]-[0x17][0x8b][0x8d][0xc3]0[0x17](#[0xf8][0x1b]Zd[0x9]vB[0xba]8@[0x19]9XM[0xe]$I[0xba][0xc1][0xf8]`[0x2]m[0xb8][0xe4][0x98][0x15][0xc4][0xa5][0x89][0xd5][0x96][0xbc][0xa6][0x8c][0x8b][0xd2][0xf6][0xca]M[0xde]zy[0xcc][0x90])[0x4][0xf8]@=[0x97]+[0xc2][0x88]Pa[0xa4][0xc7][0xa3][0x9e]c[0xfc][0xa5][0x81]EZc[0x87][0xe3][0xc3][0xf1]hr8:[0x1a][0xc3][0xda][0xe0][0xf7][0xec]|[}?[0xae][0xa7][0xaa]F[0x81].|5}[0x19][0xe2]i[0xf4]jt[0xfa]b[0xf2]rt[0x1c][0x86]'[0xa3][0xe3][0x97][0xe3][0xe3][0xd1][0xc9][0xe4][0xd5][0xf1][0xd1][0xf4]8|9E[0x13][0xb8][0xfd][0x9e][0x9e]\[0xb7][0xfd][0xd6][0xdf][0xab][0xeb][0xf][0xed]g}yi[0x8a][0xd2][0x19]fE"[0xaa]w[0xe8][0xca][0x91][0xf3]2[0xb]MW[0xfe][0xab][0xe3][0xfd][0x95]t[0xb2]/[0xf]+[0x9f][0xa4](>[0x8d]c[0xa3][0xc8]@[0x9d][0xc4]T[0xcb]O[0xcf]NL[0xbd][0x19][0xa8][0xde]]$[0xb1][0x9][0x8b][([0xeb][0xdb]F[0xfd][0xf9]n[0xc9][0x5]][0xa8]gG[0xf9]ydo[0xe2]u[0xc7][0xaa]gE[0xa1][0x8d][0xac]{[0xe4][0xa3][0x87][0x87][0xfb][0xe9]r:M0w[0xf7]&v[0x88][0xd2][0x10]'h[0x9a]`y[0x17]a[0x81]H[0xa2][0x9e].k[0xcb][0x9e]v[0x9e],[0xe9][0x87]U5[0xe][0xd0][0xf2][0xa6][0xe]I[0x89][0xa8][0xc1]$3'[0xe7]b#[0xa7]bb#G[0xf3]([0x9f][0xb7]O[0xb7][0xcf]h[0xd9]>[0xaa][0xb3]g[0xd5]![0xcb][0x84][0xef][0xac]C[0xf2][0xb1]f[0x1d][0xf2][0xe2][0xfb][0xeb][0x10][0x90][0xff]+/[0xf4][0x8f][0x7][0xd4][0xfb]RP[0xba]kF[0x99][0x80] [0xa4][0xa9][0x90];[0x3][0xd7]$[0x12]s?[0xc2]+[0x12][0xe2][0x91][0xba][0xb1][0x8b]'[0xba]#[0x1e][0xa2][0x4][0xfb][0x13]x6[0xa8][0xa8][0x9]"[0x12]|vM)[0xf8]'J7[0xe0]#[0xfe]c[0x89][0xb9][0xe0][0xaf][0xf][0xf4]@[\r]so4[0x2][0xbf][0xd0]Tp0[0x1a]Ur[0xbd]NH[0xfa][0x15]0[0x9c][0xf8]0J[0xf9](c8[0xc6]"[0x9c]C[0xfd][0x16][0x3]<8[0x88][0xe5][0x14]g&[0x83]4[0x9][0xa5][0xf7][0xc3][0xf6]d[0x8d])c[0x6]wK|Jg[0x9]F[0x19][0xe1]*`[0x84][0x9c][0x9f][0xc7]hA[0x92][0x8d][0xff]a[0x99][0x12]A[0xa1]f[0xc9][0xc5]&[0xc1]|[0x8e][0xb1][0x80]mQ?[0xa9][0xa1][0xa6][0xac][\n]"
2020-12-30 20:56:47,331 DEBUG [main] wire:87 -  << "[0xbd][0xba][0x97][0xff][0xe6]b[0x91][0xd8]`J[0xa3][\r][0xb8]o[0xc][0xc8]S[0x14]~[0x9d]1[0xba]L[0xa3]QH[0x13][0xca]\[0xf0]?q[0x1c]{[0x1d][0xbc]b[0xf0][0xe4][0xe8]dz[0xd2]3.[0xd7]4[0xd2][0xf2][0xbb][0xc0][0xd0]+0l[0xc0]Q[0xca]G[0x1c]3[0xb2]k[0xca]Z[0x16][0xd3][0xc2][0x5][0x93][0xf1][0xb8][0x8b]1[0xaf][0x6]W[0xf3][0xee][0xf0][0x2][0xb1][0x19]I][0xd0][0x9a][0xb9][0x1d]4n[0x9d]x"
2020-12-30 20:56:47,331 DEBUG [main] wire:73 -  << "[\r][\n]"
2020-12-30 20:56:47,332 DEBUG [main] wire:73 -  << "691[\r][\n]"
2020-12-30 20:56:47,332 DEBUG [main] wire:73 -  << "[0x99]$#M[0xaa]G[0x1][0x8f][0xf0][0xe8][0x10]J[0xf0][0xb7]Q[0x88]S[0x81]Y[0xf]![0x94][0x90]Y:[0xd2]O[0xf0][0x81][0xc6][0xea][0x8a][0x9c][0x17][0x8f].[0x90][0xb4][0xba][0xc3][0xb2]:&[0xf1]f[0x94][0xdb]z?[0x9d][0xb6]XE[\r]0b8[0xee][0x91][0xab][0xec]lJ{R[0xcd][0xbe][0xc7][0xc9][0xc9]B[0xa6][0xcf]P([0x8b]0[0x1b]1[0xad][0xad][0xc3][0xec][0x1b][0xe0]4![0xd1][0x8e]mU=Spx[0x92][0xf5],2CQD[0xd2][0x99][0xb][0xc6]`[0xf2]"[0xfb][0x96]u[0xf1]d[0x86][0x1a])[0xad]>O[0xf][0xb][0xcc]9[0x9a][0xf5][0xc9]^[0x13]i[0xf2][0xf2][0xc7]X[0x15]W[0xaf][0xf]j[0x1e][0xf6][0xfd][0x99]jW[0xf2][0xcd]3[0x90][0x8e][0x9][0x1]JQ[0xb2][0x11]$[0xe4][0xc1][0x12][0x85][0xa1][0xac][0x87][0xe0][0xe7]7[0xa3][0xc9][0xd1]dr[0xf8][0xea][0xf4][0xf4]t49[0x86]&][0xee][0x12]B[0xb5]/[0x82][0x99]:[0xc7][0xa9][0xaf][0x87][0x7]ps[0xeb][\r][0xe4][0xb5]n[0x84][0xd6][0xd2][0xec][0xe0][0xa7]`[0x86][0x84][0x13][0xe8][0xfc]v[0xcd]P[0xf8][0x15]3[0xd3]h[0xc9])[0x13][0x7]6,o[0xb0][0xb5][0xbe][0x9b][0xce][0xd1][0xcb][0xa3][0xa3]W[0xe3][0xf1][0x8b][0x91]<[0xdb][0x1a]q[0x97][0xca][0x8d][0x81][0x9d][0x80]cq[0xa1]J[0xc5][0xf]h[0x81]%b[0xb7][0x18]3n[[0xd3][0xe2][0x1f][0x9b][0xa6][0xb9][0xe9]|[0xfd]/[0xc4][0xc]{b[0x1b]Euh[0xd8]F[0xb6][0x9c][0xea][0x9a]:[0xa5]([0xe2][0x86]}[0xf4][0xe4][0xfc]C[0xdb][0x10][0x86]mL[0x8e]O[0x9f][0x83]}d[0x1b][0x8c]D[0x86]m[0x8c][\r][0xfb][0xf0]I[0xec]c[0xdb][0x98]2d[0xd8][0xc6][0x82]F[0xa7]G;[0xe9][0xbf]I[0x12][0xba]~[0x93][0x86]s[0xca][0xc][0xf5][0x0][0xb3][0x1f][0xed][0x13][0x11][0xba][0xa0][0xfb][0xa4][0xd4][0xf3]Q[0xad][0x18]L[0xc6][0xfd][0x9a][0xfd]q[0x15]u[0xe6][0x1f][0xda][0x86]>[0x9][0x18]v[0xdf][0x16][0xed][0xa2][0xd0]/[0xef]aG^[0xec][0x4]B[0x9a]\[0xd1]][0xef]3[0x95].[0xc2]`P[0xb3]`[0x19]o[0xa4][0xe3][0xcc][0x10][0xf0][0xc1][0x93]?[0x12][0x1]3[0xa4][0xde][0x1f][0x2]>0Z[0xe]h[0xa8]A[0xe5][0xa9][0xc0][0xd7]/T[0xe]$[0x84]3yo[0x1a][0xba]|0[0x80]_cS[0xbe]<[0x99]1*hH[0x13]p[0xe][0x8c][0xa2][0xce][0xe0]<1[0x80][0xab][0xef][0xdd][0x83][0x83][0xf5]zmX`[0x8][0x8c]<[0xcc][0x8c][0xca]0[0xa3][\n]"
2020-12-30 20:56:47,333 DEBUG [main] wire:73 -  << "[0x90][0x99]*[0xf4]<[0xbd][0x18]^_K[0xff]O([0x8a]%[0xdd][0x8c]o=[0xa0]~5[0x85]S[0xf1][0x81]F[0xd8]!)[0xc7]L[0xbc][0xc5]1e[0xd8][0x9c]![0x1b]p[0xe5][0xba][0xa6][0xe5][\r][0xba]QkG,[0xd2]}J[0xba]$[0xea]e[0xd3]I-[0xde][0xbd][0x9e]"[0x8e]k[0x15][0xd5][0xf7][0x9d][0xc2][0xce][0x1a]|;[[0xa0]c [0xbe][0xa3][0xd7][0xb9][0xd1][0xca]}jY[0xad]7[0xa8]?[0xc0][0xd5]"[0xfa][0xa0][0xd6][0xd0][0xb6][0x6]:[0x5]5[0xd6]`[0xa4]4[0xc5][0x86]7[0xd8][0x16][0x1c]~[0xa1]l[0xa1][0xf][0xb3]rtbx[0xc5]@[0x80]se[0x7][0x82][0x6][0xea][0xb5]l[0xe0][0xeb][0xb7][0x94][0x1b][0x1a][0xd4]%[0xe0][0xf5][0x9b][0x8f][0xd7][0xe0][0xf2][0xff][0xfe][0xfd][0xf2][0xcd][0x85]*[0x4][0x9f]n[0xea][0xed]X3[0xa7]a[0x80][0xb2],[0xd0][0xc2][0x8e]sq"u[0xab][0xf][0xe0][0x85][0x80][0xda][0x1f]%V[0x8f]C[0x96][0xab] [0xe1]'[0x8c]X8[0x97][0xc7][0x17]I[0xa2][0xb1][0xf7]{[0xa3][0xd1][0xfd][0x97]?[0x96][0x98]m[0xb6]Jh[0xb9][0x94][0xcb][0xf][0x17]O.[0xe4][0xc7][0xcf][0xbb][0x9d]U[0x3][0x95][0xc7]}[0xa3][0xa8][0xc8][0xd4][0xf6][0x9c][\r][0xfa]NE[0x12][0x16][0x7][0xf8][0x8e][0xf2]%[0x99][0xe1][0x14]3[0xa2][0xf]D[0x7]3G-[0xd4]I[0xb1]8h[0xc][0xeb]#[0xd3][0xe3][0xa7][0xde][0xfc][0x1c]4(~[0xc9][0xdc]dp[0xb9][0x92]i[0xbf][0x1e]e@iuf[0x3][0xd3][0x2]{M[0xeb][0xbb]Wk[0x98][0x12][0xe1]T-t3LRo~[0x19][0xb7]6[0xb8]Q[0xf]J[0xe4][0x84][0xb]*[0xd4][0x83][0xf]c[0x99][0x92][0x15]f[0x1c]%A[0xde][0xd7]1l[0xd0]dh[0xdd]Z[0x1e][0xd8]n[0xbd][0xb6][0xb2][0x96]i[0xa8][0x95][0xd5]Y[0x8a]T[0xd7][0xae][0x1][0xf5][0xc3][0xcb][0xf2][0xcc][0xd8][0xaf][0xec]'_[0x0]|[0xec]%[0xc5][0xdb]^[0xcd]w[0xf][0xa2][0xff][0x1d][0x8b]{[0xa6][0xc1][0x85]OX\(O[0xe2])[0x9d][0xe1]T=[\n]"
2020-12-30 20:56:47,333 DEBUG [main] wire:73 -  << "[0xc8]M[0xaf][0xf3]^b[0xf1][0xaa](|[0xdc]([0x9f](.D)g[0xb5][0x9f][0x9a][0xa8][0xdc]([0xd7][0x97]d[0x89][0x99][0xad][0xae].l[0xc0]V[0x16][0xa8][0xa2][0xa6][0xea][0x9][0xe2]5[0xb8]@[0x2][0xcb][0xa0]'[0xe1][0x91][0x93][0xff][0xb6][0xce][0x8c][0xd4];:[0xf2]J[0xa6]3[0xf3][0xe8][0xe4][0xc5][0xcf][0x87][0xc7]?[0x9f][0x8c][0xe5][0xff][0x93][0xf1]xl[0xe5]3T$[0xfa][0x96][0x11][0x86]e:[0x83][0xf9][0xa5][0xf][0x87][0x91]#[0xe8][0xe7][0xeb]w[0x9f][0xd4][0xd3][0xcd][0x82]~[0xfe]w[0x0]$[0x97][0xb7][0x9b]wH[0x98][0x10][0xdf]-[0xbf][0x5]I[0x96][0x4]:[0xfe][0xf9][0x10][0xc]kR5[0x84][0x80][0xf]rP.[0xa5][0xbc]a+y[0xe9][0x1]y[0x9d][0xb3][0xb6][0xc1][0x91][0xcc][0x84][0xb5][0x9f][0x16][0xa9]W[0xaa]wi[0x82][0xc4][0xc0],[0x93]p[0xf5][0x13]K[0xe0][0xfb]>[0x80][0xc5][0xab][0xf0][0xd0][0xaa][0x1d]xvhV/p[0x9b][0x13]5[0x8b]_3V[0xef]s[0xd7]itGM[0xa8][0xff][0x9][0xed]&[0x3][0x1b][0xb4]9[0x0][0xf5]6~E[0xab]b[0xa6])X[0xad][0xc3][0x99]zwj[0xc9][0x98][0x1e][0x5]>h`{[0x1d][0xdc][0x14][0xaf]K[0xd4][0xea]m[0xee][0x95]h[0xd3]U[0xba]([0xe9]*[0x8c][0x9e][0x96][0xc6]c[0xca]*O~[0xcd][0xdb][0x86]|[0xda]H[0xdb][0xb2]v[0x94][0xd0]7[0xaf][0xc1][0xdb][0x99][0x92]4[0xd2]?@ok[0xb4][0xda][0xb7][0xed]`;[0xe8][0xb][0xb8][0xb0]aC[0xd0][0x6][0x1d][0xc0][0xcd]3;[0xdd] /[0x13]nk[0xd1]x[0xe7]k[0xe8]O$[0xb5]*[0xa8][0x1e][0xa8][0xbf][0x7][0xa2][0xff]4[0xc8][0x94]F[0x9b]Z[0xaf]*"+[0x10]&[0x88]s[0x1f][0xd6][+[0x8d]~F[0xad]y[0x3][0x9b]m[0xad][0xfa]t[0xf5][0xf0][0xe5][0xac][0xb3][0xc3][0xc7][0x87][0xaf][0x1a]3[0xe]"[0xb2]:[0x1b][0xec][0xa4][0x92]7[0x10]`[0x1e][0xa8]a[0xd9][0xa8][0x98][0x8c][0xb3]o^[0xf][0xfd]NO[0xb1][0x87][[0xcf][0xed][0xe3][0xa5]o_[0x9a][0xf0][0x8c][0xf2][0xf][0x9e][0x4][0x11]Y[0xc8]p[0xd6]<[0x81][0xfc][0xf4][0x93][0xfe][0x99][0xbf]xG[0xe9]W[0x82][0xeb][0xee][0xa1][0x1a][0xa9]v[0xd1]>[0xb5]u,[0xda][0x0]=[0xeb][0xa7][0xbc][0x9d]\[0x9d][[0x8a][0xf9][0xfa][0xb7]2[0xbe]1[0xcc]'[0xe]MS[0xcf][0xb4][0xce][\r][0xaf][0x8][0xa5][0xc6][0xd0],[0x3][0xe2]?[0x91][0x98];[0xea]u7[0xb3]/H[0xe][0xf5][0xec]<@7[0x3][0xb0][0xe5][0x1a][0x86]54<[0xf5][0x87][0x8][0xe][0xc]o[0xf0][0xd3]O[/_S[0x1c][0xeb][0x12][0xb4][0xb8][0xa7][0xf3]*L[0xc8]l[0x84]SG[0x9b]G[0x89][0xb0][0xee] [0xa8]&q1.[0xe7]k[0xa2][0xbe][0xf]&[0xe0]\Rt[0x81]I[0xe7][0xe0][0xc][0xd0][0xb5]U[0x0][0xe8][0xba][0x98][0xb0][0xee]LX[0xb7]'H[0x0]-9,k"[0xca]:[0x85][0xfd]]7[0x1f][0x1f][0x1e]*=[0x17][0x17][0xf9][0xc1][0xca][0x9][0x13][0x82]S[0xd1][0x83][0xd8][0xf8][0x92][0x9e][0xa4][0xbf]^[0x9f]X[\n]"
2020-12-30 20:56:47,334 DEBUG [main] wire:87 -  << "[0xb0]n[0x9][0xf0][0xbb]T[0xc0]3[0xf8]w[0xf1][0x9e][0xc7][0xfe][0xf7]B[0xc1][0xa5][0x5][0x9a][0x6][0xbe][0x93]'|[0x80]S[0xe9][0x9c][0x9f]?^[0xbd][0xa3][0x8b][0x8c][0xa6][0xea]4,[0xb5][0xe9][0x1b]C[0xf9]54[0xec][0xb5]o[0xc][0xd7]C[0xc3][0x9e][0xfb][0xc6]pn[0xd9][0xc0]<[0x9a][0xbc]8:[0xc1]G?[0x9f][0xca]D[0xde][0xa2]I[0xe7][0xeb][0x1d]D%[0x99]eAg[0xd9]C[0xa8][0xff][0x81][0xc9][0xf3]k5[0xcf][0x0][0xaa][0xa2][0xe9]?$[0xe0]hAS!O[0xe2][0xf3][0xac][0xef]qI9[0xbe][0xc6][0xd3][0xec][0x1c][0xf9]h[0xbf]|l[0xc2][0xe7][0xe1][0xd4]?:[0xae][0xca][0xb6][0xa7][0xca][0xdd]'[0x82]o[0x9f]x_p[0x92]lb[0xc2][0xe7][0xa5]|[0xf5][0xa7]y[0xd5][0xe8]c[0xd2][0xed]z[0xae][0xb3]+[0xf6][0xf][0x6]O([0xb9][0xb7]N[0xac][0xa5][0xe][0x9d]/^[0x1f][0xe8]?7[0xf5][0xff][0x3][0x0][0x0][0xff][0xff]'B@[0xac]J[0x0][0x0]"
2020-12-30 20:56:47,334 DEBUG [main] wire:73 -  << "[\r][\n]"
2020-12-30 20:56:47,335 DEBUG [main] wire:73 -  << "0[\r][\n]"
2020-12-30 20:56:47,336 DEBUG [main] wire:73 -  << "[\r][\n]"
2020-12-30 20:56:47,336 DEBUG [main] RequestSpecificationImpl$RestAssuredHttpBuilder:548 - Parsed data to instance of: class org.apache.http.conn.EofSensorInputStream
2020-12-30 20:56:47,413 DEBUG [main] BasicClientConnectionManager:161 - Get connection for route {}->http://dummy.restapiexample.com:80
2020-12-30 20:56:47,413 DEBUG [main] DefaultClientConnectionOperator:177 - Connecting to dummy.restapiexample.com:80
2020-12-30 20:56:47,449 DEBUG [main] RequestAddCookies:123 - CookieSpec selected: ignoreCookies
2020-12-30 20:56:47,449 DEBUG [main] RequestAuthCache:77 - Auth cache not set in the context
2020-12-30 20:56:47,449 DEBUG [main] RequestTargetAuthentication:80 - Target auth state: UNCHALLENGED
2020-12-30 20:56:47,450 DEBUG [main] RequestProxyAuthentication:89 - Proxy auth state: UNCHALLENGED
2020-12-30 20:56:47,450 DEBUG [main] DefaultHttpClient:682 - Attempt 1 to execute request
2020-12-30 20:56:47,451 DEBUG [main] DefaultClientConnection:274 - Sending request: GET /api/v1/employee/2 HTTP/1.1
2020-12-30 20:56:47,451 DEBUG [main] wire:73 -  >> "GET /api/v1/employee/2 HTTP/1.1[\r][\n]"
2020-12-30 20:56:47,451 DEBUG [main] wire:73 -  >> "Content-Type: application/json; charset=UTF-8[\r][\n]"
2020-12-30 20:56:47,452 DEBUG [main] wire:73 -  >> "Accept: */*[\r][\n]"
2020-12-30 20:56:47,452 DEBUG [main] wire:73 -  >> "Host: dummy.restapiexample.com[\r][\n]"
2020-12-30 20:56:47,452 DEBUG [main] wire:73 -  >> "Connection: Keep-Alive[\r][\n]"
2020-12-30 20:56:47,452 DEBUG [main] wire:73 -  >> "User-Agent: Apache-HttpClient/4.5.3 (Java/1.8.0_251)[\r][\n]"
2020-12-30 20:56:47,453 DEBUG [main] wire:73 -  >> "Accept-Encoding: gzip,deflate[\r][\n]"
2020-12-30 20:56:47,453 DEBUG [main] wire:73 -  >> "[\r][\n]"
2020-12-30 20:56:47,453 DEBUG [main] headers:278 - >> GET /api/v1/employee/2 HTTP/1.1
2020-12-30 20:56:47,453 DEBUG [main] headers:281 - >> Content-Type: application/json; charset=UTF-8
2020-12-30 20:56:47,454 DEBUG [main] headers:281 - >> Accept: */*
2020-12-30 20:56:47,454 DEBUG [main] headers:281 - >> Host: dummy.restapiexample.com
2020-12-30 20:56:47,454 DEBUG [main] headers:281 - >> Connection: Keep-Alive
2020-12-30 20:56:47,454 DEBUG [main] headers:281 - >> User-Agent: Apache-HttpClient/4.5.3 (Java/1.8.0_251)
2020-12-30 20:56:47,454 DEBUG [main] headers:281 - >> Accept-Encoding: gzip,deflate
2020-12-30 20:56:49,356 DEBUG [main] wire:73 -  << "HTTP/1.1 200 OK[\r][\n]"
2020-12-30 20:56:49,357 DEBUG [main] wire:73 -  << "Cache-Control: no-cache, private, max-age=31536000[\r][\n]"
2020-12-30 20:56:49,359 DEBUG [main] wire:73 -  << "Content-Type: application/json[\r][\n]"
2020-12-30 20:56:49,359 DEBUG [main] wire:73 -  << "Date: Wed, 30 Dec 2020 15:26:49 GMT[\r][\n]"
2020-12-30 20:56:49,360 DEBUG [main] wire:73 -  << "Display: staticcontent_sol[\r][\n]"
2020-12-30 20:56:49,361 DEBUG [main] wire:73 -  << "Expires: Thu, 30 Dec 2021 15:26:47 GMT[\r][\n]"
2020-12-30 20:56:49,362 DEBUG [main] wire:73 -  << "Host-Header: c2hhcmVkLmJsdWVob3N0LmNvbQ==[\r][\n]"
2020-12-30 20:56:49,363 DEBUG [main] wire:73 -  << "Referrer-Policy: [\r][\n]"
2020-12-30 20:56:49,364 DEBUG [main] wire:73 -  << "Response: 200[\r][\n]"
2020-12-30 20:56:49,365 DEBUG [main] wire:73 -  << "Server: nginx/1.16.0[\r][\n]"
2020-12-30 20:56:49,365 DEBUG [main] wire:73 -  << "Vary: Accept-Encoding[\r][\n]"
2020-12-30 20:56:49,366 DEBUG [main] wire:73 -  << "Vary: Accept-Encoding,User-Agent,Origin[\r][\n]"
2020-12-30 20:56:49,367 DEBUG [main] wire:73 -  << "X-Ezoic-Cdn: Miss[\r][\n]"
2020-12-30 20:56:49,368 DEBUG [main] wire:73 -  << "X-Middleton-Display: staticcontent_sol[\r][\n]"
2020-12-30 20:56:49,368 DEBUG [main] wire:73 -  << "X-Middleton-Response: 200[\r][\n]"
2020-12-30 20:56:49,369 DEBUG [main] wire:73 -  << "X-Ratelimit-Limit: 60[\r][\n]"
2020-12-30 20:56:49,369 DEBUG [main] wire:73 -  << "X-Ratelimit-Remaining: 58[\r][\n]"
2020-12-30 20:56:49,370 DEBUG [main] wire:73 -  << "X-Sol: pub_site[\r][\n]"
2020-12-30 20:56:49,370 DEBUG [main] wire:73 -  << "Content-Length: 183[\r][\n]"
2020-12-30 20:56:49,371 DEBUG [main] wire:73 -  << "[\r][\n]"
2020-12-30 20:56:49,372 DEBUG [main] DefaultClientConnection:259 - Receiving response: HTTP/1.1 200 OK
2020-12-30 20:56:49,372 DEBUG [main] headers:262 - << HTTP/1.1 200 OK
2020-12-30 20:56:49,374 DEBUG [main] headers:265 - << Cache-Control: no-cache, private, max-age=31536000
2020-12-30 20:56:49,375 DEBUG [main] headers:265 - << Content-Type: application/json
2020-12-30 20:56:49,375 DEBUG [main] headers:265 - << Date: Wed, 30 Dec 2020 15:26:49 GMT
2020-12-30 20:56:49,376 DEBUG [main] headers:265 - << Display: staticcontent_sol
2020-12-30 20:56:49,376 DEBUG [main] headers:265 - << Expires: Thu, 30 Dec 2021 15:26:47 GMT
2020-12-30 20:56:49,377 DEBUG [main] headers:265 - << Host-Header: c2hhcmVkLmJsdWVob3N0LmNvbQ==
2020-12-30 20:56:49,377 DEBUG [main] headers:265 - << Referrer-Policy: 
2020-12-30 20:56:49,378 DEBUG [main] headers:265 - << Response: 200
2020-12-30 20:56:49,378 DEBUG [main] headers:265 - << Server: nginx/1.16.0
2020-12-30 20:56:49,379 DEBUG [main] headers:265 - << Vary: Accept-Encoding
2020-12-30 20:56:49,379 DEBUG [main] headers:265 - << Vary: Accept-Encoding,User-Agent,Origin
2020-12-30 20:56:49,380 DEBUG [main] headers:265 - << X-Ezoic-Cdn: Miss
2020-12-30 20:56:49,380 DEBUG [main] headers:265 - << X-Middleton-Display: staticcontent_sol
2020-12-30 20:56:49,381 DEBUG [main] headers:265 - << X-Middleton-Response: 200
2020-12-30 20:56:49,382 DEBUG [main] headers:265 - << X-Ratelimit-Limit: 60
2020-12-30 20:56:49,382 DEBUG [main] headers:265 - << X-Ratelimit-Remaining: 58
2020-12-30 20:56:49,382 DEBUG [main] headers:265 - << X-Sol: pub_site
2020-12-30 20:56:49,383 DEBUG [main] headers:265 - << Content-Length: 183
2020-12-30 20:56:49,384 DEBUG [main] DefaultHttpClient:509 - Connection can be kept alive indefinitely
2020-12-30 20:56:49,385 DEBUG [main] RequestSpecificationImpl$RestAssuredHttpBuilder:545 - Parsing response as: application/json
2020-12-30 20:56:49,386 DEBUG [main] RequestSpecificationImpl$RestAssuredHttpBuilder:548 - Parsed data to instance of: class org.apache.http.conn.EofSensorInputStream
2020-12-30 20:56:49,389  INFO [main] Usercheck:46 - request sent successfully
2020-12-30 20:56:49,414 DEBUG [main] wire:87 -  << "{"status":"success","data":{"id":2,"employee_name":"Garrett Winters","employee_salary":170750,"employee_age":63,"profile_image":""},"message":"Successfully! Record has been fetched."}"
2020-12-30 20:56:49,417 DEBUG [main] BasicClientConnectionManager:200 - Releasing connection org.apache.http.impl.conn.ManagedClientConnectionImpl@3f23a3a0
2020-12-30 20:56:49,417 DEBUG [main] BasicClientConnectionManager:225 - Connection can be kept alive indefinitely
2020-12-30 20:56:49,515 DEBUG [main] cache:45 - Couldn't find template in cache for "v3html/v3-html-index.ftl"("en", UTF-8, parsed); will try to load it.
2020-12-30 20:56:49,516 DEBUG [main] cache:45 - TemplateLoader.findTemplateSource("v3html/v3-html-index_en.ftl"): Not found
2020-12-30 20:56:49,519 DEBUG [main] cache:45 - TemplateLoader.findTemplateSource("v3html/v3-html-index.ftl"): Found
2020-12-30 20:56:49,519 DEBUG [main] cache:45 - Loading template for "v3html/v3-html-index.ftl"("en", UTF-8, parsed) from "jar:file:/C:/Users/SRABANTI%20GHOSH/.m2/repository/com/aventstack/extentreports/4.0.0/extentreports-4.0.0.jar!/com/aventstack/extentreports/view/v3html/v3-html-index.ftl"
2020-12-30 20:56:49,726 DEBUG [main] cache:45 - Couldn't find template in cache for "v3html/v3-html-head.ftl"("en", UTF-8, parsed); will try to load it.
2020-12-30 20:56:49,727 DEBUG [main] cache:45 - TemplateLoader.findTemplateSource("v3html/v3-html-head_en.ftl"): Not found
2020-12-30 20:56:49,727 DEBUG [main] cache:45 - TemplateLoader.findTemplateSource("v3html/v3-html-head.ftl"): Found
2020-12-30 20:56:49,728 DEBUG [main] cache:45 - Loading template for "v3html/v3-html-head.ftl"("en", UTF-8, parsed) from "jar:file:/C:/Users/SRABANTI%20GHOSH/.m2/repository/com/aventstack/extentreports/4.0.0/extentreports-4.0.0.jar!/com/aventstack/extentreports/view/v3html/v3-html-head.ftl"
2020-12-30 20:56:49,732 DEBUG [main] cache:45 - Couldn't find template in cache for "v3html/v3-html-nav.ftl"("en", UTF-8, parsed); will try to load it.
2020-12-30 20:56:49,733 DEBUG [main] cache:45 - TemplateLoader.findTemplateSource("v3html/v3-html-nav_en.ftl"): Not found
2020-12-30 20:56:49,733 DEBUG [main] cache:45 - TemplateLoader.findTemplateSource("v3html/v3-html-nav.ftl"): Found
2020-12-30 20:56:49,734 DEBUG [main] cache:45 - Loading template for "v3html/v3-html-nav.ftl"("en", UTF-8, parsed) from "jar:file:/C:/Users/SRABANTI%20GHOSH/.m2/repository/com/aventstack/extentreports/4.0.0/extentreports-4.0.0.jar!/com/aventstack/extentreports/view/v3html/v3-html-nav.ftl"
2020-12-30 20:56:49,744 DEBUG [main] cache:45 - Couldn't find template in cache for "v3html/test-view/v3-html-test-view.ftl"("en", UTF-8, parsed); will try to load it.
2020-12-30 20:56:49,744 DEBUG [main] cache:45 - TemplateLoader.findTemplateSource("v3html/test-view/v3-html-test-view_en.ftl"): Not found
2020-12-30 20:56:49,745 DEBUG [main] cache:45 - TemplateLoader.findTemplateSource("v3html/test-view/v3-html-test-view.ftl"): Found
2020-12-30 20:56:49,745 DEBUG [main] cache:45 - Loading template for "v3html/test-view/v3-html-test-view.ftl"("en", UTF-8, parsed) from "jar:file:/C:/Users/SRABANTI%20GHOSH/.m2/repository/com/aventstack/extentreports/4.0.0/extentreports-4.0.0.jar!/com/aventstack/extentreports/view/v3html/test-view/v3-html-test-view.ftl"
2020-12-30 20:56:49,760 DEBUG [main] cache:45 - Couldn't find template in cache for "v3html/test-view/v3-html-test-view-charts.ftl"("en", UTF-8, parsed); will try to load it.
2020-12-30 20:56:49,761 DEBUG [main] cache:45 - TemplateLoader.findTemplateSource("v3html/test-view/v3-html-test-view-charts_en.ftl"): Not found
2020-12-30 20:56:49,762 DEBUG [main] cache:45 - TemplateLoader.findTemplateSource("v3html/test-view/v3-html-test-view-charts.ftl"): Found
2020-12-30 20:56:49,762 DEBUG [main] cache:45 - Loading template for "v3html/test-view/v3-html-test-view-charts.ftl"("en", UTF-8, parsed) from "jar:file:/C:/Users/SRABANTI%20GHOSH/.m2/repository/com/aventstack/extentreports/4.0.0/extentreports-4.0.0.jar!/com/aventstack/extentreports/view/v3html/test-view/v3-html-test-view-charts.ftl"
2020-12-30 20:56:49,776 DEBUG [main] cache:45 - Couldn't find template in cache for "v3html/test-view/v3-html-standard.ftl"("en", UTF-8, parsed); will try to load it.
2020-12-30 20:56:49,776 DEBUG [main] cache:45 - TemplateLoader.findTemplateSource("v3html/test-view/v3-html-standard_en.ftl"): Not found
2020-12-30 20:56:49,777 DEBUG [main] cache:45 - TemplateLoader.findTemplateSource("v3html/test-view/v3-html-standard.ftl"): Found
2020-12-30 20:56:49,777 DEBUG [main] cache:45 - Loading template for "v3html/test-view/v3-html-standard.ftl"("en", UTF-8, parsed) from "jar:file:/C:/Users/SRABANTI%20GHOSH/.m2/repository/com/aventstack/extentreports/4.0.0/extentreports-4.0.0.jar!/com/aventstack/extentreports/view/v3html/test-view/v3-html-standard.ftl"
2020-12-30 20:56:49,791 DEBUG [main] cache:45 - "v3html/test-view/v3-html-standard.ftl"("en", UTF-8, parsed) cached copy not yet stale; using cached.
2020-12-30 20:56:49,793 DEBUG [main] cache:45 - Couldn't find template in cache for "v3html/category-view/v3-html-category-view.ftl"("en", UTF-8, parsed); will try to load it.
2020-12-30 20:56:49,794 DEBUG [main] cache:45 - TemplateLoader.findTemplateSource("v3html/category-view/v3-html-category-view_en.ftl"): Not found
2020-12-30 20:56:49,794 DEBUG [main] cache:45 - TemplateLoader.findTemplateSource("v3html/category-view/v3-html-category-view.ftl"): Found
2020-12-30 20:56:49,795 DEBUG [main] cache:45 - Loading template for "v3html/category-view/v3-html-category-view.ftl"("en", UTF-8, parsed) from "jar:file:/C:/Users/SRABANTI%20GHOSH/.m2/repository/com/aventstack/extentreports/4.0.0/extentreports-4.0.0.jar!/com/aventstack/extentreports/view/v3html/category-view/v3-html-category-view.ftl"
2020-12-30 20:56:49,798 DEBUG [main] cache:45 - Couldn't find template in cache for "v3html/exception-view/v3-html-exception-view.ftl"("en", UTF-8, parsed); will try to load it.
2020-12-30 20:56:49,799 DEBUG [main] cache:45 - TemplateLoader.findTemplateSource("v3html/exception-view/v3-html-exception-view_en.ftl"): Not found
2020-12-30 20:56:49,800 DEBUG [main] cache:45 - TemplateLoader.findTemplateSource("v3html/exception-view/v3-html-exception-view.ftl"): Found
2020-12-30 20:56:49,800 DEBUG [main] cache:45 - Loading template for "v3html/exception-view/v3-html-exception-view.ftl"("en", UTF-8, parsed) from "jar:file:/C:/Users/SRABANTI%20GHOSH/.m2/repository/com/aventstack/extentreports/4.0.0/extentreports-4.0.0.jar!/com/aventstack/extentreports/view/v3html/exception-view/v3-html-exception-view.ftl"
2020-12-30 20:56:49,804 DEBUG [main] cache:45 - Couldn't find template in cache for "v3html/author-view/v3-html-author-view.ftl"("en", UTF-8, parsed); will try to load it.
2020-12-30 20:56:49,804 DEBUG [main] cache:45 - TemplateLoader.findTemplateSource("v3html/author-view/v3-html-author-view_en.ftl"): Not found
2020-12-30 20:56:49,805 DEBUG [main] cache:45 - TemplateLoader.findTemplateSource("v3html/author-view/v3-html-author-view.ftl"): Found
2020-12-30 20:56:49,805 DEBUG [main] cache:45 - Loading template for "v3html/author-view/v3-html-author-view.ftl"("en", UTF-8, parsed) from "jar:file:/C:/Users/SRABANTI%20GHOSH/.m2/repository/com/aventstack/extentreports/4.0.0/extentreports-4.0.0.jar!/com/aventstack/extentreports/view/v3html/author-view/v3-html-author-view.ftl"
2020-12-30 20:56:49,809 DEBUG [main] cache:45 - Couldn't find template in cache for "v3html/dashboard-view/v3-html-dashboard-view.ftl"("en", UTF-8, parsed); will try to load it.
2020-12-30 20:56:49,810 DEBUG [main] cache:45 - TemplateLoader.findTemplateSource("v3html/dashboard-view/v3-html-dashboard-view_en.ftl"): Not found
2020-12-30 20:56:49,811 DEBUG [main] cache:45 - TemplateLoader.findTemplateSource("v3html/dashboard-view/v3-html-dashboard-view.ftl"): Found
2020-12-30 20:56:49,811 DEBUG [main] cache:45 - Loading template for "v3html/dashboard-view/v3-html-dashboard-view.ftl"("en", UTF-8, parsed) from "jar:file:/C:/Users/SRABANTI%20GHOSH/.m2/repository/com/aventstack/extentreports/4.0.0/extentreports-4.0.0.jar!/com/aventstack/extentreports/view/v3html/dashboard-view/v3-html-dashboard-view.ftl"
2020-12-30 20:56:49,819 DEBUG [main] cache:45 - Couldn't find template in cache for "v3html/logs-view/v3-html-testrunner-logs-view.ftl"("en", UTF-8, parsed); will try to load it.
2020-12-30 20:56:49,819 DEBUG [main] cache:45 - TemplateLoader.findTemplateSource("v3html/logs-view/v3-html-testrunner-logs-view_en.ftl"): Not found
2020-12-30 20:56:49,820 DEBUG [main] cache:45 - TemplateLoader.findTemplateSource("v3html/logs-view/v3-html-testrunner-logs-view.ftl"): Found
2020-12-30 20:56:49,820 DEBUG [main] cache:45 - Loading template for "v3html/logs-view/v3-html-testrunner-logs-view.ftl"("en", UTF-8, parsed) from "jar:file:/C:/Users/SRABANTI%20GHOSH/.m2/repository/com/aventstack/extentreports/4.0.0/extentreports-4.0.0.jar!/com/aventstack/extentreports/view/v3html/logs-view/v3-html-testrunner-logs-view.ftl"
