2020-12-29 02:37:53  INFO [main] Usercheck:24 - Prechecks completed
2020-12-29 02:37:54 DEBUG [main] BasicClientConnectionManager:161 - Get connection for route {}->http://dummy.restapiexample.com:80
2020-12-29 02:37:54 DEBUG [main] DefaultClientConnectionOperator:177 - Connecting to dummy.restapiexample.com:80
2020-12-29 02:37:54 DEBUG [main] RequestAddCookies:123 - CookieSpec selected: ignoreCookies
2020-12-29 02:37:54 DEBUG [main] RequestAuthCache:77 - Auth cache not set in the context
2020-12-29 02:37:54 DEBUG [main] RequestTargetAuthentication:80 - Target auth state: UNCHALLENGED
2020-12-29 02:37:54 DEBUG [main] RequestProxyAuthentication:89 - Proxy auth state: UNCHALLENGED
2020-12-29 02:37:54 DEBUG [main] DefaultHttpClient:682 - Attempt 1 to execute request
2020-12-29 02:37:54 DEBUG [main] DefaultClientConnection:274 - Sending request: GET /api/v1/employee/1 HTTP/1.1
2020-12-29 02:37:54 DEBUG [main] wire:73 -  >> "GET /api/v1/employee/1 HTTP/1.1[\r][\n]"
2020-12-29 02:37:54 DEBUG [main] wire:73 -  >> "Content-Type: application/json; charset=UTF-8[\r][\n]"
2020-12-29 02:37:54 DEBUG [main] wire:73 -  >> "Accept: */*[\r][\n]"
2020-12-29 02:37:54 DEBUG [main] wire:73 -  >> "Host: dummy.restapiexample.com[\r][\n]"
2020-12-29 02:37:54 DEBUG [main] wire:73 -  >> "Connection: Keep-Alive[\r][\n]"
2020-12-29 02:37:54 DEBUG [main] wire:73 -  >> "User-Agent: Apache-HttpClient/4.5.3 (Java/1.8.0_251)[\r][\n]"
2020-12-29 02:37:54 DEBUG [main] wire:73 -  >> "Accept-Encoding: gzip,deflate[\r][\n]"
2020-12-29 02:37:54 DEBUG [main] wire:73 -  >> "[\r][\n]"
2020-12-29 02:37:54 DEBUG [main] headers:278 - >> GET /api/v1/employee/1 HTTP/1.1
2020-12-29 02:37:54 DEBUG [main] headers:281 - >> Content-Type: application/json; charset=UTF-8
2020-12-29 02:37:54 DEBUG [main] headers:281 - >> Accept: */*
2020-12-29 02:37:54 DEBUG [main] headers:281 - >> Host: dummy.restapiexample.com
2020-12-29 02:37:54 DEBUG [main] headers:281 - >> Connection: Keep-Alive
2020-12-29 02:37:54 DEBUG [main] headers:281 - >> User-Agent: Apache-HttpClient/4.5.3 (Java/1.8.0_251)
2020-12-29 02:37:54 DEBUG [main] headers:281 - >> Accept-Encoding: gzip,deflate
2020-12-29 02:37:58 DEBUG [main] wire:73 -  << "HTTP/1.1 200 OK[\r][\n]"
2020-12-29 02:37:58 DEBUG [main] wire:73 -  << "Cache-Control: no-cache, private, max-age=31536000[\r][\n]"
2020-12-29 02:37:58 DEBUG [main] wire:73 -  << "Content-Type: application/json[\r][\n]"
2020-12-29 02:37:58 DEBUG [main] wire:73 -  << "Date: Mon, 28 Dec 2020 21:07:58 GMT[\r][\n]"
2020-12-29 02:37:58 DEBUG [main] wire:73 -  << "Display: staticcontent_sol[\r][\n]"
2020-12-29 02:37:58 DEBUG [main] wire:73 -  << "Expires: Tue, 28 Dec 2021 21:07:55 GMT[\r][\n]"
2020-12-29 02:37:58 DEBUG [main] wire:73 -  << "Host-Header: c2hhcmVkLmJsdWVob3N0LmNvbQ==[\r][\n]"
2020-12-29 02:37:58 DEBUG [main] wire:73 -  << "Referrer-Policy: [\r][\n]"
2020-12-29 02:37:58 DEBUG [main] wire:73 -  << "Response: 200[\r][\n]"
2020-12-29 02:37:58 DEBUG [main] wire:73 -  << "Server: nginx/1.16.0[\r][\n]"
2020-12-29 02:37:58 DEBUG [main] wire:73 -  << "Vary: Accept-Encoding[\r][\n]"
2020-12-29 02:37:58 DEBUG [main] wire:73 -  << "Vary: Accept-Encoding,User-Agent,Origin[\r][\n]"
2020-12-29 02:37:58 DEBUG [main] wire:73 -  << "X-Ezoic-Cdn: Miss[\r][\n]"
2020-12-29 02:37:58 DEBUG [main] wire:73 -  << "X-Middleton-Display: staticcontent_sol[\r][\n]"
2020-12-29 02:37:58 DEBUG [main] wire:73 -  << "X-Middleton-Response: 200[\r][\n]"
2020-12-29 02:37:58 DEBUG [main] wire:73 -  << "X-Ratelimit-Limit: 60[\r][\n]"
2020-12-29 02:37:58 DEBUG [main] wire:73 -  << "X-Ratelimit-Remaining: 58[\r][\n]"
2020-12-29 02:37:58 DEBUG [main] wire:73 -  << "X-Sol: pub_site[\r][\n]"
2020-12-29 02:37:58 DEBUG [main] wire:73 -  << "Content-Length: 179[\r][\n]"
2020-12-29 02:37:58 DEBUG [main] wire:73 -  << "[\r][\n]"
2020-12-29 02:37:58 DEBUG [main] DefaultClientConnection:259 - Receiving response: HTTP/1.1 200 OK
2020-12-29 02:37:58 DEBUG [main] headers:262 - << HTTP/1.1 200 OK
2020-12-29 02:37:58 DEBUG [main] headers:265 - << Cache-Control: no-cache, private, max-age=31536000
2020-12-29 02:37:58 DEBUG [main] headers:265 - << Content-Type: application/json
2020-12-29 02:37:58 DEBUG [main] headers:265 - << Date: Mon, 28 Dec 2020 21:07:58 GMT
2020-12-29 02:37:58 DEBUG [main] headers:265 - << Display: staticcontent_sol
2020-12-29 02:37:58 DEBUG [main] headers:265 - << Expires: Tue, 28 Dec 2021 21:07:55 GMT
2020-12-29 02:37:58 DEBUG [main] headers:265 - << Host-Header: c2hhcmVkLmJsdWVob3N0LmNvbQ==
2020-12-29 02:37:58 DEBUG [main] headers:265 - << Referrer-Policy: 
2020-12-29 02:37:58 DEBUG [main] headers:265 - << Response: 200
2020-12-29 02:37:58 DEBUG [main] headers:265 - << Server: nginx/1.16.0
2020-12-29 02:37:58 DEBUG [main] headers:265 - << Vary: Accept-Encoding
2020-12-29 02:37:58 DEBUG [main] headers:265 - << Vary: Accept-Encoding,User-Agent,Origin
2020-12-29 02:37:58 DEBUG [main] headers:265 - << X-Ezoic-Cdn: Miss
2020-12-29 02:37:58 DEBUG [main] headers:265 - << X-Middleton-Display: staticcontent_sol
2020-12-29 02:37:58 DEBUG [main] headers:265 - << X-Middleton-Response: 200
2020-12-29 02:37:58 DEBUG [main] headers:265 - << X-Ratelimit-Limit: 60
2020-12-29 02:37:58 DEBUG [main] headers:265 - << X-Ratelimit-Remaining: 58
2020-12-29 02:37:58 DEBUG [main] headers:265 - << X-Sol: pub_site
2020-12-29 02:37:58 DEBUG [main] headers:265 - << Content-Length: 179
2020-12-29 02:37:58 DEBUG [main] DefaultHttpClient:509 - Connection can be kept alive indefinitely
2020-12-29 02:37:58 DEBUG [main] RequestSpecificationImpl$RestAssuredHttpBuilder:545 - Parsing response as: application/json
2020-12-29 02:37:58 DEBUG [main] RequestSpecificationImpl$RestAssuredHttpBuilder:548 - Parsed data to instance of: class org.apache.http.conn.EofSensorInputStream
2020-12-29 02:37:58  INFO [main] Usercheck:33 - request sent successfully
2020-12-29 02:37:58 DEBUG [main] wire:87 -  << "{"status":"success","data":{"id":1,"employee_name":"Tiger Nixon","employee_salary":320800,"employee_age":61,"profile_image":""},"message":"Successfully! Record has been fetched."}"
2020-12-29 02:37:58 DEBUG [main] BasicClientConnectionManager:200 - Releasing connection org.apache.http.impl.conn.ManagedClientConnectionImpl@3f1c5af9
2020-12-29 02:37:58 DEBUG [main] BasicClientConnectionManager:225 - Connection can be kept alive indefinitely
2020-12-29 02:37:58 DEBUG [main] BasicClientConnectionManager:161 - Get connection for route {}->http://dummy.restapiexample.com:80
2020-12-29 02:37:58 DEBUG [main] DefaultClientConnectionOperator:177 - Connecting to dummy.restapiexample.com:80
2020-12-29 02:37:58 DEBUG [main] RequestAddCookies:123 - CookieSpec selected: ignoreCookies
2020-12-29 02:37:58 DEBUG [main] RequestAuthCache:77 - Auth cache not set in the context
2020-12-29 02:37:58 DEBUG [main] RequestTargetAuthentication:80 - Target auth state: UNCHALLENGED
2020-12-29 02:37:58 DEBUG [main] RequestProxyAuthentication:89 - Proxy auth state: UNCHALLENGED
2020-12-29 02:37:58 DEBUG [main] DefaultHttpClient:682 - Attempt 1 to execute request
2020-12-29 02:37:58 DEBUG [main] DefaultClientConnection:274 - Sending request: GET /api/v1/employee/2 HTTP/1.1
2020-12-29 02:37:58 DEBUG [main] wire:73 -  >> "GET /api/v1/employee/2 HTTP/1.1[\r][\n]"
2020-12-29 02:37:58 DEBUG [main] wire:73 -  >> "Content-Type: application/json; charset=UTF-8[\r][\n]"
2020-12-29 02:37:58 DEBUG [main] wire:73 -  >> "Accept: */*[\r][\n]"
2020-12-29 02:37:58 DEBUG [main] wire:73 -  >> "Host: dummy.restapiexample.com[\r][\n]"
2020-12-29 02:37:58 DEBUG [main] wire:73 -  >> "Connection: Keep-Alive[\r][\n]"
2020-12-29 02:37:58 DEBUG [main] wire:73 -  >> "User-Agent: Apache-HttpClient/4.5.3 (Java/1.8.0_251)[\r][\n]"
2020-12-29 02:37:58 DEBUG [main] wire:73 -  >> "Accept-Encoding: gzip,deflate[\r][\n]"
2020-12-29 02:37:58 DEBUG [main] wire:73 -  >> "[\r][\n]"
2020-12-29 02:37:58 DEBUG [main] headers:278 - >> GET /api/v1/employee/2 HTTP/1.1
2020-12-29 02:37:58 DEBUG [main] headers:281 - >> Content-Type: application/json; charset=UTF-8
2020-12-29 02:37:58 DEBUG [main] headers:281 - >> Accept: */*
2020-12-29 02:37:58 DEBUG [main] headers:281 - >> Host: dummy.restapiexample.com
2020-12-29 02:37:58 DEBUG [main] headers:281 - >> Connection: Keep-Alive
2020-12-29 02:37:58 DEBUG [main] headers:281 - >> User-Agent: Apache-HttpClient/4.5.3 (Java/1.8.0_251)
2020-12-29 02:37:58 DEBUG [main] headers:281 - >> Accept-Encoding: gzip,deflate
2020-12-29 02:38:01 DEBUG [main] wire:73 -  << "HTTP/1.1 429 Too Many Requests[\r][\n]"
2020-12-29 02:38:01 DEBUG [main] wire:73 -  << "Content-Encoding: gzip[\r][\n]"
2020-12-29 02:38:01 DEBUG [main] wire:73 -  << "Content-Type: text/html; charset=UTF-8[\r][\n]"
2020-12-29 02:38:01 DEBUG [main] wire:73 -  << "Date: Mon, 28 Dec 2020 21:08:01 GMT[\r][\n]"
2020-12-29 02:38:01 DEBUG [main] wire:73 -  << "Display: staticcontent_sol[\r][\n]"
2020-12-29 02:38:01 DEBUG [main] wire:73 -  << "Expires: Sun, 27 Dec 2020 21:08:01 GMT[\r][\n]"
2020-12-29 02:38:01 DEBUG [main] wire:73 -  << "Host-Header: c2hhcmVkLmJsdWVob3N0LmNvbQ==[\r][\n]"
2020-12-29 02:38:01 DEBUG [main] wire:73 -  << "Pagespeed: off[\r][\n]"
2020-12-29 02:38:01 DEBUG [main] wire:73 -  << "Referrer-Policy: [\r][\n]"
2020-12-29 02:38:01 DEBUG [main] wire:73 -  << "Response: 429[\r][\n]"
2020-12-29 02:38:01 DEBUG [main] wire:73 -  << "Retry-After: 56[\r][\n]"
2020-12-29 02:38:01 DEBUG [main] wire:73 -  << "Server: nginx/1.16.0[\r][\n]"
2020-12-29 02:38:01 DEBUG [main] wire:73 -  << "Vary: Accept-Encoding[\r][\n]"
2020-12-29 02:38:01 DEBUG [main] wire:73 -  << "Vary: Accept-Encoding,User-Agent,Origin[\r][\n]"
2020-12-29 02:38:01 DEBUG [main] wire:73 -  << "X-Ezoic-Cdn: Miss[\r][\n]"
2020-12-29 02:38:01 DEBUG [main] wire:73 -  << "X-Middleton-Display: staticcontent_sol[\r][\n]"
2020-12-29 02:38:01 DEBUG [main] wire:73 -  << "X-Middleton-Response: 429[\r][\n]"
2020-12-29 02:38:01 DEBUG [main] wire:73 -  << "X-Ratelimit-Limit: 60[\r][\n]"
2020-12-29 02:38:01 DEBUG [main] wire:73 -  << "X-Ratelimit-Remaining: 57[\r][\n]"
2020-12-29 02:38:01 DEBUG [main] wire:73 -  << "X-Ratelimit-Reset: 1609189737[\r][\n]"
2020-12-29 02:38:01 DEBUG [main] wire:73 -  << "X-Sol: pub_site[\r][\n]"
2020-12-29 02:38:01 DEBUG [main] wire:73 -  << "Transfer-Encoding: chunked[\r][\n]"
2020-12-29 02:38:01 DEBUG [main] wire:73 -  << "[\r][\n]"
2020-12-29 02:38:01 DEBUG [main] DefaultClientConnection:259 - Receiving response: HTTP/1.1 429 Too Many Requests
2020-12-29 02:38:01 DEBUG [main] headers:262 - << HTTP/1.1 429 Too Many Requests
2020-12-29 02:38:01 DEBUG [main] headers:265 - << Content-Encoding: gzip
2020-12-29 02:38:01 DEBUG [main] headers:265 - << Content-Type: text/html; charset=UTF-8
2020-12-29 02:38:01 DEBUG [main] headers:265 - << Date: Mon, 28 Dec 2020 21:08:01 GMT
2020-12-29 02:38:01 DEBUG [main] headers:265 - << Display: staticcontent_sol
2020-12-29 02:38:01 DEBUG [main] headers:265 - << Expires: Sun, 27 Dec 2020 21:08:01 GMT
2020-12-29 02:38:01 DEBUG [main] headers:265 - << Host-Header: c2hhcmVkLmJsdWVob3N0LmNvbQ==
2020-12-29 02:38:01 DEBUG [main] headers:265 - << Pagespeed: off
2020-12-29 02:38:01 DEBUG [main] headers:265 - << Referrer-Policy: 
2020-12-29 02:38:01 DEBUG [main] headers:265 - << Response: 429
2020-12-29 02:38:01 DEBUG [main] headers:265 - << Retry-After: 56
2020-12-29 02:38:01 DEBUG [main] headers:265 - << Server: nginx/1.16.0
2020-12-29 02:38:01 DEBUG [main] headers:265 - << Vary: Accept-Encoding
2020-12-29 02:38:01 DEBUG [main] headers:265 - << Vary: Accept-Encoding,User-Agent,Origin
2020-12-29 02:38:01 DEBUG [main] headers:265 - << X-Ezoic-Cdn: Miss
2020-12-29 02:38:01 DEBUG [main] headers:265 - << X-Middleton-Display: staticcontent_sol
2020-12-29 02:38:01 DEBUG [main] headers:265 - << X-Middleton-Response: 429
2020-12-29 02:38:01 DEBUG [main] headers:265 - << X-Ratelimit-Limit: 60
2020-12-29 02:38:01 DEBUG [main] headers:265 - << X-Ratelimit-Remaining: 57
2020-12-29 02:38:01 DEBUG [main] headers:265 - << X-Ratelimit-Reset: 1609189737
2020-12-29 02:38:01 DEBUG [main] headers:265 - << X-Sol: pub_site
2020-12-29 02:38:01 DEBUG [main] headers:265 - << Transfer-Encoding: chunked
2020-12-29 02:38:01 DEBUG [main] DefaultHttpClient:509 - Connection can be kept alive indefinitely
2020-12-29 02:38:01 DEBUG [main] RequestSpecificationImpl$RestAssuredHttpBuilder:545 - Parsing response as: text/html; charset=UTF-8
2020-12-29 02:38:01 DEBUG [main] wire:73 -  << "800[\r][\n]"
2020-12-29 02:38:01 DEBUG [main] wire:73 -  << "[0x1f][0x8b][0x8][0x0][0x0][0x0][0x0][0x0][0x0][0xff][0xc4]|}s[0xdb]6[0xd2][0xf8][0xdf][0xd5][0xa7][0x80]q3&YQ[0xb4]d;[0x8e]M[0x85][0xf6]8[0xb1]s[0xe7][0xdf][0xa5]i'q[0xae]s?[0x8f][0x1f][0xe]D[0x82][0x12][0x12][0x8a]`[0x1]H[0xb2]l[0xeb][0xbb]?[0x3][0x80][0xef][0xa4]l'[0xed]s[0x97]v$r[0xb1][0xd8]],[0xf6][\r]K[0xca]ov.~}w[0xfd][0xef][0xdf].[0xc1]L[0xcc][0xe3][0xd3][0xde][0x1b][0xf9][0x5]b[0x94]L=[0x88][0x13]x[0xda][0x3][0x0][0x80]73[0x8c][0xc2][0xd3]7s,[0x10][0x8]f[0x88]q,<[0xb8][0x10][0xd1][0xe0][0x18][0x9e][0xf6][0xde][0xf0][0x80][0x91]T[0x80][0x10][0x9]4[0xc0][0xf7]<`[0xf8][0xce]3"[0x14]slh`[0x10]![0xbe]N[0x82]:0ES[0xcc]S[0x8c][0xc3]AB[0x7]![0x8e]0;]"[0x6]|[0x1f][0xdf]{[0xf2][0xe3][0xf1][0xf1]a3[0x96][0x17][0xe][0x17]s[0xee]] [0x81][0x9d][0x84][0xae]LK[0x3][0xf1]Rx[0x5][0x82][0x12][0xa0][0xb8][\r][0xbe]y[0xd9]wIC[0xe0]y[0x1a]#[0x81][0xbd]&[0xc0]![0xfc]WF[0xa6][0x9e][0x12]M[0xf][0xfd][0xb1][0xc0][0xb][0xec][0x99][0xd1]"[0x9][0x4][0xa1][0x89]i=H[0xc1][0x2][0xba]H[0x84]7[0xb4]I[0x12]0[0xf9]%[0xf0][0x9c]{7[0xb7][0xb6] s|[0x81]c[0xb4]~O[0x18][0xe]5[0x1d]{[0x96]^[0xe5][0xe3]qy[0x89][0xe2][0x98][0xae]>P[0x14]z[0x82]-[0xf0]XR[0xa5][0x93][0xaf][0xde][0x83][0xe4][0xe4][0x16][0xec][0x12]4[0xc7][0xb6][0xbc][0xfb](/R[0xc4][0xd0][0x1c][0xb][0xcc][0xb8]M[0xf8][0xdb][0x98][0x6][0xdf][0xec][0x89][0xfc][0xc4][0xe1][0xdb][0xb5][0x1d][0xe2][0x18][0xb][0xfc][0xfb][0xc]'[0xef][0xe8]<[0x95][0xd7]v[0xca]h[0x80]qx[0x15]]2F[0x99][0x16][0x9d][0xe3]8[0xf2][0xc4][0x8c][0xf0][0xb1][0xfc]p$[0x3]O~[0xe8][0xdb][0x9c][0x95][0x97]_hp[0xc9][0xd8][0xab]\z^[0xb2][0x88][0xe3]3[0xf9][0xe1][0x9a]%[0x1c][0x90][0x84][0xb][0x94][0x4][0x98]F[0xe0][0x9c]1[0xb4][0xb6][0xce][0xca]A[0xf7][0xa6][0xbc][0xbe][0xd5][0xc4][0xb3][0xa5]x[0xd9][0xb7][0x6][0x16][0xeb][0xf2][0x8a]+=[0xd0]^[0xa6][0xd7][0x6][0xe5][0x84][0xd5][0xba][0xb3][0xed][0xcc]@[0xc5][0xac][0x1a][0xf4]*![0x82][0xa0][0x98][0xdc][0xe7][0xbb][0x96][0xad][0xbb][0xa6]@[0xaf]~[0x9b][0xcf][0xbd][0xce]7[0xbd]5[0x93]s[0xaf]b81[0x9d][0x9a][0xd0]q[0x1c] a[0xc0][0x3][0xb0]/[0xf5]n[0x8d][0xe5][0x8e]4DP&[0x91][0xc1][0xb][0x81][0x15][0xb0]F[0xc4]Ai[0x1a][0xaf][0xdd][0x82][0x92][0xdc]_[0x9][0xe7][0x9e][0x9a][0x9b][0xef][0xa1][0xc3][0xd3][0x98][0x8][0xd3]p[0x8c][0x12]Em[0xdd][0x98]D[0xca][0xb2][0xb9][0x13][0xe3]d*f[0xa7][0x7][0xd6][0xc3][0x6][0xc7][0x1c][0x83][0xc6][0x80][0xe7]y[0x7][0x96]2MoE[0x92][0x90][0xae]n[0xd4][0xe8][0xcd][0xf0][0xf6]6[0xbb][0x1a][0x15]W[0xfb][0xb7][0xb7][0xe3]mD[0xf6][0x9f]%[0xa2][0xa7][0xd6][0xb0]jk[0xb9][0x1d]oz$2[0xc5]:[0x95][0xe6]%[0xa1];[0x9e]g,[0x92][0x10]G$[0xc1][0xa1][0xb1][0xbb][0x9b][0xc1][0xe4][0xfa]47[0xad]%S[0x2][0xec][0x86]5[[0x9a][0x9a][0xe2][0xd0]aX[0x9e][0xd2][0xb9][0xa5]G[0x80][0xf2][0xf2][0x9b]D[0x9][0x91]O[0xca]m7[0xc3][0xd4]{<[0x90][0xff][0xc0]{[0xe3]B[0xee][0x8c]B[0xd3][0xdb][0x93][0xd9][0xc4]y[0x1c][0x9b][0xd6]x[0xb3][0xd9][0xd8][0x11][0x89]q[0xc3][0xd7]S$f[0x1d][0xce][0xad]b[0xa6][0xad]"[0xe3][0xf]x[0xb5]$[0xea][0xc9][0xf]}[0xab][0x3][0xb0][0xfa][0xcc]}*[0xc2][0xcc]S[0x9f]?[0xe2][0x92][[0xdd][0xe7][0xc5][0xe][0xf8][0x97][0xfa][0xd9]6*][0x87][0xc4][0xb8][0xe2]J[0x1][0xf3]B[0x1a],[0xe6]8[0x11]N[0xc0]0[0x12][0xf8]2[0xc6][0xf2][0xce]4tF1[0xac]1[0xf][0x98][0xc3]Y[0xa0]5I"S[0xeb]1[0xdb]z9[0xa8][0x1][0x8a]Y[0xee][0x0]Z[0xb5][0x15][0x1c][\r][0xd0][0xe][0x1e]0[0x87]&X[0xab][0xa8][0x11]'[0xb4][\r]]~[0xfa][0xd4][0xb2][0xa2]lyZS[0x8a][0xce]6cl[0xd8][[0xc6][0x8f]a[0x14][0xae][0xb9]@[0x2][0x7]3[0x94]L[0xb1][0xa7][0xc1][0xb1]LE[0x8d]4[0xa7][0xb0][0xd4][0xb8][0x9a][0xf4]Y[0xde][0x8e][0x9f]4q[0x12][0x99][0xe6][0x8e][0x9a][0xf6][0xf8][0xb8]'I[0xe2][0xf0]1[0xc8]6|[0xcf][0x11][0x98][0xb]S[0x8d]ZV[0xb1]O[0xf5][0xf8][0xf6][0xc2][0xb5]l[0xc6][0xc5]nM[0xb1][0xc8][0xb6][0x8a][0xbf]]_[0xa3][0xa9][0x8c][0x12][0xa6]![0x8b][0x14][0xc3][0xba][0x19][0xde]J[0xef][0xc7]I[0xf8]nF[0xe2][0xd0][0xe4][0x1][0xd3][0xb3][0xf3][0x85][0x2][0x92][0x10]aZ[0xf]:[0xd4]8([0xc]/[0x97]8[0x11][0x1f][0x8][0x17]8[0xc1][0xcc][0x84]r[\r][0xd0][0xae]Y[0x97][0x90][0x86]H[0x17][0xa2]Z[0x14]4[0x12]ao[0xc6][0xf5][0xc5][0xe5][0x87][0xf3][0x3][0xa5]/[0xa3][0x19][0x2][0xec]W[0xc3][0xe1]P~+[0x83][0x96][0xc1][0xa8][0x90][0xb][0x85][0xe1]{[0x12][0xe3][0x1f][0xc][\n]"
2020-12-29 02:38:01 DEBUG [main] wire:73 -  << "v[0xca][0x8]eD[0xac][0xf5]>[0xca][0xc8][0xe5]%x%+[0xc]'[0xfa]q[0xb2]js[0xd2][0xc5][0xd6]d[0xf5][0x8d][0x8e][0x8c][0x9e][0xe4][0xa5]cx[0xdc][0x86][0xf7]H[0x3]2[0xe]f8[0xf8]v[0x15][0xbd][0xd5][0xdc]M[0x9][0xab][0xe9][0x81]cQTJ&[0xc7]B[0xd0][0x9][0xa5][0xb1][0xf5]P[0x96]O[0x5][0xb0][0xa1][0xbd]E[0x12][0x94][0xe5][0xd3][0xd3][0xa5][0x13]Z[0x8]z[0xa5][0xd6][0xfc]L[0x9]U[0xd1][0xab][0xf4]=-WD[0x11]t[0xfb][0xd0][0x87]}Y[0x1a][0xf6][0xfb][0xe3][0xb6][0xfa][0xbf]C[0xae][0xe7]K[0xba][0xff][0xfc][0x86][0xa0]0[0xbc].[0x8d][0xbd]jJ[0xcf][0xdb][0x9a][0xae][0x87]on[0xb3][0xb][0xfd][0xa9]d[0x1e][0xcb]i[0xb5][0x18]_[0xb8][0x90][0xd2][0xa8][0x1]d[0xe0]6[0xfa][0x6]x[0xf5][0xe1]r[0x7]h[0xb7]2[0xac]q{M[0xe3]?[0xb7][0xa4]m[0xdb][0xd3][0xb5][0xba][0xad][Y,T[0xae][0xe2][0xbb]W[0xf8][0xe5][0xe3][0xbb][0xeb][0xab]_?[0xfe][0xc5][0xab][0xec][0x1a][0x97]V[0x9c][0x99]][0xe][0xca][0xac][0xe8][0xf1][0xb1][0xf4]0[0x9d]o-[0x86][0xc5][0x82]%z[0x1d]Y[0x1c]3k[0x1c][0x1a][0x94][0x14][0xf1][0xe6][0xa2]5[0xf5][0xdd][0xdd]F[0xc0][0xcc]y[0xa8][0xe4][0xa7]&iG[0x2][0x99]3[0x0][0xf]\_[0xfd]r[0x9][0x94]Bv[0xa0]5[0xd6][0xc2][0x0][0xa5]CU[0xc3][0xa9]I[0x85][0xeb][0xb4][0xcf] [0xf][0x11]e[0xa6][0xda]Bo8&o[0xea][0xe8]Y[0x85]:&[0xfd][0xbe][0xde][0xe7][0x89].jH7D[0xd5]}J[0xf1][0xce][0xc][0xf1]_W[0xc9]o[0x8c][0xa6][0x98][0x89][0xb5][0xa9][0x90][0xac][0x97],[0x3][0xf6]5n}[0x5]y[0xb9]P*[0xb7][0xac][0x86]r[0x95][0xe9][0x1d]W[0xb3]o[0x8b][0x2] [0xf7][0xf9][0x8c][0x9a][0xae][0x8c]j[0xe4]*S*[0x85][0xed][0xf][0xca][0xb9][0xd9][0xf4][0xea][0x9c][0xca][0xdd][0x97][0xa4][0xe6]|[0xaa][0xf5]7c8[0xca][0xea]w'[0xa6][0x1][0x92][0x18][0x8e][0x4][0xaa][0x80][0xc8][0xf0]T9[0xd1]'<[0xbd][0xbc]KM[0xe3][0xe6]l[0xf7][0x16][0xdf][0xff][0xe1][0x99]7[0xff][0xb3][0xfb][0xb7][0xdb][0x9f]-[0xc3]6HvV[0xe1][0x82][0x91]d[0xea]1<u[0xf0][0x1d][0xe]LI[0xc3][0xca][0x88]pO[0x8f][0x9e][0xe9][0xaf][0x9b][0xd1][0xad][0x9b][0x9f]j[0xe4][0xa0][0xe7][0xc1][0x11][0xb4][0x2][0x9a]p[0x1a]c'[0xc4][0x93][0x85][0x16][0xb0]*t5[0x1f]?[0xa8]S}[0xbf]/[0xe7][0xab][0xcb][0xd3][0xfd][0xe1]0[0xb7]zU[0xf5][0xc4]X[0x18][0x1c]L),[0x12][0xb9]rK3[0xb][0xb8][\r]h[0x9c]C[0xdb][0xfc]2[0x4][0xc2]E[0xc5].[0x1]I[0x80][0x6][0x91]H[0x8d]5[0x8d][0x8c][0x94][0x6][0x16][0xd0]D[0x90]$[0xeb][0x1b][0xa8][0xa0]$'T,[0xb4][0xbe][0xdb][0xda][0xa3][0x1b][0xfe][0xf9][0xf8][0x98]!V+[0xe5][0x2]W[0xf][0xd5][0x8d][0xac][0xa4]][0x87][0xd7][0xad][0xc8]p[0x81][0xaa]i[\r][0xab]n[0xd6]-[0x89]:&[0xe6][0xb5]"@[0xb1]*9[0xdb]4[0xda][0xc2]v[0x90]!%R[0x85][0x92][0xce][0x82][0xcd][0xf8][0xb5][0xd9][0xf4]t[0x11][0x98]Y[0xfa]CVz[0xb9][0xd9][0xb7][0x8d][0xc2][0xb0][0xc8]vn3[0xfd][0xd9]Y[0xa9][0xe1]f[0xdf]%v[0x6][0xac]e[0x16][0xdd])r[0xd5][0xa7]][0xda][0x9e][^[0xda][0xd5][0x82][0xc7][0xad][0xde]l[0xc6][0x1b][0xab][0xd2][0xf0][0x92][0xb5]jY[0xaf]c[[0xd8][0x89][0xf5][0x80][[0x15][0xec]Y[0x1b]d[\n]"
2020-12-29 02:38:01 DEBUG [main] wire:73 -  << ";[0xb1]wF[0x96][0x8b][0x1d]$[0x4][\n]"
2020-12-29 02:38:01 DEBUG [main] wire:87 -  << "fj[0xf4][0xac]vgB[0x9a][0xc0][0xbe][0xa4][0xe9][0xe2][0x1b]}}[0xeb]%[0xa6][0xb5][0xb1][0xb][0xfe][0xc][0xcf][0xe9][0x12]w[0x88][0xa0][0x7][0x9a]Rt@+[0x82][0x84][0xb8]*H[0xe5][0xae]"Hv[0xc]/[0xe4][0xa9]5[0xfc][0x1a][0xea][0xd0]QHl;[0xd3]A=[0x9]Zc[0xa1]Nt[0xd8][0x16][0xd9][0xe1]mgh[0xb]G[0xac]S[0xec]A[0x81][0xef][0xc4][0xde]W[0xb4]D[0x19][0xb2][0xfd][0xf4][0x91][0x3][0xca]#[0x7]l[0x1d]9[0x84][0xb5][0xa9]t[0x12][0x9d][0xbc][0xae]7[0xf6]B,[0x18]%"[0x98][0x91][0x0]M[0xe9][0xde][0x84][0x12][0x8e][0x9d][0xaf][0xdc][0xb0][0xc1][0xd6][0xb1][0xb3]i0[0xf1]F'[0xa3][0xc1][0xd1][0xae][0xbc]0l[0x1d][0x85]mpsk[0xab][0x0]][0x0]*7[0x99][0xc9][0x84][0xb4]l[0x8a]>#[0xca][0x1c][0xcf]Sy[0xb6][0xee][0x16][0xa6][0x1c][0xad][0x8b][0xb3][0xff]][0xe2]<'[0x2]I[0x12][0x8c]R[0x1a]o[0x17][0xa3][0x86][0xf1]g4[0xb3][0xc4]i[0xab][0xc1][0x9b][0x92];[0x1c][0xab]>mz[0xf7][0xe5][0xd3][0x7][0xf]6[0xd9]O[0x19]Jq[0xc4][0x16]D8S[0x12][0xc1][0xf2]@y[0x1e][0x86][0xbf][0xc9][0xc9][0xe6][0xf2][0xea][0xc2]Vd.[0x90]@*v[0xe6][0xfb][0xe0][0x10]~[0xa1][0xdb]U[0x12][0xc9][0xda][0xdd][0xad][0xc][0xfc][0xb][0xc5]$4[0xcb]y[0xd6][0x83][0x16][0xc5]I[0x17]|f>H[0xcb]t[0x8d]%[0x9]15l[0xf5][0xe5][0x93]y[0xca]0[0xe7][0x84]&>[0x9]][0xc9]5[0xa4]sD[0xd4]]Ax[0x8a][0xc5][0xc5][0xd5][0x85]i[0xd9][0xc2][0xc7])[\r]f[0xb5][0x91]K[0x9]1[0x87][0x96][0x1d]"[0x81][0xca][0x11]ywM?[0xb]V[0x11]g#[0x3]f[0x99][0xce]d[0xf1]f[0xaa][0xb5]e[\r][0xb9][0xc2]E[0x96][0x84][0x93][0x9][0x89][0x89][0xd0]][0x83]f[0x93]n[0x1b][0x9e]L[0xda])[0xc3][0xc]'!f"
2020-12-29 02:38:01 DEBUG [main] wire:73 -  << "[\r][\n]"
2020-12-29 02:38:01 DEBUG [main] wire:73 -  << "800[\r][\n]"
2020-12-29 02:38:01 DEBUG [main] wire:73 -  << "0/kt[0x85][0xd7][0xa1]>[0xad][0x1b]kw7SR[0xd6][0xc6][0x1c]Z[0xf][0xab][0x99][0xb4][0xab][0x16]X[0xee][0xed]W[0xef][0x95][0xcc][0x92]_Ok[0xa3][0xd6][0xc3]W[0xaf][0x6][0x18]oz[0xca][0x12][0x16]|[0xf6][0x9b][0xb6][0x86]l[0x98][0xa7]1[0x9][0xb0]9[0xb4][0xbf]ZcS[0x96]1Ws4[0xc5][0xa6]e[0xa9]PRU[0xec][0x97]O[0x1f]Le?V[0x1f][0x9e]QF[0xa6][0x1e][0xec][0x9b][0x9d]O[0x1c]t&;[0x1b][0xb9]C[0xab][0xf]w[0x97][0x1e][0xec]O[0x4]E[0xe6][0xff][0xfb][0xfc][0xeb]GGW7$Z[0x9b][0xa5],[0x96][0xda][0x87][0xc2]J[0xc7]yY[0xf6]p[0x1e][0x86]nn[0x82][0xb6][0xdc][0x1e]W~d[0xb9][0xe3][0xcd][0x9e][0xe]e[0xa7][0xdd]c[0x1a][0xb5][0x9a][0x14][0xc7]/[0xf0][0xa0][0x94][0xb2]T[0x6]2[0x94][0x88]=[0xc4][0xe6][0xeb][0xb6][0xe3][0x9c]'[0xa1][0x94]V[0xfb][0xf][\n]"
2020-12-29 02:38:01 DEBUG [main] wire:73 -  << "?[0xc7]TT][0xa8]p[0xad][0xe6][0x90]=[0xcc][0xff][0xb3][0xc6][0xda]$[0xab]5WIX[0xaa][0xfa]O[0x10][0xcf][0xe]rm[0xe][0xc7][0xe2][0xdd][0x82]1[0x9c][0x8][0xbd];fQ[0x8f]k-4[0xa4][0xd9][0xc2][0x87][0xe1]%N[0x16][0xd8][0xc6]\[0xf8][0xf9][0xf5][0x84][0x84]~[0x14]S[0xca][0xfc][0x88][0xc4]1[0xe]+[0x80][0x94][0xe1][0xa5][0xcd][0x5][0x12]>[0xa7][0xb][0x16]`[0x9f][0x84][0xb6][0xb6]&[0xe5][0x90];[0x1d][0xee][0xa2]YZ[0x8f][0x8f][0x95][0xb1][0xf3]d][0x1f][0x96][0x86]+[0xbf][0xb3][0xc]w[0x15][0xda][0x19][0xbc][0x0]X[0xc5][0xf1][0xa1]pO[0xb9][0xe3]([0xf4]S[0xca][0x89][0xd0][0x91][0xc8]K[0x11][0xe3][0xf8]*[0x11]f[0xd5]#[0xae][0x11][0x9b]bA[0x92]i[0xbe]|[0x3][0xa5][0x86][0xa5][0xb]z2O[0xaf][0xc2][0x9a][0xff]H[0x8c][0xab][0xab][0x8b]\n[0x1b][0x85]_[0x12]"j([0xe7][\n]"
2020-12-29 02:38:01 DEBUG [main] wire:73 -  << "[0x94]S[0xcb][0xd6]?[0xd6][0xcf][0xe8][0x14][0xbd][0x97][0x89][0x1]%6[0x9]a&JL[0x12],k[0xf4][0xab][0xd0][0x1b]jb[0xb2]| K\[0x0][0xf0]=[0x99][0xcb]][0xf3]d[0xfc][0xcc][0xae]s9[0xc7]e<,[0xd0]<[0x83]N[0xbe][0xe2]@[0x18]jsr[0xb0][0x93][0xd3][0xf5]I[0xb8][0xe3]yE[0x84][0xb4][0x1e]*[0xc][0xbb][0x90]uD,F[0xa4][0xbc][0xbe][0xac]*[t*+[0xe9][0xc4][0x96]a[0xa4];[0xb6][0xaa][0xed][0xc8]T[0xfe][0xfd]9[\n]"
2020-12-29 02:38:01 DEBUG [main] wire:73 -  << "[0x96]i[0x9][0xda][0xf5][0x14][0xa5][0x9]?[0x95][0xa4][0x16][0x9][0x11][0xae][0xe6][0xfc]t[0xc2][0xca][0xdc][0xc4][0xed]p[0x1d][0xb7][0xea]F[0x15][0xd3]t[0xeb]f*[0x87]8[0xb9][0xc7].[0x84]-gs[0x9f][0xf1]>[0xf7]Igt[0x1b][0xbe][0xa9][0x8e][0x94]l[0xed][0x7]4[0xc4][0xb5][0xd5][0xbc]{gZ[0xb6][0xc][0xad]K[0x82]WM[0x85][0xfc][0x96][0xc1][0xaf]B[0xd3][0xb2][0xa5][0x91]J[0x4]m[0xda]vu[0x1f][0xdd]r[0xa3][0xed][0x8a][0x9d][0xb8][0xa5][0x1d][0xbd] [0xbb][0xdb][0x84][0xfb]2M[0xb9][0xda][0x8f][0xb2]8[0xd1][0xc8]Uv[0xa3][0x6][0xc8][0x3][0xda][0xdb][0xf5][0x95]2[0x9a][0xf7][0x8b]8[0xbe][\n]"
2020-12-29 02:38:01 DEBUG [main] wire:73 -  << "+q-[0xf]J[0xd2]m[0x96]([0xe6]^[0x81][0x94]?[0x98][0xdc]3[0x94][0xcf]t[0x1b][0xa1]F[0xb5]vw[0xe5][0xdc][0xca][0xf3][0xc8]gLRG$[0x15]/[0xe4][0xc4][0x9b][0xe1][0xad][0xad][0x3][0x8c][0xba][0xdb][0xbf][0x1d][0xff][0xb7]l[0xf6]E;[0xfd][0x17][0xed][0xd5][0xb8]\[0xcb];[0x84][0xdf]Y[0xab][0xa9][0xad][0x8a][0xe3][0xac][0xca][0xba][0xc9][0xc6]#[0x12][0xb][0xcc][0xca][0xb2]B[0x81][0xeb][0x89][0xd5][0xc9]t[0xb0][0xb1][0xec][0x97]L[0xda]iL[0xba][0x1d][0x17]\[0x9d][0x88][0xb2]K[0x14][0xcc][0x1a]3[0xf9][0x93][0x85]dV[0xbb][0xe9]1y[0xee][0xcb](?>[0xea][0xe6][0xd8]_]l[0x16]e[0x95][0xac][0xa7][0x9e][0xad]3;+K.[0xf8]Kj[0xcb][0xd2]B[0xb2][0x1e][0x1e][0xe1][0xe7][0xf3][0xb4]i[0x15][\n]"
2020-12-29 02:38:01 DEBUG [main] wire:73 -  << "[0xb8][0xbb][[0xc7][0xf4][0xf1]=[0xfa][0xa3][0x89][0xa9][0x80][0xcd]v[0x16],[0xdc][0x9][0xe6])[0xe4][0xcb][0xa7][0xf]}[0xf][0xee]J+[0x13][0xfe]bAB[0xf][0xf6][0xd5][0xdc][0x1b][0xa3][0x84][0x19][0xb2][0xdc]m[0x17][0xde]9[0x81][0xf1]fc[0xd5]K[0xe3][0xc2][0xfe];ru[0xc5][0x19]|[0x99] [0xfd][0xd0][0xf3]`!:[0xac]7V[0xf3]:G:[0xb9]zK[0xa6]][0x89][0xfc][0x86][0xc4],[0xa7]][0x9]oNJS[0xb3][0xaa][0xd7][0x82]YQ[0x18](-IXSO%?[0xab][0x10]'C[0xbd])[0xc7][0xd4]B[0xb3]V[0xa2][0x1c][0xfc]'^[0x3]R [0x16]U[0xc7]?[0xf1][0xba]%[0x96][0xe7]y[0x15][0x1e]M[0x16][0xd9][0xac][0xdb]q[0xbb][0xf7][0xdb]u[0xe6]([0xab]m[0xb7]Q[0xd1][0xdb][0xf5]B[0xdc][0xed][0xa8][0xcb]%[0x8a][0xcc]#n5[0xa9][0x94][0xc7][0x18][0xfb][0xef]8[0xab][0xb0][0xdd]f[0xc9]mW[0xdb]c[0xcf]4[0x17][0x18][0x8a]1[0x99][0xce][0xb6]4[0x16][0xca][0xd1][0xff][0xc3][0xfe][0x86]@[0xf3][0x14]m[0x11] [0x1f][0xfb][0xc1][0x9e]Fq[0xc8][0xeb]~[0x19][0xf]*4[0x8][0xba]{\[0xf5][0xc3]_[0x86][0xab][0xdf][0xc5][0x93]n[0x8]<[0xf0][0x0]Q[0xe8][0x7]([0x98]a?[0xc6]K[0x1c]Cwh+[0x90],o|[0x14]~]p!SE[0xe][0x8f][0xd1][0xfd]:[0xa6]([0xf4][0x97][0x98][0xa9][0xcc][0x9a][0xc3][0xb3][0xa7][0x2]>[0x9]9[0x94][0xd5][0x97][0x4][\n]"
2020-12-29 02:38:01 DEBUG [main] wire:73 -  << "[0x86][0x12][0x1e]Q6[0xaf][0xd1][0xbe][0xf3]s[0xfa][\n]"
2020-12-29 02:38:01 DEBUG [main] wire:73 -  << "0!a[0x88][0x99]?[0xc7]bFC[0xe8][0x8e][\n]"
2020-12-29 02:38:01 DEBUG [main] wire:73 -  << "H[0xc1][0xe1][0xc0][0x86][0x1][0x11]k[0xe8][0xc2][0xd2][0xf8][0x1b][0x12][0x8][0xca][0x2]_[0x95]_[0xd0][0x85]W[0x1f][0xa1][\r]C[0xb4][0xe6]>'I[0x80][0xfd][0x18]q[0xe1][0xab][0xf0][0x2][0xdd][0xc1][0xc8][0x86]![0xe1]i[0x8c][0xd6]u[0xa6]e[0xac]rG[0x7][0x7]G[0xaf][0xf]m[0x18]r[0x1f][0x85][0xb2]v[0xf4]i*[0xd4][0x88][0x9c][0x8d][0x93])[0x9a][0xe2][0xd0][0x17]d[0x8e]s[0xaa]C[0x1b][0xe2][0xfb][0x9a][0xce]F%[0x84]#[0xa9]*[\n]"
2020-12-29 02:38:01 DEBUG [main] wire:73 -  << "[0x15][0x9e]Z|[0x84][0x2]A[0x99]ff[0xc3][0x88][0xa1]9^Q[0xf6]-[0x7][0xcc][0x10][0xf7]'([0xf4][0x89][0xc]jV[0xe]YQ&[0xb5]9[0xb4]!A[0x13]?@[0x2]O[0xa9]Z3[0xb4]![0xe1]~[0xc4][0xe8][0xdc]g8[0xa0][0xf3][0xb9][0xcc][0xd8][0xa1][0xaf][0xe][0xf4][0xd0][0xd5]f$1[0xb4]Gk[0xb9])[0xab][0x8e]p"[0xf4][0xd9]_[0x91]W:[0x93][0xb3]}[0xf5][0x82][0x84]bP[0xc0][0xb2][0xea]&[0x83][0x8a][0x96][0xb5][0xcc][0x91][0xdc]Q-[0xe7]\[0xda]~[0xb9]|[0x9a][\n]"
2020-12-29 02:38:01 DEBUG [main] wire:73 -  << "2'[0xf7][0xda]2[0x8a][0xfd][0x1c][0xd9]P[0xf1][0xaa][0x94][0xee][0x99][0xcd]([0xb0][0xe2]WnU[0x9]S2[0xbc]>[0x8e][0x82]W[0x7][0xfb]'[0x83][0xe8][0xf8][0xe4][0xd5][0xe0][0xf0][0x18][0xe3][0xc1]Q0[0x8c][0x6][0xa3][0x93]Q[0x88]^[0xbd][0xc6][0x7][0x8]G[0x92]R~&[0xe0]8[0xc6]Af[0x99][0x9a][0x1e][0xe5][0x2][0xc5][0x99][0x8c][0xf0][0xf5]p8<[0x1c][0xca][0x9]K_[0x9e].D[0x85]3[0xc3]<[0xa5][0x9][0xc7]z[0xf3]e"[0x86][0xee][0xfe][0xd1][0xc1][0xa1][\r]9fK[0xcc][0x94]<[0xa3][0x3]g[0xb4][0xe4][0x8c][0x8e][0x8f][0x9c][0x93][0x91];[0xda]?[0x1c][0x1e]B[0x1b][0xaa][0xb7]b[0xa0][0xb]+o[0x16][0x13][0xcb][0x82][0xb3][0xd2][0x12][0xba][0xa3][0xa3][0xe1][0xc9][0xe8][0xf8][0xe4][0xe8][0xf5][0xb1][\r][0xf3][0xaa]/[0x97]X[0xb3]O[0xd4][0x9e]Ulp[0xc1]b[0xe8][0xc2][0x99][0x10][0xa9][0xbb][0xb7][0x17].[0xe6][0xf3][0xb5][0xc3]0[0x17](%[0xf8][0xe][0xcd][0xd3][0x18];[0x1][0x9d][0xef][0xa1][0x94][0xec]-G{[0x92]$]c[0xbc][0xb7][0xf]m[0xb8][0xe0][0x98][0xe5][0xc4][0xa5][0x8d]U[0xd6][0xbc][0xa2][0x8c][0x8b][0xc2][0xf8][0x8a]][0xde][0x8c][0xb3][0xa0]!s[0x8][0xf0][0x80]z0[0x97][0xc7][0x11][0xa1][0xe2]H[0x87]K[0xbd][0xc4][0xfa][0xb][0xb][0xb][0xb5][0xc6][0xf6][0x87][0xfb][0xc3][0xc1]h[0xb0][0xc]+[0x83][0xdf][0xb3][0xf5]M[0xf5][0xfd][0xb8][0x9e][0xca]"[0x5][0xba][0x10][0xf]G[0x7][0x93][0x83][0xe1][0xd1][0xe0][0xf8][0xf8]d28<>[0x98][0xc]^MFh0y}[0x10][0x9d][0x4][0xc1][0xfe][0xc9][0xfe][0xfe]1[0xdc]|OS[0xae][0xdd][0xeb]n[0xd6]u[0xc7][0xf6][0xd3][0xae][0xc4]4A[0xc9][0x14][0xb3]<[0x13]U[t[0xc5][0xc8]Y[0x91][0x86]&K[0xef][0xe4]pw[0xe9][0x1d][0x1c][0xed][0xca][0xd3][0xca]g)[0x8a]G[0xa3][0xc8][0xc8]SP+3U[0x12][0xd4][0x8b]3Sg[\n]"
2020-12-29 02:38:01 DEBUG [main] wire:73 -  << "[0xaa][0xb6][0x17]Id[0xc2][0xfc][0x16][0xca][0x2][0xb7]V[0x80][0xbe][pA[0xe7][0xea][0xe1]Qv [0xd9][0x19][0x8d][0xdb]c[0xe5][0xc3][0xa2][0xc0]F[0xd6][0x3][0xf2][0xd0][0xe3][0xe3][0xc3]d1[0x99][0xc4][0x98][0xbb];#;@I[0x80]c4[0x89][0xb1][0xbc][0xb][0xb1]@$V[0x8f][0x97][0xb5]eOZ[0x8f][0x96][0xf4][0xd3][0xaa][\n]"
2020-12-29 02:38:01 DEBUG [main] wire:73 -  << "[0x7]h[0x8d]'[0xe]I[0x88][0xa8][0xc0]$3'[0xe3]b#[0xa7]db#G[0xf3]([0x1e][0xb8]O6/[0xe8][0xd9]>[0xa9][0xb3][0x17][0x15]"[0x8b][0x98]o-D[0xb2][0xb1]z![0xf2][0xea][0xfb][0xb][0x11][0x90][0xfd]+.[0xf4][0xaf][0x7][0xd4][0xb]SP[0xba]kJ[0x99][0x80] [0xa0][0x89][0x90];[0x3]W$[0x14]3/[0xc4]K[0x12][0xe0][0x81][0xba][0xb1][0xf3]G[0xba][0x3][0x1e][0xa0][0x18]{#x[0xda]+[0xa9][0x9]"b|zM)[0xf8][0x5]%k[0xf0][0x9][0xff][0xb1][0xc0]\[0xf0]7{z[0xa0][0x82][0xb9]3[0x18][0x80][0xf7]4[0x11][0x1c][0xc][0x6][0xa5]\ob[0x92]|[0x3][0xc][0xc7][0x1e][0xc][0x13]>H[0x19][0x8e][0xb0][0x8]fP[0xbf][0xc6][0x0][0xf7][0xf6]"9[0xc5][0x99][0xca] M[0x2][0xe9][0xfd][0xb0]9Yc[0xca][0x98][0xc1][0xdd][0x2][0x9f][0xd2]i[0x8c]QJ[0xb8][\n]"
2020-12-29 02:38:01 DEBUG [main] wire:73 -  << "[0x18][0x1][0xe7]g[0x11][0x9a][0x93]x[0xed]}\$DP[0xa8]Yr[0xb1][0x8e]1[0x9f]a,`S[0xd4][0xcf]j[0xa8].[0xab]B/[0xef][0xe5][0xbf][0x99][0x98][0xc7]6[0x98][0xd0]p[\r][0x1e]j[0x3][0xf2][0xdf][0x4][0x5][0xdf][0xa6][0x8c].[0x92]p[0x10][0xd0][0x98]2[0x17][0xfc]-[0x8a][0xa2]q[0xb]/[0x1f]<:8[0x9a][0x1c]u[0x8c][0xcb]5[\r][0xb4][0xfc].0[0xf4][\n]"
2020-12-29 02:38:01 DEBUG [main] wire:87 -  << "[0xc][0x1b]p[0x94][0xf0][0x1][0xc7][0x8c]l[0x9b][0xb2][0x92][0xd5][0xb4]p[0xc1]h8lc[0xcc][0xca][0xc1][0xe5][0xac]=<GlJ[0x12][0x17]4fnz[0xb5]['Z"
2020-12-29 02:38:01 DEBUG [main] wire:73 -  << "[\r][\n]"
2020-12-29 02:38:01 DEBUG [main] wire:73 -  << "691[\r][\n]"
2020-12-29 02:38:01 DEBUG [main] wire:73 -  << "[0xc4][0xf1]@[0x93][0xea]P[0xc0][0x13]<Z[0x84]b|7[0x8]p"0[0xeb] [0x84]b2M[0x6][0xfa][0x11]>[0xd0]Xm[0x91][0xb3][0xea][0xd1][0x5][0x92]V{X[0x96][0xc7]$Z[0xf]2[[0xef][0xa6][0xd3][0x14]+[0xaf][0x1][0x6][0xc]G[0x1d]r[0x15][0xad]MiO[0xaa][0xdb][0xf7]49Y[0xc9]t[0x19][\n]"
2020-12-29 02:38:01 DEBUG [main] wire:73 -  << "e!f[0x3][0xa6][0xb5][0xb5][0x9f][0xde][0x1]Nc[0x12]n[0xd9]V[0xd5]4[0x5][0xfb]Gi[0xc7]"S[0x14][0x86]$[0x99][0xba]`[0x8]F[0xaf][0xd2][0xbb][0xec][0xab][0x8d]'3[0xd4]@i[0xf5]ez[0x98]c[0xce][0xd1][0xb4]K[0xf6][0x8a]H[0xa3][0xe3][0x1f]c[0x95]_[0xbd][0xd9][0xab]x[0xd8][0xf7]g[0xaa]m[0xc9]7[0xcb]@:&[0xf8](A[0xf1]Z[0x90][0x80][0xfb][0xb][0x14][0x4][0xb2][0x1e][0x82]_[0xce][0x7][0xa3][0x83][0xd1]h[0xff][0xe4][0xf5][0xeb][0xd7][0x83][0xd1]![0xfc]3[0xe9]r[0x9b][0x10][0xaa][0xe1]O[0xd5]AN}=>[0x82][0x9b][0xdb]qO^[0xeb]Nh%[0xcd][0xf6]~[0xf2][0xa7]H8[0xbe][0xce]o[0xd7][0xc][0x5][0xdf]03[0x8d][0x86][0x9c]2q`[0xc3][0x1a][0xf7]6[0xd6]w[0xd3]98>88[0x19][0xe]_[\r][0xe4][0xe1][0xd6][0x88][0xda]Tn[0xc][0xec][0xf8][0x1c][0x8b][0xb]U*~Ds,[0x11][0xdb][0xc5][0x98]q[0xdb][0x98][0x16][0xfd][0xd8]4[0xcd]M[0xe7][0xeb]!f[0xd8]#[0xdb][0xc8][0xab]C[0xc3]6[0xd2][0xc5]D[0xd7][0xd4][0x9]E!7[0xec][0x83]g[0xe7][0xef][0xdb][0x86]0lct[0xf8][0xfa]%[0xd8][0x7][0xb6][0xc1]Hh[0xd8][0xc6][0xd0][0xb0][0xf7][0x9f][0xc5]>[0xb4][0x8d][0x9]C[0x86]m[0xcc]i[0xf8]z[0xb4][0x95][0xfe]y[0x1c][0xd3][0xd5]y[0x12][0xcc](3[0xd4][0x13][0xcc]n[0xb4][0xcf]D[0xe8][0x82][0xee][0xb3]R[0xcf]'[0xb5]b0[0x1a]vk[0xf6][0xc7]U[0xd4][0x9a][0xbf]o[0x1b][0xfa]$`[0xd8]][[0xb4][0x8d]B[0xb7][0xbc][0xfb]-y[0xb1][0xe3][0xb]iry{[0xbd][0xcb]T[0xda][0x8][0xbd]^[0xc5][0x82]e[0xbc][0x91][0x8e]3E[0xc0][0x3][0xcf][0xfe]J[0x4]L[0x91]z[0x81][0x8]x[0xc0]h8[0xa0][0xa1][0x6][0x95][0xa7][0x2]O[0xbf]Q[0xd9][0x93][0x10][0xce][0xe4][0xbd]i[0xe8][0xf2][0xc1][0x0]^[0x85]M[0xf1][0xf6]d[0xca][0xa8][0xa0][0x1][0x8d][0xc1][0x19]0[0xf2]:[0x83][0xf3][0xd8][0x0][0xae][0xbe]w[0xf7][0xf6]V[0xab][0x95]a[0x81]>0[0xb2]03([0xc2][0x8c]*@[0xa6][0xaa][0xd0][0x1b][0xeb][0xc5][0xf0][0xea]Z[0xba]C[0x91]/[0xe9]fx;[0x6][0xea]gS8[0x11][0x1f]i[0x88][0x1d][0x92]p[0xcc][0xc4][[0x1c]Q[0x86][0xcd])[0xb2][0x1]W[0xae]kZ[0xe3]^;jm[0x89]E[0xba]QI[0x17]D[0xbd]m:[0xaa][0xc4][0xbb]7[0x13][0xc4]q[0xa5][0xa2][0xfa][0xbe]S[0xd8]i[0x8d]ok[0xb]t[0xc][0xc4][0xf7][0xf4]:3Z[0xb9]O[\r][0xab][0x1d][0xf7][0xaa]Op[0xb5][0x88][0x1e][0xa8]t[0xb4][0xad][0x9e]NA[0xb5]5[0x18][0x9]M[0xb0]1[0xee]mr[0xe][0xef])[0x9b][0xeb][0xc3][0xac][0x1c][0x1d][0x19][0xe3]|[0xc0][0xc7][0x99][0xb2]}A}[0xf5]^6[0xf0][0xf4]k[0xca]5[\r][0xea][0x12][0xf0][0xfa][0xfc][0xd3]5[0xb8][0xfc][0xff][0xff][0xb8]<[0xbf]P[0x85][0xe0][0xf3]][0xbd]-k[0xe6]4[0xf0]Q[0x9a][0xfa]Z[0xd8]a&N[0xa8]n[0xf5][0x1]<[0x17]P[0xfb][0xa3][0xc4][0xea]p[0xc8]b[0x15]$[0xf8][0x8c][0x11][0xb]f[0xf2][0xf8]"I[0xd4][0xf6]~g0x[0xf8][0xfa][0xc7][0x2][0xb3][0xf5]F[0x9]-[0x97]r[0xf9][0xf1][0xe2][0xd9][0x85][0xfc][0xf8]y[0xb7][0xb5]j[0xa0][0xf2][0xb8]g[0xe4][0x15][0x99][0xda][0x9e][0xd3]^[0xd7][0xa9]H[0xc2]"[0x1f][0xdf]S[0xbe] S[0x9c]`F[0xf4][0x81]ho[0xea][0xa8][0x85]:[0x9][0x16]{[0xb5]a}dz[0xfa][0xd4][0x9b][0x9d][0x83]z[0xf9]O[0x99][0xeb][0xc].[0x97]2[0xed]W[0xa3][0xc]([0xac][0xce][0xac]aZ`[0xa7]n}[0xf]j[\r][0x13]"[0x9c][0xb2][0x87]nf[0xcf]I[0xaa][0xdd]/[0xe3][0xd6][0x6]7[0xea]I[0x89][0x9c]pA[0x85]z[0xf2]a,[0x12][0xb2][0xc4][0x8c][0xa3][0xd8][0xcf][0xfa]:[0x86][\r][0xea][0xc][0xad][k[0xc]6[0x9b]qSY[0x8b]$[0xd0][0xca]j-E[0xaa]k[0xdb][0x80][0xfa][0xe5]eqf[0xec]V[0xf6][0xb3]o[0x0]>[0xf5][0x96][0xe2]m[0xa7][0xe6][0xdb][0x7][0xd1][0xff][0x8e][0xc5][0xbd][0xd0][0xe0][0x82]g,.[0x90]'[0xf1][0x84]Nq[0xa2][0x9e][0x5]d[0xa6][0xd7]z11W[0x14]>m[0x94][0xcf][0x14][0x97]?[0xa2][0x94][0xd3][0xca]oMTn[0x94][0xeb][0x8b][0xd3][0xd8]L[0x97]W[0x17]6`K[0xb][0x94]QS[0xf5][0x4][0xf1][\n]"
2020-12-29 02:38:01 DEBUG [main] wire:73 -  << "\ [0x81]e[0xd0][0x93][0xf0][0xd0][0xc9]~\g[0x86][0xea]%[0x1d]y%[0xd3][0x99]yp[0xf4][0xea][0xe7][0xfd][0xc3][0x9f][0x8f][0x86][0xf2][0xff][0xd1]p8[0xb4][0xb2][0x19]*[0x12][0xdd][0xa5][0x84]a[0x99][0xce]`v[0xe9][0xc1]~[0xe8][0x8][0xfa][0xe5][0xfa][0xdd]g[0xf5]x3[0xa7][0x9f][0xfd]![0x0][0xc9][0xe5][0xed][0xfa][0x1d][0x12]&[0xc4][0xf7][0x8b];?Nc_[0xc7]?[0xf][0x82]~E[0xaa][0x9a][0x10][0xf0]Q[0xe][0xca][0xa5][0x14]7l)/[0xc7]@^g[0xac]mp 3a[0xe5][0xb7]E[0xea][0x9d][0xea]m[0x9a] [0x11]0[0x8b]$\[0xfe][0xc6][0x12]x[0x9e][0x7]`[0xfe].<[0xb4]*[0x7][0x9e]-[0x9a][0xd5][0xb][0xdc]dD[0xcd][0xfc][0xe7][0x8c][0xe5][0xb][0xdd]U[0x1a][0xed]Q[0x13][0xea][0x1f][0x80]B[0xbb][0xce][0xc0][0x6]M[0xe]@[0xbd][0x8e]_[0xd2]*[0x99]i[\n]"
2020-12-29 02:38:01 DEBUG [main] wire:87 -  << "V[0xe3]p[0xa6]^[0x9e]Z0[0xa6]G[0x81][0x7]j[0xd8][0xe3][0x16]n[0x82]W[0x5]j[0xf9]:[0xf7]R4[0xe9]*][0x14]t[0x15]FGK[0xe3])e[0x15]'[0xbf][0xfa]mM>m[0xa4]MY[J[0xe8][0x9a]W[0xe3][0xed]LH[0x12][0xea]_[0xa0]75Z[0xee][0xdb][0xa6][0xb7][0xe9]u[0x5]\X[0xb3]!h[0x83][0x16][0xe0][0xe6][0x85][0x9d]n[0x90][0x95][0x9][0xb7][0x95]h[0xbc][0xf5]=[0xf4]g[0x92]Z[0x19]T[0xf7][0xd4][0x1f][0x4][0xd1][0x1b]dB[0xc3]u[0xa5]W[0x15][0x92]%[0x8]b[0xc4][0xb9][0x7][0xab][0xad][0x95]Z?[0xa3][0xd2][0xbc][0x81][0xf5][0xb6]Vu[0xba]z[0xfa]r[0xda][0xda][0xe1][0xc3][0xfd][0x93][0xda][0x8c][0xbd][0x90],O{[[0xa9]d[\r][0x4][0x98][0x5]jX4*F[0xc3][0xf4]n[0xdc]A[0xbf][0xd5]S[0xec][0xe0][0xd6]q[0xfb]t[0xe9][0xdb][0x95]&[0xc6]F[0xf1][0x17]O[0xfc][0x90][0xcc]e8[0xab][0x9f]@~[0xfa]I[0xff][0xce]_[0xbc][0xa3][0xf4][0x1b][0xc1]U[0xf7]P[0x8d]T;o[0x9f][0xda]:[0x16][0xad][0x81][0x9e][0xf5]S[0xd6]N.[0xcf]-[0xf9]|[0xfd]c[0x19][0xcf][0xe8]g[0x13][0xfb][0xa6][0xa9]gZg[0xc6]8[0xf][0xa5]F[0xdf],[0x2][0xe2]/H[0xcc][0x1c][0xf5][0xbe][0x9b][0xd9][0x15]$[0xfb]zv[0x16][0xa0][0xeb][0x1][0xd8]r[\r][0xc3][0xea][0x1b]c[0xf5][0x97][0x8][0xf6][0x8c]q[0xef][0xa7][0x9f]6[0xe3]lMQ[0xa4]K[0xd0][0xfc][0x9e][0xce][0xca]0![0xb3][0x11]N[0x1c]m[0x1e][0x5][0xc2][0xaa][0x85][0xa0][0x9a][0xc4][0xf9][0xb8][0x9c][0xaf][0x89]z[0x1e][0x18][0x81]3I[0xd1][0x5]&[0x9d][0x81]S@WV[0xe][0xa0][0xab]|[0xc2][0xaa]5a[0xd5][0x9c] [0x1][0xb4][0xe0][0xb0][0xa8][0x88]([0xeb][0x14][0xf6][0xf][0xdd]|||,[0xf5][0x9c]_d[0x7]+'[0x88][0x9]ND[0x7]b[0xf7][0xe1]Kz[0x92][0xfe][0x1]{ub![0xc0][0xaa]![0xc0][0xef]R[0x1]/[0xe0][0xdf][0xc6]{[0x19][0xfb][0xdf]s[0x5][0x17][0x16]h[0x1a][0xf8]^[0x9e][0xf0][0x1]N[0xa4]s~[0xf9]t[0xf5][0x8e][0xce]S[0x9a][0xa8][0xd3][0xb0][0xd4][0xa6]g[0xf4][0xe5]W[0xdf][0xb0]W[0x9e][0xd1]_[0xf5][\r]{[0xe6][0x19][0xfd][0x99]e[0x3][0xf3]`[0xf4][0xea][0xe0][0x8][0x1f][0xfc][0xfc]Z&[0xf2][0x6]M:[m!*[0xc9],r:[0x8b][0xe]B[0xdd][0xf]L^^[0xab][0x8d][\r][0xa0]*[0x9a][0xee]C[0x2][0xe][0xe7]4[0x11][0xf2]$>K[0xbb][0x1e][0x97][0x14][0xe3]+<I[0xcf][0x90][0x87]v[0x8b][0xc7]&|[0x16]L[0xbc][0x83][0xc3][0xb2]l{[0xae][0xdc]}&[0xf8]v[0x89][0xf7][0x15][0xc7][0xf1]:"|V[0xc8]W}[0x9a]W[0x8e]>%[0xdd][0xb6][0xe7]:[0xdb]b[0xaf][0xf7][0x8c][0x92];[0xeb][0xc4]J[0xea][0xd0][0xf9][0xe2][0xcd][0x9e][0xfe]{S[0xff][0x1b][0x0][0x0][0xff][0xff][0xcf][0xc8]y[0xde][0x80]J[0x0][0x0]"
2020-12-29 02:38:01 DEBUG [main] wire:73 -  << "[\r][\n]"
2020-12-29 02:38:01 DEBUG [main] wire:73 -  << "0[\r][\n]"
2020-12-29 02:38:01 DEBUG [main] wire:73 -  << "[\r][\n]"
2020-12-29 02:38:01 DEBUG [main] RequestSpecificationImpl$RestAssuredHttpBuilder:548 - Parsed data to instance of: class org.apache.http.conn.EofSensorInputStream
